<?xml version="1.0" encoding="UTF-8"?>
<testsuite name="com.hivemq.helmcharts.monitoring.HelmMonitoringPlatformIT" tests="1" skipped="0" failures="0" errors="0" timestamp="2025-01-30T04:03:23" hostname="fv-az813-262" time="225.044">
  <properties/>
  <testcase name="withPlatformMonitoringEnabled_metricsAndDashboardAvailable()" classname="com.hivemq.helmcharts.monitoring.HelmMonitoringPlatformIT" time="225.044">
    <system-out><![CDATA[2025-01-30 04:03:23,665 INFO c.h.h.t.HelmChartContainer - Creating namespace 'helmmonitoringplatformit-operator'...
2025-01-30 04:03:23,673 INFO c.h.h.t.HelmChartContainer - Namespace 'helmmonitoringplatformit-operator' created
2025-01-30 04:03:23,673 INFO c.h.h.t.HelmChartContainer - Creating namespace 'helmmonitoringplatformit'...
2025-01-30 04:03:23,772 INFO c.h.h.t.HelmChartContainer - Namespace 'helmmonitoringplatformit' created
2025-01-30 04:03:23,835 DEBUG c.h.h.t.HelmChartContainer - Executing helm command: /bin/helm --kubeconfig /etc/rancher/k3s/k3s.yaml install test-hivemq-platform-operator /charts/hivemq-platform-operator --wait --timeout 5m0s --set image.repository=docker.io/hivemq --set image.name=hivemq-platform-operator-test --set image.initImageName=hivemq-platform-operator-init-test --set image.tag=snapshot --set image.pullPolicy=Never --set logLevel=DEBUG --set resources.cpu=512m --namespace helmmonitoringplatformit-operator
2025-01-30 04:03:24,129 INFO c.h.h.t.HelmChartContainer - [K3S] [alloc.go:330] "allocated clusterIPs" service="helmmonitoringplatformit-operator/hivemq-platform-operator-test-hivemq-platform-operator" clusterIPs={"IPv4":"10.43.164.218"}
2025-01-30 04:03:24,143 INFO c.h.h.t.HelmChartContainer - [EVENT] Normal [ScalingReplicaSet] Scaled up replica set hivemq-test-hivemq-platform-operator-6966f96d65 from 0 to 1 [helmmonitoringplatformit-operator:hivemq-test-hivemq-platform-operator]
2025-01-30 04:03:24,150 INFO c.h.h.t.HelmChartContainer - [POD] hivemq-test-hivemq-platform-operator-6966f96d65-dhvxl [49896a8e-cad6-4522-87d2-22eb4d86fe9e] in helmmonitoringplatformit-operator was ADDED
2025-01-30 04:03:24,154 INFO c.h.h.t.HelmChartContainer - [K3S] [memory_manager.go:355] "RemoveStaleState removing state" podUID="d8154092-2ca5-471e-a914-f42a91067587" containerName="hivemq-platform-operator"
2025-01-30 04:03:24,154 INFO c.h.h.t.HelmChartContainer - [K3S] [memory_manager.go:355] "RemoveStaleState removing state" podUID="48139f44-9561-4b6f-876c-f73183454a7a" containerName="hivemq"
2025-01-30 04:03:24,157 INFO c.h.h.t.HelmChartContainer - [POD] hivemq-test-hivemq-platform-operator-6966f96d65-dhvxl [49896a8e-cad6-4522-87d2-22eb4d86fe9e] in helmmonitoringplatformit-operator was MODIFIED
2025-01-30 04:03:24,161 INFO c.h.h.t.HelmChartContainer - [EVENT] Normal [Scheduled] Successfully assigned helmmonitoringplatformit-operator/hivemq-test-hivemq-platform-operator-6966f96d65-dhvxl to 13757cc4392a [helmmonitoringplatformit-operator:hivemq-test-hivemq-platform-operator-6966f96d65-dhvxl]
2025-01-30 04:03:24,168 INFO c.h.h.t.HelmChartContainer - [EVENT] Normal [SuccessfulCreate] Created pod: hivemq-test-hivemq-platform-operator-6966f96d65-dhvxl [helmmonitoringplatformit-operator:hivemq-test-hivemq-platform-operator-6966f96d65]
2025-01-30 04:03:24,168 INFO c.h.h.t.HelmChartContainer - [K3S] [replica_set.go:679] "Finished syncing" kind="ReplicaSet" key="helmmonitoringplatformit-operator/hivemq-test-hivemq-platform-operator-6966f96d65" duration="29.551751ms"
2025-01-30 04:03:24,178 INFO c.h.h.t.HelmChartContainer - [POD] hivemq-test-hivemq-platform-operator-6966f96d65-dhvxl [49896a8e-cad6-4522-87d2-22eb4d86fe9e] in helmmonitoringplatformit-operator was MODIFIED
2025-01-30 04:03:24,182 INFO c.h.h.t.HelmChartContainer - [K3S] [replica_set.go:679] "Finished syncing" kind="ReplicaSet" key="helmmonitoringplatformit-operator/hivemq-test-hivemq-platform-operator-6966f96d65" duration="14.361192ms"
2025-01-30 04:03:24,182 INFO c.h.h.t.HelmChartContainer - [K3S] [replica_set.go:679] "Finished syncing" kind="ReplicaSet" key="helmmonitoringplatformit-operator/hivemq-test-hivemq-platform-operator-6966f96d65" duration="29.825µs"
2025-01-30 04:03:24,271 INFO c.h.h.t.HelmChartContainer - [K3S] [reconciler_common.go:251] "operationExecutor.VerifyControllerAttachedVolume started for volume \"kube-api-access-shkcb\" (UniqueName: \"kubernetes.io/projected/49896a8e-cad6-4522-87d2-22eb4d86fe9e-kube-api-access-shkcb\") pod \"hivemq-test-hivemq-platform-operator-6966f96d65-dhvxl\" (UID: \"49896a8e-cad6-4522-87d2-22eb4d86fe9e\") " pod="helmmonitoringplatformit-operator/hivemq-test-hivemq-platform-operator-6966f96d65-dhvxl"
2025-01-30 04:03:24,546 INFO c.h.h.t.HelmChartContainer - [EVENT] Normal [Pulled] Container image "docker.io/hivemq/hivemq-platform-operator-test:snapshot" already present on machine [helmmonitoringplatformit-operator:hivemq-test-hivemq-platform-operator-6966f96d65-dhvxl]
2025-01-30 04:03:24,546 INFO c.h.h.t.HelmChartContainer - Received Pulled event for container hivemq-platform-operator in pod hivemq-test-hivemq-platform-operator-6966f96d65-dhvxl [49896a8e-cad6-4522-87d2-22eb4d86fe9e]
2025-01-30 04:03:25,769 INFO c.h.h.t.HelmChartContainer - [EVENT] Normal [Created] Created container: hivemq-platform-operator [helmmonitoringplatformit-operator:hivemq-test-hivemq-platform-operator-6966f96d65-dhvxl]
2025-01-30 04:03:25,769 INFO c.h.h.t.HelmChartContainer - Received Created event for container hivemq-platform-operator in pod hivemq-test-hivemq-platform-operator-6966f96d65-dhvxl [49896a8e-cad6-4522-87d2-22eb4d86fe9e]
2025-01-30 04:03:26,461 INFO c.h.h.t.HelmChartContainer - [K3S] [replica_set.go:679] "Finished syncing" kind="ReplicaSet" key="helmmonitoringplatformit-operator/hivemq-test-hivemq-platform-operator-6966f96d65" duration="41.146µs"
2025-01-30 04:03:26,464 INFO c.h.h.t.HelmChartContainer - [POD] hivemq-test-hivemq-platform-operator-6966f96d65-dhvxl [49896a8e-cad6-4522-87d2-22eb4d86fe9e] in helmmonitoringplatformit-operator was MODIFIED
2025-01-30 04:03:26,474 INFO c.h.h.t.HelmChartContainer - Started log watcher for hivemq-platform-operator in pod hivemq-test-hivemq-platform-operator-6966f96d65-dhvxl [49896a8e-cad6-4522-87d2-22eb4d86fe9e]
2025-01-30 04:03:26,474 INFO c.h.h.t.HelmChartContainer - [EVENT] Normal [Started] Started container hivemq-platform-operator [helmmonitoringplatformit-operator:hivemq-test-hivemq-platform-operator-6966f96d65-dhvxl]
2025-01-30 04:03:26,474 INFO c.h.h.t.HelmChartContainer - Received Started event for container hivemq-platform-operator in pod hivemq-test-hivemq-platform-operator-6966f96d65-dhvxl [49896a8e-cad6-4522-87d2-22eb4d86fe9e]
2025-01-30 04:03:26,475 INFO c.h.h.t.HelmChartContainer - [hivemq-test-hivemq-platform] [hivemq-platform-operator] [49896a8e] -------------------------------------------------------------------------
2025-01-30 04:03:26,475 INFO c.h.h.t.HelmChartContainer - [hivemq-test-hivemq-platform] [hivemq-platform-operator] [49896a8e] 
2025-01-30 04:03:26,475 INFO c.h.h.t.HelmChartContainer - [hivemq-test-hivemq-platform] [hivemq-platform-operator] [49896a8e]                   _    _  _              __  __   ____
2025-01-30 04:03:26,475 INFO c.h.h.t.HelmChartContainer - [hivemq-test-hivemq-platform] [hivemq-platform-operator] [49896a8e]                  | |  | |(_)            |  \/  | / __ \
2025-01-30 04:03:26,475 INFO c.h.h.t.HelmChartContainer - [hivemq-test-hivemq-platform] [hivemq-platform-operator] [49896a8e]                  | |__| | _ __   __ ___ | \  / || |  | |
2025-01-30 04:03:26,475 INFO c.h.h.t.HelmChartContainer - [hivemq-test-hivemq-platform] [hivemq-platform-operator] [49896a8e]                  |  __  || |\ \ / // _ \| |\/| || |  | |
2025-01-30 04:03:26,475 INFO c.h.h.t.HelmChartContainer - [hivemq-test-hivemq-platform] [hivemq-platform-operator] [49896a8e]                  | |  | || | \ V /|  __/| |  | || |__| |
2025-01-30 04:03:26,475 INFO c.h.h.t.HelmChartContainer - [hivemq-test-hivemq-platform] [hivemq-platform-operator] [49896a8e]                  |_|  |_||_|  \_/  \___||_|  |_| \___\_\
2025-01-30 04:03:26,475 INFO c.h.h.t.HelmChartContainer - [hivemq-test-hivemq-platform] [hivemq-platform-operator] [49896a8e] 
2025-01-30 04:03:26,475 INFO c.h.h.t.HelmChartContainer - [hivemq-test-hivemq-platform] [hivemq-platform-operator] [49896a8e] -------------------------------------------------------------------------
2025-01-30 04:03:26,475 INFO c.h.h.t.HelmChartContainer - [hivemq-test-hivemq-platform] [hivemq-platform-operator] [49896a8e] 
2025-01-30 04:03:26,475 INFO c.h.h.t.HelmChartContainer - [hivemq-test-hivemq-platform] [hivemq-platform-operator] [49896a8e]   HiveMQ Platform Operator Start Script v1.0
2025-01-30 04:03:26,475 INFO c.h.h.t.HelmChartContainer - [hivemq-test-hivemq-platform] [hivemq-platform-operator] [49896a8e] 
2025-01-30 04:03:26,475 INFO c.h.h.t.HelmChartContainer - [hivemq-test-hivemq-platform] [hivemq-platform-operator] [49896a8e] -------------------------------------------------------------------------
2025-01-30 04:03:26,475 INFO c.h.h.t.HelmChartContainer - [hivemq-test-hivemq-platform] [hivemq-platform-operator] [49896a8e] 
2025-01-30 04:03:26,475 INFO c.h.h.t.HelmChartContainer - [hivemq-test-hivemq-platform] [hivemq-platform-operator] [49896a8e]   JAVA_OPTS: -XX:+UnlockExperimentalVMOptions -XX:InitialRAMPercentage=75 -XX:MaxRAMPercentage=75 -Duser.language=en -Duser.region=US
2025-01-30 04:03:26,475 INFO c.h.h.t.HelmChartContainer - [hivemq-test-hivemq-platform] [hivemq-platform-operator] [49896a8e] 
2025-01-30 04:03:26,475 INFO c.h.h.t.HelmChartContainer - [hivemq-test-hivemq-platform] [hivemq-platform-operator] [49896a8e]   JAVA_VERSION: 21
2025-01-30 04:03:26,475 INFO c.h.h.t.HelmChartContainer - [hivemq-test-hivemq-platform] [hivemq-platform-operator] [49896a8e] 
2025-01-30 04:03:26,475 INFO c.h.h.t.HelmChartContainer - [hivemq-test-hivemq-platform] [hivemq-platform-operator] [49896a8e] -------------------------------------------------------------------------
2025-01-30 04:03:26,475 INFO c.h.h.t.HelmChartContainer - [hivemq-test-hivemq-platform] [hivemq-platform-operator] [49896a8e] 
2025-01-30 04:03:29,011 INFO c.h.h.t.HelmChartContainer - [hivemq-test-hivemq-platform] [hivemq-platform-operator] [49896a8e] 04:03:29.008 [main] DEBUG org.jboss.logging - Logging Provider: org.jboss.logging.Slf4jLoggerProvider
2025-01-30 04:03:29,113 INFO c.h.h.t.HelmChartContainer - [hivemq-test-hivemq-platform] [hivemq-platform-operator] [49896a8e] 04:03:29.112 [main] DEBUG io.smallrye.config - SRCFG01006: Loaded ConfigSource SysPropConfigSource with ordinal 400
2025-01-30 04:03:29,114 INFO c.h.h.t.HelmChartContainer - [hivemq-test-hivemq-platform] [hivemq-platform-operator] [49896a8e] 04:03:29.113 [main] DEBUG io.smallrye.config - SRCFG01006: Loaded ConfigSource EnvConfigSource with ordinal 300
2025-01-30 04:03:29,114 INFO c.h.h.t.HelmChartContainer - [hivemq-test-hivemq-platform] [hivemq-platform-operator] [49896a8e] 04:03:29.113 [main] DEBUG io.smallrye.config - SRCFG01006: Loaded ConfigSource PropertiesConfigSource[source=jar:file:///opt/hivemq-platform-operator/bin/hivemq-platform-operator.jar!/hivemq-platform-operator.properties] with ordinal 100
2025-01-30 04:03:29,114 INFO c.h.h.t.HelmChartContainer - [hivemq-test-hivemq-platform] [hivemq-platform-operator] [49896a8e] 04:03:29.113 [main] DEBUG io.smallrye.config - SRCFG01006: Loaded ConfigSource DefaultValuesConfigSource with ordinal -2147483648
2025-01-30 04:03:29,222 INFO c.h.h.t.HelmChartContainer - [hivemq-test-hivemq-platform] [hivemq-platform-operator] [49896a8e] 04:03:29.221 [main] DEBUG i.m.c.u.i.l.InternalLoggerFactory - Using SLF4J as the default logging framework
2025-01-30 04:03:29,402 INFO c.h.h.t.HelmChartContainer - [hivemq-test-hivemq-platform] [hivemq-platform-operator] [49896a8e] 04:03:29.393 [main] INFO  c.h.p.o.HiveMQPlatformOperatorApplication - HiveMQ Platform Operator 1.7.0-SNAPSHOT (commit: 47e3375 on branch: HEAD) built on Thu Jan 30 03:55:50 UTC 2025
2025-01-30 04:03:29,403 INFO c.h.h.t.HelmChartContainer - [hivemq-test-hivemq-platform] [hivemq-platform-operator] [49896a8e] 04:03:29.401 [main] INFO  c.h.p.o.HiveMQPlatformOperatorApplication - HiveMQ Platform Operator is running in namespace: helmmonitoringplatformit-operator
2025-01-30 04:03:29,403 INFO c.h.h.t.HelmChartContainer - [hivemq-test-hivemq-platform] [hivemq-platform-operator] [49896a8e] 04:03:29.402 [main] INFO  c.h.p.o.HiveMQPlatformOperatorApplication - Watching all namespaces
2025-01-30 04:03:29,403 INFO c.h.h.t.HelmChartContainer - [hivemq-test-hivemq-platform] [hivemq-platform-operator] [49896a8e] 04:03:29.402 [main] INFO  c.h.p.o.HiveMQPlatformOperatorApplication - Log level: DEBUG
2025-01-30 04:03:29,403 INFO c.h.h.t.HelmChartContainer - [hivemq-test-hivemq-platform] [hivemq-platform-operator] [49896a8e] 04:03:29.402 [main] INFO  c.h.p.o.HiveMQPlatformOperatorApplication - Release name: test-hivemq-platform-operator
2025-01-30 04:03:29,404 INFO c.h.h.t.HelmChartContainer - [hivemq-test-hivemq-platform] [hivemq-platform-operator] [49896a8e] 04:03:29.402 [main] INFO  c.h.p.o.HiveMQPlatformOperatorApplication - HiveMQ Platform Operator Init image: docker.io/hivemq/hivemq-platform-operator-init-test:snapshot
2025-01-30 04:03:29,404 INFO c.h.h.t.HelmChartContainer - [hivemq-test-hivemq-platform] [hivemq-platform-operator] [49896a8e] 04:03:29.402 [main] INFO  c.h.p.o.HiveMQPlatformOperatorApplication - HiveMQ Platform Operator Init App update URL: http://hivemq-platform-operator-test-hivemq-platform-operator.helmmonitoringplatformit-operator.svc:8080/initAppUpdate/hivemq-platform-operator-init-app-1.7.0-SNAPSHOT.jar
2025-01-30 04:03:29,404 INFO c.h.h.t.HelmChartContainer - [hivemq-test-hivemq-platform] [hivemq-platform-operator] [49896a8e] 04:03:29.402 [main] INFO  c.h.p.o.HiveMQPlatformOperatorApplication - Additional imagePullSecret for all Platform deployments: none
2025-01-30 04:03:29,404 INFO c.h.h.t.HelmChartContainer - [hivemq-test-hivemq-platform] [hivemq-platform-operator] [49896a8e] 04:03:29.402 [main] INFO  c.h.p.o.HiveMQPlatformOperatorApplication - Apply HiveMQ Platform CRD: true
2025-01-30 04:03:29,404 INFO c.h.h.t.HelmChartContainer - [hivemq-test-hivemq-platform] [hivemq-platform-operator] [49896a8e] 04:03:29.402 [main] INFO  c.h.p.o.HiveMQPlatformOperatorApplication - Create Platform ServiceAccount: true
2025-01-30 04:03:29,404 INFO c.h.h.t.HelmChartContainer - [hivemq-test-hivemq-platform] [hivemq-platform-operator] [49896a8e] 04:03:29.402 [main] INFO  c.h.p.o.HiveMQPlatformOperatorApplication - Create Platform ServiceAccount permissions: true
2025-01-30 04:03:29,404 INFO c.h.h.t.HelmChartContainer - [hivemq-test-hivemq-platform] [hivemq-platform-operator] [49896a8e] 04:03:29.402 [main] INFO  c.h.p.o.HiveMQPlatformOperatorApplication - Validate Platform ServiceAccount: true
2025-01-30 04:03:29,404 INFO c.h.h.t.HelmChartContainer - [hivemq-test-hivemq-platform] [hivemq-platform-operator] [49896a8e] 04:03:29.402 [main] INFO  c.h.p.o.HiveMQPlatformOperatorApplication - Validate Platform ServiceAccount permissions: true
2025-01-30 04:03:29,524 INFO c.h.h.t.HelmChartContainer - [hivemq-test-hivemq-platform] [hivemq-platform-operator] [49896a8e] 04:03:29.523 [main] INFO  c.h.platform.operator.util.CRDUtil - Verifying deployed HiveMQ Platform CRD...
2025-01-30 04:03:31,908 INFO c.h.h.t.HelmChartContainer - [hivemq-test-hivemq-platform] [hivemq-platform-operator] [49896a8e] 04:03:31.906 [main] DEBUG c.h.platform.operator.util.CRDUtil - HiveMQ Platform CRD version v1 is up to date
2025-01-30 04:03:31,908 INFO c.h.h.t.HelmChartContainer - [hivemq-test-hivemq-platform] [hivemq-platform-operator] [49896a8e] 04:03:31.906 [main] INFO  c.h.platform.operator.util.CRDUtil - HiveMQ Platform CRD is up to date (version: V1_6_0)
2025-01-30 04:03:31,908 INFO c.h.h.t.HelmChartContainer - [hivemq-test-hivemq-platform] [hivemq-platform-operator] [49896a8e] 04:03:31.906 [main] INFO  c.h.platform.operator.util.CRDUtil - Waiting 10000 ms for HiveMQ Platform CRD 'hivemq-platforms.hivemq.com' to become ready...
2025-01-30 04:03:32,208 INFO c.h.h.t.HelmChartContainer - [hivemq-test-hivemq-platform] [hivemq-platform-operator] [49896a8e] 04:03:32.206 [vert.x-eventloop-thread-1] DEBUG c.h.platform.operator.util.CRDUtil - Checking CRD condition 'NamesAccepted' (status: 'True')
2025-01-30 04:03:32,208 INFO c.h.h.t.HelmChartContainer - [hivemq-test-hivemq-platform] [hivemq-platform-operator] [49896a8e] 04:03:32.207 [vert.x-eventloop-thread-1] DEBUG c.h.platform.operator.util.CRDUtil - Checking CRD condition 'Established' (status: 'True')
2025-01-30 04:03:32,209 INFO c.h.h.t.HelmChartContainer - [hivemq-test-hivemq-platform] [hivemq-platform-operator] [49896a8e] 04:03:32.208 [main] INFO  c.h.platform.operator.util.CRDUtil - HiveMQ Platform CRD 'hivemq-platforms.hivemq.com' is ready
2025-01-30 04:03:32,407 INFO c.h.h.t.HelmChartContainer - [hivemq-test-hivemq-platform] [hivemq-platform-operator] [49896a8e] 04:03:32.407 [main] INFO  c.h.p.o.HiveMQPlatformReconciler - HiveMQ Platform Operator is starting...
2025-01-30 04:03:32,503 INFO c.h.h.t.HelmChartContainer - [hivemq-test-hivemq-platform] [hivemq-platform-operator] [49896a8e] 04:03:32.502 [main] WARN  Default ConfigurationService implementation - Configuration for reconciler 'hivemq-controller' was not found. Known reconcilers: None.
2025-01-30 04:03:32,512 INFO c.h.h.t.HelmChartContainer - [hivemq-test-hivemq-platform] [hivemq-platform-operator] [49896a8e] 04:03:32.511 [main] INFO  Default ConfigurationService implementation - Created configuration for reconciler com.hivemq.platform.operator.HiveMQPlatformReconciler with name hivemq-controller
2025-01-30 04:03:32,614 INFO c.h.h.t.HelmChartContainer - [hivemq-test-hivemq-platform] [hivemq-platform-operator] [49896a8e] 04:03:32.613 [main] DEBUG c.h.p.o.HiveMQPlatformReconciler - HiveMQ Platform Operator is preparing EventSources
2025-01-30 04:03:32,702 INFO c.h.h.t.HelmChartContainer - [hivemq-test-hivemq-platform] [hivemq-platform-operator] [49896a8e] 04:03:32.701 [main] INFO  i.javaoperatorsdk.operator.Operator - Registered reconciler: 'hivemq-controller' for resource: 'class com.hivemq.platform.operator.v1.HiveMQPlatform' for namespace(s): [all namespaces]
2025-01-30 04:03:33,205 INFO c.h.h.t.HelmChartContainer - [hivemq-test-hivemq-platform] [hivemq-platform-operator] [49896a8e] 04:03:33.204 [main] INFO  c.h.p.operator.webserver.JettyServer - Starting Jetty server on port 8080
2025-01-30 04:03:33,299 INFO c.h.h.t.HelmChartContainer - [hivemq-test-hivemq-platform] [hivemq-platform-operator] [49896a8e] 04:03:33.298 [main] INFO  i.javaoperatorsdk.operator.Operator - Operator SDK 4.9.7 (commit: 2133d28) built on Wed Nov 20 12:56:20 UTC 2024 starting...
2025-01-30 04:03:33,300 INFO c.h.h.t.HelmChartContainer - [hivemq-test-hivemq-platform] [hivemq-platform-operator] [49896a8e] 04:03:33.299 [main] INFO  i.javaoperatorsdk.operator.Operator - Client version: 6.13.5
2025-01-30 04:03:33,301 INFO c.h.h.t.HelmChartContainer - [hivemq-test-hivemq-platform] [hivemq-platform-operator] [49896a8e] 04:03:33.300 [Controller Starter for: hivemq-controller] INFO  i.j.operator.processing.Controller - Starting 'hivemq-controller' controller for reconciler: com.hivemq.platform.operator.HiveMQPlatformReconciler, resource: com.hivemq.platform.operator.v1.HiveMQPlatform
2025-01-30 04:03:35,705 INFO c.h.h.t.HelmChartContainer - [hivemq-test-hivemq-platform] [hivemq-platform-operator] [49896a8e] 04:03:35.704 [Controller Starter for: hivemq-controller] INFO  i.j.operator.processing.Controller - 'hivemq-controller' controller started
2025-01-30 04:03:35,706 INFO c.h.h.t.HelmChartContainer - [hivemq-test-hivemq-platform] [hivemq-platform-operator] [49896a8e] 04:03:35.705 [main] INFO  c.h.p.o.HiveMQPlatformOperatorApplication - HiveMQ Platform Operator 1.7.0-SNAPSHOT started in 6311 ms
2025-01-30 04:03:37,471 INFO c.h.h.t.HelmChartContainer - [POD] hivemq-test-hivemq-platform-operator-6966f96d65-dhvxl [49896a8e-cad6-4522-87d2-22eb4d86fe9e] in helmmonitoringplatformit-operator was MODIFIED
2025-01-30 04:03:37,474 INFO c.h.h.t.HelmChartContainer - [K3S] [replica_set.go:679] "Finished syncing" kind="ReplicaSet" key="helmmonitoringplatformit-operator/hivemq-test-hivemq-platform-operator-6966f96d65" duration="6.885422ms"
2025-01-30 04:03:37,474 INFO c.h.h.t.HelmChartContainer - [K3S] [replica_set.go:679] "Finished syncing" kind="ReplicaSet" key="helmmonitoringplatformit-operator/hivemq-test-hivemq-platform-operator-6966f96d65" duration="34.094µs"
2025-01-30 04:03:38,468 DEBUG c.h.h.t.HelmChartContainer - Executing helm command: /bin/helm --kubeconfig /etc/rancher/k3s/k3s.yaml repo add prometheus-community https://prometheus-community.github.io/helm-charts
2025-01-30 04:03:38,985 DEBUG c.h.h.t.HelmChartContainer - Executing helm command: /bin/helm --kubeconfig /etc/rancher/k3s/k3s.yaml install monitoring-stack prometheus-community/kube-prometheus-stack --wait --timeout 5m0s --set prometheus-node-exporter.hostRootFsMount.enabled=false -n monitoring --create-namespace
2025-01-30 04:03:45,801 INFO c.h.h.t.HelmChartContainer - [K3S] [job_controller.go:598] "enqueueing job" key="monitoring/monitoring-stack-kube-prom-admission-create" delay="0s"
2025-01-30 04:03:45,815 INFO c.h.h.t.HelmChartContainer - [K3S] [job_controller.go:598] "enqueueing job" key="monitoring/monitoring-stack-kube-prom-admission-create" delay="1s"
2025-01-30 04:03:45,818 INFO c.h.h.t.HelmChartContainer - [EVENT] Normal [SuccessfulCreate] Created pod: monitoring-stack-kube-prom-admission-create-bc8rw [monitoring:monitoring-stack-kube-prom-admission-create]
2025-01-30 04:03:45,821 INFO c.h.h.t.HelmChartContainer - [POD] monitoring-stack-kube-prom-admission-create-bc8rw [80fbda5d-6a3e-49ac-a190-d17252ef8294] in monitoring was ADDED
2025-01-30 04:03:45,824 INFO c.h.h.t.HelmChartContainer - [K3S] [job_controller.go:598] "enqueueing job" key="monitoring/monitoring-stack-kube-prom-admission-create" delay="1s"
2025-01-30 04:03:45,829 INFO c.h.h.t.HelmChartContainer - [POD] monitoring-stack-kube-prom-admission-create-bc8rw [80fbda5d-6a3e-49ac-a190-d17252ef8294] in monitoring was MODIFIED
2025-01-30 04:03:45,829 INFO c.h.h.t.HelmChartContainer - [K3S] [job_controller.go:598] "enqueueing job" key="monitoring/monitoring-stack-kube-prom-admission-create" delay="1s"
2025-01-30 04:03:45,830 INFO c.h.h.t.HelmChartContainer - [K3S] [reflector.go:569] object-"monitoring"/"kube-root-ca.crt": failed to list *v1.ConfigMap: configmaps "kube-root-ca.crt" is forbidden: User "system:node:13757cc4392a" cannot list resource "configmaps" in API group "" in the namespace "monitoring": no relationship found between node '13757cc4392a' and this object
2025-01-30 04:03:45,830 INFO c.h.h.t.HelmChartContainer - [K3S] [reflector.go:166] "Unhandled Error" err="object-\"monitoring\"/\"kube-root-ca.crt\": Failed to watch *v1.ConfigMap: failed to list *v1.ConfigMap: configmaps \"kube-root-ca.crt\" is forbidden: User \"system:node:13757cc4392a\" cannot list resource \"configmaps\" in API group \"\" in the namespace \"monitoring\": no relationship found between node '13757cc4392a' and this object"
2025-01-30 04:03:45,831 INFO c.h.h.t.HelmChartContainer - [EVENT] Normal [Scheduled] Successfully assigned monitoring/monitoring-stack-kube-prom-admission-create-bc8rw to 13757cc4392a [monitoring:monitoring-stack-kube-prom-admission-create-bc8rw]
2025-01-30 04:03:45,842 INFO c.h.h.t.HelmChartContainer - [POD] monitoring-stack-kube-prom-admission-create-bc8rw [80fbda5d-6a3e-49ac-a190-d17252ef8294] in monitoring was MODIFIED
2025-01-30 04:03:45,842 INFO c.h.h.t.HelmChartContainer - [K3S] [job_controller.go:598] "enqueueing job" key="monitoring/monitoring-stack-kube-prom-admission-create" delay="1s"
2025-01-30 04:03:45,973 INFO c.h.h.t.HelmChartContainer - [K3S] [reconciler_common.go:251] "operationExecutor.VerifyControllerAttachedVolume started for volume \"kube-api-access-t595q\" (UniqueName: \"kubernetes.io/projected/80fbda5d-6a3e-49ac-a190-d17252ef8294-kube-api-access-t595q\") pod \"monitoring-stack-kube-prom-admission-create-bc8rw\" (UID: \"80fbda5d-6a3e-49ac-a190-d17252ef8294\") " pod="monitoring/monitoring-stack-kube-prom-admission-create-bc8rw"
2025-01-30 04:03:47,079 INFO c.h.h.t.HelmChartContainer - [K3S] [projected.go:288] Couldn't get configMap monitoring/kube-root-ca.crt: failed to sync configmap cache: timed out waiting for the condition
2025-01-30 04:03:47,079 INFO c.h.h.t.HelmChartContainer - [K3S] [projected.go:194] Error preparing data for projected volume kube-api-access-t595q for pod monitoring/monitoring-stack-kube-prom-admission-create-bc8rw: failed to sync configmap cache: timed out waiting for the condition
2025-01-30 04:03:47,079 INFO c.h.h.t.HelmChartContainer - [K3S] [nestedpendingoperations.go:348] Operation for "{volumeName:kubernetes.io/projected/80fbda5d-6a3e-49ac-a190-d17252ef8294-kube-api-access-t595q podName:80fbda5d-6a3e-49ac-a190-d17252ef8294 nodeName:}" failed. No retries permitted until 2025-01-30 04:03:47.579416331 +0000 UTC m=+247.096584330 (durationBeforeRetry 500ms). Error: MountVolume.SetUp failed for volume "kube-api-access-t595q" (UniqueName: "kubernetes.io/projected/80fbda5d-6a3e-49ac-a190-d17252ef8294-kube-api-access-t595q") pod "monitoring-stack-kube-prom-admission-create-bc8rw" (UID: "80fbda5d-6a3e-49ac-a190-d17252ef8294") : failed to sync configmap cache: timed out waiting for the condition
2025-01-30 04:03:47,083 INFO c.h.h.t.HelmChartContainer - [EVENT] Warning [FailedMount] MountVolume.SetUp failed for volume "kube-api-access-t595q" : failed to sync configmap cache: timed out waiting for the condition [monitoring:monitoring-stack-kube-prom-admission-create-bc8rw]
2025-01-30 04:03:47,713 INFO c.h.h.t.HelmChartContainer - [EVENT] Normal [Pulling] Pulling image "registry.k8s.io/ingress-nginx/kube-webhook-certgen:v1.5.1" [monitoring:monitoring-stack-kube-prom-admission-create-bc8rw]
2025-01-30 04:03:48,918 INFO c.h.h.t.HelmChartContainer - [EVENT] Normal [Pulled] Successfully pulled image "registry.k8s.io/ingress-nginx/kube-webhook-certgen:v1.5.1" in 1.202s (1.202s including waiting). Image size: 27079554 bytes. [monitoring:monitoring-stack-kube-prom-admission-create-bc8rw]
2025-01-30 04:03:48,925 INFO c.h.h.t.HelmChartContainer - [EVENT] Normal [Created] Created container: create [monitoring:monitoring-stack-kube-prom-admission-create-bc8rw]
2025-01-30 04:03:48,988 INFO c.h.h.t.HelmChartContainer - [EVENT] Normal [Started] Started container create [monitoring:monitoring-stack-kube-prom-admission-create-bc8rw]
2025-01-30 04:03:49,494 INFO c.h.h.t.HelmChartContainer - [K3S] [job_controller.go:598] "enqueueing job" key="monitoring/monitoring-stack-kube-prom-admission-create" delay="1s"
2025-01-30 04:03:49,494 INFO c.h.h.t.HelmChartContainer - [POD] monitoring-stack-kube-prom-admission-create-bc8rw [80fbda5d-6a3e-49ac-a190-d17252ef8294] in monitoring was MODIFIED
2025-01-30 04:03:50,496 INFO c.h.h.t.HelmChartContainer - [POD] monitoring-stack-kube-prom-admission-create-bc8rw [80fbda5d-6a3e-49ac-a190-d17252ef8294] in monitoring was MODIFIED
2025-01-30 04:03:50,496 INFO c.h.h.t.HelmChartContainer - [K3S] [job_controller.go:598] "enqueueing job" key="monitoring/monitoring-stack-kube-prom-admission-create" delay="1s"
2025-01-30 04:03:50,496 INFO c.h.h.t.HelmChartContainer - [K3S] [job_controller.go:598] "enqueueing job" key="monitoring/monitoring-stack-kube-prom-admission-create" delay="1s"
2025-01-30 04:03:51,499 INFO c.h.h.t.HelmChartContainer - [K3S] [job_controller.go:598] "enqueueing job" key="monitoring/monitoring-stack-kube-prom-admission-create" delay="1s"
2025-01-30 04:03:51,568 INFO c.h.h.t.HelmChartContainer - [K3S] [job_controller.go:598] "enqueueing job" key="monitoring/monitoring-stack-kube-prom-admission-create" delay="1s"
2025-01-30 04:03:51,569 INFO c.h.h.t.HelmChartContainer - [POD] monitoring-stack-kube-prom-admission-create-bc8rw [80fbda5d-6a3e-49ac-a190-d17252ef8294] in monitoring was MODIFIED
2025-01-30 04:03:51,624 INFO c.h.h.t.HelmChartContainer - [K3S] [reconciler_common.go:162] "operationExecutor.UnmountVolume started for volume \"kube-api-access-t595q\" (UniqueName: \"kubernetes.io/projected/80fbda5d-6a3e-49ac-a190-d17252ef8294-kube-api-access-t595q\") pod \"80fbda5d-6a3e-49ac-a190-d17252ef8294\" (UID: \"80fbda5d-6a3e-49ac-a190-d17252ef8294\") "
2025-01-30 04:03:51,725 INFO c.h.h.t.HelmChartContainer - [K3S] [reconciler_common.go:299] "Volume detached for volume \"kube-api-access-t595q\" (UniqueName: \"kubernetes.io/projected/80fbda5d-6a3e-49ac-a190-d17252ef8294-kube-api-access-t595q\") on node \"13757cc4392a\" DevicePath \"\""
2025-01-30 04:03:52,492 INFO c.h.h.t.HelmChartContainer - [K3S] [pod_container_deletor.go:80] "Container not found in pod's containers" containerID="7c9fea41b77be687827ac856ef496dcc3e2b4a3ea6f30028e21d35b4afbc0086"
2025-01-30 04:03:52,502 INFO c.h.h.t.HelmChartContainer - [K3S] [job_controller.go:598] "enqueueing job" key="monitoring/monitoring-stack-kube-prom-admission-create" delay="1s"
2025-01-30 04:03:52,506 INFO c.h.h.t.HelmChartContainer - [K3S] [job_controller.go:598] "enqueueing job" key="monitoring/monitoring-stack-kube-prom-admission-create" delay="1s"
2025-01-30 04:03:52,507 INFO c.h.h.t.HelmChartContainer - [POD] monitoring-stack-kube-prom-admission-create-bc8rw [80fbda5d-6a3e-49ac-a190-d17252ef8294] in monitoring was MODIFIED
2025-01-30 04:03:52,512 INFO c.h.h.t.HelmChartContainer - [EVENT] Normal [Completed] Job completed [monitoring:monitoring-stack-kube-prom-admission-create]
2025-01-30 04:03:52,519 INFO c.h.h.t.HelmChartContainer - [K3S] [job_controller.go:598] "enqueueing job" key="monitoring/monitoring-stack-kube-prom-admission-create" delay="0s"
2025-01-30 04:03:52,526 INFO c.h.h.t.HelmChartContainer - [POD] monitoring-stack-kube-prom-admission-create-bc8rw [80fbda5d-6a3e-49ac-a190-d17252ef8294] in monitoring was MODIFIED
2025-01-30 04:03:52,531 INFO c.h.h.t.HelmChartContainer - [POD] monitoring-stack-kube-prom-admission-create-bc8rw [80fbda5d-6a3e-49ac-a190-d17252ef8294] in monitoring was DELETED
2025-01-30 04:03:52,675 INFO c.h.h.t.HelmChartContainer - [K3S] [alloc.go:330] "allocated clusterIPs" service="monitoring/monitoring-stack-kube-state-metrics" clusterIPs={"IPv4":"10.43.2.194"}
2025-01-30 04:03:52,678 INFO c.h.h.t.HelmChartContainer - [K3S] [alloc.go:330] "allocated clusterIPs" service="monitoring/monitoring-stack-kube-prom-prometheus" clusterIPs={"IPv4":"10.43.3.51"}
2025-01-30 04:03:52,683 INFO c.h.h.t.HelmChartContainer - [K3S] [alloc.go:330] "allocated clusterIPs" service="monitoring/monitoring-stack-kube-prom-alertmanager" clusterIPs={"IPv4":"10.43.254.209"}
2025-01-30 04:03:52,697 INFO c.h.h.t.HelmChartContainer - [K3S] [alloc.go:330] "allocated clusterIPs" service="monitoring/monitoring-stack-kube-prom-operator" clusterIPs={"IPv4":"10.43.10.158"}
2025-01-30 04:03:52,706 INFO c.h.h.t.HelmChartContainer - [K3S] [alloc.go:330] "allocated clusterIPs" service="monitoring/monitoring-stack-prometheus-node-exporter" clusterIPs={"IPv4":"10.43.101.218"}
2025-01-30 04:03:52,721 INFO c.h.h.t.HelmChartContainer - [K3S] [alloc.go:330] "allocated clusterIPs" service="monitoring/monitoring-stack-grafana" clusterIPs={"IPv4":"10.43.66.227"}
2025-01-30 04:03:52,753 INFO c.h.h.t.HelmChartContainer - [POD] monitoring-stack-prometheus-node-exporter-wztb4 [26a6e290-480f-429e-ae28-4b06d86ff9c1] in monitoring was ADDED
2025-01-30 04:03:52,754 INFO c.h.h.t.HelmChartContainer - [EVENT] Normal [ScalingReplicaSet] Scaled up replica set monitoring-stack-grafana-64c55fb967 from 0 to 1 [monitoring:monitoring-stack-grafana]
2025-01-30 04:03:52,762 INFO c.h.h.t.HelmChartContainer - [POD] monitoring-stack-kube-state-metrics-5bf5c7b54d-n2qrs [e9ef6014-1bb9-4c36-bd24-02df2697e729] in monitoring was ADDED
2025-01-30 04:03:52,763 INFO c.h.h.t.HelmChartContainer - [POD] monitoring-stack-grafana-64c55fb967-kjbqv [4e5b348e-e6b7-4813-bed7-7d4feeec974b] in monitoring was ADDED
2025-01-30 04:03:52,770 INFO c.h.h.t.HelmChartContainer - [EVENT] Normal [SuccessfulCreate] Created pod: monitoring-stack-prometheus-node-exporter-wztb4 [monitoring:monitoring-stack-prometheus-node-exporter]
2025-01-30 04:03:52,770 INFO c.h.h.t.HelmChartContainer - [EVENT] Normal [SuccessfulCreate] Created pod: monitoring-stack-kube-state-metrics-5bf5c7b54d-n2qrs [monitoring:monitoring-stack-kube-state-metrics-5bf5c7b54d]
2025-01-30 04:03:52,771 INFO c.h.h.t.HelmChartContainer - [POD] monitoring-stack-prometheus-node-exporter-wztb4 [26a6e290-480f-429e-ae28-4b06d86ff9c1] in monitoring was MODIFIED
2025-01-30 04:03:52,771 INFO c.h.h.t.HelmChartContainer - [POD] monitoring-stack-kube-state-metrics-5bf5c7b54d-n2qrs [e9ef6014-1bb9-4c36-bd24-02df2697e729] in monitoring was MODIFIED
2025-01-30 04:03:52,772 INFO c.h.h.t.HelmChartContainer - [K3S] [replica_set.go:679] "Finished syncing" kind="ReplicaSet" key="monitoring/monitoring-stack-kube-state-metrics-5bf5c7b54d" duration="26.090745ms"
2025-01-30 04:03:52,782 INFO c.h.h.t.HelmChartContainer - [K3S] [memory_manager.go:355] "RemoveStaleState removing state" podUID="80fbda5d-6a3e-49ac-a190-d17252ef8294" containerName="create"
2025-01-30 04:03:52,789 INFO c.h.h.t.HelmChartContainer - [K3S] [dispatcher.go:210] Failed calling webhook, failing open prometheusrulemutate.monitoring.coreos.com: failed calling webhook "prometheusrulemutate.monitoring.coreos.com": failed to call webhook: Post "https://monitoring-stack-kube-prom-operator.monitoring.svc:443/admission-prometheusrules/mutate?timeout=10s": no endpoints available for service "monitoring-stack-kube-prom-operator"
2025-01-30 04:03:52,790 INFO c.h.h.t.HelmChartContainer - [K3S] [dispatcher.go:214] "Unhandled Error" err="failed calling webhook \"prometheusrulemutate.monitoring.coreos.com\": failed to call webhook: Post \"https://monitoring-stack-kube-prom-operator.monitoring.svc:443/admission-prometheusrules/mutate?timeout=10s\": no endpoints available for service \"monitoring-stack-kube-prom-operator\""
2025-01-30 04:03:52,801 INFO c.h.h.t.HelmChartContainer - [K3S] [dispatcher.go:210] Failed calling webhook, failing open prometheusrulemutate.monitoring.coreos.com: failed calling webhook "prometheusrulemutate.monitoring.coreos.com": failed to call webhook: Post "https://monitoring-stack-kube-prom-operator.monitoring.svc:443/admission-prometheusrules/mutate?timeout=10s": no endpoints available for service "monitoring-stack-kube-prom-operator"
2025-01-30 04:03:52,802 INFO c.h.h.t.HelmChartContainer - [K3S] [dispatcher.go:214] "Unhandled Error" err="failed calling webhook \"prometheusrulemutate.monitoring.coreos.com\": failed to call webhook: Post \"https://monitoring-stack-kube-prom-operator.monitoring.svc:443/admission-prometheusrules/mutate?timeout=10s\": no endpoints available for service \"monitoring-stack-kube-prom-operator\""
2025-01-30 04:03:52,802 INFO c.h.h.t.HelmChartContainer - [K3S] [dispatcher.go:210] Failed calling webhook, failing open prometheusrulemutate.monitoring.coreos.com: failed calling webhook "prometheusrulemutate.monitoring.coreos.com": failed to call webhook: Post "https://monitoring-stack-kube-prom-operator.monitoring.svc:443/admission-prometheusrules/mutate?timeout=10s": no endpoints available for service "monitoring-stack-kube-prom-operator"
2025-01-30 04:03:52,803 INFO c.h.h.t.HelmChartContainer - [K3S] [dispatcher.go:214] "Unhandled Error" err="failed calling webhook \"prometheusrulemutate.monitoring.coreos.com\": failed to call webhook: Post \"https://monitoring-stack-kube-prom-operator.monitoring.svc:443/admission-prometheusrules/mutate?timeout=10s\": no endpoints available for service \"monitoring-stack-kube-prom-operator\""
2025-01-30 04:03:52,804 INFO c.h.h.t.HelmChartContainer - [POD] monitoring-stack-grafana-64c55fb967-kjbqv [4e5b348e-e6b7-4813-bed7-7d4feeec974b] in monitoring was MODIFIED
2025-01-30 04:03:52,806 INFO c.h.h.t.HelmChartContainer - [K3S] [dispatcher.go:210] Failed calling webhook, failing open prometheusrulemutate.monitoring.coreos.com: failed calling webhook "prometheusrulemutate.monitoring.coreos.com": failed to call webhook: Post "https://monitoring-stack-kube-prom-operator.monitoring.svc:443/admission-prometheusrules/mutate?timeout=10s": no endpoints available for service "monitoring-stack-kube-prom-operator"
2025-01-30 04:03:52,808 INFO c.h.h.t.HelmChartContainer - [K3S] [dispatcher.go:214] "Unhandled Error" err="failed calling webhook \"prometheusrulemutate.monitoring.coreos.com\": failed to call webhook: Post \"https://monitoring-stack-kube-prom-operator.monitoring.svc:443/admission-prometheusrules/mutate?timeout=10s\": no endpoints available for service \"monitoring-stack-kube-prom-operator\""
2025-01-30 04:03:52,808 INFO c.h.h.t.HelmChartContainer - [K3S] [dispatcher.go:210] Failed calling webhook, failing open prometheusrulemutate.monitoring.coreos.com: failed calling webhook "prometheusrulemutate.monitoring.coreos.com": failed to call webhook: Post "https://monitoring-stack-kube-prom-operator.monitoring.svc:443/admission-prometheusrules/mutate?timeout=10s": no endpoints available for service "monitoring-stack-kube-prom-operator"
2025-01-30 04:03:52,808 INFO c.h.h.t.HelmChartContainer - [K3S] [dispatcher.go:214] "Unhandled Error" err="failed calling webhook \"prometheusrulemutate.monitoring.coreos.com\": failed to call webhook: Post \"https://monitoring-stack-kube-prom-operator.monitoring.svc:443/admission-prometheusrules/mutate?timeout=10s\": no endpoints available for service \"monitoring-stack-kube-prom-operator\""
2025-01-30 04:03:52,808 INFO c.h.h.t.HelmChartContainer - [K3S] [reflector.go:569] object-"monitoring"/"monitoring-stack-grafana-config-dashboards": failed to list *v1.ConfigMap: configmaps "monitoring-stack-grafana-config-dashboards" is forbidden: User "system:node:13757cc4392a" cannot list resource "configmaps" in API group "" in the namespace "monitoring": no relationship found between node '13757cc4392a' and this object
2025-01-30 04:03:52,808 INFO c.h.h.t.HelmChartContainer - [K3S] [reflector.go:166] "Unhandled Error" err="object-\"monitoring\"/\"monitoring-stack-grafana-config-dashboards\": Failed to watch *v1.ConfigMap: failed to list *v1.ConfigMap: configmaps \"monitoring-stack-grafana-config-dashboards\" is forbidden: User \"system:node:13757cc4392a\" cannot list resource \"configmaps\" in API group \"\" in the namespace \"monitoring\": no relationship found between node '13757cc4392a' and this object"
2025-01-30 04:03:52,808 INFO c.h.h.t.HelmChartContainer - [K3S] [reflector.go:569] object-"monitoring"/"monitoring-stack-grafana": failed to list *v1.Secret: secrets "monitoring-stack-grafana" is forbidden: User "system:node:13757cc4392a" cannot list resource "secrets" in API group "" in the namespace "monitoring": no relationship found between node '13757cc4392a' and this object
2025-01-30 04:03:52,808 INFO c.h.h.t.HelmChartContainer - [K3S] [reflector.go:166] "Unhandled Error" err="object-\"monitoring\"/\"monitoring-stack-grafana\": Failed to watch *v1.Secret: failed to list *v1.Secret: secrets \"monitoring-stack-grafana\" is forbidden: User \"system:node:13757cc4392a\" cannot list resource \"secrets\" in API group \"\" in the namespace \"monitoring\": no relationship found between node '13757cc4392a' and this object"
2025-01-30 04:03:52,808 INFO c.h.h.t.HelmChartContainer - [K3S] [reflector.go:569] object-"monitoring"/"monitoring-stack-grafana": failed to list *v1.ConfigMap: configmaps "monitoring-stack-grafana" is forbidden: User "system:node:13757cc4392a" cannot list resource "configmaps" in API group "" in the namespace "monitoring": no relationship found between node '13757cc4392a' and this object
2025-01-30 04:03:52,808 INFO c.h.h.t.HelmChartContainer - [K3S] [reflector.go:166] "Unhandled Error" err="object-\"monitoring\"/\"monitoring-stack-grafana\": Failed to watch *v1.ConfigMap: failed to list *v1.ConfigMap: configmaps \"monitoring-stack-grafana\" is forbidden: User \"system:node:13757cc4392a\" cannot list resource \"configmaps\" in API group \"\" in the namespace \"monitoring\": no relationship found between node '13757cc4392a' and this object"
2025-01-30 04:03:52,808 INFO c.h.h.t.HelmChartContainer - [EVENT] Normal [Scheduled] Successfully assigned monitoring/monitoring-stack-prometheus-node-exporter-wztb4 to 13757cc4392a [monitoring:monitoring-stack-prometheus-node-exporter-wztb4]
2025-01-30 04:03:52,811 INFO c.h.h.t.HelmChartContainer - [POD] monitoring-stack-kube-prom-operator-6998896c-cnrwn [971e0cab-db43-404f-b9b5-790bd050137d] in monitoring was ADDED
2025-01-30 04:03:52,815 INFO c.h.h.t.HelmChartContainer - [K3S] [dispatcher.go:210] Failed calling webhook, failing open prometheusrulemutate.monitoring.coreos.com: failed calling webhook "prometheusrulemutate.monitoring.coreos.com": failed to call webhook: Post "https://monitoring-stack-kube-prom-operator.monitoring.svc:443/admission-prometheusrules/mutate?timeout=10s": no endpoints available for service "monitoring-stack-kube-prom-operator"
2025-01-30 04:03:52,815 INFO c.h.h.t.HelmChartContainer - [K3S] [dispatcher.go:214] "Unhandled Error" err="failed calling webhook \"prometheusrulemutate.monitoring.coreos.com\": failed to call webhook: Post \"https://monitoring-stack-kube-prom-operator.monitoring.svc:443/admission-prometheusrules/mutate?timeout=10s\": no endpoints available for service \"monitoring-stack-kube-prom-operator\""
2025-01-30 04:03:52,815 INFO c.h.h.t.HelmChartContainer - [K3S] [dispatcher.go:210] Failed calling webhook, failing open prometheusrulemutate.monitoring.coreos.com: failed calling webhook "prometheusrulemutate.monitoring.coreos.com": failed to call webhook: Post "https://monitoring-stack-kube-prom-operator.monitoring.svc:443/admission-prometheusrules/mutate?timeout=10s": no endpoints available for service "monitoring-stack-kube-prom-operator"
2025-01-30 04:03:52,820 INFO c.h.h.t.HelmChartContainer - [EVENT] Normal [SuccessfulCreate] Created pod: monitoring-stack-grafana-64c55fb967-kjbqv [monitoring:monitoring-stack-grafana-64c55fb967]
2025-01-30 04:03:52,823 INFO c.h.h.t.HelmChartContainer - [K3S] [replica_set.go:679] "Finished syncing" kind="ReplicaSet" key="monitoring/monitoring-stack-kube-prom-operator-6998896c" duration="64.623782ms"
2025-01-30 04:03:52,823 INFO c.h.h.t.HelmChartContainer - [K3S] [dispatcher.go:214] "Unhandled Error" err="failed calling webhook \"prometheusrulemutate.monitoring.coreos.com\": failed to call webhook: Post \"https://monitoring-stack-kube-prom-operator.monitoring.svc:443/admission-prometheusrules/mutate?timeout=10s\": no endpoints available for service \"monitoring-stack-kube-prom-operator\""
2025-01-30 04:03:52,824 INFO c.h.h.t.HelmChartContainer - [EVENT] Normal [ScalingReplicaSet] Scaled up replica set monitoring-stack-kube-state-metrics-5bf5c7b54d from 0 to 1 [monitoring:monitoring-stack-kube-state-metrics]
2025-01-30 04:03:52,824 INFO c.h.h.t.HelmChartContainer - [K3S] [dispatcher.go:210] Failed calling webhook, failing open prometheusrulemutate.monitoring.coreos.com: failed calling webhook "prometheusrulemutate.monitoring.coreos.com": failed to call webhook: Post "https://monitoring-stack-kube-prom-operator.monitoring.svc:443/admission-prometheusrules/mutate?timeout=10s": no endpoints available for service "monitoring-stack-kube-prom-operator"
2025-01-30 04:03:52,825 INFO c.h.h.t.HelmChartContainer - [K3S] [dispatcher.go:214] "Unhandled Error" err="failed calling webhook \"prometheusrulemutate.monitoring.coreos.com\": failed to call webhook: Post \"https://monitoring-stack-kube-prom-operator.monitoring.svc:443/admission-prometheusrules/mutate?timeout=10s\": no endpoints available for service \"monitoring-stack-kube-prom-operator\""
2025-01-30 04:03:52,825 INFO c.h.h.t.HelmChartContainer - [K3S] [dispatcher.go:210] Failed calling webhook, failing open prometheusrulemutate.monitoring.coreos.com: failed calling webhook "prometheusrulemutate.monitoring.coreos.com": failed to call webhook: Post "https://monitoring-stack-kube-prom-operator.monitoring.svc:443/admission-prometheusrules/mutate?timeout=10s": no endpoints available for service "monitoring-stack-kube-prom-operator"
2025-01-30 04:03:52,826 INFO c.h.h.t.HelmChartContainer - [K3S] [dispatcher.go:214] "Unhandled Error" err="failed calling webhook \"prometheusrulemutate.monitoring.coreos.com\": failed to call webhook: Post \"https://monitoring-stack-kube-prom-operator.monitoring.svc:443/admission-prometheusrules/mutate?timeout=10s\": no endpoints available for service \"monitoring-stack-kube-prom-operator\""
2025-01-30 04:03:52,826 INFO c.h.h.t.HelmChartContainer - [EVENT] Normal [Scheduled] Successfully assigned monitoring/monitoring-stack-kube-state-metrics-5bf5c7b54d-n2qrs to 13757cc4392a [monitoring:monitoring-stack-kube-state-metrics-5bf5c7b54d-n2qrs]
2025-01-30 04:03:52,826 INFO c.h.h.t.HelmChartContainer - [K3S] [dispatcher.go:210] Failed calling webhook, failing open prometheusrulemutate.monitoring.coreos.com: failed calling webhook "prometheusrulemutate.monitoring.coreos.com": failed to call webhook: Post "https://monitoring-stack-kube-prom-operator.monitoring.svc:443/admission-prometheusrules/mutate?timeout=10s": no endpoints available for service "monitoring-stack-kube-prom-operator"
2025-01-30 04:03:52,826 INFO c.h.h.t.HelmChartContainer - [K3S] [dispatcher.go:214] "Unhandled Error" err="failed calling webhook \"prometheusrulemutate.monitoring.coreos.com\": failed to call webhook: Post \"https://monitoring-stack-kube-prom-operator.monitoring.svc:443/admission-prometheusrules/mutate?timeout=10s\": no endpoints available for service \"monitoring-stack-kube-prom-operator\""
2025-01-30 04:03:52,826 INFO c.h.h.t.HelmChartContainer - [K3S] [replica_set.go:679] "Finished syncing" kind="ReplicaSet" key="monitoring/monitoring-stack-grafana-64c55fb967" duration="75.803731ms"
2025-01-30 04:03:52,827 INFO c.h.h.t.HelmChartContainer - [EVENT] Normal [Scheduled] Successfully assigned monitoring/monitoring-stack-grafana-64c55fb967-kjbqv to 13757cc4392a [monitoring:monitoring-stack-grafana-64c55fb967-kjbqv]
2025-01-30 04:03:52,828 INFO c.h.h.t.HelmChartContainer - [POD] monitoring-stack-kube-prom-operator-6998896c-cnrwn [971e0cab-db43-404f-b9b5-790bd050137d] in monitoring was MODIFIED
2025-01-30 04:03:52,834 INFO c.h.h.t.HelmChartContainer - [K3S] [dispatcher.go:210] Failed calling webhook, failing open prometheusrulemutate.monitoring.coreos.com: failed calling webhook "prometheusrulemutate.monitoring.coreos.com": failed to call webhook: Post "https://monitoring-stack-kube-prom-operator.monitoring.svc:443/admission-prometheusrules/mutate?timeout=10s": no endpoints available for service "monitoring-stack-kube-prom-operator"
2025-01-30 04:03:52,834 INFO c.h.h.t.HelmChartContainer - [K3S] [dispatcher.go:214] "Unhandled Error" err="failed calling webhook \"prometheusrulemutate.monitoring.coreos.com\": failed to call webhook: Post \"https://monitoring-stack-kube-prom-operator.monitoring.svc:443/admission-prometheusrules/mutate?timeout=10s\": no endpoints available for service \"monitoring-stack-kube-prom-operator\""
2025-01-30 04:03:52,844 INFO c.h.h.t.HelmChartContainer - [K3S] [dispatcher.go:210] Failed calling webhook, failing open prometheusrulemutate.monitoring.coreos.com: failed calling webhook "prometheusrulemutate.monitoring.coreos.com": failed to call webhook: Post "https://monitoring-stack-kube-prom-operator.monitoring.svc:443/admission-prometheusrules/mutate?timeout=10s": no endpoints available for service "monitoring-stack-kube-prom-operator"
2025-01-30 04:03:52,844 INFO c.h.h.t.HelmChartContainer - [K3S] [dispatcher.go:214] "Unhandled Error" err="failed calling webhook \"prometheusrulemutate.monitoring.coreos.com\": failed to call webhook: Post \"https://monitoring-stack-kube-prom-operator.monitoring.svc:443/admission-prometheusrules/mutate?timeout=10s\": no endpoints available for service \"monitoring-stack-kube-prom-operator\""
2025-01-30 04:03:52,844 INFO c.h.h.t.HelmChartContainer - [K3S] [reconciler_common.go:251] "operationExecutor.VerifyControllerAttachedVolume started for volume \"config\" (UniqueName: \"kubernetes.io/configmap/4e5b348e-e6b7-4813-bed7-7d4feeec974b-config\") pod \"monitoring-stack-grafana-64c55fb967-kjbqv\" (UID: \"4e5b348e-e6b7-4813-bed7-7d4feeec974b\") " pod="monitoring/monitoring-stack-grafana-64c55fb967-kjbqv"
2025-01-30 04:03:52,844 INFO c.h.h.t.HelmChartContainer - [K3S] [reconciler_common.go:251] "operationExecutor.VerifyControllerAttachedVolume started for volume \"storage\" (UniqueName: \"kubernetes.io/empty-dir/4e5b348e-e6b7-4813-bed7-7d4feeec974b-storage\") pod \"monitoring-stack-grafana-64c55fb967-kjbqv\" (UID: \"4e5b348e-e6b7-4813-bed7-7d4feeec974b\") " pod="monitoring/monitoring-stack-grafana-64c55fb967-kjbqv"
2025-01-30 04:03:52,844 INFO c.h.h.t.HelmChartContainer - [K3S] [reconciler_common.go:251] "operationExecutor.VerifyControllerAttachedVolume started for volume \"sc-dashboard-provider\" (UniqueName: \"kubernetes.io/configmap/4e5b348e-e6b7-4813-bed7-7d4feeec974b-sc-dashboard-provider\") pod \"monitoring-stack-grafana-64c55fb967-kjbqv\" (UID: \"4e5b348e-e6b7-4813-bed7-7d4feeec974b\") " pod="monitoring/monitoring-stack-grafana-64c55fb967-kjbqv"
2025-01-30 04:03:52,845 INFO c.h.h.t.HelmChartContainer - [K3S] [reconciler_common.go:251] "operationExecutor.VerifyControllerAttachedVolume started for volume \"sc-datasources-volume\" (UniqueName: \"kubernetes.io/empty-dir/4e5b348e-e6b7-4813-bed7-7d4feeec974b-sc-datasources-volume\") pod \"monitoring-stack-grafana-64c55fb967-kjbqv\" (UID: \"4e5b348e-e6b7-4813-bed7-7d4feeec974b\") " pod="monitoring/monitoring-stack-grafana-64c55fb967-kjbqv"
2025-01-30 04:03:52,845 INFO c.h.h.t.HelmChartContainer - [K3S] [reconciler_common.go:251] "operationExecutor.VerifyControllerAttachedVolume started for volume \"tls-secret\" (UniqueName: \"kubernetes.io/secret/971e0cab-db43-404f-b9b5-790bd050137d-tls-secret\") pod \"monitoring-stack-kube-prom-operator-6998896c-cnrwn\" (UID: \"971e0cab-db43-404f-b9b5-790bd050137d\") " pod="monitoring/monitoring-stack-kube-prom-operator-6998896c-cnrwn"
2025-01-30 04:03:52,845 INFO c.h.h.t.HelmChartContainer - [K3S] [reconciler_common.go:251] "operationExecutor.VerifyControllerAttachedVolume started for volume \"kube-api-access-bsrzg\" (UniqueName: \"kubernetes.io/projected/e9ef6014-1bb9-4c36-bd24-02df2697e729-kube-api-access-bsrzg\") pod \"monitoring-stack-kube-state-metrics-5bf5c7b54d-n2qrs\" (UID: \"e9ef6014-1bb9-4c36-bd24-02df2697e729\") " pod="monitoring/monitoring-stack-kube-state-metrics-5bf5c7b54d-n2qrs"
2025-01-30 04:03:52,845 INFO c.h.h.t.HelmChartContainer - [K3S] [reconciler_common.go:251] "operationExecutor.VerifyControllerAttachedVolume started for volume \"sc-dashboard-volume\" (UniqueName: \"kubernetes.io/empty-dir/4e5b348e-e6b7-4813-bed7-7d4feeec974b-sc-dashboard-volume\") pod \"monitoring-stack-grafana-64c55fb967-kjbqv\" (UID: \"4e5b348e-e6b7-4813-bed7-7d4feeec974b\") " pod="monitoring/monitoring-stack-grafana-64c55fb967-kjbqv"
2025-01-30 04:03:52,845 INFO c.h.h.t.HelmChartContainer - [K3S] [reconciler_common.go:251] "operationExecutor.VerifyControllerAttachedVolume started for volume \"sys\" (UniqueName: \"kubernetes.io/host-path/26a6e290-480f-429e-ae28-4b06d86ff9c1-sys\") pod \"monitoring-stack-prometheus-node-exporter-wztb4\" (UID: \"26a6e290-480f-429e-ae28-4b06d86ff9c1\") " pod="monitoring/monitoring-stack-prometheus-node-exporter-wztb4"
2025-01-30 04:03:52,845 INFO c.h.h.t.HelmChartContainer - [K3S] [reconciler_common.go:251] "operationExecutor.VerifyControllerAttachedVolume started for volume \"kube-api-access-8zjj2\" (UniqueName: \"kubernetes.io/projected/4e5b348e-e6b7-4813-bed7-7d4feeec974b-kube-api-access-8zjj2\") pod \"monitoring-stack-grafana-64c55fb967-kjbqv\" (UID: \"4e5b348e-e6b7-4813-bed7-7d4feeec974b\") " pod="monitoring/monitoring-stack-grafana-64c55fb967-kjbqv"
2025-01-30 04:03:52,845 INFO c.h.h.t.HelmChartContainer - [K3S] [reconciler_common.go:251] "operationExecutor.VerifyControllerAttachedVolume started for volume \"kube-api-access-m6k26\" (UniqueName: \"kubernetes.io/projected/971e0cab-db43-404f-b9b5-790bd050137d-kube-api-access-m6k26\") pod \"monitoring-stack-kube-prom-operator-6998896c-cnrwn\" (UID: \"971e0cab-db43-404f-b9b5-790bd050137d\") " pod="monitoring/monitoring-stack-kube-prom-operator-6998896c-cnrwn"
2025-01-30 04:03:52,845 INFO c.h.h.t.HelmChartContainer - [K3S] [reconciler_common.go:251] "operationExecutor.VerifyControllerAttachedVolume started for volume \"proc\" (UniqueName: \"kubernetes.io/host-path/26a6e290-480f-429e-ae28-4b06d86ff9c1-proc\") pod \"monitoring-stack-prometheus-node-exporter-wztb4\" (UID: \"26a6e290-480f-429e-ae28-4b06d86ff9c1\") " pod="monitoring/monitoring-stack-prometheus-node-exporter-wztb4"
2025-01-30 04:03:52,856 INFO c.h.h.t.HelmChartContainer - [K3S] [dispatcher.go:210] Failed calling webhook, failing open prometheusrulemutate.monitoring.coreos.com: failed calling webhook "prometheusrulemutate.monitoring.coreos.com": failed to call webhook: Post "https://monitoring-stack-kube-prom-operator.monitoring.svc:443/admission-prometheusrules/mutate?timeout=10s": no endpoints available for service "monitoring-stack-kube-prom-operator"
2025-01-30 04:03:52,856 INFO c.h.h.t.HelmChartContainer - [K3S] [dispatcher.go:214] "Unhandled Error" err="failed calling webhook \"prometheusrulemutate.monitoring.coreos.com\": failed to call webhook: Post \"https://monitoring-stack-kube-prom-operator.monitoring.svc:443/admission-prometheusrules/mutate?timeout=10s\": no endpoints available for service \"monitoring-stack-kube-prom-operator\""
2025-01-30 04:03:52,856 INFO c.h.h.t.HelmChartContainer - [K3S] [dispatcher.go:210] Failed calling webhook, failing open prometheusrulemutate.monitoring.coreos.com: failed calling webhook "prometheusrulemutate.monitoring.coreos.com": failed to call webhook: Post "https://monitoring-stack-kube-prom-operator.monitoring.svc:443/admission-prometheusrules/mutate?timeout=10s": no endpoints available for service "monitoring-stack-kube-prom-operator"
2025-01-30 04:03:52,856 INFO c.h.h.t.HelmChartContainer - [K3S] [dispatcher.go:214] "Unhandled Error" err="failed calling webhook \"prometheusrulemutate.monitoring.coreos.com\": failed to call webhook: Post \"https://monitoring-stack-kube-prom-operator.monitoring.svc:443/admission-prometheusrules/mutate?timeout=10s\": no endpoints available for service \"monitoring-stack-kube-prom-operator\""
2025-01-30 04:03:52,856 INFO c.h.h.t.HelmChartContainer - [K3S] [dispatcher.go:210] Failed calling webhook, failing open prometheusrulemutate.monitoring.coreos.com: failed calling webhook "prometheusrulemutate.monitoring.coreos.com": failed to call webhook: Post "https://monitoring-stack-kube-prom-operator.monitoring.svc:443/admission-prometheusrules/mutate?timeout=10s": no endpoints available for service "monitoring-stack-kube-prom-operator"
2025-01-30 04:03:52,856 INFO c.h.h.t.HelmChartContainer - [K3S] [dispatcher.go:214] "Unhandled Error" err="failed calling webhook \"prometheusrulemutate.monitoring.coreos.com\": failed to call webhook: Post \"https://monitoring-stack-kube-prom-operator.monitoring.svc:443/admission-prometheusrules/mutate?timeout=10s\": no endpoints available for service \"monitoring-stack-kube-prom-operator\""
2025-01-30 04:03:52,856 INFO c.h.h.t.HelmChartContainer - [K3S] [dispatcher.go:210] Failed calling webhook, failing open prometheusrulemutate.monitoring.coreos.com: failed calling webhook "prometheusrulemutate.monitoring.coreos.com": failed to call webhook: Post "https://monitoring-stack-kube-prom-operator.monitoring.svc:443/admission-prometheusrules/mutate?timeout=10s": no endpoints available for service "monitoring-stack-kube-prom-operator"
2025-01-30 04:03:52,856 INFO c.h.h.t.HelmChartContainer - [K3S] [dispatcher.go:214] "Unhandled Error" err="failed calling webhook \"prometheusrulemutate.monitoring.coreos.com\": failed to call webhook: Post \"https://monitoring-stack-kube-prom-operator.monitoring.svc:443/admission-prometheusrules/mutate?timeout=10s\": no endpoints available for service \"monitoring-stack-kube-prom-operator\""
2025-01-30 04:03:52,864 INFO c.h.h.t.HelmChartContainer - [K3S] [dispatcher.go:210] Failed calling webhook, failing open prometheusrulemutate.monitoring.coreos.com: failed calling webhook "prometheusrulemutate.monitoring.coreos.com": failed to call webhook: Post "https://monitoring-stack-kube-prom-operator.monitoring.svc:443/admission-prometheusrules/mutate?timeout=10s": no endpoints available for service "monitoring-stack-kube-prom-operator"
2025-01-30 04:03:52,864 INFO c.h.h.t.HelmChartContainer - [K3S] [dispatcher.go:214] "Unhandled Error" err="failed calling webhook \"prometheusrulemutate.monitoring.coreos.com\": failed to call webhook: Post \"https://monitoring-stack-kube-prom-operator.monitoring.svc:443/admission-prometheusrules/mutate?timeout=10s\": no endpoints available for service \"monitoring-stack-kube-prom-operator\""
2025-01-30 04:03:52,867 INFO c.h.h.t.HelmChartContainer - [K3S] [dispatcher.go:210] Failed calling webhook, failing open prometheusrulemutate.monitoring.coreos.com: failed calling webhook "prometheusrulemutate.monitoring.coreos.com": failed to call webhook: Post "https://monitoring-stack-kube-prom-operator.monitoring.svc:443/admission-prometheusrules/mutate?timeout=10s": no endpoints available for service "monitoring-stack-kube-prom-operator"
2025-01-30 04:03:52,868 INFO c.h.h.t.HelmChartContainer - [EVENT] Normal [ScalingReplicaSet] Scaled up replica set monitoring-stack-kube-prom-operator-6998896c from 0 to 1 [monitoring:monitoring-stack-kube-prom-operator]
2025-01-30 04:03:52,872 INFO c.h.h.t.HelmChartContainer - [K3S] [dispatcher.go:214] "Unhandled Error" err="failed calling webhook \"prometheusrulemutate.monitoring.coreos.com\": failed to call webhook: Post \"https://monitoring-stack-kube-prom-operator.monitoring.svc:443/admission-prometheusrules/mutate?timeout=10s\": no endpoints available for service \"monitoring-stack-kube-prom-operator\""
2025-01-30 04:03:52,872 INFO c.h.h.t.HelmChartContainer - [K3S] [dispatcher.go:210] Failed calling webhook, failing open prometheusrulemutate.monitoring.coreos.com: failed calling webhook "prometheusrulemutate.monitoring.coreos.com": failed to call webhook: Post "https://monitoring-stack-kube-prom-operator.monitoring.svc:443/admission-prometheusrules/mutate?timeout=10s": no endpoints available for service "monitoring-stack-kube-prom-operator"
2025-01-30 04:03:52,872 INFO c.h.h.t.HelmChartContainer - [K3S] [dispatcher.go:214] "Unhandled Error" err="failed calling webhook \"prometheusrulemutate.monitoring.coreos.com\": failed to call webhook: Post \"https://monitoring-stack-kube-prom-operator.monitoring.svc:443/admission-prometheusrules/mutate?timeout=10s\": no endpoints available for service \"monitoring-stack-kube-prom-operator\""
2025-01-30 04:03:52,872 INFO c.h.h.t.HelmChartContainer - [K3S] [dispatcher.go:210] Failed calling webhook, failing open prometheusrulemutate.monitoring.coreos.com: failed calling webhook "prometheusrulemutate.monitoring.coreos.com": failed to call webhook: Post "https://monitoring-stack-kube-prom-operator.monitoring.svc:443/admission-prometheusrules/mutate?timeout=10s": no endpoints available for service "monitoring-stack-kube-prom-operator"
2025-01-30 04:03:52,872 INFO c.h.h.t.HelmChartContainer - [K3S] [dispatcher.go:214] "Unhandled Error" err="failed calling webhook \"prometheusrulemutate.monitoring.coreos.com\": failed to call webhook: Post \"https://monitoring-stack-kube-prom-operator.monitoring.svc:443/admission-prometheusrules/mutate?timeout=10s\": no endpoints available for service \"monitoring-stack-kube-prom-operator\""
2025-01-30 04:03:52,873 INFO c.h.h.t.HelmChartContainer - [K3S] [dispatcher.go:210] Failed calling webhook, failing open prometheusrulemutate.monitoring.coreos.com: failed calling webhook "prometheusrulemutate.monitoring.coreos.com": failed to call webhook: Post "https://monitoring-stack-kube-prom-operator.monitoring.svc:443/admission-prometheusrules/mutate?timeout=10s": no endpoints available for service "monitoring-stack-kube-prom-operator"
2025-01-30 04:03:52,873 INFO c.h.h.t.HelmChartContainer - [K3S] [dispatcher.go:214] "Unhandled Error" err="failed calling webhook \"prometheusrulemutate.monitoring.coreos.com\": failed to call webhook: Post \"https://monitoring-stack-kube-prom-operator.monitoring.svc:443/admission-prometheusrules/mutate?timeout=10s\": no endpoints available for service \"monitoring-stack-kube-prom-operator\""
2025-01-30 04:03:52,874 INFO c.h.h.t.HelmChartContainer - [POD] monitoring-stack-kube-state-metrics-5bf5c7b54d-n2qrs [e9ef6014-1bb9-4c36-bd24-02df2697e729] in monitoring was MODIFIED
2025-01-30 04:03:52,877 INFO c.h.h.t.HelmChartContainer - [K3S] [dispatcher.go:210] Failed calling webhook, failing open prometheusrulemutate.monitoring.coreos.com: failed calling webhook "prometheusrulemutate.monitoring.coreos.com": failed to call webhook: Post "https://monitoring-stack-kube-prom-operator.monitoring.svc:443/admission-prometheusrules/mutate?timeout=10s": no endpoints available for service "monitoring-stack-kube-prom-operator"
2025-01-30 04:03:52,878 INFO c.h.h.t.HelmChartContainer - [K3S] [dispatcher.go:214] "Unhandled Error" err="failed calling webhook \"prometheusrulemutate.monitoring.coreos.com\": failed to call webhook: Post \"https://monitoring-stack-kube-prom-operator.monitoring.svc:443/admission-prometheusrules/mutate?timeout=10s\": no endpoints available for service \"monitoring-stack-kube-prom-operator\""
2025-01-30 04:03:52,880 INFO c.h.h.t.HelmChartContainer - [K3S] [dispatcher.go:210] Failed calling webhook, failing open prometheusrulemutate.monitoring.coreos.com: failed calling webhook "prometheusrulemutate.monitoring.coreos.com": failed to call webhook: Post "https://monitoring-stack-kube-prom-operator.monitoring.svc:443/admission-prometheusrules/mutate?timeout=10s": no endpoints available for service "monitoring-stack-kube-prom-operator"
2025-01-30 04:03:52,880 INFO c.h.h.t.HelmChartContainer - [K3S] [dispatcher.go:214] "Unhandled Error" err="failed calling webhook \"prometheusrulemutate.monitoring.coreos.com\": failed to call webhook: Post \"https://monitoring-stack-kube-prom-operator.monitoring.svc:443/admission-prometheusrules/mutate?timeout=10s\": no endpoints available for service \"monitoring-stack-kube-prom-operator\""
2025-01-30 04:03:52,881 INFO c.h.h.t.HelmChartContainer - [K3S] [dispatcher.go:210] Failed calling webhook, failing open prometheusrulemutate.monitoring.coreos.com: failed calling webhook "prometheusrulemutate.monitoring.coreos.com": failed to call webhook: Post "https://monitoring-stack-kube-prom-operator.monitoring.svc:443/admission-prometheusrules/mutate?timeout=10s": no endpoints available for service "monitoring-stack-kube-prom-operator"
2025-01-30 04:03:52,882 INFO c.h.h.t.HelmChartContainer - [K3S] [dispatcher.go:214] "Unhandled Error" err="failed calling webhook \"prometheusrulemutate.monitoring.coreos.com\": failed to call webhook: Post \"https://monitoring-stack-kube-prom-operator.monitoring.svc:443/admission-prometheusrules/mutate?timeout=10s\": no endpoints available for service \"monitoring-stack-kube-prom-operator\""
2025-01-30 04:03:52,883 INFO c.h.h.t.HelmChartContainer - [EVENT] Normal [SuccessfulCreate] Created pod: monitoring-stack-kube-prom-operator-6998896c-cnrwn [monitoring:monitoring-stack-kube-prom-operator-6998896c]
2025-01-30 04:03:52,891 INFO c.h.h.t.HelmChartContainer - [K3S] [dispatcher.go:210] Failed calling webhook, failing open prometheusrulemutate.monitoring.coreos.com: failed calling webhook "prometheusrulemutate.monitoring.coreos.com": failed to call webhook: Post "https://monitoring-stack-kube-prom-operator.monitoring.svc:443/admission-prometheusrules/mutate?timeout=10s": no endpoints available for service "monitoring-stack-kube-prom-operator"
2025-01-30 04:03:52,892 INFO c.h.h.t.HelmChartContainer - [K3S] [dispatcher.go:214] "Unhandled Error" err="failed calling webhook \"prometheusrulemutate.monitoring.coreos.com\": failed to call webhook: Post \"https://monitoring-stack-kube-prom-operator.monitoring.svc:443/admission-prometheusrules/mutate?timeout=10s\": no endpoints available for service \"monitoring-stack-kube-prom-operator\""
2025-01-30 04:03:52,892 INFO c.h.h.t.HelmChartContainer - [K3S] [dispatcher.go:210] Failed calling webhook, failing open prometheusrulemutate.monitoring.coreos.com: failed calling webhook "prometheusrulemutate.monitoring.coreos.com": failed to call webhook: Post "https://monitoring-stack-kube-prom-operator.monitoring.svc:443/admission-prometheusrules/mutate?timeout=10s": no endpoints available for service "monitoring-stack-kube-prom-operator"
2025-01-30 04:03:52,892 INFO c.h.h.t.HelmChartContainer - [K3S] [dispatcher.go:214] "Unhandled Error" err="failed calling webhook \"prometheusrulemutate.monitoring.coreos.com\": failed to call webhook: Post \"https://monitoring-stack-kube-prom-operator.monitoring.svc:443/admission-prometheusrules/mutate?timeout=10s\": no endpoints available for service \"monitoring-stack-kube-prom-operator\""
2025-01-30 04:03:52,893 INFO c.h.h.t.HelmChartContainer - [K3S] [dispatcher.go:210] Failed calling webhook, failing open prometheusrulemutate.monitoring.coreos.com: failed calling webhook "prometheusrulemutate.monitoring.coreos.com": failed to call webhook: Post "https://monitoring-stack-kube-prom-operator.monitoring.svc:443/admission-prometheusrules/mutate?timeout=10s": no endpoints available for service "monitoring-stack-kube-prom-operator"
2025-01-30 04:03:52,893 INFO c.h.h.t.HelmChartContainer - [K3S] [dispatcher.go:214] "Unhandled Error" err="failed calling webhook \"prometheusrulemutate.monitoring.coreos.com\": failed to call webhook: Post \"https://monitoring-stack-kube-prom-operator.monitoring.svc:443/admission-prometheusrules/mutate?timeout=10s\": no endpoints available for service \"monitoring-stack-kube-prom-operator\""
2025-01-30 04:03:52,893 INFO c.h.h.t.HelmChartContainer - [K3S] [dispatcher.go:210] Failed calling webhook, failing open prometheusrulemutate.monitoring.coreos.com: failed calling webhook "prometheusrulemutate.monitoring.coreos.com": failed to call webhook: Post "https://monitoring-stack-kube-prom-operator.monitoring.svc:443/admission-prometheusrules/mutate?timeout=10s": no endpoints available for service "monitoring-stack-kube-prom-operator"
2025-01-30 04:03:52,893 INFO c.h.h.t.HelmChartContainer - [K3S] [dispatcher.go:214] "Unhandled Error" err="failed calling webhook \"prometheusrulemutate.monitoring.coreos.com\": failed to call webhook: Post \"https://monitoring-stack-kube-prom-operator.monitoring.svc:443/admission-prometheusrules/mutate?timeout=10s\": no endpoints available for service \"monitoring-stack-kube-prom-operator\""
2025-01-30 04:03:52,900 INFO c.h.h.t.HelmChartContainer - [K3S] [dispatcher.go:210] Failed calling webhook, failing open prometheusrulemutate.monitoring.coreos.com: failed calling webhook "prometheusrulemutate.monitoring.coreos.com": failed to call webhook: Post "https://monitoring-stack-kube-prom-operator.monitoring.svc:443/admission-prometheusrules/mutate?timeout=10s": no endpoints available for service "monitoring-stack-kube-prom-operator"
2025-01-30 04:03:52,900 INFO c.h.h.t.HelmChartContainer - [K3S] [dispatcher.go:214] "Unhandled Error" err="failed calling webhook \"prometheusrulemutate.monitoring.coreos.com\": failed to call webhook: Post \"https://monitoring-stack-kube-prom-operator.monitoring.svc:443/admission-prometheusrules/mutate?timeout=10s\": no endpoints available for service \"monitoring-stack-kube-prom-operator\""
2025-01-30 04:03:52,900 INFO c.h.h.t.HelmChartContainer - [K3S] [dispatcher.go:210] Failed calling webhook, failing open prometheusrulemutate.monitoring.coreos.com: failed calling webhook "prometheusrulemutate.monitoring.coreos.com": failed to call webhook: Post "https://monitoring-stack-kube-prom-operator.monitoring.svc:443/admission-prometheusrules/mutate?timeout=10s": no endpoints available for service "monitoring-stack-kube-prom-operator"
2025-01-30 04:03:52,900 INFO c.h.h.t.HelmChartContainer - [K3S] [dispatcher.go:214] "Unhandled Error" err="failed calling webhook \"prometheusrulemutate.monitoring.coreos.com\": failed to call webhook: Post \"https://monitoring-stack-kube-prom-operator.monitoring.svc:443/admission-prometheusrules/mutate?timeout=10s\": no endpoints available for service \"monitoring-stack-kube-prom-operator\""
2025-01-30 04:03:52,900 INFO c.h.h.t.HelmChartContainer - [K3S] [dispatcher.go:210] Failed calling webhook, failing open prometheusrulemutate.monitoring.coreos.com: failed calling webhook "prometheusrulemutate.monitoring.coreos.com": failed to call webhook: Post "https://monitoring-stack-kube-prom-operator.monitoring.svc:443/admission-prometheusrules/mutate?timeout=10s": no endpoints available for service "monitoring-stack-kube-prom-operator"
2025-01-30 04:03:52,901 INFO c.h.h.t.HelmChartContainer - [K3S] [dispatcher.go:214] "Unhandled Error" err="failed calling webhook \"prometheusrulemutate.monitoring.coreos.com\": failed to call webhook: Post \"https://monitoring-stack-kube-prom-operator.monitoring.svc:443/admission-prometheusrules/mutate?timeout=10s\": no endpoints available for service \"monitoring-stack-kube-prom-operator\""
2025-01-30 04:03:52,901 INFO c.h.h.t.HelmChartContainer - [K3S] [dispatcher.go:210] Failed calling webhook, failing open prometheusrulemutate.monitoring.coreos.com: failed calling webhook "prometheusrulemutate.monitoring.coreos.com": failed to call webhook: Post "https://monitoring-stack-kube-prom-operator.monitoring.svc:443/admission-prometheusrules/mutate?timeout=10s": no endpoints available for service "monitoring-stack-kube-prom-operator"
2025-01-30 04:03:52,901 INFO c.h.h.t.HelmChartContainer - [K3S] [dispatcher.go:214] "Unhandled Error" err="failed calling webhook \"prometheusrulemutate.monitoring.coreos.com\": failed to call webhook: Post \"https://monitoring-stack-kube-prom-operator.monitoring.svc:443/admission-prometheusrules/mutate?timeout=10s\": no endpoints available for service \"monitoring-stack-kube-prom-operator\""
2025-01-30 04:03:52,907 INFO c.h.h.t.HelmChartContainer - [EVENT] Normal [Scheduled] Successfully assigned monitoring/monitoring-stack-kube-prom-operator-6998896c-cnrwn to 13757cc4392a [monitoring:monitoring-stack-kube-prom-operator-6998896c-cnrwn]
2025-01-30 04:03:52,911 INFO c.h.h.t.HelmChartContainer - [K3S] [dispatcher.go:210] Failed calling webhook, failing open prometheusrulemutate.monitoring.coreos.com: failed calling webhook "prometheusrulemutate.monitoring.coreos.com": failed to call webhook: Post "https://monitoring-stack-kube-prom-operator.monitoring.svc:443/admission-prometheusrules/mutate?timeout=10s": no endpoints available for service "monitoring-stack-kube-prom-operator"
2025-01-30 04:03:52,911 INFO c.h.h.t.HelmChartContainer - [K3S] [dispatcher.go:214] "Unhandled Error" err="failed calling webhook \"prometheusrulemutate.monitoring.coreos.com\": failed to call webhook: Post \"https://monitoring-stack-kube-prom-operator.monitoring.svc:443/admission-prometheusrules/mutate?timeout=10s\": no endpoints available for service \"monitoring-stack-kube-prom-operator\""
2025-01-30 04:03:52,915 INFO c.h.h.t.HelmChartContainer - [K3S] [dispatcher.go:210] Failed calling webhook, failing open prometheusrulemutate.monitoring.coreos.com: failed calling webhook "prometheusrulemutate.monitoring.coreos.com": failed to call webhook: Post "https://monitoring-stack-kube-prom-operator.monitoring.svc:443/admission-prometheusrules/mutate?timeout=10s": no endpoints available for service "monitoring-stack-kube-prom-operator"
2025-01-30 04:03:52,917 INFO c.h.h.t.HelmChartContainer - [K3S] [dispatcher.go:214] "Unhandled Error" err="failed calling webhook \"prometheusrulemutate.monitoring.coreos.com\": failed to call webhook: Post \"https://monitoring-stack-kube-prom-operator.monitoring.svc:443/admission-prometheusrules/mutate?timeout=10s\": no endpoints available for service \"monitoring-stack-kube-prom-operator\""
2025-01-30 04:03:52,917 INFO c.h.h.t.HelmChartContainer - [K3S] [replica_set.go:679] "Finished syncing" kind="ReplicaSet" key="monitoring/monitoring-stack-kube-prom-operator-6998896c" duration="93.049232ms"
2025-01-30 04:03:52,917 INFO c.h.h.t.HelmChartContainer - [K3S] [replica_set.go:679] "Finished syncing" kind="ReplicaSet" key="monitoring/monitoring-stack-kube-prom-operator-6998896c" duration="46.015µs"
2025-01-30 04:03:52,917 INFO c.h.h.t.HelmChartContainer - [K3S] [replica_set.go:679] "Finished syncing" kind="ReplicaSet" key="monitoring/monitoring-stack-grafana-64c55fb967" duration="94.102573ms"
2025-01-30 04:03:52,917 INFO c.h.h.t.HelmChartContainer - [K3S] [replica_set.go:679] "Finished syncing" kind="ReplicaSet" key="monitoring/monitoring-stack-grafana-64c55fb967" duration="40.625µs"
2025-01-30 04:03:52,917 INFO c.h.h.t.HelmChartContainer - [K3S] [dispatcher.go:210] Failed calling webhook, failing open prometheusrulemutate.monitoring.coreos.com: failed calling webhook "prometheusrulemutate.monitoring.coreos.com": failed to call webhook: Post "https://monitoring-stack-kube-prom-operator.monitoring.svc:443/admission-prometheusrules/mutate?timeout=10s": no endpoints available for service "monitoring-stack-kube-prom-operator"
2025-01-30 04:03:52,917 INFO c.h.h.t.HelmChartContainer - [K3S] [dispatcher.go:214] "Unhandled Error" err="failed calling webhook \"prometheusrulemutate.monitoring.coreos.com\": failed to call webhook: Post \"https://monitoring-stack-kube-prom-operator.monitoring.svc:443/admission-prometheusrules/mutate?timeout=10s\": no endpoints available for service \"monitoring-stack-kube-prom-operator\""
2025-01-30 04:03:52,945 INFO c.h.h.t.HelmChartContainer - [K3S] [replica_set.go:679] "Finished syncing" kind="ReplicaSet" key="monitoring/monitoring-stack-kube-state-metrics-5bf5c7b54d" duration="168.794078ms"
2025-01-30 04:03:52,945 INFO c.h.h.t.HelmChartContainer - [K3S] [replica_set.go:679] "Finished syncing" kind="ReplicaSet" key="monitoring/monitoring-stack-kube-state-metrics-5bf5c7b54d" duration="42.669µs"
2025-01-30 04:03:52,966 INFO c.h.h.t.HelmChartContainer - [POD] monitoring-stack-prometheus-node-exporter-wztb4 [26a6e290-480f-429e-ae28-4b06d86ff9c1] in monitoring was MODIFIED
2025-01-30 04:03:53,002 INFO c.h.h.t.HelmChartContainer - [POD] monitoring-stack-kube-prom-operator-6998896c-cnrwn [971e0cab-db43-404f-b9b5-790bd050137d] in monitoring was MODIFIED
2025-01-30 04:03:53,003 INFO c.h.h.t.HelmChartContainer - [K3S] [replica_set.go:679] "Finished syncing" kind="ReplicaSet" key="monitoring/monitoring-stack-kube-prom-operator-6998896c" duration="43.421µs"
2025-01-30 04:03:53,018 INFO c.h.h.t.HelmChartContainer - [K3S] [replica_set.go:679] "Finished syncing" kind="ReplicaSet" key="monitoring/monitoring-stack-grafana-64c55fb967" duration="53.339µs"
2025-01-30 04:03:53,020 INFO c.h.h.t.HelmChartContainer - [POD] monitoring-stack-grafana-64c55fb967-kjbqv [4e5b348e-e6b7-4813-bed7-7d4feeec974b] in monitoring was MODIFIED
2025-01-30 04:03:53,093 INFO c.h.h.t.HelmChartContainer - [K3S] [kubelet_volumes.go:163] "Cleaned up orphaned pod volumes dir" podUID="80fbda5d-6a3e-49ac-a190-d17252ef8294" path="/var/lib/kubelet/pods/80fbda5d-6a3e-49ac-a190-d17252ef8294/volumes"
2025-01-30 04:03:53,172 INFO c.h.h.t.HelmChartContainer - [EVENT] Normal [Pulling] Pulling image "quay.io/prometheus/node-exporter:v1.8.2" [monitoring:monitoring-stack-prometheus-node-exporter-wztb4]
2025-01-30 04:03:53,189 INFO c.h.h.t.HelmChartContainer - [EVENT] Normal [Pulling] Pulling image "registry.k8s.io/kube-state-metrics/kube-state-metrics:v2.14.0" [monitoring:monitoring-stack-kube-state-metrics-5bf5c7b54d-n2qrs]
2025-01-30 04:03:53,234 INFO c.h.h.t.HelmChartContainer - [EVENT] Normal [Pulling] Pulling image "quay.io/prometheus-operator/prometheus-operator:v0.79.2" [monitoring:monitoring-stack-kube-prom-operator-6998896c-cnrwn]
2025-01-30 04:03:53,960 INFO c.h.h.t.HelmChartContainer - [EVENT] Normal [Pulled] Successfully pulled image "registry.k8s.io/kube-state-metrics/kube-state-metrics:v2.14.0" in 771ms (771ms including waiting). Image size: 15427061 bytes. [monitoring:monitoring-stack-kube-state-metrics-5bf5c7b54d-n2qrs]
2025-01-30 04:03:53,971 INFO c.h.h.t.HelmChartContainer - [EVENT] Normal [Created] Created container: kube-state-metrics [monitoring:monitoring-stack-kube-state-metrics-5bf5c7b54d-n2qrs]
2025-01-30 04:03:54,045 INFO c.h.h.t.HelmChartContainer - [EVENT] Normal [Started] Started container kube-state-metrics [monitoring:monitoring-stack-kube-state-metrics-5bf5c7b54d-n2qrs]
2025-01-30 04:03:54,120 INFO c.h.h.t.HelmChartContainer - [EVENT] Normal [Pulling] Pulling image "quay.io/kiwigrid/k8s-sidecar:1.28.0" [monitoring:monitoring-stack-grafana-64c55fb967-kjbqv]
2025-01-30 04:03:54,252 INFO c.h.h.t.HelmChartContainer - [EVENT] Normal [Pulled] Successfully pulled image "quay.io/prometheus/node-exporter:v1.8.2" in 1.079s (1.079s including waiting). Image size: 12041464 bytes. [monitoring:monitoring-stack-prometheus-node-exporter-wztb4]
2025-01-30 04:03:54,263 INFO c.h.h.t.HelmChartContainer - [EVENT] Normal [Created] Created container: node-exporter [monitoring:monitoring-stack-prometheus-node-exporter-wztb4]
2025-01-30 04:03:54,310 INFO c.h.h.t.HelmChartContainer - [EVENT] Normal [Started] Started container node-exporter [monitoring:monitoring-stack-prometheus-node-exporter-wztb4]
2025-01-30 04:03:54,508 INFO c.h.h.t.HelmChartContainer - [K3S] [replica_set.go:679] "Finished syncing" kind="ReplicaSet" key="monitoring/monitoring-stack-kube-state-metrics-5bf5c7b54d" duration="44.253µs"
2025-01-30 04:03:54,513 INFO c.h.h.t.HelmChartContainer - [POD] monitoring-stack-kube-state-metrics-5bf5c7b54d-n2qrs [e9ef6014-1bb9-4c36-bd24-02df2697e729] in monitoring was MODIFIED
2025-01-30 04:03:54,528 INFO c.h.h.t.HelmChartContainer - [POD] monitoring-stack-prometheus-node-exporter-wztb4 [26a6e290-480f-429e-ae28-4b06d86ff9c1] in monitoring was MODIFIED
2025-01-30 04:03:54,728 INFO c.h.h.t.HelmChartContainer - [EVENT] Normal [Pulled] Successfully pulled image "quay.io/prometheus-operator/prometheus-operator:v0.79.2" in 1.493s (1.493s including waiting). Image size: 19140913 bytes. [monitoring:monitoring-stack-kube-prom-operator-6998896c-cnrwn]
2025-01-30 04:03:54,733 INFO c.h.h.t.HelmChartContainer - [EVENT] Normal [Created] Created container: kube-prometheus-stack [monitoring:monitoring-stack-kube-prom-operator-6998896c-cnrwn]
2025-01-30 04:03:54,795 INFO c.h.h.t.HelmChartContainer - [EVENT] Normal [Started] Started container kube-prometheus-stack [monitoring:monitoring-stack-kube-prom-operator-6998896c-cnrwn]
2025-01-30 04:03:55,025 INFO c.h.h.t.HelmChartContainer - [POD] alertmanager-monitoring-stack-kube-prom-alertmanager-0 [2a235a7b-2660-4ccd-889e-74b6550312ea] in monitoring was ADDED
2025-01-30 04:03:55,037 INFO c.h.h.t.HelmChartContainer - [POD] alertmanager-monitoring-stack-kube-prom-alertmanager-0 [2a235a7b-2660-4ccd-889e-74b6550312ea] in monitoring was MODIFIED
2025-01-30 04:03:55,058 INFO c.h.h.t.HelmChartContainer - [EVENT] Normal [Scheduled] Successfully assigned monitoring/alertmanager-monitoring-stack-kube-prom-alertmanager-0 to 13757cc4392a [monitoring:alertmanager-monitoring-stack-kube-prom-alertmanager-0]
2025-01-30 04:03:55,059 INFO c.h.h.t.HelmChartContainer - [EVENT] Normal [SuccessfulCreate] create Pod alertmanager-monitoring-stack-kube-prom-alertmanager-0 in StatefulSet alertmanager-monitoring-stack-kube-prom-alertmanager successful [monitoring:alertmanager-monitoring-stack-kube-prom-alertmanager]
[...]
2025-01-30 04:06:40,878 INFO c.h.h.t.HelmChartContainer - [POD] test-hivemq-platform-0 [eaf3faf1-45ac-4dee-bdfa-f479d7fc67e7] in helmmonitoringplatformit was MODIFIED
2025-01-30 04:06:40,880 INFO c.h.h.t.HelmChartContainer - [K3S] [stateful_set.go:438] "Unhandled Error" err="error syncing StatefulSet helmmonitoringplatformit/test-hivemq-platform, requeuing: controllerrevisions.apps \"test-hivemq-platform-64db946475\" is forbidden: unable to create new content in namespace helmmonitoringplatformit because it is being terminated"
2025-01-30 04:06:40,885 INFO c.h.h.t.HelmChartContainer - [POD] test-hivemq-platform-0 [eaf3faf1-45ac-4dee-bdfa-f479d7fc67e7] in helmmonitoringplatformit was DELETED
2025-01-30 04:06:40,887 INFO c.h.h.t.HelmChartContainer - [K3S] [stateful_set.go:438] "Unhandled Error" err="error syncing StatefulSet helmmonitoringplatformit/test-hivemq-platform, requeuing: controllerrevisions.apps \"test-hivemq-platform-64db946475\" is forbidden: unable to create new content in namespace helmmonitoringplatformit because it is being terminated"
2025-01-30 04:06:40,987 INFO c.h.h.t.HelmChartContainer - [K3S] [scope.go:117] "RemoveContainer" containerID="a6dda64556f6aa9aa2402e49878ee53f671160ea2a6f6e42a66a4a7b33dcf76a"
2025-01-30 04:06:40,990 INFO c.h.h.t.HelmChartContainer - [K3S] [scope.go:117] "RemoveContainer" containerID="006de4f313b8db4a58e3000f20608adb363297d5ff23184009d058d60db58cf5"
2025-01-30 04:06:40,991 INFO c.h.h.t.HelmChartContainer - [K3S] [scope.go:117] "RemoveContainer" containerID="a6dda64556f6aa9aa2402e49878ee53f671160ea2a6f6e42a66a4a7b33dcf76a"
2025-01-30 04:06:40,994 INFO c.h.h.t.HelmChartContainer - [K3S] [stateful_set.go:466] "StatefulSet has been deleted" key="helmmonitoringplatformit/test-hivemq-platform"
2025-01-30 04:06:41,093 INFO c.h.h.t.HelmChartContainer - [K3S] [kubelet_volumes.go:163] "Cleaned up orphaned pod volumes dir" podUID="eaf3faf1-45ac-4dee-bdfa-f479d7fc67e7" path="/var/lib/kubelet/pods/eaf3faf1-45ac-4dee-bdfa-f479d7fc67e7/volumes"
2025-01-30 04:06:41,138 INFO c.h.h.t.HelmChartContainer - [POD] test-hivemq-platform-1 [f5b69bee-f3d0-4bed-9f21-4bf2d29a2116] in helmmonitoringplatformit was MODIFIED
2025-01-30 04:06:41,238 INFO c.h.h.t.HelmChartContainer - [K3S] [reconciler_common.go:162] "operationExecutor.UnmountVolume started for volume \"broker-configuration\" (UniqueName: \"kubernetes.io/configmap/f5b69bee-f3d0-4bed-9f21-4bf2d29a2116-broker-configuration\") pod \"f5b69bee-f3d0-4bed-9f21-4bf2d29a2116\" (UID: \"f5b69bee-f3d0-4bed-9f21-4bf2d29a2116\") "
2025-01-30 04:06:41,238 INFO c.h.h.t.HelmChartContainer - [K3S] [reconciler_common.go:162] "operationExecutor.UnmountVolume started for volume \"pod-info\" (UniqueName: \"kubernetes.io/configmap/f5b69bee-f3d0-4bed-9f21-4bf2d29a2116-pod-info\") pod \"f5b69bee-f3d0-4bed-9f21-4bf2d29a2116\" (UID: \"f5b69bee-f3d0-4bed-9f21-4bf2d29a2116\") "
2025-01-30 04:06:41,238 INFO c.h.h.t.HelmChartContainer - [K3S] [reconciler_common.go:162] "operationExecutor.UnmountVolume started for volume \"operator-init\" (UniqueName: \"kubernetes.io/empty-dir/f5b69bee-f3d0-4bed-9f21-4bf2d29a2116-operator-init\") pod \"f5b69bee-f3d0-4bed-9f21-4bf2d29a2116\" (UID: \"f5b69bee-f3d0-4bed-9f21-4bf2d29a2116\") "
2025-01-30 04:06:41,238 INFO c.h.h.t.HelmChartContainer - [K3S] [reconciler_common.go:162] "operationExecutor.UnmountVolume started for volume \"kube-api-access-jtxd4\" (UniqueName: \"kubernetes.io/projected/f5b69bee-f3d0-4bed-9f21-4bf2d29a2116-kube-api-access-jtxd4\") pod \"f5b69bee-f3d0-4bed-9f21-4bf2d29a2116\" (UID: \"f5b69bee-f3d0-4bed-9f21-4bf2d29a2116\") "
2025-01-30 04:06:41,340 INFO c.h.h.t.HelmChartContainer - [K3S] [reconciler_common.go:299] "Volume detached for volume \"operator-init\" (UniqueName: \"kubernetes.io/empty-dir/f5b69bee-f3d0-4bed-9f21-4bf2d29a2116-operator-init\") on node \"13757cc4392a\" DevicePath \"\""
2025-01-30 04:06:41,340 INFO c.h.h.t.HelmChartContainer - [K3S] [reconciler_common.go:299] "Volume detached for volume \"kube-api-access-jtxd4\" (UniqueName: \"kubernetes.io/projected/f5b69bee-f3d0-4bed-9f21-4bf2d29a2116-kube-api-access-jtxd4\") on node \"13757cc4392a\" DevicePath \"\""
2025-01-30 04:06:41,340 INFO c.h.h.t.HelmChartContainer - [K3S] [reconciler_common.go:299] "Volume detached for volume \"broker-configuration\" (UniqueName: \"kubernetes.io/configmap/f5b69bee-f3d0-4bed-9f21-4bf2d29a2116-broker-configuration\") on node \"13757cc4392a\" DevicePath \"\""
2025-01-30 04:06:41,340 INFO c.h.h.t.HelmChartContainer - [K3S] [reconciler_common.go:299] "Volume detached for volume \"pod-info\" (UniqueName: \"kubernetes.io/configmap/f5b69bee-f3d0-4bed-9f21-4bf2d29a2116-pod-info\") on node \"13757cc4392a\" DevicePath \"\""
2025-01-30 04:06:41,516 INFO c.h.h.t.HelmChartContainer - [K3S] [stateful_set.go:466] "StatefulSet has been deleted" key="helmmonitoringplatformit/test-hivemq-platform"
2025-01-30 04:06:41,860 INFO c.h.h.t.HelmChartContainer - [K3S] [scope.go:117] "RemoveContainer" containerID="12370d1ea0e45b8b1406cd0390815938758d15d7ddc7adf04507a607b982017c"
2025-01-30 04:06:41,876 INFO c.h.h.t.HelmChartContainer - [POD] test-hivemq-platform-1 [f5b69bee-f3d0-4bed-9f21-4bf2d29a2116] in helmmonitoringplatformit was MODIFIED
2025-01-30 04:06:41,878 INFO c.h.h.t.HelmChartContainer - [POD] test-hivemq-platform-1 [f5b69bee-f3d0-4bed-9f21-4bf2d29a2116] in helmmonitoringplatformit was DELETED
2025-01-30 04:06:41,966 INFO c.h.h.t.HelmChartContainer - [K3S] [scope.go:117] "RemoveContainer" containerID="e1199d938c9182d5143b6d55e00c068b44f1b7fabc6449fe9ecd947df6b39d45"
2025-01-30 04:06:41,969 INFO c.h.h.t.HelmChartContainer - [K3S] [scope.go:117] "RemoveContainer" containerID="12370d1ea0e45b8b1406cd0390815938758d15d7ddc7adf04507a607b982017c"
2025-01-30 04:06:41,969 INFO c.h.h.t.HelmChartContainer - [K3S] [scope.go:117] "RemoveContainer" containerID="e1199d938c9182d5143b6d55e00c068b44f1b7fabc6449fe9ecd947df6b39d45"
2025-01-30 04:06:43,093 INFO c.h.h.t.HelmChartContainer - [K3S] [kubelet_volumes.go:163] "Cleaned up orphaned pod volumes dir" podUID="f5b69bee-f3d0-4bed-9f21-4bf2d29a2116" path="/var/lib/kubelet/pods/f5b69bee-f3d0-4bed-9f21-4bf2d29a2116/volumes"
2025-01-30 04:06:46,193 INFO c.h.h.t.HelmChartContainer - Namespace 'helmmonitoringplatformit' deleted
2025-01-30 04:06:46,193 INFO c.h.h.t.HelmChartContainer - Release 'test-hivemq-platform' in namespace 'helmmonitoringplatformit' is uninstalled
2025-01-30 04:06:46,193 INFO c.h.h.t.HelmChartContainer - Uninstalling release 'test-hivemq-platform-operator' in namespace 'helmmonitoringplatformit-operator'...
2025-01-30 04:06:46,193 DEBUG c.h.h.t.HelmChartContainer - Executing helm command: /bin/helm --kubeconfig /etc/rancher/k3s/k3s.yaml uninstall test-hivemq-platform-operator  --wait --timeout 5m0s --cascade foreground --namespace helmmonitoringplatformit-operator
2025-01-30 04:06:46,361 INFO c.h.h.t.HelmChartContainer - [K3S] [replica_set.go:679] "Finished syncing" kind="ReplicaSet" key="helmmonitoringplatformit-operator/hivemq-test-hivemq-platform-operator-6966f96d65" duration="10.451415ms"
2025-01-30 04:06:46,361 INFO c.h.h.t.HelmChartContainer - [K3S] [replica_set.go:679] "Finished syncing" kind="ReplicaSet" key="helmmonitoringplatformit-operator/hivemq-test-hivemq-platform-operator-6966f96d65" duration="41.988µs"
2025-01-30 04:06:46,369 INFO c.h.h.t.HelmChartContainer - [POD] hivemq-test-hivemq-platform-operator-6966f96d65-dhvxl [49896a8e-cad6-4522-87d2-22eb4d86fe9e] in helmmonitoringplatformit-operator was MODIFIED
2025-01-30 04:06:46,381 INFO c.h.h.t.HelmChartContainer - [hivemq-test-hivemq-platform] [hivemq-platform-operator] [49896a8e] 04:06:46.380 [application-shutdown-thread] INFO  c.h.p.o.HiveMQPlatformOperatorApplication - HiveMQ Platform Operator is stopping...
2025-01-30 04:06:46,381 INFO c.h.h.t.HelmChartContainer - [hivemq-test-hivemq-platform] [hivemq-platform-operator] [49896a8e] 04:06:46.380 [application-shutdown-thread] INFO  i.javaoperatorsdk.operator.Operator - Operator SDK 4.9.7 is shutting down...
2025-01-30 04:06:46,384 INFO c.h.h.t.HelmChartContainer - [EVENT] Normal [Killing] Stopping container hivemq-platform-operator [helmmonitoringplatformit-operator:hivemq-test-hivemq-platform-operator-6966f96d65-dhvxl]
2025-01-30 04:06:46,384 INFO c.h.h.t.HelmChartContainer - Received Killing event for container hivemq-platform-operator in pod hivemq-test-hivemq-platform-operator-6966f96d65-dhvxl [49896a8e-cad6-4522-87d2-22eb4d86fe9e]
2025-01-30 04:06:46,384 INFO c.h.h.t.HelmChartContainer - Container [hivemq-test-hivemq-platform-operator-6966f96d65-dhvxl] [hivemq-platform-operator] [49896a8e-cad6-4522-87d2-22eb4d86fe9e] was terminated
2025-01-30 04:06:46,384 INFO c.h.h.t.HelmChartContainer - Stopped log watcher for hivemq-platform-operator in pod hivemq-test-hivemq-platform-operator-6966f96d65-dhvxl [49896a8e-cad6-4522-87d2-22eb4d86fe9e]
2025-01-30 04:06:46,388 INFO c.h.h.t.HelmChartContainer - [K3S] [replica_set.go:679] "Finished syncing" kind="ReplicaSet" key="helmmonitoringplatformit-operator/hivemq-test-hivemq-platform-operator-6966f96d65" duration="13.085419ms"
2025-01-30 04:06:46,388 INFO c.h.h.t.HelmChartContainer - [K3S] [replica_set.go:679] "Finished syncing" kind="ReplicaSet" key="helmmonitoringplatformit-operator/hivemq-test-hivemq-platform-operator-6966f96d65" duration="38.171µs"
2025-01-30 04:06:46,610 INFO c.h.h.t.HelmChartContainer - [K3S] [replica_set.go:679] "Finished syncing" kind="ReplicaSet" key="helmmonitoringplatformit-operator/hivemq-test-hivemq-platform-operator-6966f96d65" duration="46.556µs"
2025-01-30 04:06:46,611 INFO c.h.h.t.HelmChartContainer - [POD] hivemq-test-hivemq-platform-operator-6966f96d65-dhvxl [49896a8e-cad6-4522-87d2-22eb4d86fe9e] in helmmonitoringplatformit-operator was MODIFIED
2025-01-30 04:06:46,771 INFO c.h.h.t.HelmChartContainer - [K3S] [reconciler_common.go:162] "operationExecutor.UnmountVolume started for volume \"kube-api-access-shkcb\" (UniqueName: \"kubernetes.io/projected/49896a8e-cad6-4522-87d2-22eb4d86fe9e-kube-api-access-shkcb\") pod \"49896a8e-cad6-4522-87d2-22eb4d86fe9e\" (UID: \"49896a8e-cad6-4522-87d2-22eb4d86fe9e\") "
2025-01-30 04:06:46,868 INFO c.h.h.t.HelmChartContainer - [K3S] [scope.go:117] "RemoveContainer" containerID="f53424a950dafab4a95bc84dd38d2ed1785d093cc770b89a6b8d993f85b605e2"
2025-01-30 04:06:46,871 INFO c.h.h.t.HelmChartContainer - [K3S] [reconciler_common.go:299] "Volume detached for volume \"kube-api-access-shkcb\" (UniqueName: \"kubernetes.io/projected/49896a8e-cad6-4522-87d2-22eb4d86fe9e-kube-api-access-shkcb\") on node \"13757cc4392a\" DevicePath \"\""
2025-01-30 04:06:46,872 INFO c.h.h.t.HelmChartContainer - [K3S] [scope.go:117] "RemoveContainer" containerID="f53424a950dafab4a95bc84dd38d2ed1785d093cc770b89a6b8d993f85b605e2"
2025-01-30 04:06:46,880 INFO c.h.h.t.HelmChartContainer - [K3S] [replica_set.go:679] "Finished syncing" kind="ReplicaSet" key="helmmonitoringplatformit-operator/hivemq-test-hivemq-platform-operator-6966f96d65" duration="41.387µs"
2025-01-30 04:06:46,880 INFO c.h.h.t.HelmChartContainer - [POD] hivemq-test-hivemq-platform-operator-6966f96d65-dhvxl [49896a8e-cad6-4522-87d2-22eb4d86fe9e] in helmmonitoringplatformit-operator was MODIFIED
2025-01-30 04:06:46,882 INFO c.h.h.t.HelmChartContainer - [K3S] [replica_set.go:679] "Finished syncing" kind="ReplicaSet" key="helmmonitoringplatformit-operator/hivemq-test-hivemq-platform-operator-6966f96d65" duration="31.078µs"
2025-01-30 04:06:46,882 INFO c.h.h.t.HelmChartContainer - [POD] hivemq-test-hivemq-platform-operator-6966f96d65-dhvxl [49896a8e-cad6-4522-87d2-22eb4d86fe9e] in helmmonitoringplatformit-operator was DELETED
2025-01-30 04:06:46,892 INFO c.h.h.t.HelmChartContainer - [K3S] [replica_set.go:679] "Finished syncing" kind="ReplicaSet" key="helmmonitoringplatformit-operator/hivemq-test-hivemq-platform-operator-6966f96d65" duration="3.918µs"
2025-01-30 04:06:47,093 INFO c.h.h.t.HelmChartContainer - [K3S] [kubelet_volumes.go:163] "Cleaned up orphaned pod volumes dir" podUID="49896a8e-cad6-4522-87d2-22eb4d86fe9e" path="/var/lib/kubelet/pods/49896a8e-cad6-4522-87d2-22eb4d86fe9e/volumes"
2025-01-30 04:06:48,401 INFO c.h.h.t.HelmChartContainer - Deleting namespace 'helmmonitoringplatformit-operator'...
2025-01-30 04:06:51,158 INFO c.h.h.t.HelmChartContainer - [K3S] [namespace_controller.go:187] "Namespace has been deleted" namespace="helmmonitoringplatformit"
2025-01-30 04:06:53,618 INFO c.h.h.t.HelmChartContainer - Namespace 'helmmonitoringplatformit-operator' deleted
2025-01-30 04:06:53,618 INFO c.h.h.t.HelmChartContainer - Release 'test-hivemq-platform-operator' in namespace 'helmmonitoringplatformit-operator' is uninstalled
2025-01-30 04:06:54,258 INFO c.h.helmcharts.AbstractHelmChartIT - Removed unused containers:

2025-01-30 04:06:58,561 INFO c.h.h.t.HelmChartContainer - [K3S] [namespace_controller.go:187] "Namespace has been deleted" namespace="helmmonitoringplatformit-operator"
2025-01-30 04:07:02,693 INFO c.h.h.t.HelmChartContainer - [K3S] [range_allocator.go:247] "Successfully synced" key="13757cc4392a"
2025-01-30 04:07:08,708 INFO c.h.helmcharts.AbstractHelmChartIT - Removed unused snapshots:
Removing snapshot sha256:03af251906410714c5aef9fa705b63f6bbc39c4a5e787de7361eeb18886c2ed2
Removing snapshot sha256:0c46b3b43cce082ce5ec34ffc6c294e0417d17b9d1e6f366d114b6aadc4f96dc
Removing snapshot sha256:0ce761beee59082d6ed5bcebd3a805b8ddd9b3426b617e4809e7fb7c6587ffec
Removing snapshot sha256:0df91287303208332c8ff6ba40ae4710105201739addbfbddfb955f1ad593664
Removing snapshot sha256:0f30b4526626599ad6853b13d715ed5f11e4dac30bdf22795ee36d8b73285c01
Removing snapshot sha256:1021ef88c7974bfff89c5a0ec4fd3160daac6c48a075f74cff721f85dd104e68
Removing snapshot sha256:10aba4953ddc18145dd38e3704709bc464aa20af60b56fe52caaff4b68411e62
Removing snapshot sha256:17b3230dbaa15b80ea4c59d385a510a1c6c669d654d4445b25f4122988ddf932
Removing snapshot sha256:1ab0a79eb9ae3bab99382d18e27cb1c587196d2929db9c8d1c79088bd5a8fa18
Removing snapshot sha256:1e604deea57dbda554a168861cff1238f93b8c6c69c863c43aed37d9d99c5fed
Removing snapshot sha256:2330d1b95992fe4dfdab1ed70e86e349f3f37a80a92140a1ec441a9c3169bcb7
Removing snapshot sha256:2573e0d8158209ed54ab25c87bcdcb00bd3d2539246960a3d592a1c599d70465
Removing snapshot sha256:3102b3958924e454ee4c19fe49136c5727bea4a438945b9d85ed7525ae7ad17a
Removing snapshot sha256:362a8a37f8bbc31925a8146adcf7cf51f9882f5c1dcbef67c5baa03a297543c0
Removing snapshot sha256:38300cd41e4e7621f1880dc17df1510a0b41c3700bba086c7d13695c2852c906
Removing snapshot sha256:3aea2e5ee60f1f0173fafb64e361c34847c160a755964b223b571f112b206391
Removing snapshot sha256:3d737060823899829eb7827e20ddb4021f5c31c4e7e348a380b528903c9051ae
Removing snapshot sha256:3fa4ad33f0ddc8fd45b39b6b4640f82a3a83619606cd975bfe89d8710ad2d4cd
Removing snapshot sha256:42508696bab4cddb098661270605482768f11b222c3b338a84e17c388a573539
Removing snapshot sha256:42b3566bfb67a7e1e92c7fb9a9d9fd9d5d1c68fb9234b2e7e8d57e3894c584c6
Removing snapshot sha256:43a7c979bbaba6838bc3102d6b10a1459f3ab050b87ccdfef84ef90cf43d3058
Removing snapshot sha256:43e32e0401181ce446773595aa5b45dd3de52a62bd17ce6321e472661bef46fc
Removing snapshot sha256:4ab04491cdf0d3267f08206fe30bd48f49f94b9cab2f016d6739220f722a64af
Removing snapshot sha256:4b6068250e89c96f263060261819c7d912855bfbd64b3eb4c4a8483299b8c295
Removing snapshot sha256:4e4a4c2a9fcafd941707917d9cb4c348229dcda7e6a77d20a5c9e977659e2acb
Removing snapshot sha256:580e69a0a8034ede1921139bbd2bfb72a69ebf276d008281896c32dd8bf74775
Removing snapshot sha256:597fcac6b802be96dede6dae530b1fd3d80ee2191e3c39bd5c3dfb528309801e
Removing snapshot sha256:59860db8e524598ca0913cb5a7821a1a1c1e56f61dec4fe619ad8a278bfd44c2
Removing snapshot sha256:5a9ba96b94a7acc2c16f45d7113265f2705262d850ff8d73abf339acec4e4283
Removing snapshot sha256:5d30ba46b27fe37484567ccc5242cadc78217b8da605f3f195ef25cbf7487904
Removing snapshot sha256:5fbaa19b605ea9456bf7504a2774d4d0b3699d37c4ca89d3564009d8e5285da0
Removing snapshot sha256:63ca1fbb43ae5034640e5e6cb3e083e05c290072c5366fcaa9d62435a4cced85
Removing snapshot sha256:67f702c6baae873bceb19487c8b1f27bd2b86077e4f2f0e480e6d60ab508b8f5
Removing snapshot sha256:6864348dd42806d552efdec384f1274be15e2d0c10ce44c1f04347af004c10a9
Removing snapshot sha256:6c7dee8f2c39b84b7dc2711c01d33de93514d9055499173e9290176fbe484b6c
Removing snapshot sha256:6d2198b9bba47eb108a6f8e064d85edb59b204d24ceb4d866ad96079b9ec1498
Removing snapshot sha256:711f0795be2fadadbf9fe1151ea3506c44bc3c41083e049b25f8bac1bd91851c
Removing snapshot sha256:74acea72c72664d31caa1810182a8d9f76600a5e41ed9d1eb2814c0bc090bfea
Removing snapshot sha256:75654b8eeebd3beae97271a102f57cdeb794cc91e442648544963a7e951e9558
Removing snapshot sha256:783ad6a93b23221db9f18c15f79aeb134655b6dd29a9a9bc7472ee50852d14a7
Removing snapshot sha256:81ed7e1a344eefb04664b5d772157e32be190d566bd3083af46ec0b8796ae9ae
Removing snapshot sha256:82753493a6d61ded36556292f02f31841a14c20d2f279f19eaad65afb661d5cd
Removing snapshot sha256:84a897f1c589cde259313d1efcd537ab957267a6526caa797d9703c4ee903204
Removing snapshot sha256:8a10d3db42c505ee0fcfa98417bdd7e39b304f6bcc0a06bb1b220797ff2cc63c
Removing snapshot sha256:8d297423f53775a6b77d49e57a5e9f47799fcfddca869a1164226d56c8299763
Removing snapshot sha256:8ec1e08a6c109c9698b32f46974375ee19470c62a5de0618346b3b4442919582
Removing snapshot sha256:94b728d964f60c89faa32d3296c8e524b6a15c163f95728001c8be4091968231
Removing snapshot sha256:9852f74557303324154e94d69646a117800c24f830d6dd3150a61f1cb1877bfb
Removing snapshot sha256:a214935fcbc25d04f0197b1e4672e4de454edcb03936177a98b97f15fcedd203
Removing snapshot sha256:a21e5b12dbac529ad45d976eb9ce45c881f3bedcc500fb30aba1e52aa1813418
Removing snapshot sha256:afb9d24a81528af822cc0a49b79c922afd1b6fb3355f0fe3683749f5ad2e2e5e
Removing snapshot sha256:b403bf5671b66322a4fb4fcf772687a9e487ab58804584befcae862807d8eb88
Removing snapshot sha256:b8c8d85687c0d5b64887dfaf35dedad43ecac3954a798ffa91d79a5aeb500496
Removing snapshot sha256:b921e6c28969094157f9b8e7244677780319637afd14450b7cb6b2fdea558a0c
Removing snapshot sha256:bc27ecb5769a00e309cf99ebc763c4a4b958b618d1decc96ffac5bc05f02f5b7
Removing snapshot sha256:be3ccb6627a5332e309d45ef461d09b4879dd870c7394d89323d0ebc6ca6aa8a
Removing snapshot sha256:c261f7cbbc64211ee175ee47273acdb7b1a36a4450b397a064a8f2c026490095
Removing snapshot sha256:c34d9393647eea0c9e3557ab988efaf59f61d10a2a5613b439ef0958cca5ec10
Removing snapshot sha256:ccf3c4a0fa967a41c1c83497a2ce6fa5787965859df0adb32c4ca2cf7490bc2b
Removing snapshot sha256:cda334c60720b02c295deeee0739beb29d9283df72a19f0e73b54e50c89e8c00
Removing snapshot sha256:cf92d33f869417309692088c341cd0f223c178ea78a125f757317b22aa8f90e9
Removing snapshot sha256:d0037344cf2fb078884f1849f6a1f8cf9a33a3b6139b6a85833e5ee528e1f9a8
Removing snapshot sha256:d3b36d5b79273b1e98e7700470eaeff05a882e777124d84cebcc1505b85ecb36
Removing snapshot sha256:d65a44a37914602d12c611e5e22a50f11451d847e63015cc1c2aef92dee777a4
Removing snapshot sha256:d7698055289ea72fad6a712ae4a30a02f6f294e476718fac7d5eea9098793d8e
Removing snapshot sha256:deb8fe0e16fb632523b566bfa4819d4c8b7689407d4211b88d26b6988d84ef75
Removing snapshot sha256:e2dc0bae2455930f23ae570e019b7f32edc75c0f2d71cab084db837ff9051796
Removing snapshot sha256:e58151b46376c08fb48e2a2fbe134b6de223be0749d20b7b60bf475e526a2884
Removing snapshot sha256:eccbd24a99c60cd9e86ee5305dbfc4a4dc89f5ab4fb1f06c8d64797cecedef34
Removing snapshot sha256:f144bb4c7c7f0d2aa7eeffd36d934ec40db1ee167be727e326aad9fdc616f475

]]></system-out>
  </testcase>
  <system-out><![CDATA[2025-01-30 04:03:23,664 INFO c.h.h.t.HelmChartContainerExtension - Using cached HelmChartContainer instance
]]></system-out>
  <system-err><![CDATA[]]></system-err>
</testsuite>
