<?xml version="1.0" encoding="UTF-8"?>
<testsuite name="com.hivemq.helmcharts.CompatibilityHelmChartDeploymentIT" tests="1" skipped="0" failures="0" errors="0" timestamp="2025-01-28T20:36:07" hostname="fv-az1338-766" time="139.214">
  <properties/>
  <testcase name="withHelmLocalVersionDeployment_mqttMessagePublishedReceived()" classname="com.hivemq.helmcharts.CompatibilityHelmChartDeploymentIT" time="139.214">
    <system-out><![CDATA[2025-01-28 20:36:07,882 INFO o.testcontainers.DockerClientFactory - Testcontainers version: 1.20.4
2025-01-28 20:36:08,393 INFO o.t.d.DockerClientProviderStrategy - Found Docker environment with local Unix socket (unix:///var/run/docker.sock)
2025-01-28 20:36:08,429 INFO o.testcontainers.DockerClientFactory - Docker host IP address is localhost
2025-01-28 20:36:08,446 INFO o.testcontainers.DockerClientFactory - Connected to docker: 
  Server Version: 26.1.3
  API Version: 1.45
  Operating System: Ubuntu 24.04.1 LTS
  Total Memory: 15990 MB
2025-01-28 20:36:08,454 INFO o.testcontainers.images.PullPolicy - Image pull policy will be performed by: DefaultPullPolicy()
2025-01-28 20:36:08,457 INFO o.t.utility.ImageNameSubstitutor - Image name substitution will be performed by: DefaultImageNameSubstitutor (composite of 'ConfigurationFileImageNameSubstitutor' and 'PrefixingImageNameSubstitutor')
2025-01-28 20:36:08,495 INFO tc.testcontainers/ryuk:0.11.0 - Pulling docker image: testcontainers/ryuk:0.11.0. Please be patient; this may take some time but only needs to be done once.
2025-01-28 20:36:09,367 INFO tc.testcontainers/ryuk:0.11.0 - Starting to pull image
2025-01-28 20:36:09,383 INFO tc.testcontainers/ryuk:0.11.0 - Pulling image layers:  0 pending,  0 downloaded,  0 extracted, (0 bytes/0 bytes)
2025-01-28 20:36:09,550 INFO tc.testcontainers/ryuk:0.11.0 - Pulling image layers:  2 pending,  1 downloaded,  0 extracted, (44 KB/? MB)
2025-01-28 20:36:09,574 INFO tc.testcontainers/ryuk:0.11.0 - Pulling image layers:  1 pending,  2 downloaded,  0 extracted, (116 KB/? MB)
2025-01-28 20:36:09,680 INFO tc.testcontainers/ryuk:0.11.0 - Pulling image layers:  1 pending,  2 downloaded,  1 extracted, (8 MB/? MB)
2025-01-28 20:36:09,685 INFO tc.testcontainers/ryuk:0.11.0 - Pulling image layers:  0 pending,  3 downloaded,  1 extracted, (8 MB/10 MB)
2025-01-28 20:36:09,791 INFO tc.testcontainers/ryuk:0.11.0 - Pulling image layers:  0 pending,  3 downloaded,  2 extracted, (9 MB/10 MB)
2025-01-28 20:36:09,837 INFO tc.testcontainers/ryuk:0.11.0 - Pulling image layers:  0 pending,  3 downloaded,  3 extracted, (10 MB/10 MB)
2025-01-28 20:36:09,843 INFO tc.testcontainers/ryuk:0.11.0 - Image testcontainers/ryuk:0.11.0 pull took PT1.347490425S
2025-01-28 20:36:09,863 INFO tc.testcontainers/ryuk:0.11.0 - Creating container for image: testcontainers/ryuk:0.11.0
2025-01-28 20:36:09,927 INFO tc.testcontainers/ryuk:0.11.0 - Container testcontainers/ryuk:0.11.0 is starting: 0f96bd061f12bba7ec806150719903c5857b96ed649ce38c21992669297a0f1c
2025-01-28 20:36:10,183 INFO tc.testcontainers/ryuk:0.11.0 - Container testcontainers/ryuk:0.11.0 started in PT0.319343162S
2025-01-28 20:36:10,187 INFO o.t.utility.RyukResourceReaper - Ryuk started - will monitor and terminate Testcontainers containers on JVM exit
2025-01-28 20:36:10,187 INFO o.testcontainers.DockerClientFactory - Checking the system...
2025-01-28 20:36:10,187 INFO o.testcontainers.DockerClientFactory - ✔︎ Docker server version should be at least 1.6.0
2025-01-28 20:36:10,208 INFO o.t.i.builder.ImageFromDockerfile - Pre-emptively checking local images for 'ubuntu:noble-20241118.1@sha256:80dd3c3b9c6cecb9f1667e9290b3bc61b78c2678c02cbdae5f0fea92cc6734ab', referenced via a Dockerfile. If not available, it will be pulled.
2025-01-28 20:36:10,210 INFO t.u.1@sha256:80dd3c... - Pulling docker image: ubuntu:noble-20241118.1@sha256:80dd3c3b9c6cecb9f1667e9290b3bc61b78c2678c02cbdae5f0fea92cc6734ab. Please be patient; this may take some time but only needs to be done once.
2025-01-28 20:36:10,346 INFO t.u.1@sha256:80dd3c... - Starting to pull image
2025-01-28 20:36:10,347 INFO t.u.1@sha256:80dd3c... - Pulling image layers:  0 pending,  0 downloaded,  0 extracted, (0 bytes/0 bytes)
2025-01-28 20:36:10,903 INFO t.u.1@sha256:80dd3c... - Pulling image layers:  0 pending,  1 downloaded,  0 extracted, (23 MB/28 MB)
2025-01-28 20:36:11,921 INFO t.u.1@sha256:80dd3c... - Pulling image layers:  0 pending,  1 downloaded,  1 extracted, (28 MB/28 MB)
2025-01-28 20:36:11,929 INFO t.u.1@sha256:80dd3c... - Image ubuntu:noble-20241118.1@sha256:80dd3c3b9c6cecb9f1667e9290b3bc61b78c2678c02cbdae5f0fea92cc6734ab pull took PT1.718854611S
2025-01-28 20:36:11,929 INFO t.u.1@sha256:80dd3c... - Pull complete. 1 layers, pulled in 1s (downloaded 28 MB at 28 MB/s)
2025-01-28 20:36:11,932 INFO o.t.i.builder.ImageFromDockerfile - Pre-emptively checking local images for 'rancher/k3s:v1.32.0-k3s1', referenced via a Dockerfile. If not available, it will be pulled.
2025-01-28 20:36:11,933 INFO tc.rancher/k3s:v1.32.0-k3s1 - Pulling docker image: rancher/k3s:v1.32.0-k3s1. Please be patient; this may take some time but only needs to be done once.
2025-01-28 20:36:12,167 INFO tc.rancher/k3s:v1.32.0-k3s1 - Starting to pull image
2025-01-28 20:36:12,168 INFO tc.rancher/k3s:v1.32.0-k3s1 - Pulling image layers:  0 pending,  0 downloaded,  0 extracted, (0 bytes/0 bytes)
2025-01-28 20:36:14,011 INFO tc.rancher/k3s:v1.32.0-k3s1 - Pulling image layers:  0 pending,  1 downloaded,  0 extracted, (65 MB/71 MB)
2025-01-28 20:36:15,056 INFO tc.rancher/k3s:v1.32.0-k3s1 - Pulling image layers:  0 pending,  1 downloaded,  1 extracted, (71 MB/71 MB)
2025-01-28 20:36:15,064 INFO tc.rancher/k3s:v1.32.0-k3s1 - Pull complete. 1 layers, pulled in 2s (downloaded 71 MB at 35 MB/s)
2025-01-28 20:36:15,064 INFO tc.rancher/k3s:v1.32.0-k3s1 - Image rancher/k3s:v1.32.0-k3s1 pull took PT3.130742225S
2025-01-28 20:36:15,070 INFO o.t.i.builder.ImageFromDockerfile - Transferred 0 bytes to Docker daemon
2025-01-28 20:36:28,018 INFO t.localhost/testcontainers/2wj23g8gcpevzivg:latest - Creating container for image: localhost/testcontainers/2wj23g8gcpevzivg:latest
2025-01-28 20:36:28,021 INFO tc.alpine:3.17 - Pulling docker image: alpine:3.17. Please be patient; this may take some time but only needs to be done once.
2025-01-28 20:36:28,264 INFO tc.alpine:3.17 - Starting to pull image
2025-01-28 20:36:28,265 INFO tc.alpine:3.17 - Pulling image layers:  0 pending,  0 downloaded,  0 extracted, (0 bytes/0 bytes)
2025-01-28 20:36:28,550 INFO tc.alpine:3.17 - Pulling image layers:  0 pending,  1 downloaded,  0 extracted, (2 MB/3 MB)
2025-01-28 20:36:28,651 INFO tc.alpine:3.17 - Pulling image layers:  0 pending,  1 downloaded,  1 extracted, (3 MB/3 MB)
2025-01-28 20:36:28,656 INFO tc.alpine:3.17 - Image alpine:3.17 pull took PT0.63451674S
2025-01-28 20:36:29,021 INFO t.localhost/testcontainers/2wj23g8gcpevzivg:latest - Container localhost/testcontainers/2wj23g8gcpevzivg:latest is starting: 12f8754bfadec50d2a7505e24a52dc00c9dd1c3cb9fe874bb7866f6b8d6832da
2025-01-28 20:36:29,407 INFO c.h.h.t.OperatorHelmChartContainer - [K3S] [INFO] Starting k3s v1.32.0+k3s1 (cca8faca)
2025-01-28 20:36:29,410 INFO c.h.h.t.OperatorHelmChartContainer - [K3S] [INFO] Configuring sqlite3 database connection pooling: maxIdleConns=2, maxOpenConns=0, connMaxLifetime=0s
2025-01-28 20:36:29,410 INFO c.h.h.t.OperatorHelmChartContainer - [K3S] [INFO] Configuring database table schema and indexes, this may take a moment...
2025-01-28 20:36:29,413 INFO c.h.h.t.OperatorHelmChartContainer - [K3S] [INFO] Database tables and indexes are up to date
2025-01-28 20:36:29,416 INFO c.h.h.t.OperatorHelmChartContainer - [K3S] [INFO] Kine available at unix://kine.sock
2025-01-28 20:36:29,611 INFO c.h.h.t.OperatorHelmChartContainer - [K3S] [INFO] Saving cluster bootstrap data to datastore
2025-01-28 20:36:29,612 INFO c.h.h.t.OperatorHelmChartContainer - [K3S] [WARNING] dynamiclistener [::]:6443: no cached certificate available for preload - deferring certificate load until storage initialization or first client request
2025-01-28 20:36:29,612 INFO c.h.h.t.OperatorHelmChartContainer - [K3S] [INFO] Active TLS secret / (ver=) (count 10): map[listener.cattle.io/cn-10.43.0.1:10.43.0.1 listener.cattle.io/cn-127.0.0.1:127.0.0.1 listener.cattle.io/cn-12f8754bfade:12f8754bfade listener.cattle.io/cn-172.17.0.3:172.17.0.3 listener.cattle.io/cn-__1-f16284:::1 listener.cattle.io/cn-kubernetes:kubernetes listener.cattle.io/cn-kubernetes.default:kubernetes.default listener.cattle.io/cn-kubernetes.default.svc:kubernetes.default.svc listener.cattle.io/cn-kubernetes.default.svc.cluster.local:kubernetes.default.svc.cluster.local listener.cattle.io/cn-localhost:localhost listener.cattle.io/fingerprint:SHA1=0C17BE1C3F5729C262B00DACA93C19D997D9939A]
2025-01-28 20:36:29,778 INFO c.h.h.t.OperatorHelmChartContainer - [K3S] [INFO] Running kube-apiserver --advertise-port=6443 --allow-privileged=true --anonymous-auth=false --api-audiences=https://kubernetes.default.svc.cluster.local,k3s --authorization-mode=Node,RBAC --bind-address=127.0.0.1 --cert-dir=/var/lib/rancher/k3s/server/tls/temporary-certs --client-ca-file=/var/lib/rancher/k3s/server/tls/client-ca.crt --egress-selector-config-file=/var/lib/rancher/k3s/server/etc/egress-selector-config.yaml --enable-admission-plugins=NodeRestriction --enable-aggregator-routing=true --enable-bootstrap-token-auth=true --etcd-servers=unix://kine.sock --kubelet-certificate-authority=/var/lib/rancher/k3s/server/tls/server-ca.crt --kubelet-client-certificate=/var/lib/rancher/k3s/server/tls/client-kube-apiserver.crt --kubelet-client-key=/var/lib/rancher/k3s/server/tls/client-kube-apiserver.key --kubelet-preferred-address-types=InternalIP,ExternalIP,Hostname --profiling=false --proxy-client-cert-file=/var/lib/rancher/k3s/server/tls/client-auth-proxy.crt --proxy-client-key-file=/var/lib/rancher/k3s/server/tls/client-auth-proxy.key --requestheader-allowed-names=system:auth-proxy --requestheader-client-ca-file=/var/lib/rancher/k3s/server/tls/request-header-ca.crt --requestheader-extra-headers-prefix=X-Remote-Extra- --requestheader-group-headers=X-Remote-Group --requestheader-username-headers=X-Remote-User --secure-port=6444 --service-account-issuer=https://kubernetes.default.svc.cluster.local --service-account-key-file=/var/lib/rancher/k3s/server/tls/service.key --service-account-signing-key-file=/var/lib/rancher/k3s/server/tls/service.current.key --service-cluster-ip-range=10.43.0.0/16 --service-node-port-range=30000-32767 --storage-backend=etcd3 --tls-cert-file=/var/lib/rancher/k3s/server/tls/serving-kube-apiserver.crt --tls-cipher-suites=TLS_ECDHE_ECDSA_WITH_AES_256_GCM_SHA384,TLS_ECDHE_RSA_WITH_AES_256_GCM_SHA384,TLS_ECDHE_ECDSA_WITH_AES_128_GCM_SHA256,TLS_ECDHE_RSA_WITH_AES_128_GCM_SHA256,TLS_ECDHE_ECDSA_WITH_CHACHA20_POLY1305,TLS_ECDHE_RSA_WITH_CHACHA20_POLY1305 --tls-private-key-file=/var/lib/rancher/k3s/server/tls/serving-kube-apiserver.key
2025-01-28 20:36:29,779 INFO c.h.h.t.OperatorHelmChartContainer - [K3S] [INFO] Running kube-scheduler --authentication-kubeconfig=/var/lib/rancher/k3s/server/cred/scheduler.kubeconfig --authorization-kubeconfig=/var/lib/rancher/k3s/server/cred/scheduler.kubeconfig --bind-address=127.0.0.1 --kubeconfig=/var/lib/rancher/k3s/server/cred/scheduler.kubeconfig --leader-elect=false --profiling=false --secure-port=10259
2025-01-28 20:36:29,779 INFO c.h.h.t.OperatorHelmChartContainer - [K3S] [registry.go:256] calling componentGlobalsRegistry.AddFlags more than once, the registry will be set by the latest flags
2025-01-28 20:36:29,780 INFO c.h.h.t.OperatorHelmChartContainer - [K3S] [INFO] Running kube-controller-manager --allocate-node-cidrs=true --authentication-kubeconfig=/var/lib/rancher/k3s/server/cred/controller.kubeconfig --authorization-kubeconfig=/var/lib/rancher/k3s/server/cred/controller.kubeconfig --bind-address=127.0.0.1 --cluster-cidr=10.42.0.0/16 --cluster-signing-kube-apiserver-client-cert-file=/var/lib/rancher/k3s/server/tls/client-ca.nochain.crt --cluster-signing-kube-apiserver-client-key-file=/var/lib/rancher/k3s/server/tls/client-ca.key --cluster-signing-kubelet-client-cert-file=/var/lib/rancher/k3s/server/tls/client-ca.nochain.crt --cluster-signing-kubelet-client-key-file=/var/lib/rancher/k3s/server/tls/client-ca.key --cluster-signing-kubelet-serving-cert-file=/var/lib/rancher/k3s/server/tls/server-ca.nochain.crt --cluster-signing-kubelet-serving-key-file=/var/lib/rancher/k3s/server/tls/server-ca.key --cluster-signing-legacy-unknown-cert-file=/var/lib/rancher/k3s/server/tls/server-ca.nochain.crt --cluster-signing-legacy-unknown-key-file=/var/lib/rancher/k3s/server/tls/server-ca.key --configure-cloud-routes=false --controllers=*,tokencleaner,-service,-route,-cloud-node-lifecycle --kubeconfig=/var/lib/rancher/k3s/server/cred/controller.kubeconfig --leader-elect=false --profiling=false --root-ca-file=/var/lib/rancher/k3s/server/tls/server-ca.crt --secure-port=10257 --service-account-private-key-file=/var/lib/rancher/k3s/server/tls/service.current.key --service-cluster-ip-range=10.43.0.0/16 --use-service-account-credentials=true
2025-01-28 20:36:29,781 INFO c.h.h.t.OperatorHelmChartContainer - [K3S] [options.go:299] unable to set WatchListClient feature gate, err: cannot override default for feature "WatchListClient": gates already added to a flag set
2025-01-28 20:36:29,781 INFO c.h.h.t.OperatorHelmChartContainer - [K3S] [registry.go:256] calling componentGlobalsRegistry.AddFlags more than once, the registry will be set by the latest flags
2025-01-28 20:36:29,781 INFO c.h.h.t.OperatorHelmChartContainer - [K3S] [INFO] Running cloud-controller-manager --allocate-node-cidrs=true --authentication-kubeconfig=/var/lib/rancher/k3s/server/cred/cloud-controller.kubeconfig --authorization-kubeconfig=/var/lib/rancher/k3s/server/cred/cloud-controller.kubeconfig --bind-address=127.0.0.1 --cloud-config=/var/lib/rancher/k3s/server/etc/cloud-config.yaml --cloud-provider=k3s --cluster-cidr=10.42.0.0/16 --configure-cloud-routes=false --controllers=*,-route --kubeconfig=/var/lib/rancher/k3s/server/cred/cloud-controller.kubeconfig --leader-elect=false --leader-elect-resource-name=k3s-cloud-controller-manager --node-status-update-frequency=1m0s --profiling=false
2025-01-28 20:36:29,782 INFO c.h.h.t.OperatorHelmChartContainer - [K3S] [registry.go:256] calling componentGlobalsRegistry.AddFlags more than once, the registry will be set by the latest flags
2025-01-28 20:36:29,782 INFO c.h.h.t.OperatorHelmChartContainer - [K3S] [INFO] Server node token is available at /var/lib/rancher/k3s/server/token
2025-01-28 20:36:29,782 INFO c.h.h.t.OperatorHelmChartContainer - [K3S] [INFO] To join server node to cluster: k3s server -s https://172.17.0.3:6443 -t ${SERVER_NODE_TOKEN}
2025-01-28 20:36:29,782 INFO c.h.h.t.OperatorHelmChartContainer - [K3S] [options.go:238] external host was not specified, using 172.17.0.3
2025-01-28 20:36:29,782 INFO c.h.h.t.OperatorHelmChartContainer - [K3S] [INFO] Agent node token is available at /var/lib/rancher/k3s/server/agent-token
2025-01-28 20:36:29,782 INFO c.h.h.t.OperatorHelmChartContainer - [K3S] [INFO] To join agent node to cluster: k3s agent -s https://172.17.0.3:6443 -t ${AGENT_NODE_TOKEN}
2025-01-28 20:36:29,783 INFO c.h.h.t.OperatorHelmChartContainer - [K3S] [INFO] Wrote kubeconfig /etc/rancher/k3s/k3s.yaml
2025-01-28 20:36:29,783 INFO c.h.h.t.OperatorHelmChartContainer - [K3S] [INFO] Run: k3s kubectl
2025-01-28 20:36:29,783 INFO c.h.h.t.OperatorHelmChartContainer - [K3S] [INFO] Waiting for API server to become available
2025-01-28 20:36:29,785 INFO c.h.h.t.OperatorHelmChartContainer - [K3S] [server.go:151] Version: v1.32.0+k3s1
2025-01-28 20:36:29,786 INFO c.h.h.t.OperatorHelmChartContainer - [K3S] [server.go:153] "Golang settings" GOGC="" GOMAXPROCS="" GOTRACEBACK=""
2025-01-28 20:36:30,138 INFO c.h.h.t.OperatorHelmChartContainer - [K3S] [plugins.go:157] Loaded 13 mutating admission controller(s) successfully in the following order: NamespaceLifecycle,LimitRanger,ServiceAccount,NodeRestriction,TaintNodesByCondition,Priority,DefaultTolerationSeconds,DefaultStorageClass,StorageObjectInUseProtection,RuntimeClass,DefaultIngressClass,MutatingAdmissionPolicy,MutatingAdmissionWebhook.
2025-01-28 20:36:30,139 INFO c.h.h.t.OperatorHelmChartContainer - [K3S] [plugins.go:160] Loaded 13 validating admission controller(s) successfully in the following order: LimitRanger,ServiceAccount,PodSecurity,Priority,PersistentVolumeClaimResize,RuntimeClass,CertificateApproval,CertificateSigning,ClusterTrustBundleAttest,CertificateSubjectRestriction,ValidatingAdmissionPolicy,ValidatingAdmissionWebhook,ResourceQuota.
2025-01-28 20:36:30,140 INFO c.h.h.t.OperatorHelmChartContainer - [K3S] [instance.go:233] Using reconciler: lease
2025-01-28 20:36:30,226 INFO c.h.h.t.OperatorHelmChartContainer - [K3S] [apis.go:106] API group "internal.apiserver.k8s.io" is not enabled, skipping.
2025-01-28 20:36:30,279 INFO c.h.h.t.OperatorHelmChartContainer - [K3S] [apis.go:106] API group "storagemigration.k8s.io" is not enabled, skipping.
2025-01-28 20:36:30,327 INFO c.h.h.t.OperatorHelmChartContainer - [K3S] [apis.go:106] API group "resource.k8s.io" is not enabled, skipping.
2025-01-28 20:36:30,594 INFO c.h.h.t.OperatorHelmChartContainer - [K3S] [INFO] Password verified locally for node 12f8754bfade
2025-01-28 20:36:30,775 INFO c.h.h.t.OperatorHelmChartContainer - [K3S] [dynamic_cafile_content.go:161] "Starting controller" name="request-header::/var/lib/rancher/k3s/server/tls/request-header-ca.crt"
2025-01-28 20:36:30,775 INFO c.h.h.t.OperatorHelmChartContainer - [K3S] [dynamic_cafile_content.go:161] "Starting controller" name="client-ca-bundle::/var/lib/rancher/k3s/server/tls/client-ca.crt"
2025-01-28 20:36:30,776 INFO c.h.h.t.OperatorHelmChartContainer - [K3S] [secure_serving.go:213] Serving securely on 127.0.0.1:6444
2025-01-28 20:36:30,776 INFO c.h.h.t.OperatorHelmChartContainer - [K3S] [dynamic_serving_content.go:135] "Starting controller" name="serving-cert::/var/lib/rancher/k3s/server/tls/serving-kube-apiserver.crt::/var/lib/rancher/k3s/server/tls/serving-kube-apiserver.key"
2025-01-28 20:36:30,777 INFO c.h.h.t.OperatorHelmChartContainer - [K3S] [tlsconfig.go:243] "Starting DynamicServingCertificateController"
2025-01-28 20:36:30,777 INFO c.h.h.t.OperatorHelmChartContainer - [K3S] [dynamic_serving_content.go:135] "Starting controller" name="aggregator-proxy-cert::/var/lib/rancher/k3s/server/tls/client-auth-proxy.crt::/var/lib/rancher/k3s/server/tls/client-auth-proxy.key"
2025-01-28 20:36:30,779 INFO c.h.h.t.OperatorHelmChartContainer - [K3S] [controller.go:119] Starting legacy_token_tracking_controller
2025-01-28 20:36:30,780 INFO c.h.h.t.OperatorHelmChartContainer - [K3S] [remote_available_controller.go:411] Starting RemoteAvailability controller
2025-01-28 20:36:30,780 INFO c.h.h.t.OperatorHelmChartContainer - [K3S] [apiservice_controller.go:100] Starting APIServiceRegistrationController
2025-01-28 20:36:30,780 INFO c.h.h.t.OperatorHelmChartContainer - [K3S] [aggregator.go:169] waiting for initial CRD sync...
2025-01-28 20:36:30,780 INFO c.h.h.t.OperatorHelmChartContainer - [K3S] [apf_controller.go:377] Starting API Priority and Fairness config controller
2025-01-28 20:36:30,780 INFO c.h.h.t.OperatorHelmChartContainer - [K3S] [system_namespaces_controller.go:66] Starting system namespaces controller
2025-01-28 20:36:30,780 INFO c.h.h.t.OperatorHelmChartContainer - [K3S] [controller.go:80] Starting OpenAPI V3 AggregationController
2025-01-28 20:36:30,780 INFO c.h.h.t.OperatorHelmChartContainer - [K3S] [customresource_discovery_controller.go:292] Starting DiscoveryController
2025-01-28 20:36:30,780 INFO c.h.h.t.OperatorHelmChartContainer - [K3S] [local_available_controller.go:156] Starting LocalAvailability controller
2025-01-28 20:36:30,781 INFO c.h.h.t.OperatorHelmChartContainer - [K3S] [cluster_authentication_trust_controller.go:462] Starting cluster_authentication_trust_controller controller
2025-01-28 20:36:30,786 INFO c.h.h.t.OperatorHelmChartContainer - [K3S] [gc_controller.go:78] Starting apiserver lease garbage collector
2025-01-28 20:36:30,787 INFO c.h.h.t.OperatorHelmChartContainer - [K3S] [controller.go:78] Starting OpenAPI AggregationController
2025-01-28 20:36:30,787 INFO c.h.h.t.OperatorHelmChartContainer - [K3S] [controller.go:142] Starting OpenAPI controller
2025-01-28 20:36:30,787 INFO c.h.h.t.OperatorHelmChartContainer - [K3S] [controller.go:90] Starting OpenAPI V3 controller
2025-01-28 20:36:30,787 INFO c.h.h.t.OperatorHelmChartContainer - [K3S] [naming_controller.go:294] Starting NamingConditionController
2025-01-28 20:36:30,787 INFO c.h.h.t.OperatorHelmChartContainer - [K3S] [establishing_controller.go:81] Starting EstablishingController
2025-01-28 20:36:30,787 INFO c.h.h.t.OperatorHelmChartContainer - [K3S] [nonstructuralschema_controller.go:195] Starting NonStructuralSchemaConditionController
2025-01-28 20:36:30,787 INFO c.h.h.t.OperatorHelmChartContainer - [K3S] [apiapproval_controller.go:189] Starting KubernetesAPIApprovalPolicyConformantConditionController
2025-01-28 20:36:30,787 INFO c.h.h.t.OperatorHelmChartContainer - [K3S] [crd_finalizer.go:269] Starting CRDFinalizer
2025-01-28 20:36:30,787 INFO c.h.h.t.OperatorHelmChartContainer - [K3S] [dynamic_cafile_content.go:161] "Starting controller" name="client-ca-bundle::/var/lib/rancher/k3s/server/tls/client-ca.crt"
2025-01-28 20:36:30,787 INFO c.h.h.t.OperatorHelmChartContainer - [K3S] [dynamic_cafile_content.go:161] "Starting controller" name="request-header::/var/lib/rancher/k3s/server/tls/request-header-ca.crt"
2025-01-28 20:36:30,788 INFO c.h.h.t.OperatorHelmChartContainer - [K3S] [crdregistration_controller.go:114] Starting crd-autoregister controller
2025-01-28 20:36:30,877 INFO c.h.h.t.OperatorHelmChartContainer - [K3S] [handler_discovery.go:451] Starting ResourceDiscoveryManager
2025-01-28 20:36:30,879 INFO c.h.h.t.OperatorHelmChartContainer - [K3S] [apf_controller.go:382] Running API Priority and Fairness config worker
2025-01-28 20:36:30,882 INFO c.h.h.t.OperatorHelmChartContainer - [K3S] [apf_controller.go:385] Running API Priority and Fairness periodic rebalancing process
2025-01-28 20:36:30,883 INFO c.h.h.t.OperatorHelmChartContainer - [K3S] [aggregator.go:171] initial CRD sync complete...
2025-01-28 20:36:30,884 INFO c.h.h.t.OperatorHelmChartContainer - [K3S] [autoregister_controller.go:144] Starting autoregister controller
2025-01-28 20:36:30,899 INFO c.h.h.t.OperatorHelmChartContainer - [K3S] [controller.go:145] "Failed to ensure lease exists, will retry" err="namespaces \"kube-system\" not found" interval="200ms"
2025-01-28 20:36:30,929 INFO c.h.h.t.OperatorHelmChartContainer - [K3S] [controller.go:95] Unable to perform initial Kubernetes service initialization: namespaces "default" not found
2025-01-28 20:36:30,931 INFO c.h.h.t.OperatorHelmChartContainer - [K3S] [controller.go:148] "Unhandled Error" err="while syncing ConfigMap \"kube-system/kube-apiserver-legacy-service-account-token-tracking\", err: namespaces \"kube-system\" not found" logger="UnhandledError"
2025-01-28 20:36:30,931 INFO c.h.h.t.OperatorHelmChartContainer - [K3S] [policy_source.go:240] refreshing policies
2025-01-28 20:36:31,291 INFO c.h.h.t.OperatorHelmChartContainer - [K3S] [INFO] Module overlay was already loaded
2025-01-28 20:36:31,291 INFO c.h.h.t.OperatorHelmChartContainer - [K3S] [INFO] Module nf_conntrack was already loaded
2025-01-28 20:36:31,292 INFO c.h.h.t.OperatorHelmChartContainer - [K3S] [INFO] Module br_netfilter was already loaded
2025-01-28 20:36:31,297 INFO c.h.h.t.OperatorHelmChartContainer - [K3S] [INFO] Set sysctl 'net/netfilter/nf_conntrack_max' to 131072
2025-01-28 20:36:31,298 INFO c.h.h.t.OperatorHelmChartContainer - [K3S] [INFO] Set sysctl 'net/netfilter/nf_conntrack_tcp_timeout_established' to 86400
2025-01-28 20:36:31,298 INFO c.h.h.t.OperatorHelmChartContainer - [K3S] [INFO] Set sysctl 'net/netfilter/nf_conntrack_tcp_timeout_close_wait' to 3600
2025-01-28 20:36:31,301 INFO c.h.h.t.OperatorHelmChartContainer - [K3S] [INFO] Logging containerd to /var/lib/rancher/k3s/agent/containerd/containerd.log
2025-01-28 20:36:31,301 INFO c.h.h.t.OperatorHelmChartContainer - [K3S] [INFO] Running containerd -c /var/lib/rancher/k3s/agent/etc/containerd/config.toml -a /run/k3s/containerd/containerd.sock --state /run/k3s/containerd --root /var/lib/rancher/k3s/agent/containerd
2025-01-28 20:36:31,782 INFO c.h.h.t.OperatorHelmChartContainer - [K3S] [storage_scheduling.go:95] created PriorityClass system-node-critical with value 2000001000
2025-01-28 20:36:31,785 INFO c.h.h.t.OperatorHelmChartContainer - [K3S] [storage_scheduling.go:95] created PriorityClass system-cluster-critical with value 2000000000
2025-01-28 20:36:31,785 INFO c.h.h.t.OperatorHelmChartContainer - [K3S] [storage_scheduling.go:111] all system priority classes are created successfully or already exist.
2025-01-28 20:36:32,236 INFO c.h.h.t.OperatorHelmChartContainer - [K3S] [alloc.go:330] "allocated clusterIPs" service="default/kubernetes" clusterIPs={"IPv4":"10.43.0.1"}
2025-01-28 20:36:32,240 INFO c.h.h.t.OperatorHelmChartContainer - [K3S] [lease.go:265] Resetting endpoints for master service "kubernetes" to [172.17.0.3]
2025-01-28 20:36:32,305 INFO c.h.h.t.OperatorHelmChartContainer - [K3S] [INFO] containerd is now running
2025-01-28 20:36:32,306 INFO c.h.h.t.OperatorHelmChartContainer - [K3S] [INFO] Connecting to proxy" url="wss://127.0.0.1:6443/v1-k3s/connect
2025-01-28 20:36:32,309 INFO c.h.h.t.OperatorHelmChartContainer - [K3S] [INFO] Creating k3s-cert-monitor event broadcaster
2025-01-28 20:36:32,309 INFO c.h.h.t.OperatorHelmChartContainer - [K3S] [INFO] Running kubelet --cloud-provider=external --config-dir=/var/lib/rancher/k3s/agent/etc/kubelet.conf.d --containerd=/run/k3s/containerd/containerd.sock --hostname-override=12f8754bfade --kubeconfig=/var/lib/rancher/k3s/agent/kubelet.kubeconfig --node-ip=172.17.0.3 --node-labels=
2025-01-28 20:36:32,309 INFO c.h.h.t.OperatorHelmChartContainer - [K3S] [INFO] Handling backend connection request [12f8754bfade]
2025-01-28 20:36:32,309 INFO c.h.h.t.OperatorHelmChartContainer - [K3S] [INFO] Remotedialer connected to proxy" url="wss://127.0.0.1:6443/v1-k3s/connect
2025-01-28 20:36:32,316 INFO c.h.h.t.OperatorHelmChartContainer - [K3S] Flag --containerd has been deprecated, This is a cadvisor flag that was mistakenly registered with the Kubelet. Due to legacy concerns, it will follow the standard CLI deprecation timeline before being removed.
2025-01-28 20:36:32,320 INFO c.h.h.t.OperatorHelmChartContainer - [K3S] [server.go:515] "Kubelet version" kubeletVersion="v1.32.0+k3s1"
2025-01-28 20:36:32,321 INFO c.h.h.t.OperatorHelmChartContainer - [K3S] [server.go:517] "Golang settings" GOGC="" GOMAXPROCS="" GOTRACEBACK=""
2025-01-28 20:36:32,322 INFO c.h.h.t.OperatorHelmChartContainer - [K3S] [dynamic_cafile_content.go:161] "Starting controller" name="client-ca-bundle::/var/lib/rancher/k3s/agent/client-ca.crt"
2025-01-28 20:36:32,326 INFO c.h.h.t.OperatorHelmChartContainer - [K3S] [log.go:32] "RuntimeConfig from runtime service failed" err="rpc error: code = Unimplemented desc = method RuntimeConfig not implemented"
2025-01-28 20:36:32,329 INFO c.h.h.t.OperatorHelmChartContainer - [K3S] [server.go:1416] "CRI implementation should be updated to support RuntimeConfig when KubeletCgroupDriverFromCRI feature gate has been enabled. Falling back to using cgroupDriver from kubelet config."
2025-01-28 20:36:32,338 INFO c.h.h.t.OperatorHelmChartContainer - [K3S] [info.go:53] Couldn't collect info from any of the files in "/etc/machine-id,/var/lib/dbus/machine-id"
2025-01-28 20:36:32,341 INFO c.h.h.t.OperatorHelmChartContainer - [K3S] [server.go:767] "--cgroups-per-qos enabled, but --cgroup-root was not specified.  defaulting to /"
2025-01-28 20:36:32,341 INFO c.h.h.t.OperatorHelmChartContainer - [K3S] [server.go:836] "NoSwap is set due to memorySwapBehavior not specified" memorySwapBehavior="" FailSwapOn=false
2025-01-28 20:36:32,342 INFO c.h.h.t.OperatorHelmChartContainer - [K3S] [swap_util.go:115] "Swap is on" /proc/swaps contents=<
2025-01-28 20:36:32,342 INFO c.h.h.t.OperatorHelmChartContainer - [K3S] 	Filename				Type		Size		Used		Priority
2025-01-28 20:36:32,342 INFO c.h.h.t.OperatorHelmChartContainer - [K3S] 	/mnt/swapfile                           file		4194300		0		-2
2025-01-28 20:36:32,342 INFO c.h.h.t.OperatorHelmChartContainer - [K3S]  >
2025-01-28 20:36:32,342 INFO c.h.h.t.OperatorHelmChartContainer - [K3S] [container_manager_linux.go:268] "Container manager verified user specified cgroup-root exists" cgroupRoot=[]
2025-01-28 20:36:32,344 INFO c.h.h.t.OperatorHelmChartContainer - [K3S] [container_manager_linux.go:273] "Creating Container Manager object based on Node Config" nodeConfig={"NodeName":"12f8754bfade","RuntimeCgroupsName":"","SystemCgroupsName":"","KubeletCgroupsName":"/k3s","KubeletOOMScoreAdj":-999,"ContainerRuntime":"","CgroupsPerQOS":true,"CgroupRoot":"/","CgroupDriver":"cgroupfs","KubeletRootDir":"/var/lib/kubelet","ProtectKernelDefaults":false,"KubeReservedCgroupName":"","SystemReservedCgroupName":"","ReservedSystemCPUs":{},"EnforceNodeAllocatable":{"pods":{}},"KubeReserved":null,"SystemReserved":null,"HardEvictionThresholds":[{"Signal":"imagefs.available","Operator":"LessThan","Value":{"Quantity":null,"Percentage":0.05},"GracePeriod":0,"MinReclaim":null},{"Signal":"nodefs.available","Operator":"LessThan","Value":{"Quantity":null,"Percentage":0.05},"GracePeriod":0,"MinReclaim":null}],"QOSReserved":{},"CPUManagerPolicy":"none","CPUManagerPolicyOptions":null,"TopologyManagerScope":"container","CPUManagerReconcilePeriod":10000000000,"ExperimentalMemoryManagerPolicy":"None","ExperimentalMemoryManagerReservedMemory":null,"PodPidsLimit":-1,"EnforceCPULimits":true,"CPUCFSQuotaPeriod":100000000,"TopologyManagerPolicy":"none","TopologyManagerPolicyOptions":null,"CgroupVersion":2}
2025-01-28 20:36:32,345 INFO c.h.h.t.OperatorHelmChartContainer - [K3S] [topology_manager.go:138] "Creating topology manager with none policy"
2025-01-28 20:36:32,346 INFO c.h.h.t.OperatorHelmChartContainer - [K3S] [container_manager_linux.go:304] "Creating device plugin manager"
2025-01-28 20:36:32,346 INFO c.h.h.t.OperatorHelmChartContainer - [K3S] [state_mem.go:36] "Initialized new in-memory state store"
2025-01-28 20:36:32,346 INFO c.h.h.t.OperatorHelmChartContainer - [K3S] [kubelet.go:446] "Attempting to sync node with API server"
2025-01-28 20:36:32,346 INFO c.h.h.t.OperatorHelmChartContainer - [K3S] [kubelet.go:341] "Adding static pod path" path="/var/lib/rancher/k3s/agent/pod-manifests"
2025-01-28 20:36:32,346 INFO c.h.h.t.OperatorHelmChartContainer - [K3S] [kubelet.go:352] "Adding apiserver pod source"
2025-01-28 20:36:32,346 INFO c.h.h.t.OperatorHelmChartContainer - [K3S] [apiserver.go:42] "Waiting for node sync before watching apiserver pods"
2025-01-28 20:36:32,346 INFO c.h.h.t.OperatorHelmChartContainer - [K3S] [kuberuntime_manager.go:269] "Container runtime initialized" containerRuntime="containerd" version="v1.7.23-k3s2" apiVersion="v1"
2025-01-28 20:36:32,346 INFO c.h.h.t.OperatorHelmChartContainer - [K3S] [kubelet.go:890] "Not starting ClusterTrustBundle informer because we are in static kubelet mode"
2025-01-28 20:36:32,346 INFO c.h.h.t.OperatorHelmChartContainer - [K3S] [probe.go:272] Flexvolume plugin directory at /usr/libexec/kubernetes/kubelet-plugins/volume/exec/ does not exist. Recreating.
2025-01-28 20:36:32,348 INFO c.h.h.t.OperatorHelmChartContainer - [K3S] [watchdog_linux.go:99] "Systemd watchdog is not enabled"
2025-01-28 20:36:32,348 INFO c.h.h.t.OperatorHelmChartContainer - [K3S] [server.go:1282] "Started kubelet"
2025-01-28 20:36:32,353 INFO c.h.h.t.OperatorHelmChartContainer - [K3S] [server.go:169] "Starting to listen" address="0.0.0.0" port=10250
2025-01-28 20:36:32,353 INFO c.h.h.t.OperatorHelmChartContainer - [K3S] [server.go:490] "Adding debug handlers to kubelet server"
2025-01-28 20:36:32,356 INFO c.h.h.t.OperatorHelmChartContainer - [K3S] [server.go:208] "Starting to listen read-only" address="0.0.0.0" port=10255
2025-01-28 20:36:32,356 INFO c.h.h.t.OperatorHelmChartContainer - [K3S] [ratelimit.go:55] "Setting rate limiting for endpoint" service="podresources" qps=100 burstTokens=10
2025-01-28 20:36:32,356 INFO c.h.h.t.OperatorHelmChartContainer - [K3S] [server.go:243] "Starting to serve the podresources API" endpoint="unix:/var/lib/kubelet/pod-resources/kubelet.sock"
2025-01-28 20:36:32,356 INFO c.h.h.t.OperatorHelmChartContainer - [K3S] [fs_resource_analyzer.go:67] "Starting FS ResourceAnalyzer"
2025-01-28 20:36:32,361 INFO c.h.h.t.OperatorHelmChartContainer - [K3S] [dynamic_serving_content.go:135] "Starting controller" name="kubelet-server-cert-files::/var/lib/rancher/k3s/agent/serving-kubelet.crt::/var/lib/rancher/k3s/agent/serving-kubelet.key"
2025-01-28 20:36:32,366 INFO c.h.h.t.OperatorHelmChartContainer - [K3S] [volume_manager.go:297] "Starting Kubelet Volume Manager"
2025-01-28 20:36:32,366 INFO c.h.h.t.OperatorHelmChartContainer - [K3S] [kubelet_node_status.go:467] "Error getting the current node from lister" err="node \"12f8754bfade\" not found"
2025-01-28 20:36:32,368 INFO c.h.h.t.OperatorHelmChartContainer - [K3S] [desired_state_of_world_populator.go:149] "Desired state populator starts to run"
2025-01-28 20:36:32,369 INFO c.h.h.t.OperatorHelmChartContainer - [K3S] [reconciler.go:26] "Reconciler: start to sync state"
2025-01-28 20:36:32,371 INFO c.h.h.t.OperatorHelmChartContainer - [K3S] [kubelet.go:1561] "Image garbage collection failed once. Stats initialization may not have completed yet" err="invalid capacity 0 on image filesystem"
2025-01-28 20:36:32,371 INFO c.h.h.t.OperatorHelmChartContainer - [K3S] [factory.go:221] Registration of the systemd container factory successfully
2025-01-28 20:36:32,372 INFO c.h.h.t.OperatorHelmChartContainer - [K3S] [factory.go:219] Registration of the crio container factory failed: Get "http://%2Fvar%2Frun%2Fcrio%2Fcrio.sock/info": dial unix /var/run/crio/crio.sock: connect: no such file or directory
2025-01-28 20:36:32,385 INFO c.h.h.t.OperatorHelmChartContainer - [K3S] [factory.go:221] Registration of the containerd container factory successfully
2025-01-28 20:36:32,395 INFO c.h.h.t.OperatorHelmChartContainer - [K3S] [nodelease.go:49] "Failed to get node when trying to set owner ref to the node lease" err="nodes \"12f8754bfade\" not found" node="12f8754bfade"
2025-01-28 20:36:32,410 INFO c.h.h.t.OperatorHelmChartContainer - [K3S] [kubelet_network_linux.go:50] "Initialized iptables rules." protocol="IPv4"
2025-01-28 20:36:32,421 INFO c.h.h.t.OperatorHelmChartContainer - [K3S] [kubelet_network_linux.go:50] "Initialized iptables rules." protocol="IPv6"
2025-01-28 20:36:32,422 INFO c.h.h.t.OperatorHelmChartContainer - [K3S] [status_manager.go:227] "Starting to sync pod status with apiserver"
2025-01-28 20:36:32,422 INFO c.h.h.t.OperatorHelmChartContainer - [K3S] [watchdog_linux.go:127] "Systemd watchdog is not enabled or the interval is invalid, so health checking will not be started."
2025-01-28 20:36:32,423 INFO c.h.h.t.OperatorHelmChartContainer - [K3S] [kubelet.go:2388] "Starting kubelet main sync loop"
2025-01-28 20:36:32,424 INFO c.h.h.t.OperatorHelmChartContainer - [K3S] [kubelet.go:2412] "Skipping pod synchronization" err="[container runtime status check may not have completed yet, PLEG is not healthy: pleg has yet to be successful]"
2025-01-28 20:36:32,460 INFO c.h.h.t.OperatorHelmChartContainer - [K3S] [cpu_manager.go:221] "Starting CPU manager" policy="none"
2025-01-28 20:36:32,460 INFO c.h.h.t.OperatorHelmChartContainer - [K3S] [cpu_manager.go:222] "Reconciling" reconcilePeriod="10s"
2025-01-28 20:36:32,460 INFO c.h.h.t.OperatorHelmChartContainer - [K3S] [state_mem.go:36] "Initialized new in-memory state store"
2025-01-28 20:36:32,466 INFO c.h.h.t.OperatorHelmChartContainer - [K3S] [policy_none.go:49] "None policy: Start"
2025-01-28 20:36:32,467 INFO c.h.h.t.OperatorHelmChartContainer - [K3S] [memory_manager.go:186] "Starting memorymanager" policy="None"
2025-01-28 20:36:32,467 INFO c.h.h.t.OperatorHelmChartContainer - [K3S] [state_mem.go:35] "Initializing new in-memory state store"
2025-01-28 20:36:32,467 INFO c.h.h.t.OperatorHelmChartContainer - [K3S] [kubelet_node_status.go:467] "Error getting the current node from lister" err="node \"12f8754bfade\" not found"
2025-01-28 20:36:32,473 INFO c.h.h.t.OperatorHelmChartContainer - [K3S] [manager.go:519] "Failed to read data from checkpoint" checkpoint="kubelet_internal_checkpoint" err="checkpoint is not found"
2025-01-28 20:36:32,473 INFO c.h.h.t.OperatorHelmChartContainer - [K3S] [eviction_manager.go:189] "Eviction manager: starting control loop"
2025-01-28 20:36:32,473 INFO c.h.h.t.OperatorHelmChartContainer - [K3S] [container_log_manager.go:189] "Initializing container log rotate workers" workers=1 monitorPeriod="10s"
2025-01-28 20:36:32,476 INFO c.h.h.t.OperatorHelmChartContainer - [K3S] [plugin_manager.go:118] "Starting Kubelet Plugin Manager"
2025-01-28 20:36:32,480 INFO c.h.h.t.OperatorHelmChartContainer - [K3S] [eviction_manager.go:267] "eviction manager: failed to check if we have separate container filesystem. Ignoring." err="no imagefs label for configured runtime"
2025-01-28 20:36:32,480 INFO c.h.h.t.OperatorHelmChartContainer - [K3S] [eviction_manager.go:292] "Eviction manager: failed to get summary stats" err="failed to get node info: node \"12f8754bfade\" not found"
2025-01-28 20:36:32,496 INFO c.h.h.t.OperatorHelmChartContainer - [K3S] [ERROR] Sending HTTP/1.1 503 response to 127.0.0.1:41768: runtime core not ready
2025-01-28 20:36:32,575 INFO c.h.h.t.OperatorHelmChartContainer - [K3S] [kubelet_node_status.go:76] "Attempting to register node" node="12f8754bfade"
2025-01-28 20:36:32,581 INFO c.h.h.t.OperatorHelmChartContainer - [K3S] [kubelet_node_status.go:79] "Successfully registered node" node="12f8754bfade"
2025-01-28 20:36:32,586 INFO c.h.h.t.OperatorHelmChartContainer - [K3S] [INFO] Annotations and labels have been set successfully on node: 12f8754bfade
2025-01-28 20:36:32,586 INFO c.h.h.t.OperatorHelmChartContainer - [K3S] [INFO] Starting flannel with backend vxlan
2025-01-28 20:36:32,599 INFO c.h.h.t.OperatorHelmChartContainer - [K3S] [INFO] Running kube-proxy --cluster-cidr=10.42.0.0/16 --conntrack-max-per-core=0 --conntrack-tcp-timeout-close-wait=0s --conntrack-tcp-timeout-established=0s --healthz-bind-address=127.0.0.1 --hostname-override=12f8754bfade --kubeconfig=/var/lib/rancher/k3s/agent/kubeproxy.kubeconfig --proxy-mode=iptables
2025-01-28 20:36:32,641 INFO c.h.h.t.OperatorHelmChartContainer - [K3S] [server.go:698] "Successfully retrieved node IP(s)" IPs=["172.17.0.3"]
2025-01-28 20:36:32,641 INFO c.h.h.t.OperatorHelmChartContainer - [K3S] [server.go:234] "Kube-proxy configuration may be incomplete or incorrect" err="nodePortAddresses is unset; NodePort connections will be accepted on all local IPs. Consider using `--nodeport-addresses primary`"
2025-01-28 20:36:32,644 INFO c.h.h.t.OperatorHelmChartContainer - [K3S] [server.go:243] "kube-proxy running in dual-stack mode" primary ipFamily="IPv4"
2025-01-28 20:36:32,644 INFO c.h.h.t.OperatorHelmChartContainer - [K3S] [server_linux.go:170] "Using iptables Proxier"
2025-01-28 20:36:32,645 INFO c.h.h.t.OperatorHelmChartContainer - [K3S] [proxier.go:255] "Setting route_localnet=1 to allow node-ports on localhost; to change this either disable iptables.localhostNodePorts (--iptables-localhost-nodeports) or set nodePortAddresses (--nodeport-addresses) to filter loopback addresses"
2025-01-28 20:36:32,650 INFO c.h.h.t.OperatorHelmChartContainer - [K3S] [server.go:497] "Version info" version="v1.32.0+k3s1"
2025-01-28 20:36:32,650 INFO c.h.h.t.OperatorHelmChartContainer - [K3S] [server.go:499] "Golang settings" GOGC="" GOMAXPROCS="" GOTRACEBACK=""
2025-01-28 20:36:32,652 INFO c.h.h.t.OperatorHelmChartContainer - [K3S] [config.go:199] "Starting service config controller"
2025-01-28 20:36:32,652 INFO c.h.h.t.OperatorHelmChartContainer - [K3S] [config.go:105] "Starting endpoint slice config controller"
2025-01-28 20:36:32,656 INFO c.h.h.t.OperatorHelmChartContainer - [K3S] [config.go:329] "Starting node config controller"
2025-01-28 20:36:32,787 INFO c.h.h.t.OperatorHelmChartContainer - [K3S] [kubelet_node_status.go:502] "Fast updating node status as it just became ready"
2025-01-28 20:36:32,793 INFO c.h.h.t.OperatorHelmChartContainer - [K3S] [INFO] Waiting for untainted node
2025-01-28 20:36:32,794 INFO c.h.h.t.OperatorHelmChartContainer - [K3S] [INFO] Kube API server is now running
2025-01-28 20:36:32,794 INFO c.h.h.t.OperatorHelmChartContainer - [K3S] [INFO] ETCD server is now running
2025-01-28 20:36:32,794 INFO c.h.h.t.OperatorHelmChartContainer - [K3S] [INFO] k3s is up and running
2025-01-28 20:36:32,794 INFO c.h.h.t.OperatorHelmChartContainer - [K3S] [INFO] Waiting for cloud-controller-manager privileges to become available
2025-01-28 20:36:32,796 INFO c.h.h.t.OperatorHelmChartContainer - [K3S] [INFO] Creating k3s-supervisor event broadcaster
2025-01-28 20:36:32,811 INFO c.h.h.t.OperatorHelmChartContainer - [K3S] [INFO] Applying CRD addons.k3s.cattle.io
2025-01-28 20:36:32,829 INFO c.h.h.t.OperatorHelmChartContainer - [K3S] [INFO] Applying CRD etcdsnapshotfiles.k3s.cattle.io
2025-01-28 20:36:32,921 INFO c.h.h.t.OperatorHelmChartContainer - [K3S] [INFO] Applying CRD helmcharts.helm.cattle.io
2025-01-28 20:36:32,935 INFO c.h.h.t.OperatorHelmChartContainer - [K3S] [INFO] Applying CRD helmchartconfigs.helm.cattle.io
2025-01-28 20:36:32,950 INFO c.h.h.t.OperatorHelmChartContainer - [K3S] [INFO] Waiting for CRD helmcharts.helm.cattle.io to become available
2025-01-28 20:36:33,200 INFO c.h.h.t.OperatorHelmChartContainer - [K3S] [serving.go:392] Generated self-signed cert in-memory
2025-01-28 20:36:33,344 INFO c.h.h.t.OperatorHelmChartContainer - [K3S] [apiserver.go:52] "Watching apiserver"
2025-01-28 20:36:33,369 INFO c.h.h.t.OperatorHelmChartContainer - [K3S] [desired_state_of_world_populator.go:157] "Finished populating initial desired state of world"
2025-01-28 20:36:33,407 INFO c.h.h.t.OperatorHelmChartContainer - [K3S] [controllermanager.go:185] "Starting" version="v1.32.0+k3s1"
2025-01-28 20:36:33,408 INFO c.h.h.t.OperatorHelmChartContainer - [K3S] [controllermanager.go:187] "Golang settings" GOGC="" GOMAXPROCS="" GOTRACEBACK=""
2025-01-28 20:36:33,411 INFO c.h.h.t.OperatorHelmChartContainer - [K3S] [requestheader_controller.go:180] Starting RequestHeaderAuthRequestController
2025-01-28 20:36:33,411 INFO c.h.h.t.OperatorHelmChartContainer - [K3S] [configmap_cafile_content.go:205] "Starting controller" name="client-ca::kube-system::extension-apiserver-authentication::client-ca-file"
2025-01-28 20:36:33,414 INFO c.h.h.t.OperatorHelmChartContainer - [K3S] [configmap_cafile_content.go:205] "Starting controller" name="client-ca::kube-system::extension-apiserver-authentication::requestheader-client-ca-file"
2025-01-28 20:36:33,414 INFO c.h.h.t.OperatorHelmChartContainer - [K3S] [secure_serving.go:213] Serving securely on 127.0.0.1:10257
2025-01-28 20:36:33,414 INFO c.h.h.t.OperatorHelmChartContainer - [K3S] [tlsconfig.go:243] "Starting DynamicServingCertificateController"
2025-01-28 20:36:33,423 INFO c.h.h.t.OperatorHelmChartContainer - [K3S] [controllermanager.go:765] "Started controller" controller="serviceaccount-token-controller"
2025-01-28 20:36:33,431 INFO c.h.h.t.OperatorHelmChartContainer - [K3S] [controllermanager.go:765] "Started controller" controller="endpoints-controller"
2025-01-28 20:36:33,431 INFO c.h.h.t.OperatorHelmChartContainer - [K3S] [endpoints_controller.go:182] "Starting endpoint controller"
2025-01-28 20:36:33,438 INFO c.h.h.t.OperatorHelmChartContainer - [K3S] [controllermanager.go:765] "Started controller" controller="persistentvolume-protection-controller"
2025-01-28 20:36:33,439 INFO c.h.h.t.OperatorHelmChartContainer - [K3S] [controllermanager.go:717] "Controller is disabled by a feature gate" controller="kube-apiserver-serving-clustertrustbundle-publisher-controller" requiredFeatureGates=["ClusterTrustBundle"]
2025-01-28 20:36:33,439 INFO c.h.h.t.OperatorHelmChartContainer - [K3S] [controllermanager.go:717] "Controller is disabled by a feature gate" controller="resourceclaim-controller" requiredFeatureGates=["DynamicResourceAllocation"]
2025-01-28 20:36:33,439 INFO c.h.h.t.OperatorHelmChartContainer - [K3S] [pv_protection_controller.go:81] "Starting PV protection controller"
2025-01-28 20:36:33,452 INFO c.h.h.t.OperatorHelmChartContainer - [K3S] [controllermanager.go:765] "Started controller" controller="garbage-collector-controller"
2025-01-28 20:36:33,454 INFO c.h.h.t.OperatorHelmChartContainer - [K3S] [graph_builder.go:351] "Running" component="GraphBuilder"
2025-01-28 20:36:33,457 INFO c.h.h.t.OperatorHelmChartContainer - [K3S] [INFO] Done waiting for CRD helmcharts.helm.cattle.io to become available
2025-01-28 20:36:33,457 INFO c.h.h.t.OperatorHelmChartContainer - [K3S] [INFO] Waiting for CRD helmchartconfigs.helm.cattle.io to become available
2025-01-28 20:36:33,464 INFO c.h.h.t.OperatorHelmChartContainer - [K3S] [controllermanager.go:765] "Started controller" controller="daemonset-controller"
2025-01-28 20:36:33,464 INFO c.h.h.t.OperatorHelmChartContainer - [K3S] [controllermanager.go:728] "Warning: controller is disabled" controller="bootstrap-signer-controller"
2025-01-28 20:36:33,464 INFO c.h.h.t.OperatorHelmChartContainer - [K3S] [daemon_controller.go:294] "Starting daemon sets controller"
2025-01-28 20:36:33,472 INFO c.h.h.t.OperatorHelmChartContainer - [K3S] [controllermanager.go:765] "Started controller" controller="ttl-after-finished-controller"
2025-01-28 20:36:33,473 INFO c.h.h.t.OperatorHelmChartContainer - [K3S] [ttlafterfinished_controller.go:112] "Starting TTL after finished controller"
2025-01-28 20:36:33,481 INFO c.h.h.t.OperatorHelmChartContainer - [K3S] [controllermanager.go:765] "Started controller" controller="persistentvolumeclaim-protection-controller"
2025-01-28 20:36:33,481 INFO c.h.h.t.OperatorHelmChartContainer - [K3S] [pvc_protection_controller.go:168] "Starting PVC protection controller"
2025-01-28 20:36:33,488 INFO c.h.h.t.OperatorHelmChartContainer - [K3S] [controllermanager.go:765] "Started controller" controller="ephemeral-volume-controller"
2025-01-28 20:36:33,488 INFO c.h.h.t.OperatorHelmChartContainer - [K3S] [controller.go:173] "Starting ephemeral volume controller"
2025-01-28 20:36:33,493 INFO c.h.h.t.OperatorHelmChartContainer - [K3S] [controllermanager.go:765] "Started controller" controller="legacy-serviceaccount-token-cleaner-controller"
2025-01-28 20:36:33,493 INFO c.h.h.t.OperatorHelmChartContainer - [K3S] [legacy_serviceaccount_token_cleaner.go:103] "Starting legacy service account token cleaner controller"
2025-01-28 20:36:33,498 INFO c.h.h.t.OperatorHelmChartContainer - [K3S] [controllermanager.go:765] "Started controller" controller="endpointslice-mirroring-controller"
2025-01-28 20:36:33,498 INFO c.h.h.t.OperatorHelmChartContainer - [K3S] [endpointslicemirroring_controller.go:227] "Starting EndpointSliceMirroring controller"
2025-01-28 20:36:33,623 INFO c.h.h.t.OperatorHelmChartContainer - [K3S] [controllermanager.go:765] "Started controller" controller="statefulset-controller"
2025-01-28 20:36:33,623 INFO c.h.h.t.OperatorHelmChartContainer - [K3S] [stateful_set.go:166] "Starting stateful set controller"
2025-01-28 20:36:33,773 INFO c.h.h.t.OperatorHelmChartContainer - [K3S] [controllermanager.go:765] "Started controller" controller="token-cleaner-controller"
2025-01-28 20:36:33,773 INFO c.h.h.t.OperatorHelmChartContainer - [K3S] [controllermanager.go:723] "Skipping a cloud provider controller" controller="service-lb-controller"
2025-01-28 20:36:33,773 INFO c.h.h.t.OperatorHelmChartContainer - [K3S] [tokencleaner.go:117] "Starting token cleaner controller"
2025-01-28 20:36:33,923 INFO c.h.h.t.OperatorHelmChartContainer - [K3S] [controllermanager.go:765] "Started controller" controller="persistentvolume-expander-controller"
2025-01-28 20:36:33,923 INFO c.h.h.t.OperatorHelmChartContainer - [K3S] [expand_controller.go:329] "Starting expand controller"
2025-01-28 20:36:33,959 INFO c.h.h.t.OperatorHelmChartContainer - [K3S] [INFO] Done waiting for CRD helmchartconfigs.helm.cattle.io to become available
2025-01-28 20:36:33,959 INFO c.h.h.t.OperatorHelmChartContainer - [K3S] [INFO] Writing static file: /var/lib/rancher/k3s/server/static/charts/traefik-27.0.201+up27.0.2.tgz
2025-01-28 20:36:33,960 INFO c.h.h.t.OperatorHelmChartContainer - [K3S] [INFO] Writing static file: /var/lib/rancher/k3s/server/static/charts/traefik-crd-27.0.201+up27.0.2.tgz
2025-01-28 20:36:33,961 INFO c.h.h.t.OperatorHelmChartContainer - [K3S] [INFO] Writing manifest: /var/lib/rancher/k3s/server/manifests/runtimes.yaml
2025-01-28 20:36:33,961 INFO c.h.h.t.OperatorHelmChartContainer - [K3S] [INFO] Writing manifest: /var/lib/rancher/k3s/server/manifests/ccm.yaml
2025-01-28 20:36:33,961 INFO c.h.h.t.OperatorHelmChartContainer - [K3S] [INFO] Writing manifest: /var/lib/rancher/k3s/server/manifests/metrics-server/resource-reader.yaml
2025-01-28 20:36:33,961 INFO c.h.h.t.OperatorHelmChartContainer - [K3S] [INFO] Writing manifest: /var/lib/rancher/k3s/server/manifests/rolebindings.yaml
2025-01-28 20:36:33,961 INFO c.h.h.t.OperatorHelmChartContainer - [K3S] [INFO] Writing manifest: /var/lib/rancher/k3s/server/manifests/metrics-server/auth-delegator.yaml
2025-01-28 20:36:33,961 INFO c.h.h.t.OperatorHelmChartContainer - [K3S] [INFO] Writing manifest: /var/lib/rancher/k3s/server/manifests/metrics-server/auth-reader.yaml
2025-01-28 20:36:33,961 INFO c.h.h.t.OperatorHelmChartContainer - [K3S] [INFO] Writing manifest: /var/lib/rancher/k3s/server/manifests/metrics-server/metrics-apiservice.yaml
2025-01-28 20:36:33,961 INFO c.h.h.t.OperatorHelmChartContainer - [K3S] [INFO] Writing manifest: /var/lib/rancher/k3s/server/manifests/metrics-server/metrics-server-deployment.yaml
2025-01-28 20:36:33,961 INFO c.h.h.t.OperatorHelmChartContainer - [K3S] [INFO] Writing manifest: /var/lib/rancher/k3s/server/manifests/metrics-server/metrics-server-service.yaml
2025-01-28 20:36:33,962 INFO c.h.h.t.OperatorHelmChartContainer - [K3S] [INFO] Writing manifest: /var/lib/rancher/k3s/server/manifests/coredns.yaml
2025-01-28 20:36:33,962 INFO c.h.h.t.OperatorHelmChartContainer - [K3S] [INFO] Writing manifest: /var/lib/rancher/k3s/server/manifests/local-storage.yaml
2025-01-28 20:36:33,962 INFO c.h.h.t.OperatorHelmChartContainer - [K3S] [INFO] Writing manifest: /var/lib/rancher/k3s/server/manifests/metrics-server/aggregated-metrics-reader.yaml
2025-01-28 20:36:33,963 INFO c.h.h.t.OperatorHelmChartContainer - [K3S] [INFO] Starting dynamiclistener CN filter node controller with SANs: [localhost 127.0.0.1 ::1 localhost 12f8754bfade 172.17.0.3 10.43.0.1 kubernetes kubernetes.default kubernetes.default.svc kubernetes.default.svc.cluster.local]
2025-01-28 20:36:33,963 INFO c.h.h.t.OperatorHelmChartContainer - [K3S] [INFO] Tunnel server egress proxy mode: agent
2025-01-28 20:36:34,068 INFO c.h.h.t.OperatorHelmChartContainer - [K3S] [INFO] Starting k3s.cattle.io/v1, Kind=Addon controller
2025-01-28 20:36:34,068 INFO c.h.h.t.OperatorHelmChartContainer - [K3S] [INFO] Creating deploy event broadcaster
2025-01-28 20:36:34,073 INFO c.h.h.t.OperatorHelmChartContainer - [K3S] [controllermanager.go:765] "Started controller" controller="clusterrole-aggregation-controller"
2025-01-28 20:36:34,073 INFO c.h.h.t.OperatorHelmChartContainer - [K3S] [controllermanager.go:717] "Controller is disabled by a feature gate" controller="volumeattributesclass-protection-controller" requiredFeatureGates=["VolumeAttributesClass"]
2025-01-28 20:36:34,073 INFO c.h.h.t.OperatorHelmChartContainer - [K3S] [controllermanager.go:723] "Skipping a cloud provider controller" controller="node-route-controller"
2025-01-28 20:36:34,073 INFO c.h.h.t.OperatorHelmChartContainer - [K3S] [clusterroleaggregation_controller.go:194] "Starting ClusterRoleAggregator controller"
2025-01-28 20:36:34,075 INFO c.h.h.t.OperatorHelmChartContainer - [K3S] [event.go:389] "Event occurred" object="kube-system/ccm" fieldPath="" kind="Addon" apiVersion="k3s.cattle.io/v1" type="Normal" reason="ApplyingManifest" message="Applying manifest at \"/var/lib/rancher/k3s/server/manifests/ccm.yaml\""
2025-01-28 20:36:34,096 INFO c.h.h.t.OperatorHelmChartContainer - [K3S] [event.go:389] "Event occurred" object="kube-system/ccm" fieldPath="" kind="Addon" apiVersion="k3s.cattle.io/v1" type="Normal" reason="AppliedManifest" message="Applied manifest at \"/var/lib/rancher/k3s/server/manifests/ccm.yaml\""
2025-01-28 20:36:34,106 INFO c.h.h.t.OperatorHelmChartContainer - [K3S] [event.go:389] "Event occurred" object="kube-system/coredns" fieldPath="" kind="Addon" apiVersion="k3s.cattle.io/v1" type="Normal" reason="ApplyingManifest" message="Applying manifest at \"/var/lib/rancher/k3s/server/manifests/coredns.yaml\""
2025-01-28 20:36:34,174 INFO c.h.h.t.OperatorHelmChartContainer - [K3S] [INFO] Starting /v1, Kind=Node controller
2025-01-28 20:36:34,174 INFO c.h.h.t.OperatorHelmChartContainer - [K3S] [INFO] Creating helm-controller event broadcaster
2025-01-28 20:36:34,186 INFO c.h.h.t.OperatorHelmChartContainer - [K3S] [INFO] Cluster dns configmap has been set successfully
2025-01-28 20:36:34,204 INFO c.h.h.t.OperatorHelmChartContainer - [K3S] [INFO] Labels and annotations have been set successfully on node: 12f8754bfade
2025-01-28 20:36:34,230 INFO c.h.h.t.OperatorHelmChartContainer - [K3S] [controllermanager.go:765] "Started controller" controller="endpointslice-controller"
2025-01-28 20:36:34,233 INFO c.h.h.t.OperatorHelmChartContainer - [K3S] [endpointslice_controller.go:281] "Starting endpoint slice controller"
2025-01-28 20:36:34,286 INFO c.h.h.t.OperatorHelmChartContainer - [K3S] [INFO] Starting helm.cattle.io/v1, Kind=HelmChart controller
2025-01-28 20:36:34,286 INFO c.h.h.t.OperatorHelmChartContainer - [K3S] [INFO] Starting helm.cattle.io/v1, Kind=HelmChartConfig controller
2025-01-28 20:36:34,290 INFO c.h.h.t.OperatorHelmChartContainer - [K3S] [INFO] Starting rbac.authorization.k8s.io/v1, Kind=ClusterRoleBinding controller
2025-01-28 20:36:34,293 INFO c.h.h.t.OperatorHelmChartContainer - [K3S] [INFO] Starting batch/v1, Kind=Job controller
2025-01-28 20:36:34,293 INFO c.h.h.t.OperatorHelmChartContainer - [K3S] [INFO] Starting /v1, Kind=ConfigMap controller
2025-01-28 20:36:34,293 INFO c.h.h.t.OperatorHelmChartContainer - [K3S] [INFO] Starting /v1, Kind=ServiceAccount controller
2025-01-28 20:36:34,293 INFO c.h.h.t.OperatorHelmChartContainer - [K3S] [INFO] Starting /v1, Kind=Secret controller
2025-01-28 20:36:34,311 INFO c.h.h.t.OperatorHelmChartContainer - [K3S] [alloc.go:330] "allocated clusterIPs" service="kube-system/kube-dns" clusterIPs={"IPv4":"10.43.0.10"}
2025-01-28 20:36:34,312 INFO c.h.h.t.OperatorHelmChartContainer - [K3S] [event.go:389] "Event occurred" object="kube-system/coredns" fieldPath="" kind="Addon" apiVersion="k3s.cattle.io/v1" type="Normal" reason="AppliedManifest" message="Applied manifest at \"/var/lib/rancher/k3s/server/manifests/coredns.yaml\""
2025-01-28 20:36:34,322 INFO c.h.h.t.OperatorHelmChartContainer - [K3S] [event.go:389] "Event occurred" object="kube-system/local-storage" fieldPath="" kind="Addon" apiVersion="k3s.cattle.io/v1" type="Normal" reason="ApplyingManifest" message="Applying manifest at \"/var/lib/rancher/k3s/server/manifests/local-storage.yaml\""
2025-01-28 20:36:34,412 INFO c.h.h.t.OperatorHelmChartContainer - [K3S] [event.go:389] "Event occurred" object="kube-system/local-storage" fieldPath="" kind="Addon" apiVersion="k3s.cattle.io/v1" type="Normal" reason="AppliedManifest" message="Applied manifest at \"/var/lib/rancher/k3s/server/manifests/local-storage.yaml\""
2025-01-28 20:36:34,418 INFO c.h.h.t.OperatorHelmChartContainer - [K3S] [event.go:389] "Event occurred" object="kube-system/aggregated-metrics-reader" fieldPath="" kind="Addon" apiVersion="k3s.cattle.io/v1" type="Normal" reason="ApplyingManifest" message="Applying manifest at \"/var/lib/rancher/k3s/server/manifests/metrics-server/aggregated-metrics-reader.yaml\""
2025-01-28 20:36:34,432 INFO c.h.h.t.OperatorHelmChartContainer - [K3S] [event.go:389] "Event occurred" object="kube-system/aggregated-metrics-reader" fieldPath="" kind="Addon" apiVersion="k3s.cattle.io/v1" type="Normal" reason="AppliedManifest" message="Applied manifest at \"/var/lib/rancher/k3s/server/manifests/metrics-server/aggregated-metrics-reader.yaml\""
2025-01-28 20:36:34,437 INFO c.h.h.t.OperatorHelmChartContainer - [K3S] [event.go:389] "Event occurred" object="kube-system/auth-delegator" fieldPath="" kind="Addon" apiVersion="k3s.cattle.io/v1" type="Normal" reason="ApplyingManifest" message="Applying manifest at \"/var/lib/rancher/k3s/server/manifests/metrics-server/auth-delegator.yaml\""
2025-01-28 20:36:34,491 INFO c.h.h.t.OperatorHelmChartContainer - [K3S] [event.go:389] "Event occurred" object="kube-system/auth-delegator" fieldPath="" kind="Addon" apiVersion="k3s.cattle.io/v1" type="Normal" reason="AppliedManifest" message="Applied manifest at \"/var/lib/rancher/k3s/server/manifests/metrics-server/auth-delegator.yaml\""
2025-01-28 20:36:34,499 INFO c.h.h.t.OperatorHelmChartContainer - [K3S] [event.go:389] "Event occurred" object="kube-system/auth-reader" fieldPath="" kind="Addon" apiVersion="k3s.cattle.io/v1" type="Normal" reason="ApplyingManifest" message="Applying manifest at \"/var/lib/rancher/k3s/server/manifests/metrics-server/auth-reader.yaml\""
2025-01-28 20:36:34,505 INFO c.h.h.t.OperatorHelmChartContainer - [K3S] [event.go:389] "Event occurred" object="kube-system/auth-reader" fieldPath="" kind="Addon" apiVersion="k3s.cattle.io/v1" type="Normal" reason="AppliedManifest" message="Applied manifest at \"/var/lib/rancher/k3s/server/manifests/metrics-server/auth-reader.yaml\""
2025-01-28 20:36:34,513 INFO c.h.h.t.OperatorHelmChartContainer - [K3S] [event.go:389] "Event occurred" object="kube-system/metrics-apiservice" fieldPath="" kind="Addon" apiVersion="k3s.cattle.io/v1" type="Normal" reason="ApplyingManifest" message="Applying manifest at \"/var/lib/rancher/k3s/server/manifests/metrics-server/metrics-apiservice.yaml\""
2025-01-28 20:36:34,525 INFO c.h.h.t.OperatorHelmChartContainer - [K3S] [event.go:389] "Event occurred" object="kube-system/metrics-apiservice" fieldPath="" kind="Addon" apiVersion="k3s.cattle.io/v1" type="Normal" reason="AppliedManifest" message="Applied manifest at \"/var/lib/rancher/k3s/server/manifests/metrics-server/metrics-apiservice.yaml\""
2025-01-28 20:36:34,528 INFO c.h.h.t.OperatorHelmChartContainer - [K3S] [handler_proxy.go:99] no RequestInfo found in the context
2025-01-28 20:36:34,528 INFO c.h.h.t.OperatorHelmChartContainer - [K3S] [controller.go:146] "Unhandled Error" err=<
2025-01-28 20:36:34,528 INFO c.h.h.t.OperatorHelmChartContainer - [K3S] 	, Header: map[Content-Type:[text/plain; charset=utf-8] X-Content-Type-Options:[nosniff]]
2025-01-28 20:36:34,528 INFO c.h.h.t.OperatorHelmChartContainer - [K3S]  >
2025-01-28 20:36:34,528 INFO c.h.h.t.OperatorHelmChartContainer - [K3S] [handler_proxy.go:143] error resolving kube-system/metrics-server: service "metrics-server" not found
2025-01-28 20:36:34,531 INFO c.h.h.t.OperatorHelmChartContainer - [K3S] [event.go:389] "Event occurred" object="kube-system/metrics-server-deployment" fieldPath="" kind="Addon" apiVersion="k3s.cattle.io/v1" type="Normal" reason="ApplyingManifest" message="Applying manifest at \"/var/lib/rancher/k3s/server/manifests/metrics-server/metrics-server-deployment.yaml\""
2025-01-28 20:36:34,536 INFO c.h.h.t.OperatorHelmChartContainer - [K3S] [controllermanager.go:765] "Started controller" controller="resourcequota-controller"
2025-01-28 20:36:34,538 INFO c.h.h.t.OperatorHelmChartContainer - [K3S] [resource_quota_controller.go:300] "Starting resource quota controller"
2025-01-28 20:36:34,542 INFO c.h.h.t.OperatorHelmChartContainer - [K3S] [event.go:389] "Event occurred" object="kube-system/metrics-server-deployment" fieldPath="" kind="Addon" apiVersion="k3s.cattle.io/v1" type="Normal" reason="AppliedManifest" message="Applied manifest at \"/var/lib/rancher/k3s/server/manifests/metrics-server/metrics-server-deployment.yaml\""
2025-01-28 20:36:34,548 INFO c.h.h.t.OperatorHelmChartContainer - [K3S] [event.go:389] "Event occurred" object="kube-system/metrics-server-service" fieldPath="" kind="Addon" apiVersion="k3s.cattle.io/v1" type="Normal" reason="ApplyingManifest" message="Applying manifest at \"/var/lib/rancher/k3s/server/manifests/metrics-server/metrics-server-service.yaml\""
2025-01-28 20:36:34,554 INFO c.h.h.t.OperatorHelmChartContainer - [K3S] [alloc.go:330] "allocated clusterIPs" service="kube-system/metrics-server" clusterIPs={"IPv4":"10.43.227.209"}
2025-01-28 20:36:34,555 INFO c.h.h.t.OperatorHelmChartContainer - [K3S] [event.go:389] "Event occurred" object="kube-system/metrics-server-service" fieldPath="" kind="Addon" apiVersion="k3s.cattle.io/v1" type="Normal" reason="AppliedManifest" message="Applied manifest at \"/var/lib/rancher/k3s/server/manifests/metrics-server/metrics-server-service.yaml\""
2025-01-28 20:36:34,557 INFO c.h.h.t.OperatorHelmChartContainer - [K3S] [handler_proxy.go:99] no RequestInfo found in the context
2025-01-28 20:36:34,558 INFO c.h.h.t.OperatorHelmChartContainer - [K3S] [controller.go:146] "Unhandled Error" err=<
2025-01-28 20:36:34,558 INFO c.h.h.t.OperatorHelmChartContainer - [K3S] 	, Header: map[Content-Type:[text/plain; charset=utf-8] X-Content-Type-Options:[nosniff]]
2025-01-28 20:36:34,558 INFO c.h.h.t.OperatorHelmChartContainer - [K3S]  >
2025-01-28 20:36:34,559 INFO c.h.h.t.OperatorHelmChartContainer - [K3S] [handler_proxy.go:143] error resolving kube-system/metrics-server: endpoints "metrics-server" not found
2025-01-28 20:36:34,563 INFO c.h.h.t.OperatorHelmChartContainer - [K3S] [event.go:389] "Event occurred" object="kube-system/resource-reader" fieldPath="" kind="Addon" apiVersion="k3s.cattle.io/v1" type="Normal" reason="ApplyingManifest" message="Applying manifest at \"/var/lib/rancher/k3s/server/manifests/metrics-server/resource-reader.yaml\""
2025-01-28 20:36:34,589 INFO c.h.h.t.OperatorHelmChartContainer - [K3S] [event.go:389] "Event occurred" object="kube-system/resource-reader" fieldPath="" kind="Addon" apiVersion="k3s.cattle.io/v1" type="Normal" reason="AppliedManifest" message="Applied manifest at \"/var/lib/rancher/k3s/server/manifests/metrics-server/resource-reader.yaml\""
2025-01-28 20:36:34,595 INFO c.h.h.t.OperatorHelmChartContainer - [K3S] [event.go:389] "Event occurred" object="kube-system/rolebindings" fieldPath="" kind="Addon" apiVersion="k3s.cattle.io/v1" type="Normal" reason="ApplyingManifest" message="Applying manifest at \"/var/lib/rancher/k3s/server/manifests/rolebindings.yaml\""
2025-01-28 20:36:34,618 INFO c.h.h.t.OperatorHelmChartContainer - [K3S] [INFO] Updating TLS secret for kube-system/k3s-serving (count: 10): map[listener.cattle.io/cn-10.43.0.1:10.43.0.1 listener.cattle.io/cn-127.0.0.1:127.0.0.1 listener.cattle.io/cn-12f8754bfade:12f8754bfade listener.cattle.io/cn-172.17.0.3:172.17.0.3 listener.cattle.io/cn-__1-f16284:::1 listener.cattle.io/cn-kubernetes:kubernetes listener.cattle.io/cn-kubernetes.default:kubernetes.default listener.cattle.io/cn-kubernetes.default.svc:kubernetes.default.svc listener.cattle.io/cn-kubernetes.default.svc.cluster.local:kubernetes.default.svc.cluster.local listener.cattle.io/cn-localhost:localhost listener.cattle.io/fingerprint:SHA1=0C17BE1C3F5729C262B00DACA93C19D997D9939A]
2025-01-28 20:36:34,621 INFO c.h.h.t.OperatorHelmChartContainer - [K3S] [INFO] Active TLS secret kube-system/k3s-serving (ver=316) (count 10): map[listener.cattle.io/cn-10.43.0.1:10.43.0.1 listener.cattle.io/cn-127.0.0.1:127.0.0.1 listener.cattle.io/cn-12f8754bfade:12f8754bfade listener.cattle.io/cn-172.17.0.3:172.17.0.3 listener.cattle.io/cn-__1-f16284:::1 listener.cattle.io/cn-kubernetes:kubernetes listener.cattle.io/cn-kubernetes.default:kubernetes.default listener.cattle.io/cn-kubernetes.default.svc:kubernetes.default.svc listener.cattle.io/cn-kubernetes.default.svc.cluster.local:kubernetes.default.svc.cluster.local listener.cattle.io/cn-localhost:localhost listener.cattle.io/fingerprint:SHA1=0C17BE1C3F5729C262B00DACA93C19D997D9939A]
2025-01-28 20:36:34,673 INFO c.h.h.t.OperatorHelmChartContainer - [K3S] [controllermanager.go:765] "Started controller" controller="replicaset-controller"
2025-01-28 20:36:34,673 INFO c.h.h.t.OperatorHelmChartContainer - [K3S] [replica_set.go:217] "Starting controller" name="replicaset"
2025-01-28 20:36:34,702 INFO c.h.h.t.OperatorHelmChartContainer - [K3S] [event.go:389] "Event occurred" object="kube-system/rolebindings" fieldPath="" kind="Addon" apiVersion="k3s.cattle.io/v1" type="Normal" reason="AppliedManifest" message="Applied manifest at \"/var/lib/rancher/k3s/server/manifests/rolebindings.yaml\""
2025-01-28 20:36:34,708 INFO c.h.h.t.OperatorHelmChartContainer - [K3S] [event.go:389] "Event occurred" object="kube-system/runtimes" fieldPath="" kind="Addon" apiVersion="k3s.cattle.io/v1" type="Normal" reason="ApplyingManifest" message="Applying manifest at \"/var/lib/rancher/k3s/server/manifests/runtimes.yaml\""
2025-01-28 20:36:34,715 INFO c.h.h.t.OperatorHelmChartContainer - [K3S] [INFO] Updating TLS secret for kube-system/k3s-serving (count: 10): map[listener.cattle.io/cn-10.43.0.1:10.43.0.1 listener.cattle.io/cn-127.0.0.1:127.0.0.1 listener.cattle.io/cn-12f8754bfade:12f8754bfade listener.cattle.io/cn-172.17.0.3:172.17.0.3 listener.cattle.io/cn-__1-f16284:::1 listener.cattle.io/cn-kubernetes:kubernetes listener.cattle.io/cn-kubernetes.default:kubernetes.default listener.cattle.io/cn-kubernetes.default.svc:kubernetes.default.svc listener.cattle.io/cn-kubernetes.default.svc.cluster.local:kubernetes.default.svc.cluster.local listener.cattle.io/cn-localhost:localhost listener.cattle.io/fingerprint:SHA1=0C17BE1C3F5729C262B00DACA93C19D997D9939A]
2025-01-28 20:36:34,736 INFO c.h.h.t.OperatorHelmChartContainer - [K3S] [event.go:389] "Event occurred" object="kube-system/runtimes" fieldPath="" kind="Addon" apiVersion="k3s.cattle.io/v1" type="Normal" reason="AppliedManifest" message="Applied manifest at \"/var/lib/rancher/k3s/server/manifests/runtimes.yaml\""
2025-01-28 20:36:34,823 INFO c.h.h.t.OperatorHelmChartContainer - [K3S] [controllermanager.go:765] "Started controller" controller="cronjob-controller"
2025-01-28 20:36:34,824 INFO c.h.h.t.OperatorHelmChartContainer - [K3S] [cronjob_controllerv2.go:145] "Starting cronjob controller v2"
2025-01-28 20:36:34,973 INFO c.h.h.t.OperatorHelmChartContainer - [K3S] [certificate_controller.go:120] "Starting certificate controller" name="csrsigning-kubelet-serving"
2025-01-28 20:36:34,974 INFO c.h.h.t.OperatorHelmChartContainer - [K3S] [certificate_controller.go:120] "Starting certificate controller" name="csrsigning-kubelet-client"
2025-01-28 20:36:34,974 INFO c.h.h.t.OperatorHelmChartContainer - [K3S] [dynamic_serving_content.go:135] "Starting controller" name="csr-controller::/var/lib/rancher/k3s/server/tls/server-ca.nochain.crt::/var/lib/rancher/k3s/server/tls/server-ca.key"
2025-01-28 20:36:34,974 INFO c.h.h.t.OperatorHelmChartContainer - [K3S] [certificate_controller.go:120] "Starting certificate controller" name="csrsigning-kube-apiserver-client"
2025-01-28 20:36:34,974 INFO c.h.h.t.OperatorHelmChartContainer - [K3S] [dynamic_serving_content.go:135] "Starting controller" name="csr-controller::/var/lib/rancher/k3s/server/tls/client-ca.nochain.crt::/var/lib/rancher/k3s/server/tls/client-ca.key"
2025-01-28 20:36:34,974 INFO c.h.h.t.OperatorHelmChartContainer - [K3S] [dynamic_serving_content.go:135] "Starting controller" name="csr-controller::/var/lib/rancher/k3s/server/tls/client-ca.nochain.crt::/var/lib/rancher/k3s/server/tls/client-ca.key"
2025-01-28 20:36:34,974 INFO c.h.h.t.OperatorHelmChartContainer - [K3S] [controllermanager.go:765] "Started controller" controller="certificatesigningrequest-signing-controller"
2025-01-28 20:36:34,974 INFO c.h.h.t.OperatorHelmChartContainer - [K3S] [certificate_controller.go:120] "Starting certificate controller" name="csrsigning-legacy-unknown"
2025-01-28 20:36:34,974 INFO c.h.h.t.OperatorHelmChartContainer - [K3S] [dynamic_serving_content.go:135] "Starting controller" name="csr-controller::/var/lib/rancher/k3s/server/tls/server-ca.nochain.crt::/var/lib/rancher/k3s/server/tls/server-ca.key"
2025-01-28 20:36:35,022 INFO c.h.h.t.OperatorHelmChartContainer - [K3S] [controllermanager.go:765] "Started controller" controller="certificatesigningrequest-approving-controller"
2025-01-28 20:36:35,022 INFO c.h.h.t.OperatorHelmChartContainer - [K3S] [certificate_controller.go:120] "Starting certificate controller" name="csrapproving"
2025-01-28 20:36:35,030 INFO c.h.h.t.OperatorHelmChartContainer - [K3S] [serving.go:392] Generated self-signed cert in-memory
2025-01-28 20:36:35,174 INFO c.h.h.t.OperatorHelmChartContainer - [K3S] [node_lifecycle_controller.go:432] "Controller will reconcile labels"
2025-01-28 20:36:35,174 INFO c.h.h.t.OperatorHelmChartContainer - [K3S] [controllermanager.go:765] "Started controller" controller="node-lifecycle-controller"
2025-01-28 20:36:35,174 INFO c.h.h.t.OperatorHelmChartContainer - [K3S] [controllermanager.go:723] "Skipping a cloud provider controller" controller="cloud-node-lifecycle-controller"
2025-01-28 20:36:35,174 INFO c.h.h.t.OperatorHelmChartContainer - [K3S] [controllermanager.go:717] "Controller is disabled by a feature gate" controller="storageversion-garbage-collector-controller" requiredFeatureGates=["APIServerIdentity","StorageVersionAPI"]
2025-01-28 20:36:35,175 INFO c.h.h.t.OperatorHelmChartContainer - [K3S] [node_lifecycle_controller.go:466] "Sending events to api server"
2025-01-28 20:36:35,175 INFO c.h.h.t.OperatorHelmChartContainer - [K3S] [node_lifecycle_controller.go:477] "Starting node controller"
2025-01-28 20:36:35,263 INFO c.h.h.t.OperatorHelmChartContainer - [K3S] [serving.go:392] Generated self-signed cert in-memory
2025-01-28 20:36:35,325 INFO c.h.h.t.OperatorHelmChartContainer - [K3S] [INFO] Tunnel authorizer set Kubelet Port 0.0.0.0:10250
2025-01-28 20:36:35,332 INFO c.h.h.t.OperatorHelmChartContainer - [K3S] [controllermanager.go:765] "Started controller" controller="pod-garbage-collector-controller"
2025-01-28 20:36:35,332 INFO c.h.h.t.OperatorHelmChartContainer - [K3S] [gc_controller.go:99] "Starting GC controller"
2025-01-28 20:36:35,474 INFO c.h.h.t.OperatorHelmChartContainer - [K3S] [controllermanager.go:765] "Started controller" controller="serviceaccount-controller"
2025-01-28 20:36:35,474 INFO c.h.h.t.OperatorHelmChartContainer - [K3S] [serviceaccounts_controller.go:114] "Starting service account controller"
2025-01-28 20:36:35,521 INFO c.h.h.t.OperatorHelmChartContainer - [K3S] [handler_proxy.go:99] no RequestInfo found in the context
2025-01-28 20:36:35,521 INFO c.h.h.t.OperatorHelmChartContainer - [K3S] [controller.go:102] "Unhandled Error" err=<
2025-01-28 20:36:35,521 INFO c.h.h.t.OperatorHelmChartContainer - [K3S] 	, Header: map[Content-Type:[text/plain; charset=utf-8] X-Content-Type-Options:[nosniff]]
2025-01-28 20:36:35,521 INFO c.h.h.t.OperatorHelmChartContainer - [K3S]  >
2025-01-28 20:36:35,521 INFO c.h.h.t.OperatorHelmChartContainer - [K3S] [handler_proxy.go:99] no RequestInfo found in the context
2025-01-28 20:36:35,587 INFO c.h.h.t.OperatorHelmChartContainer - [K3S] [controllermanager.go:160] Version: v1.32.0+k3s1
2025-01-28 20:36:35,590 INFO c.h.h.t.OperatorHelmChartContainer - [K3S] [requestheader_controller.go:180] Starting RequestHeaderAuthRequestController
2025-01-28 20:36:35,590 INFO c.h.h.t.OperatorHelmChartContainer - [K3S] [configmap_cafile_content.go:205] "Starting controller" name="client-ca::kube-system::extension-apiserver-authentication::client-ca-file"
2025-01-28 20:36:35,590 INFO c.h.h.t.OperatorHelmChartContainer - [K3S] [configmap_cafile_content.go:205] "Starting controller" name="client-ca::kube-system::extension-apiserver-authentication::requestheader-client-ca-file"
2025-01-28 20:36:35,590 INFO c.h.h.t.OperatorHelmChartContainer - [K3S] [secure_serving.go:213] Serving securely on 127.0.0.1:10258
2025-01-28 20:36:35,590 INFO c.h.h.t.OperatorHelmChartContainer - [K3S] [tlsconfig.go:243] "Starting DynamicServingCertificateController"
2025-01-28 20:36:35,596 INFO c.h.h.t.OperatorHelmChartContainer - [K3S] [INFO] Creating service-lb-controller event broadcaster
2025-01-28 20:36:35,623 INFO c.h.h.t.OperatorHelmChartContainer - [K3S] [controllermanager.go:765] "Started controller" controller="deployment-controller"
2025-01-28 20:36:35,624 INFO c.h.h.t.OperatorHelmChartContainer - [K3S] [deployment_controller.go:173] "Starting controller" controller="deployment"
2025-01-28 20:36:35,679 INFO c.h.h.t.OperatorHelmChartContainer - [K3S] [event.go:389] "Event occurred" object="12f8754bfade" fieldPath="" kind="Node" apiVersion="" type="Normal" reason="NodePasswordValidationComplete" message="Deferred node password secret validation complete"
2025-01-28 20:36:35,710 INFO c.h.h.t.OperatorHelmChartContainer - [K3S] [INFO] Starting /v1, Kind=Node controller
2025-01-28 20:36:35,712 INFO c.h.h.t.OperatorHelmChartContainer - [K3S] [INFO] Starting /v1, Kind=Pod controller
2025-01-28 20:36:35,715 INFO c.h.h.t.OperatorHelmChartContainer - [K3S] [INFO] Starting apps/v1, Kind=DaemonSet controller
2025-01-28 20:36:35,717 INFO c.h.h.t.OperatorHelmChartContainer - [K3S] [INFO] Starting discovery.k8s.io/v1, Kind=EndpointSlice controller
2025-01-28 20:36:35,718 INFO c.h.h.t.OperatorHelmChartContainer - [K3S] [controllermanager.go:329] Started "service-lb-controller"
2025-01-28 20:36:35,719 INFO c.h.h.t.OperatorHelmChartContainer - [K3S] [controllermanager.go:306] "node-route-controller" is disabled
2025-01-28 20:36:35,719 INFO c.h.h.t.OperatorHelmChartContainer - [K3S] [controller.go:234] Starting service controller
2025-01-28 20:36:35,719 INFO c.h.h.t.OperatorHelmChartContainer - [K3S] [controllermanager.go:329] Started "cloud-node-controller"
2025-01-28 20:36:35,721 INFO c.h.h.t.OperatorHelmChartContainer - [K3S] [node_controller.go:176] Sending events to api server.
2025-01-28 20:36:35,721 INFO c.h.h.t.OperatorHelmChartContainer - [K3S] [node_controller.go:185] Waiting for informer caches to sync
2025-01-28 20:36:35,721 INFO c.h.h.t.OperatorHelmChartContainer - [K3S] [controllermanager.go:329] Started "cloud-node-lifecycle-controller"
2025-01-28 20:36:35,721 INFO c.h.h.t.OperatorHelmChartContainer - [K3S] [node_lifecycle_controller.go:112] Sending events to api server
2025-01-28 20:36:35,819 INFO c.h.h.t.OperatorHelmChartContainer - [K3S] [node_controller.go:429] Initializing node 12f8754bfade with cloud provider
2025-01-28 20:36:35,823 INFO c.h.h.t.OperatorHelmChartContainer - [K3S] [node_controller.go:474] Successfully initialized node 12f8754bfade with cloud provider
2025-01-28 20:36:35,823 INFO c.h.h.t.OperatorHelmChartContainer - [K3S] [event.go:389] "Event occurred" object="12f8754bfade" fieldPath="" kind="Node" apiVersion="v1" type="Normal" reason="Synced" message="Node synced successfully"
2025-01-28 20:36:35,830 INFO c.h.h.t.OperatorHelmChartContainer - [K3S] [INFO] Updated coredns NodeHosts entry for 12f8754bfade
2025-01-28 20:36:35,922 INFO c.h.h.t.OperatorHelmChartContainer - [K3S] [controllermanager.go:765] "Started controller" controller="horizontal-pod-autoscaler-controller"
2025-01-28 20:36:35,923 INFO c.h.h.t.OperatorHelmChartContainer - [K3S] [horizontal.go:201] "Starting HPA controller"
2025-01-28 20:36:36,122 INFO c.h.h.t.OperatorHelmChartContainer - [K3S] [controllermanager.go:765] "Started controller" controller="disruption-controller"
2025-01-28 20:36:36,122 INFO c.h.h.t.OperatorHelmChartContainer - [K3S] [disruption.go:452] "Sending events to api server."
2025-01-28 20:36:36,122 INFO c.h.h.t.OperatorHelmChartContainer - [K3S] [disruption.go:463] "Starting disruption controller"
2025-01-28 20:36:36,149 INFO c.h.h.t.OperatorHelmChartContainer - [K3S] [serving.go:392] Generated self-signed cert in-memory
2025-01-28 20:36:36,273 INFO c.h.h.t.OperatorHelmChartContainer - [K3S] [controllermanager.go:765] "Started controller" controller="persistentvolume-binder-controller"
2025-01-28 20:36:36,274 INFO c.h.h.t.OperatorHelmChartContainer - [K3S] [pv_controller_base.go:308] "Starting persistent volume controller"
2025-01-28 20:36:36,324 INFO c.h.h.t.OperatorHelmChartContainer - [K3S] [INFO] Started tunnel to 172.17.0.3:6443
2025-01-28 20:36:36,324 INFO c.h.h.t.OperatorHelmChartContainer - [K3S] [INFO] Stopped tunnel to 127.0.0.1:6443
2025-01-28 20:36:36,324 INFO c.h.h.t.OperatorHelmChartContainer - [K3S] [INFO] Connecting to proxy" url="wss://172.17.0.3:6443/v1-k3s/connect
2025-01-28 20:36:36,324 INFO c.h.h.t.OperatorHelmChartContainer - [K3S] [INFO] Proxy done" err="context canceled" url="wss://127.0.0.1:6443/v1-k3s/connect
2025-01-28 20:36:36,324 INFO c.h.h.t.OperatorHelmChartContainer - [K3S] [INFO] error in remotedialer server [400]: websocket: close 1006 (abnormal closure): unexpected EOF
2025-01-28 20:36:36,326 INFO c.h.h.t.OperatorHelmChartContainer - [K3S] [INFO] Handling backend connection request [12f8754bfade]
2025-01-28 20:36:36,326 INFO c.h.h.t.OperatorHelmChartContainer - [K3S] [INFO] Remotedialer connected to proxy" url="wss://172.17.0.3:6443/v1-k3s/connect
2025-01-28 20:36:36,392 INFO c.h.h.t.OperatorHelmChartContainer - [K3S] [server.go:164] "Starting Kubernetes Scheduler" version="v1.32.0+k3s1"
2025-01-28 20:36:36,392 INFO c.h.h.t.OperatorHelmChartContainer - [K3S] [server.go:166] "Golang settings" GOGC="" GOMAXPROCS="" GOTRACEBACK=""
2025-01-28 20:36:36,394 INFO c.h.h.t.OperatorHelmChartContainer - [K3S] [requestheader_controller.go:180] Starting RequestHeaderAuthRequestController
2025-01-28 20:36:36,395 INFO c.h.h.t.OperatorHelmChartContainer - [K3S] [configmap_cafile_content.go:205] "Starting controller" name="client-ca::kube-system::extension-apiserver-authentication::client-ca-file"
2025-01-28 20:36:36,395 INFO c.h.h.t.OperatorHelmChartContainer - [K3S] [configmap_cafile_content.go:205] "Starting controller" name="client-ca::kube-system::extension-apiserver-authentication::requestheader-client-ca-file"
2025-01-28 20:36:36,396 INFO c.h.h.t.OperatorHelmChartContainer - [K3S] [secure_serving.go:213] Serving securely on 127.0.0.1:10259
2025-01-28 20:36:36,396 INFO c.h.h.t.OperatorHelmChartContainer - [K3S] [tlsconfig.go:243] "Starting DynamicServingCertificateController"
2025-01-28 20:36:36,423 INFO c.h.h.t.OperatorHelmChartContainer - [K3S] [controllermanager.go:765] "Started controller" controller="root-ca-certificate-publisher-controller"
2025-01-28 20:36:36,423 INFO c.h.h.t.OperatorHelmChartContainer - [K3S] [controllermanager.go:743] "Warning: skipping controller" controller="storage-version-migrator-controller"
2025-01-28 20:36:36,423 INFO c.h.h.t.OperatorHelmChartContainer - [K3S] [publisher.go:107] "Starting root CA cert publisher controller"
2025-01-28 20:36:36,573 INFO c.h.h.t.OperatorHelmChartContainer - [K3S] [controllermanager.go:765] "Started controller" controller="replicationcontroller-controller"
2025-01-28 20:36:36,573 INFO c.h.h.t.OperatorHelmChartContainer - [K3S] [replica_set.go:217] "Starting controller" name="replicationcontroller"
2025-01-28 20:36:36,827 INFO c.h.h.t.OperatorHelmChartContainer - [K3S] [controllermanager.go:765] "Started controller" controller="namespace-controller"
2025-01-28 20:36:36,827 INFO c.h.h.t.OperatorHelmChartContainer - [K3S] [namespace_controller.go:202] "Starting namespace controller"
2025-01-28 20:36:36,973 INFO c.h.h.t.OperatorHelmChartContainer - [K3S] [controllermanager.go:765] "Started controller" controller="job-controller"
[...]
2025-01-28 20:38:24,987 INFO c.h.h.t.OperatorHelmChartContainer - [test-hivemq-6ff45d747b] [hivemq] [425b76b6] DEBUG - Extension directory hivemq-postgresql-extension (/opt/hivemq/extensions/hivemq-postgresql-extension) satisfies all required file-system permissions.
2025-01-28 20:38:24,988 INFO c.h.h.t.OperatorHelmChartContainer - [test-hivemq-6ff45d747b] [hivemq] [425b76b6] DEBUG - Extension directory hivemq-mysql-extension (/opt/hivemq/extensions/hivemq-mysql-extension) satisfies all required file-system permissions.
2025-01-28 20:38:24,988 INFO c.h.h.t.OperatorHelmChartContainer - [test-hivemq-6ff45d747b] [hivemq] [425b76b6] DEBUG - Extension directory hivemq-mongodb-extension (/opt/hivemq/extensions/hivemq-mongodb-extension) satisfies all required file-system permissions.
2025-01-28 20:38:24,988 INFO c.h.h.t.OperatorHelmChartContainer - [test-hivemq-6ff45d747b] [hivemq] [425b76b6] DEBUG - Extension directory hivemq-data-lake-extension (/opt/hivemq/extensions/hivemq-data-lake-extension) satisfies all required file-system permissions.
2025-01-28 20:38:24,987 INFO c.h.h.t.OperatorHelmChartContainer - [test-hivemq-hivemq-operator] [operator] [3eae4e4e] |_|  |_|_|\___|_|  \___/|_| |_|\__,_|\__,_|\__|
2025-01-28 20:38:24,989 INFO c.h.h.t.OperatorHelmChartContainer - [test-hivemq-hivemq-operator] [operator] [3eae4e4e]   Micronaut (v3.5.2)
2025-01-28 20:38:24,989 INFO c.h.h.t.OperatorHelmChartContainer - [test-hivemq-hivemq-operator] [operator] [3eae4e4e] 
2025-01-28 20:38:24,989 INFO c.h.h.t.OperatorHelmChartContainer - [test-hivemq-hivemq-operator] [operator] [3eae4e4e] ?[36m20:37:00.435?[0;39m ?[1;30m[main]?[0;39m ?[34mINFO ?[0;39m ?[35mio.micronaut.runtime.Micronaut?[0;39m - Startup completed in 2361ms. Server Running: http://test-hivemq-hivemq-operator-operator-bc4cbf748-ckjbt:8443
2025-01-28 20:38:24,989 INFO c.h.h.t.OperatorHelmChartContainer - [test-hivemq-hivemq-operator] [operator] [3eae4e4e] ?[36m20:37:01.535?[0;39m ?[1;30m[main]?[0;39m ?[34mINFO ?[0;39m ?[35mcom.hivemq.Operator?[0;39m - Initializing HiveMQ operator
2025-01-28 20:38:24,989 INFO c.h.h.t.OperatorHelmChartContainer - [test-hivemq-hivemq-operator] [operator] [3eae4e4e] ?[36m20:37:02.625?[0;39m ?[1;30m[main]?[0;39m ?[34mINFO ?[0;39m ?[35mcom.hivemq.Operator?[0;39m - Operating from namespace 'default'
2025-01-28 20:38:24,989 INFO c.h.h.t.OperatorHelmChartContainer - [test-hivemq-hivemq-operator] [operator] [3eae4e4e] ?[36m20:37:02.729?[0;39m ?[1;30m[pool-3-thread-1]?[0;39m ?[34mINFO ?[0;39m ?[35mcom.hivemq.AbstractWatcher?[0;39m - CustomResource watcher running for kinds HiveMQCluster
2025-01-28 20:38:24,989 INFO c.h.h.t.OperatorHelmChartContainer - [test-hivemq-hivemq-operator] [operator] [3eae4e4e] ?[36m20:37:03.431?[0;39m ?[1;30m[main]?[0;39m ?[34mINFO ?[0;39m ?[35mcom.hivemq.Operator?[0;39m - Operator started in 1896ms
2025-01-28 20:38:24,989 INFO c.h.h.t.OperatorHelmChartContainer - [test-hivemq-hivemq-operator] [operator] [3eae4e4e] ?[36m20:37:03.763?[0;39m ?[1;30m[pool-3-thread-2]?[0;39m ?[34mINFO ?[0;39m ?[35mcom.hivemq.Operator?[0;39m - Syncing state for cluster 'test-hivemq' in namespace 'default'
2025-01-28 20:38:24,989 INFO c.h.h.t.OperatorHelmChartContainer - [test-hivemq-hivemq-operator] [operator] [3eae4e4e] ?[36m20:37:07.123?[0;39m ?[1;30m[pool-3-thread-7]?[0;39m ?[34mINFO ?[0;39m ?[35mcom.hivemq.Operator?[0;39m - Syncing state for cluster 'test-hivemq' in namespace 'default'
2025-01-28 20:38:24,989 INFO c.h.h.t.OperatorHelmChartContainer - [test-hivemq-hivemq-operator] [operator] [3eae4e4e] ?[36m20:37:07.863?[0;39m ?[1;30m[pool-3-thread-2]?[0;39m ?[34mINFO ?[0;39m ?[35mcom.hivemq.util.DeploymentUtil?[0;39m - Waiting for deployment test-hivemq to roll out...
2025-01-28 20:38:24,989 INFO c.h.h.t.OperatorHelmChartContainer - [test-hivemq-hivemq-operator] [operator] [3eae4e4e] ?[36m20:37:08.656?[0;39m ?[1;30m[pool-3-thread-7]?[0;39m ?[34mINFO ?[0;39m ?[35mcom.hivemq.util.DeploymentUtil?[0;39m - Waiting for deployment test-hivemq to roll out...
2025-01-28 20:38:24,989 INFO c.h.h.t.OperatorHelmChartContainer - [test-hivemq-hivemq-operator] [operator] [3eae4e4e] ?[36m20:38:24.557?[0;39m ?[1;30m[pool-3-thread-7]?[0;39m ?[34mINFO ?[0;39m ?[35mcom.hivemq.Operator?[0;39m - State synchronization complete for cluster 'test-hivemq' in namespace 'default' in 77434ms
2025-01-28 20:38:24,989 INFO c.h.h.t.OperatorHelmChartContainer - [test-hivemq-hivemq-operator] [operator] [3eae4e4e] ?[36m20:38:24.584?[0;39m ?[1;30m[pool-3-thread-2]?[0;39m ?[34mINFO ?[0;39m ?[35mcom.hivemq.Operator?[0;39m - State synchronization complete for cluster 'test-hivemq' in namespace 'default' in 80821ms
2025-01-28 20:38:24,989 INFO c.h.h.t.OperatorHelmChartContainer - [test-hivemq-6ff45d747b] [hivemq] [425b76b6] DEBUG - Extension directory hivemq-microsoft-sql-server-extension (/opt/hivemq/extensions/hivemq-microsoft-sql-server-extension) satisfies all required file-system permissions.
2025-01-28 20:38:24,989 INFO c.h.h.t.OperatorHelmChartContainer - [test-hivemq-6ff45d747b] [hivemq] [425b76b6] DEBUG - Temporary directory (/tmp) satisfies all required file-system permissions.
2025-01-28 20:38:24,989 INFO c.h.h.t.OperatorHelmChartContainer - [test-hivemq-6ff45d747b] [hivemq] [425b76b6] DEBUG - Heap dump directory (/opt/hivemq/dumps) satisfies all required file-system permissions.
2025-01-28 20:38:24,989 INFO c.h.h.t.OperatorHelmChartContainer - [test-hivemq-6ff45d747b] [hivemq] [425b76b6] DEBUG - Performed all sanity checks in 78ms. All sanity checks passed successfully.
2025-01-28 20:38:24,989 INFO c.h.h.t.OperatorHelmChartContainer - [test-hivemq-6ff45d747b] [hivemq] [425b76b6] INFO  - This node's ID is yiUn5
2025-01-28 20:38:24,990 INFO c.h.h.t.OperatorHelmChartContainer - [test-hivemq-6ff45d747b] [hivemq] [425b76b6] INFO  - Clustering is enabled
2025-01-28 20:38:24,990 INFO c.h.h.t.OperatorHelmChartContainer - [test-hivemq-6ff45d747b] [hivemq] [425b76b6] DEBUG - Configured WriteBufferManager with size for memtables 311023370 and for the block cache 466535055
2025-01-28 20:38:24,990 INFO c.h.h.t.OperatorHelmChartContainer - [test-hivemq-6ff45d747b] [hivemq] [425b76b6] DEBUG - Starting RocksDBMemoryUsageWatchdog.
2025-01-28 20:38:24,990 INFO c.h.h.t.OperatorHelmChartContainer - [test-hivemq-6ff45d747b] [hivemq] [425b76b6] DEBUG - RocksDBMemoryUsageWatchdog is running.
2025-01-28 20:38:24,990 INFO c.h.h.t.OperatorHelmChartContainer - [test-hivemq-6ff45d747b] [hivemq] [425b76b6] DEBUG - Folder /opt/hivemq/data/persistence does not exist, trying to create it
2025-01-28 20:38:24,990 INFO c.h.h.t.OperatorHelmChartContainer - [test-hivemq-6ff45d747b] [hivemq] [425b76b6] DEBUG - Created folder /opt/hivemq/data
2025-01-28 20:38:24,990 INFO c.h.h.t.OperatorHelmChartContainer - [test-hivemq-6ff45d747b] [hivemq] [425b76b6] DEBUG - Folder /opt/hivemq/data/persistence/publish_payload_store/040500_R does not exist, trying to create it
2025-01-28 20:38:24,990 INFO c.h.h.t.OperatorHelmChartContainer - [test-hivemq-6ff45d747b] [hivemq] [425b76b6] DEBUG - Folder /opt/hivemq/data/persistence/client_queue/042800_R does not exist, trying to create it
2025-01-28 20:38:24,990 INFO c.h.h.t.OperatorHelmChartContainer - [test-hivemq-6ff45d747b] [hivemq] [425b76b6] DEBUG - Folder /opt/hivemq/data/persistence/client_session_subscriptions/043200_R does not exist, trying to create it
2025-01-28 20:38:24,990 INFO c.h.h.t.OperatorHelmChartContainer - [test-hivemq-6ff45d747b] [hivemq] [425b76b6] DEBUG - Folder /opt/hivemq/data/persistence/client_session_store/040100_R does not exist, trying to create it
2025-01-28 20:38:24,990 INFO c.h.h.t.OperatorHelmChartContainer - [test-hivemq-6ff45d747b] [hivemq] [425b76b6] DEBUG - Folder /opt/hivemq/data/persistence/retained_messages/040800_R does not exist, trying to create it
2025-01-28 20:38:24,990 INFO c.h.h.t.OperatorHelmChartContainer - [test-hivemq-6ff45d747b] [hivemq] [425b76b6] DEBUG - Folder /opt/hivemq/data/persistence/attribute/043100_R does not exist, trying to create it
2025-01-28 20:38:24,990 INFO c.h.h.t.OperatorHelmChartContainer - [test-hivemq-6ff45d747b] [hivemq] [425b76b6] DEBUG - Folder /opt/hivemq/data/persistence/incoming_message_flow/043000_R does not exist, trying to create it
2025-01-28 20:38:24,990 INFO c.h.h.t.OperatorHelmChartContainer - [test-hivemq-6ff45d747b] [hivemq] [425b76b6] DEBUG - Folder /opt/hivemq/data/persistence/data_hub_modules/043000_R does not exist, trying to create it
2025-01-28 20:38:24,990 INFO c.h.h.t.OperatorHelmChartContainer - [test-hivemq-6ff45d747b] [hivemq] [425b76b6] DEBUG - Folder /opt/hivemq/data/persistence/data_hub_scripts/042300_R does not exist, trying to create it
2025-01-28 20:38:24,990 INFO c.h.h.t.OperatorHelmChartContainer - [test-hivemq-6ff45d747b] [hivemq] [425b76b6] DEBUG - Folder /opt/hivemq/data/persistence/data_hub_schemas/042000_R does not exist, trying to create it
2025-01-28 20:38:24,990 INFO c.h.h.t.OperatorHelmChartContainer - [test-hivemq-6ff45d747b] [hivemq] [425b76b6] DEBUG - Folder /opt/hivemq/data/persistence/data_hub_policies/042000_R does not exist, trying to create it
2025-01-28 20:38:24,990 INFO c.h.h.t.OperatorHelmChartContainer - [test-hivemq-6ff45d747b] [hivemq] [425b76b6] DEBUG - Diagnostic mode is disabled
2025-01-28 20:38:24,990 INFO c.h.h.t.OperatorHelmChartContainer - [test-hivemq-6ff45d747b] [hivemq] [425b76b6] INFO  - No valid license file found. Using trial license, restricted to 25 connections.
2025-01-28 20:38:24,990 INFO c.h.h.t.OperatorHelmChartContainer - [test-hivemq-6ff45d747b] [hivemq] [425b76b6] DEBUG - Native Epoll is available on this platform
2025-01-28 20:38:24,990 INFO c.h.h.t.OperatorHelmChartContainer - [test-hivemq-6ff45d747b] [hivemq] [425b76b6] DEBUG - Set extension executor thread pool size to 1
2025-01-28 20:38:24,990 INFO c.h.h.t.OperatorHelmChartContainer - [test-hivemq-6ff45d747b] [hivemq] [425b76b6] DEBUG - Set extension executor thread pool keep-alive to 30 seconds
2025-01-28 20:38:24,990 INFO c.h.h.t.OperatorHelmChartContainer - [test-hivemq-6ff45d747b] [hivemq] [425b76b6] DEBUG - initializing RSA key
2025-01-28 20:38:24,990 INFO c.h.h.t.OperatorHelmChartContainer - [test-hivemq-6ff45d747b] [hivemq] [425b76b6] DEBUG - finished initializing RSA key in 1395ms
2025-01-28 20:38:24,990 INFO c.h.h.t.OperatorHelmChartContainer - [test-hivemq-6ff45d747b] [hivemq] [425b76b6] DEBUG - Unable to provide size and free metrics for disk /dev/sda: Could not find the corresponding FileStore (OSHI/Java).
2025-01-28 20:38:24,990 INFO c.h.h.t.OperatorHelmChartContainer - [test-hivemq-6ff45d747b] [hivemq] [425b76b6] DEBUG - Unable to provide size and free metrics for disk /dev/sdb: Could not find the corresponding FileStore (OSHI/Java).
2025-01-28 20:38:24,990 INFO c.h.h.t.OperatorHelmChartContainer - [test-hivemq-6ff45d747b] [hivemq] [425b76b6] DEBUG - Throttling incoming traffic to 0 B/s
2025-01-28 20:38:24,990 INFO c.h.h.t.OperatorHelmChartContainer - [test-hivemq-6ff45d747b] [hivemq] [425b76b6] DEBUG - Throttling outgoing traffic to 0 B/s
2025-01-28 20:38:24,990 INFO c.h.h.t.OperatorHelmChartContainer - [test-hivemq-6ff45d747b] [hivemq] [425b76b6] INFO  - No valid license file for Data Hub found. Using free license, restricted to 1 policy.
2025-01-28 20:38:24,990 INFO c.h.h.t.OperatorHelmChartContainer - [test-hivemq-6ff45d747b] [hivemq] [425b76b6] DEBUG - Building initial topic tree
2025-01-28 20:38:24,990 INFO c.h.h.t.OperatorHelmChartContainer - [test-hivemq-6ff45d747b] [hivemq] [425b76b6] DEBUG - Started JMX Metrics Reporting.
2025-01-28 20:38:24,990 INFO c.h.h.t.OperatorHelmChartContainer - [test-hivemq-6ff45d747b] [hivemq] [425b76b6] DEBUG - Registered JVM metrics with prefix com.hivemq.jvm.
2025-01-28 20:38:24,990 INFO c.h.h.t.OperatorHelmChartContainer - [test-hivemq-6ff45d747b] [hivemq] [425b76b6] DEBUG - Registered HiveMQ Health API metrics.
2025-01-28 20:38:24,990 INFO c.h.h.t.OperatorHelmChartContainer - [test-hivemq-6ff45d747b] [hivemq] [425b76b6] INFO  - Audit Logger started.
2025-01-28 20:38:24,990 INFO c.h.h.t.OperatorHelmChartContainer - [test-hivemq-6ff45d747b] [hivemq] [425b76b6] INFO  - This node uses '1' CPU cores.
2025-01-28 20:38:24,990 INFO c.h.h.t.OperatorHelmChartContainer - [test-hivemq-6ff45d747b] [hivemq] [425b76b6] INFO  - Starting HiveMQ extension system.
2025-01-28 20:38:24,990 INFO c.h.h.t.OperatorHelmChartContainer - [test-hivemq-6ff45d747b] [hivemq] [425b76b6] INFO  - Starting extension with id "hivemq-dns-cluster-discovery" at /opt/hivemq/extensions/hivemq-dns-cluster-discovery
2025-01-28 20:38:24,990 INFO c.h.h.t.OperatorHelmChartContainer - [test-hivemq-6ff45d747b] [hivemq] [425b76b6] DEBUG - HiveMQ DNS Cluster Discovery Extension: No DNS server address was set in the configuration file or environment variable.
2025-01-28 20:38:24,990 INFO c.h.h.t.OperatorHelmChartContainer - [test-hivemq-6ff45d747b] [hivemq] [425b76b6] DEBUG - HiveMQ DNS Cluster Discovery Extension: No reload interval was set in the configuration file or environment variable. Defaulting to 30.
2025-01-28 20:38:24,990 INFO c.h.h.t.OperatorHelmChartContainer - [test-hivemq-6ff45d747b] [hivemq] [425b76b6] INFO  - Extension "DNS Cluster Discovery Extension" version 4.3.3 started successfully.
2025-01-28 20:38:24,990 INFO c.h.h.t.OperatorHelmChartContainer - [test-hivemq-6ff45d747b] [hivemq] [425b76b6] INFO  - Starting extension with id "hivemq-k8s-sync-extension" at /opt/hivemq/extensions/hivemq-k8s-sync-extension
2025-01-28 20:38:24,990 INFO c.h.h.t.OperatorHelmChartContainer - [test-hivemq-6ff45d747b] [hivemq] [425b76b6] INFO  - Using TCP cluster transport on address 10.42.0.7 and port 7000
2025-01-28 20:38:24,990 INFO c.h.h.t.OperatorHelmChartContainer - [test-hivemq-6ff45d747b] [hivemq] [425b76b6] INFO  - Using extension cluster discovery
2025-01-28 20:38:24,990 INFO c.h.h.t.OperatorHelmChartContainer - [test-hivemq-6ff45d747b] [hivemq] [425b76b6] DEBUG - Could not get configMap modification timestamp for source /hivemq-data/conf/..data, likely no ConfigMap mounted
2025-01-28 20:38:24,990 INFO c.h.h.t.OperatorHelmChartContainer - [test-hivemq-6ff45d747b] [hivemq] [425b76b6] DEBUG - Could not get configMap modification timestamp for source /hivemq-data/extensions/..data, likely no ConfigMap mounted
2025-01-28 20:38:24,990 INFO c.h.h.t.OperatorHelmChartContainer - [test-hivemq-6ff45d747b] [hivemq] [425b76b6] DEBUG - Could not get configMap modification timestamp for source /hivemq-data/bin/..data, likely no ConfigMap mounted
2025-01-28 20:38:24,990 INFO c.h.h.t.OperatorHelmChartContainer - [test-hivemq-6ff45d747b] [hivemq] [425b76b6] INFO  - Started HiveMQ Kubernetes State Synchronization Extension:1.0.3
2025-01-28 20:38:24,990 INFO c.h.h.t.OperatorHelmChartContainer - [test-hivemq-6ff45d747b] [hivemq] [425b76b6] INFO  - Extension "HiveMQ Kubernetes State Synchronization Extension" version 1.0.3 started successfully.
2025-01-28 20:38:24,990 INFO c.h.h.t.OperatorHelmChartContainer - [test-hivemq-6ff45d747b] [hivemq] [425b76b6] INFO  - Starting extension with id "hivemq-allow-all-extension" at /opt/hivemq/extensions/hivemq-allow-all-extension
2025-01-28 20:38:24,990 INFO c.h.h.t.OperatorHelmChartContainer - [test-hivemq-6ff45d747b] [hivemq] [425b76b6] WARN  - 
2025-01-28 20:38:24,990 INFO c.h.h.t.OperatorHelmChartContainer - [test-hivemq-6ff45d747b] [hivemq] [425b76b6] ################################################################################################################
2025-01-28 20:38:24,990 INFO c.h.h.t.OperatorHelmChartContainer - [test-hivemq-6ff45d747b] [hivemq] [425b76b6] # This HiveMQ deployment is not secure! You are lacking Authentication and Authorization.                      #
2025-01-28 20:38:24,990 INFO c.h.h.t.OperatorHelmChartContainer - [test-hivemq-6ff45d747b] [hivemq] [425b76b6] # Right now any MQTT client can connect to the broker with a full set of permissions.                          #
2025-01-28 20:38:24,990 INFO c.h.h.t.OperatorHelmChartContainer - [test-hivemq-6ff45d747b] [hivemq] [425b76b6] # For production usage, add an appropriate security extension and remove the hivemq-allow-all extension.       #
2025-01-28 20:38:24,990 INFO c.h.h.t.OperatorHelmChartContainer - [test-hivemq-6ff45d747b] [hivemq] [425b76b6] # You can download security extensions from the HiveMQ Marketplace (https://www.hivemq.com/extensions/).       #
2025-01-28 20:38:24,990 INFO c.h.h.t.OperatorHelmChartContainer - [test-hivemq-6ff45d747b] [hivemq] [425b76b6] ################################################################################################################
2025-01-28 20:38:24,990 INFO c.h.h.t.OperatorHelmChartContainer - [test-hivemq-6ff45d747b] [hivemq] [425b76b6] DEBUG - Simple authenticator added by extension 'hivemq-allow-all-extension'.
2025-01-28 20:38:24,990 INFO c.h.h.t.OperatorHelmChartContainer - [test-hivemq-6ff45d747b] [hivemq] [425b76b6] INFO  - Extension "Allow All Extension" version 1.1.1 started successfully.
2025-01-28 20:38:24,991 INFO c.h.h.t.OperatorHelmChartContainer - [test-hivemq-6ff45d747b] [hivemq] [425b76b6] DEBUG - HiveMQ DNS Cluster Discovery Extension: Discovered new address '10.42.0.7'.
2025-01-28 20:38:24,991 INFO c.h.h.t.OperatorHelmChartContainer - [test-hivemq-6ff45d747b] [hivemq] [425b76b6] INFO  - yiUn5: no members discovered after 2225 ms: creating cluster as first member
2025-01-28 20:38:24,991 INFO c.h.h.t.OperatorHelmChartContainer - [test-hivemq-6ff45d747b] [hivemq] [425b76b6] INFO  - Cluster nodes found by discovery: [yiUn5|0] (1) [yiUn5].
2025-01-28 20:38:24,991 INFO c.h.h.t.OperatorHelmChartContainer - [test-hivemq-6ff45d747b] [hivemq] [425b76b6] DEBUG - State of node yiUn5 changed to UNKNOWN was null. Current cluster node states: {yiUn5=UNKNOWN}
2025-01-28 20:38:24,991 INFO c.h.h.t.OperatorHelmChartContainer - [test-hivemq-6ff45d747b] [hivemq] [425b76b6] DEBUG - State of node yiUn5 set to RUNNING. Current cluster node states: {yiUn5=RUNNING}
2025-01-28 20:38:24,991 INFO c.h.h.t.OperatorHelmChartContainer - [test-hivemq-6ff45d747b] [hivemq] [425b76b6] WARN  - No user for HiveMQ Control Center configured. Starting with default user
2025-01-28 20:38:24,991 INFO c.h.h.t.OperatorHelmChartContainer - [test-hivemq-6ff45d747b] [hivemq] [425b76b6] INFO  - Starting HiveMQ Control Center on address 0.0.0.0 and port 8080
2025-01-28 20:38:24,994 INFO c.h.h.t.OperatorHelmChartContainer - [test-hivemq-6ff45d747b] [hivemq] [425b76b6] INFO  - Mounting HiveMQ Control Center V2 Preview
2025-01-28 20:38:24,995 INFO c.h.h.t.OperatorHelmChartContainer - [test-hivemq-6ff45d747b] [hivemq] [425b76b6] INFO  - Started HiveMQ Control Center in 1401ms
2025-01-28 20:38:24,995 INFO c.h.h.t.OperatorHelmChartContainer - [test-hivemq-6ff45d747b] [hivemq] [425b76b6] INFO  - Starting TCP listener on address 0.0.0.0 and port 1883
2025-01-28 20:38:24,995 INFO c.h.h.t.OperatorHelmChartContainer - [test-hivemq-6ff45d747b] [hivemq] [425b76b6] INFO  - Started TCP Listener on address 0.0.0.0 and on port 1883.
2025-01-28 20:38:24,995 INFO c.h.h.t.OperatorHelmChartContainer - [test-hivemq-6ff45d747b] [hivemq] [425b76b6] INFO  - Started HiveMQ in 25726ms
2025-01-28 20:38:25,561 INFO c.h.h.t.OperatorHelmChartContainer - Stopped log watcher for operator in pod test-hivemq-hivemq-operator-operator-bc4cbf748-ckjbt [3eae4e4e-1ac3-44dc-9e8a-f9a331cc0fb6]
2025-01-28 20:38:25,561 INFO c.h.h.t.OperatorHelmChartContainer - Stopped log watcher for hivemq in pod test-hivemq-6ff45d747b-hqxvd [425b76b6-71cc-443f-af2b-088d49ba152f]
2025-01-28 20:38:25,746 INFO c.h.h.t.OperatorHelmChartContainer - [K3S] 
2025-01-28 20:38:25,746 INFO c.h.h.t.OperatorHelmChartContainer - [K3S] 
]]></system-out>
  </testcase>
  <system-out><![CDATA[]]></system-out>
  <system-err><![CDATA[]]></system-err>
</testsuite>
