<?xml version="1.0" encoding="UTF-8"?>
<testsuite name="com.hivemq.helmcharts.monitoring.HelmMonitoringPlatformIT" tests="1" skipped="0" failures="0" errors="0" timestamp="2025-01-29T13:22:37" hostname="fv-az1384-73" time="229.696">
  <properties/>
  <testcase name="withPlatformMonitoringEnabled_metricsAndDashboardAvailable()" classname="com.hivemq.helmcharts.monitoring.HelmMonitoringPlatformIT" time="229.696">
    <system-out><![CDATA[2025-01-29 13:22:37,131 INFO c.h.h.t.HelmChartContainer - Creating namespace 'helmmonitoringplatformit-operator'...
2025-01-29 13:22:37,137 INFO c.h.h.t.HelmChartContainer - Namespace 'helmmonitoringplatformit-operator' created
2025-01-29 13:22:37,137 INFO c.h.h.t.HelmChartContainer - Creating namespace 'helmmonitoringplatformit'...
2025-01-29 13:22:37,239 INFO c.h.h.t.HelmChartContainer - Namespace 'helmmonitoringplatformit' created
2025-01-29 13:22:37,305 DEBUG c.h.h.t.HelmChartContainer - Executing helm command: /bin/helm --kubeconfig /etc/rancher/k3s/k3s.yaml install test-hivemq-platform-operator /charts/hivemq-platform-operator --wait --timeout 5m0s --set image.repository=docker.io/hivemq --set image.name=hivemq-platform-operator-test --set image.initImageName=hivemq-platform-operator-init-test --set image.tag=snapshot --set image.pullPolicy=Never --set logLevel=DEBUG --set resources.cpu=512m --namespace helmmonitoringplatformit-operator
2025-01-29 13:22:37,632 INFO c.h.h.t.HelmChartContainer - [K3S] [alloc.go:330] "allocated clusterIPs" service="helmmonitoringplatformit-operator/hivemq-platform-operator-test-hivemq-platform-operator" clusterIPs={"IPv4":"10.43.18.179"}
2025-01-29 13:22:37,648 INFO c.h.h.t.HelmChartContainer - [EVENT] Normal [ScalingReplicaSet] Scaled up replica set hivemq-test-hivemq-platform-operator-6966f96d65 from 0 to 1 [helmmonitoringplatformit-operator:hivemq-test-hivemq-platform-operator]
2025-01-29 13:22:37,653 INFO c.h.h.t.HelmChartContainer - [POD] hivemq-test-hivemq-platform-operator-6966f96d65-2vb2n [4f47a307-dbb7-4ce8-9a81-6759ab127bbb] in helmmonitoringplatformit-operator was ADDED
2025-01-29 13:22:37,660 INFO c.h.h.t.HelmChartContainer - [EVENT] Normal [SuccessfulCreate] Created pod: hivemq-test-hivemq-platform-operator-6966f96d65-2vb2n [helmmonitoringplatformit-operator:hivemq-test-hivemq-platform-operator-6966f96d65]
2025-01-29 13:22:37,661 INFO c.h.h.t.HelmChartContainer - [K3S] [memory_manager.go:355] "RemoveStaleState removing state" podUID="ab9c936e-b94d-43ef-ba64-6ebfc09f5a73" containerName="hivemq-platform-operator"
2025-01-29 13:22:37,664 INFO c.h.h.t.HelmChartContainer - [POD] hivemq-test-hivemq-platform-operator-6966f96d65-2vb2n [4f47a307-dbb7-4ce8-9a81-6759ab127bbb] in helmmonitoringplatformit-operator was MODIFIED
2025-01-29 13:22:37,664 INFO c.h.h.t.HelmChartContainer - [K3S] [memory_manager.go:355] "RemoveStaleState removing state" podUID="f8e0bf87-f3e3-49ef-8ad5-04f12c75bee2" containerName="hivemq"
2025-01-29 13:22:37,665 INFO c.h.h.t.HelmChartContainer - [K3S] [replica_set.go:679] "Finished syncing" kind="ReplicaSet" key="helmmonitoringplatformit-operator/hivemq-test-hivemq-platform-operator-6966f96d65" duration="18.715196ms"
2025-01-29 13:22:37,670 INFO c.h.h.t.HelmChartContainer - [EVENT] Normal [Scheduled] Successfully assigned helmmonitoringplatformit-operator/hivemq-test-hivemq-platform-operator-6966f96d65-2vb2n to 883e8926994f [helmmonitoringplatformit-operator:hivemq-test-hivemq-platform-operator-6966f96d65-2vb2n]
2025-01-29 13:22:37,681 INFO c.h.h.t.HelmChartContainer - [POD] hivemq-test-hivemq-platform-operator-6966f96d65-2vb2n [4f47a307-dbb7-4ce8-9a81-6759ab127bbb] in helmmonitoringplatformit-operator was MODIFIED
2025-01-29 13:22:37,682 INFO c.h.h.t.HelmChartContainer - [K3S] [replica_set.go:679] "Finished syncing" kind="ReplicaSet" key="helmmonitoringplatformit-operator/hivemq-test-hivemq-platform-operator-6966f96d65" duration="17.429524ms"
2025-01-29 13:22:37,694 INFO c.h.h.t.HelmChartContainer - [K3S] [replica_set.go:679] "Finished syncing" kind="ReplicaSet" key="helmmonitoringplatformit-operator/hivemq-test-hivemq-platform-operator-6966f96d65" duration="12.057557ms"
2025-01-29 13:22:37,695 INFO c.h.h.t.HelmChartContainer - [K3S] [replica_set.go:679] "Finished syncing" kind="ReplicaSet" key="helmmonitoringplatformit-operator/hivemq-test-hivemq-platform-operator-6966f96d65" duration="87.941µs"
2025-01-29 13:22:37,741 INFO c.h.h.t.HelmChartContainer - [K3S] [reconciler_common.go:251] "operationExecutor.VerifyControllerAttachedVolume started for volume \"kube-api-access-qg5bs\" (UniqueName: \"kubernetes.io/projected/4f47a307-dbb7-4ce8-9a81-6759ab127bbb-kube-api-access-qg5bs\") pod \"hivemq-test-hivemq-platform-operator-6966f96d65-2vb2n\" (UID: \"4f47a307-dbb7-4ce8-9a81-6759ab127bbb\") " pod="helmmonitoringplatformit-operator/hivemq-test-hivemq-platform-operator-6966f96d65-2vb2n"
2025-01-29 13:22:38,059 INFO c.h.h.t.HelmChartContainer - [EVENT] Normal [Pulled] Container image "docker.io/hivemq/hivemq-platform-operator-test:snapshot" already present on machine [helmmonitoringplatformit-operator:hivemq-test-hivemq-platform-operator-6966f96d65-2vb2n]
2025-01-29 13:22:38,059 INFO c.h.h.t.HelmChartContainer - Received Pulled event for container hivemq-platform-operator in pod hivemq-test-hivemq-platform-operator-6966f96d65-2vb2n [4f47a307-dbb7-4ce8-9a81-6759ab127bbb]
2025-01-29 13:22:39,314 INFO c.h.h.t.HelmChartContainer - [EVENT] Normal [Created] Created container: hivemq-platform-operator [helmmonitoringplatformit-operator:hivemq-test-hivemq-platform-operator-6966f96d65-2vb2n]
2025-01-29 13:22:39,314 INFO c.h.h.t.HelmChartContainer - Received Created event for container hivemq-platform-operator in pod hivemq-test-hivemq-platform-operator-6966f96d65-2vb2n [4f47a307-dbb7-4ce8-9a81-6759ab127bbb]
2025-01-29 13:22:39,533 INFO c.h.h.t.HelmChartContainer - [K3S] [replica_set.go:679] "Finished syncing" kind="ReplicaSet" key="helmmonitoringplatformit-operator/hivemq-test-hivemq-platform-operator-6966f96d65" duration="1.282186ms"
2025-01-29 13:22:39,534 INFO c.h.h.t.HelmChartContainer - [POD] hivemq-test-hivemq-platform-operator-6966f96d65-2vb2n [4f47a307-dbb7-4ce8-9a81-6759ab127bbb] in helmmonitoringplatformit-operator was MODIFIED
2025-01-29 13:22:39,547 INFO c.h.h.t.HelmChartContainer - Started log watcher for hivemq-platform-operator in pod hivemq-test-hivemq-platform-operator-6966f96d65-2vb2n [4f47a307-dbb7-4ce8-9a81-6759ab127bbb]
2025-01-29 13:22:39,547 INFO c.h.h.t.HelmChartContainer - [EVENT] Normal [Started] Started container hivemq-platform-operator [helmmonitoringplatformit-operator:hivemq-test-hivemq-platform-operator-6966f96d65-2vb2n]
2025-01-29 13:22:39,548 INFO c.h.h.t.HelmChartContainer - Received Started event for container hivemq-platform-operator in pod hivemq-test-hivemq-platform-operator-6966f96d65-2vb2n [4f47a307-dbb7-4ce8-9a81-6759ab127bbb]
2025-01-29 13:22:39,548 INFO c.h.h.t.HelmChartContainer - [hivemq-test-hivemq-platform] [hivemq-platform-operator] [4f47a307] -------------------------------------------------------------------------
2025-01-29 13:22:39,548 INFO c.h.h.t.HelmChartContainer - [hivemq-test-hivemq-platform] [hivemq-platform-operator] [4f47a307] 
2025-01-29 13:22:39,548 INFO c.h.h.t.HelmChartContainer - [hivemq-test-hivemq-platform] [hivemq-platform-operator] [4f47a307]                   _    _  _              __  __   ____
2025-01-29 13:22:39,548 INFO c.h.h.t.HelmChartContainer - [hivemq-test-hivemq-platform] [hivemq-platform-operator] [4f47a307]                  | |  | |(_)            |  \/  | / __ \
2025-01-29 13:22:39,548 INFO c.h.h.t.HelmChartContainer - [hivemq-test-hivemq-platform] [hivemq-platform-operator] [4f47a307]                  | |__| | _ __   __ ___ | \  / || |  | |
2025-01-29 13:22:39,548 INFO c.h.h.t.HelmChartContainer - [hivemq-test-hivemq-platform] [hivemq-platform-operator] [4f47a307]                  |  __  || |\ \ / // _ \| |\/| || |  | |
2025-01-29 13:22:39,548 INFO c.h.h.t.HelmChartContainer - [hivemq-test-hivemq-platform] [hivemq-platform-operator] [4f47a307]                  | |  | || | \ V /|  __/| |  | || |__| |
2025-01-29 13:22:39,548 INFO c.h.h.t.HelmChartContainer - [hivemq-test-hivemq-platform] [hivemq-platform-operator] [4f47a307]                  |_|  |_||_|  \_/  \___||_|  |_| \___\_\
2025-01-29 13:22:39,548 INFO c.h.h.t.HelmChartContainer - [hivemq-test-hivemq-platform] [hivemq-platform-operator] [4f47a307] 
2025-01-29 13:22:39,548 INFO c.h.h.t.HelmChartContainer - [hivemq-test-hivemq-platform] [hivemq-platform-operator] [4f47a307] -------------------------------------------------------------------------
2025-01-29 13:22:39,548 INFO c.h.h.t.HelmChartContainer - [hivemq-test-hivemq-platform] [hivemq-platform-operator] [4f47a307] 
2025-01-29 13:22:39,548 INFO c.h.h.t.HelmChartContainer - [hivemq-test-hivemq-platform] [hivemq-platform-operator] [4f47a307]   HiveMQ Platform Operator Start Script v1.0
2025-01-29 13:22:39,548 INFO c.h.h.t.HelmChartContainer - [hivemq-test-hivemq-platform] [hivemq-platform-operator] [4f47a307] 
2025-01-29 13:22:39,548 INFO c.h.h.t.HelmChartContainer - [hivemq-test-hivemq-platform] [hivemq-platform-operator] [4f47a307] -------------------------------------------------------------------------
2025-01-29 13:22:39,548 INFO c.h.h.t.HelmChartContainer - [hivemq-test-hivemq-platform] [hivemq-platform-operator] [4f47a307] 
2025-01-29 13:22:39,548 INFO c.h.h.t.HelmChartContainer - [hivemq-test-hivemq-platform] [hivemq-platform-operator] [4f47a307]   JAVA_OPTS: -XX:+UnlockExperimentalVMOptions -XX:InitialRAMPercentage=75 -XX:MaxRAMPercentage=75 -Duser.language=en -Duser.region=US
2025-01-29 13:22:39,548 INFO c.h.h.t.HelmChartContainer - [hivemq-test-hivemq-platform] [hivemq-platform-operator] [4f47a307] 
2025-01-29 13:22:39,548 INFO c.h.h.t.HelmChartContainer - [hivemq-test-hivemq-platform] [hivemq-platform-operator] [4f47a307]   JAVA_VERSION: 21
2025-01-29 13:22:39,548 INFO c.h.h.t.HelmChartContainer - [hivemq-test-hivemq-platform] [hivemq-platform-operator] [4f47a307] 
2025-01-29 13:22:39,548 INFO c.h.h.t.HelmChartContainer - [hivemq-test-hivemq-platform] [hivemq-platform-operator] [4f47a307] -------------------------------------------------------------------------
2025-01-29 13:22:39,548 INFO c.h.h.t.HelmChartContainer - [hivemq-test-hivemq-platform] [hivemq-platform-operator] [4f47a307] 
2025-01-29 13:22:42,611 INFO c.h.h.t.HelmChartContainer - [hivemq-test-hivemq-platform] [hivemq-platform-operator] [4f47a307] 13:22:42.608 [main] DEBUG org.jboss.logging - Logging Provider: org.jboss.logging.Slf4jLoggerProvider
2025-01-29 13:22:42,716 INFO c.h.h.t.HelmChartContainer - [hivemq-test-hivemq-platform] [hivemq-platform-operator] [4f47a307] 13:22:42.715 [main] DEBUG io.smallrye.config - SRCFG01006: Loaded ConfigSource SysPropConfigSource with ordinal 400
2025-01-29 13:22:42,716 INFO c.h.h.t.HelmChartContainer - [hivemq-test-hivemq-platform] [hivemq-platform-operator] [4f47a307] 13:22:42.715 [main] DEBUG io.smallrye.config - SRCFG01006: Loaded ConfigSource EnvConfigSource with ordinal 300
2025-01-29 13:22:42,716 INFO c.h.h.t.HelmChartContainer - [hivemq-test-hivemq-platform] [hivemq-platform-operator] [4f47a307] 13:22:42.715 [main] DEBUG io.smallrye.config - SRCFG01006: Loaded ConfigSource PropertiesConfigSource[source=jar:file:///opt/hivemq-platform-operator/bin/hivemq-platform-operator.jar!/hivemq-platform-operator.properties] with ordinal 100
2025-01-29 13:22:42,716 INFO c.h.h.t.HelmChartContainer - [hivemq-test-hivemq-platform] [hivemq-platform-operator] [4f47a307] 13:22:42.715 [main] DEBUG io.smallrye.config - SRCFG01006: Loaded ConfigSource DefaultValuesConfigSource with ordinal -2147483648
2025-01-29 13:22:42,823 INFO c.h.h.t.HelmChartContainer - [hivemq-test-hivemq-platform] [hivemq-platform-operator] [4f47a307] 13:22:42.823 [main] DEBUG i.m.c.u.i.l.InternalLoggerFactory - Using SLF4J as the default logging framework
2025-01-29 13:22:43,009 INFO c.h.h.t.HelmChartContainer - [hivemq-test-hivemq-platform] [hivemq-platform-operator] [4f47a307] 13:22:42.923 [main] INFO  c.h.p.o.HiveMQPlatformOperatorApplication - HiveMQ Platform Operator 1.7.0-SNAPSHOT (commit: bebf408 on branch: HEAD) built on Sun Jan 26 20:47:47 UTC 2025
2025-01-29 13:22:43,009 INFO c.h.h.t.HelmChartContainer - [hivemq-test-hivemq-platform] [hivemq-platform-operator] [4f47a307] 13:22:43.008 [main] INFO  c.h.p.o.HiveMQPlatformOperatorApplication - HiveMQ Platform Operator is running in namespace: helmmonitoringplatformit-operator
2025-01-29 13:22:43,009 INFO c.h.h.t.HelmChartContainer - [hivemq-test-hivemq-platform] [hivemq-platform-operator] [4f47a307] 13:22:43.008 [main] INFO  c.h.p.o.HiveMQPlatformOperatorApplication - Watching all namespaces
2025-01-29 13:22:43,009 INFO c.h.h.t.HelmChartContainer - [hivemq-test-hivemq-platform] [hivemq-platform-operator] [4f47a307] 13:22:43.008 [main] INFO  c.h.p.o.HiveMQPlatformOperatorApplication - Log level: DEBUG
2025-01-29 13:22:43,010 INFO c.h.h.t.HelmChartContainer - [hivemq-test-hivemq-platform] [hivemq-platform-operator] [4f47a307] 13:22:43.008 [main] INFO  c.h.p.o.HiveMQPlatformOperatorApplication - Release name: test-hivemq-platform-operator
2025-01-29 13:22:43,010 INFO c.h.h.t.HelmChartContainer - [hivemq-test-hivemq-platform] [hivemq-platform-operator] [4f47a307] 13:22:43.008 [main] INFO  c.h.p.o.HiveMQPlatformOperatorApplication - HiveMQ Platform Operator Init image: docker.io/hivemq/hivemq-platform-operator-init-test:snapshot
2025-01-29 13:22:43,011 INFO c.h.h.t.HelmChartContainer - [hivemq-test-hivemq-platform] [hivemq-platform-operator] [4f47a307] 13:22:43.008 [main] INFO  c.h.p.o.HiveMQPlatformOperatorApplication - HiveMQ Platform Operator Init App update URL: http://hivemq-platform-operator-test-hivemq-platform-operator.helmmonitoringplatformit-operator.svc:8080/initAppUpdate/hivemq-platform-operator-init-app-1.7.0-SNAPSHOT.jar
2025-01-29 13:22:43,011 INFO c.h.h.t.HelmChartContainer - [hivemq-test-hivemq-platform] [hivemq-platform-operator] [4f47a307] 13:22:43.008 [main] INFO  c.h.p.o.HiveMQPlatformOperatorApplication - Additional imagePullSecret for all Platform deployments: none
2025-01-29 13:22:43,011 INFO c.h.h.t.HelmChartContainer - [hivemq-test-hivemq-platform] [hivemq-platform-operator] [4f47a307] 13:22:43.008 [main] INFO  c.h.p.o.HiveMQPlatformOperatorApplication - Apply HiveMQ Platform CRD: true
2025-01-29 13:22:43,011 INFO c.h.h.t.HelmChartContainer - [hivemq-test-hivemq-platform] [hivemq-platform-operator] [4f47a307] 13:22:43.008 [main] INFO  c.h.p.o.HiveMQPlatformOperatorApplication - Create Platform ServiceAccount: true
2025-01-29 13:22:43,011 INFO c.h.h.t.HelmChartContainer - [hivemq-test-hivemq-platform] [hivemq-platform-operator] [4f47a307] 13:22:43.008 [main] INFO  c.h.p.o.HiveMQPlatformOperatorApplication - Create Platform ServiceAccount permissions: true
2025-01-29 13:22:43,011 INFO c.h.h.t.HelmChartContainer - [hivemq-test-hivemq-platform] [hivemq-platform-operator] [4f47a307] 13:22:43.008 [main] INFO  c.h.p.o.HiveMQPlatformOperatorApplication - Validate Platform ServiceAccount: true
2025-01-29 13:22:43,011 INFO c.h.h.t.HelmChartContainer - [hivemq-test-hivemq-platform] [hivemq-platform-operator] [4f47a307] 13:22:43.008 [main] INFO  c.h.p.o.HiveMQPlatformOperatorApplication - Validate Platform ServiceAccount permissions: true
2025-01-29 13:22:43,121 INFO c.h.h.t.HelmChartContainer - [hivemq-test-hivemq-platform] [hivemq-platform-operator] [4f47a307] 13:22:43.120 [main] INFO  c.h.platform.operator.util.CRDUtil - Verifying deployed HiveMQ Platform CRD...
2025-01-29 13:22:45,623 INFO c.h.h.t.HelmChartContainer - [hivemq-test-hivemq-platform] [hivemq-platform-operator] [4f47a307] 13:22:45.621 [main] DEBUG c.h.platform.operator.util.CRDUtil - HiveMQ Platform CRD version v1 is up to date
2025-01-29 13:22:45,623 INFO c.h.h.t.HelmChartContainer - [hivemq-test-hivemq-platform] [hivemq-platform-operator] [4f47a307] 13:22:45.622 [main] INFO  c.h.platform.operator.util.CRDUtil - HiveMQ Platform CRD is up to date (version: V1_6_0)
2025-01-29 13:22:45,624 INFO c.h.h.t.HelmChartContainer - [hivemq-test-hivemq-platform] [hivemq-platform-operator] [4f47a307] 13:22:45.622 [main] INFO  c.h.platform.operator.util.CRDUtil - Waiting 10000 ms for HiveMQ Platform CRD 'hivemq-platforms.hivemq.com' to become ready...
2025-01-29 13:22:46,017 INFO c.h.h.t.HelmChartContainer - [hivemq-test-hivemq-platform] [hivemq-platform-operator] [4f47a307] 13:22:46.016 [vert.x-eventloop-thread-1] DEBUG c.h.platform.operator.util.CRDUtil - Checking CRD condition 'NamesAccepted' (status: 'True')
2025-01-29 13:22:46,018 INFO c.h.h.t.HelmChartContainer - [hivemq-test-hivemq-platform] [hivemq-platform-operator] [4f47a307] 13:22:46.016 [vert.x-eventloop-thread-1] DEBUG c.h.platform.operator.util.CRDUtil - Checking CRD condition 'Established' (status: 'True')
2025-01-29 13:22:46,019 INFO c.h.h.t.HelmChartContainer - [hivemq-test-hivemq-platform] [hivemq-platform-operator] [4f47a307] 13:22:46.017 [main] INFO  c.h.platform.operator.util.CRDUtil - HiveMQ Platform CRD 'hivemq-platforms.hivemq.com' is ready
2025-01-29 13:22:46,216 INFO c.h.h.t.HelmChartContainer - [hivemq-test-hivemq-platform] [hivemq-platform-operator] [4f47a307] 13:22:46.215 [main] INFO  c.h.p.o.HiveMQPlatformReconciler - HiveMQ Platform Operator is starting...
2025-01-29 13:22:46,320 INFO c.h.h.t.HelmChartContainer - [hivemq-test-hivemq-platform] [hivemq-platform-operator] [4f47a307] 13:22:46.319 [main] WARN  Default ConfigurationService implementation - Configuration for reconciler 'hivemq-controller' was not found. Known reconcilers: None.
2025-01-29 13:22:46,328 INFO c.h.h.t.HelmChartContainer - [hivemq-test-hivemq-platform] [hivemq-platform-operator] [4f47a307] 13:22:46.327 [main] INFO  Default ConfigurationService implementation - Created configuration for reconciler com.hivemq.platform.operator.HiveMQPlatformReconciler with name hivemq-controller
2025-01-29 13:22:46,509 INFO c.h.h.t.HelmChartContainer - [hivemq-test-hivemq-platform] [hivemq-platform-operator] [4f47a307] 13:22:46.508 [main] DEBUG c.h.p.o.HiveMQPlatformReconciler - HiveMQ Platform Operator is preparing EventSources
2025-01-29 13:22:46,522 INFO c.h.h.t.HelmChartContainer - [hivemq-test-hivemq-platform] [hivemq-platform-operator] [4f47a307] 13:22:46.521 [main] INFO  i.javaoperatorsdk.operator.Operator - Registered reconciler: 'hivemq-controller' for resource: 'class com.hivemq.platform.operator.v1.HiveMQPlatform' for namespace(s): [all namespaces]
2025-01-29 13:22:47,218 INFO c.h.h.t.HelmChartContainer - [hivemq-test-hivemq-platform] [hivemq-platform-operator] [4f47a307] 13:22:47.217 [main] INFO  c.h.p.operator.webserver.JettyServer - Starting Jetty server on port 8080
2025-01-29 13:22:47,317 INFO c.h.h.t.HelmChartContainer - [hivemq-test-hivemq-platform] [hivemq-platform-operator] [4f47a307] 13:22:47.316 [main] INFO  i.javaoperatorsdk.operator.Operator - Operator SDK 4.9.7 (commit: 2133d28) built on Wed Nov 20 12:56:20 UTC 2024 starting...
2025-01-29 13:22:47,317 INFO c.h.h.t.HelmChartContainer - [hivemq-test-hivemq-platform] [hivemq-platform-operator] [4f47a307] 13:22:47.316 [main] INFO  i.javaoperatorsdk.operator.Operator - Client version: 6.13.4
2025-01-29 13:22:47,321 INFO c.h.h.t.HelmChartContainer - [hivemq-test-hivemq-platform] [hivemq-platform-operator] [4f47a307] 13:22:47.317 [Controller Starter for: hivemq-controller] INFO  i.j.operator.processing.Controller - Starting 'hivemq-controller' controller for reconciler: com.hivemq.platform.operator.HiveMQPlatformReconciler, resource: com.hivemq.platform.operator.v1.HiveMQPlatform
2025-01-29 13:22:49,820 INFO c.h.h.t.HelmChartContainer - [hivemq-test-hivemq-platform] [hivemq-platform-operator] [4f47a307] 13:22:49.819 [Controller Starter for: hivemq-controller] INFO  i.j.operator.processing.Controller - 'hivemq-controller' controller started
2025-01-29 13:22:49,821 INFO c.h.h.t.HelmChartContainer - [hivemq-test-hivemq-platform] [hivemq-platform-operator] [4f47a307] 13:22:49.819 [main] INFO  c.h.p.o.HiveMQPlatformOperatorApplication - HiveMQ Platform Operator 1.7.0-SNAPSHOT started in 6895 ms
2025-01-29 13:22:50,545 INFO c.h.h.t.HelmChartContainer - [POD] hivemq-test-hivemq-platform-operator-6966f96d65-2vb2n [4f47a307-dbb7-4ce8-9a81-6759ab127bbb] in helmmonitoringplatformit-operator was MODIFIED
2025-01-29 13:22:50,549 INFO c.h.h.t.HelmChartContainer - [K3S] [replica_set.go:679] "Finished syncing" kind="ReplicaSet" key="helmmonitoringplatformit-operator/hivemq-test-hivemq-platform-operator-6966f96d65" duration="10.412995ms"
2025-01-29 13:22:50,549 INFO c.h.h.t.HelmChartContainer - [K3S] [replica_set.go:679] "Finished syncing" kind="ReplicaSet" key="helmmonitoringplatformit-operator/hivemq-test-hivemq-platform-operator-6966f96d65" duration="34.224µs"
2025-01-29 13:22:52,001 DEBUG c.h.h.t.HelmChartContainer - Executing helm command: /bin/helm --kubeconfig /etc/rancher/k3s/k3s.yaml repo add prometheus-community https://prometheus-community.github.io/helm-charts
2025-01-29 13:22:52,533 DEBUG c.h.h.t.HelmChartContainer - Executing helm command: /bin/helm --kubeconfig /etc/rancher/k3s/k3s.yaml install monitoring-stack prometheus-community/kube-prometheus-stack --wait --timeout 5m0s --set prometheus-node-exporter.hostRootFsMount.enabled=false -n monitoring --create-namespace
2025-01-29 13:22:59,548 INFO c.h.h.t.HelmChartContainer - [K3S] [job_controller.go:598] "enqueueing job" key="monitoring/monitoring-stack-kube-prom-admission-create" delay="0s"
2025-01-29 13:22:59,565 INFO c.h.h.t.HelmChartContainer - [K3S] [job_controller.go:598] "enqueueing job" key="monitoring/monitoring-stack-kube-prom-admission-create" delay="1s"
2025-01-29 13:22:59,572 INFO c.h.h.t.HelmChartContainer - [POD] monitoring-stack-kube-prom-admission-create-fcqsj [9c63c210-86c1-4f20-8b1f-98ede0858c31] in monitoring was ADDED
2025-01-29 13:22:59,579 INFO c.h.h.t.HelmChartContainer - [POD] monitoring-stack-kube-prom-admission-create-fcqsj [9c63c210-86c1-4f20-8b1f-98ede0858c31] in monitoring was MODIFIED
2025-01-29 13:22:59,579 INFO c.h.h.t.HelmChartContainer - [K3S] [status_manager.go:890] "Failed to get status for pod" podUID="9c63c210-86c1-4f20-8b1f-98ede0858c31" pod="monitoring/monitoring-stack-kube-prom-admission-create-fcqsj" err="pods \"monitoring-stack-kube-prom-admission-create-fcqsj\" is forbidden: User \"system:node:883e8926994f\" cannot get resource \"pods\" in API group \"\" in the namespace \"monitoring\": no relationship found between node '883e8926994f' and this object"
2025-01-29 13:22:59,579 INFO c.h.h.t.HelmChartContainer - [K3S] [reflector.go:569] object-"monitoring"/"kube-root-ca.crt": failed to list *v1.ConfigMap: configmaps "kube-root-ca.crt" is forbidden: User "system:node:883e8926994f" cannot list resource "configmaps" in API group "" in the namespace "monitoring": no relationship found between node '883e8926994f' and this object
2025-01-29 13:22:59,579 INFO c.h.h.t.HelmChartContainer - [K3S] [reflector.go:166] "Unhandled Error" err="object-\"monitoring\"/\"kube-root-ca.crt\": Failed to watch *v1.ConfigMap: failed to list *v1.ConfigMap: configmaps \"kube-root-ca.crt\" is forbidden: User \"system:node:883e8926994f\" cannot list resource \"configmaps\" in API group \"\" in the namespace \"monitoring\": no relationship found between node '883e8926994f' and this object"
2025-01-29 13:22:59,579 INFO c.h.h.t.HelmChartContainer - [K3S] [job_controller.go:598] "enqueueing job" key="monitoring/monitoring-stack-kube-prom-admission-create" delay="1s"
2025-01-29 13:22:59,579 INFO c.h.h.t.HelmChartContainer - [K3S] [job_controller.go:598] "enqueueing job" key="monitoring/monitoring-stack-kube-prom-admission-create" delay="1s"
2025-01-29 13:22:59,585 INFO c.h.h.t.HelmChartContainer - [EVENT] Normal [SuccessfulCreate] Created pod: monitoring-stack-kube-prom-admission-create-fcqsj [monitoring:monitoring-stack-kube-prom-admission-create]
2025-01-29 13:22:59,587 INFO c.h.h.t.HelmChartContainer - [EVENT] Normal [Scheduled] Successfully assigned monitoring/monitoring-stack-kube-prom-admission-create-fcqsj to 883e8926994f [monitoring:monitoring-stack-kube-prom-admission-create-fcqsj]
2025-01-29 13:22:59,653 INFO c.h.h.t.HelmChartContainer - [K3S] [reconciler_common.go:251] "operationExecutor.VerifyControllerAttachedVolume started for volume \"kube-api-access-fg5md\" (UniqueName: \"kubernetes.io/projected/9c63c210-86c1-4f20-8b1f-98ede0858c31-kube-api-access-fg5md\") pod \"monitoring-stack-kube-prom-admission-create-fcqsj\" (UID: \"9c63c210-86c1-4f20-8b1f-98ede0858c31\") " pod="monitoring/monitoring-stack-kube-prom-admission-create-fcqsj"
2025-01-29 13:23:00,759 INFO c.h.h.t.HelmChartContainer - [K3S] [projected.go:288] Couldn't get configMap monitoring/kube-root-ca.crt: failed to sync configmap cache: timed out waiting for the condition
2025-01-29 13:23:00,760 INFO c.h.h.t.HelmChartContainer - [K3S] [projected.go:194] Error preparing data for projected volume kube-api-access-fg5md for pod monitoring/monitoring-stack-kube-prom-admission-create-fcqsj: failed to sync configmap cache: timed out waiting for the condition
2025-01-29 13:23:00,760 INFO c.h.h.t.HelmChartContainer - [K3S] [nestedpendingoperations.go:348] Operation for "{volumeName:kubernetes.io/projected/9c63c210-86c1-4f20-8b1f-98ede0858c31-kube-api-access-fg5md podName:9c63c210-86c1-4f20-8b1f-98ede0858c31 nodeName:}" failed. No retries permitted until 2025-01-29 13:23:01.259636213 +0000 UTC m=+251.882189167 (durationBeforeRetry 500ms). Error: MountVolume.SetUp failed for volume "kube-api-access-fg5md" (UniqueName: "kubernetes.io/projected/9c63c210-86c1-4f20-8b1f-98ede0858c31-kube-api-access-fg5md") pod "monitoring-stack-kube-prom-admission-create-fcqsj" (UID: "9c63c210-86c1-4f20-8b1f-98ede0858c31") : failed to sync configmap cache: timed out waiting for the condition
2025-01-29 13:23:00,763 INFO c.h.h.t.HelmChartContainer - [EVENT] Warning [FailedMount] MountVolume.SetUp failed for volume "kube-api-access-fg5md" : failed to sync configmap cache: timed out waiting for the condition [monitoring:monitoring-stack-kube-prom-admission-create-fcqsj]
2025-01-29 13:23:01,470 INFO c.h.h.t.HelmChartContainer - [EVENT] Normal [Pulling] Pulling image "registry.k8s.io/ingress-nginx/kube-webhook-certgen:v1.5.1" [monitoring:monitoring-stack-kube-prom-admission-create-fcqsj]
2025-01-29 13:23:02,165 INFO c.h.h.t.HelmChartContainer - [K3S] [job_controller.go:598] "enqueueing job" key="monitoring/monitoring-stack-kube-prom-admission-create" delay="1s"
2025-01-29 13:23:02,173 INFO c.h.h.t.HelmChartContainer - [POD] monitoring-stack-kube-prom-admission-create-fcqsj [9c63c210-86c1-4f20-8b1f-98ede0858c31] in monitoring was MODIFIED
2025-01-29 13:23:02,475 INFO c.h.h.t.HelmChartContainer - [EVENT] Normal [Pulled] Successfully pulled image "registry.k8s.io/ingress-nginx/kube-webhook-certgen:v1.5.1" in 1.005s (1.005s including waiting). Image size: 27079554 bytes. [monitoring:monitoring-stack-kube-prom-admission-create-fcqsj]
2025-01-29 13:23:02,482 INFO c.h.h.t.HelmChartContainer - [EVENT] Normal [Created] Created container: create [monitoring:monitoring-stack-kube-prom-admission-create-fcqsj]
2025-01-29 13:23:02,546 INFO c.h.h.t.HelmChartContainer - [EVENT] Normal [Started] Started container create [monitoring:monitoring-stack-kube-prom-admission-create-fcqsj]
2025-01-29 13:23:02,578 INFO c.h.h.t.HelmChartContainer - [K3S] [job_controller.go:598] "enqueueing job" key="monitoring/monitoring-stack-kube-prom-admission-create" delay="1s"
2025-01-29 13:23:02,578 INFO c.h.h.t.HelmChartContainer - [POD] monitoring-stack-kube-prom-admission-create-fcqsj [9c63c210-86c1-4f20-8b1f-98ede0858c31] in monitoring was MODIFIED
2025-01-29 13:23:03,168 INFO c.h.h.t.HelmChartContainer - [K3S] [job_controller.go:598] "enqueueing job" key="monitoring/monitoring-stack-kube-prom-admission-create" delay="1s"
2025-01-29 13:23:03,575 INFO c.h.h.t.HelmChartContainer - [K3S] [job_controller.go:598] "enqueueing job" key="monitoring/monitoring-stack-kube-prom-admission-create" delay="1s"
2025-01-29 13:23:03,576 INFO c.h.h.t.HelmChartContainer - [POD] monitoring-stack-kube-prom-admission-create-fcqsj [9c63c210-86c1-4f20-8b1f-98ede0858c31] in monitoring was MODIFIED
2025-01-29 13:23:04,172 INFO c.h.h.t.HelmChartContainer - [K3S] [job_controller.go:598] "enqueueing job" key="monitoring/monitoring-stack-kube-prom-admission-create" delay="1s"
2025-01-29 13:23:04,647 INFO c.h.h.t.HelmChartContainer - [POD] monitoring-stack-kube-prom-admission-create-fcqsj [9c63c210-86c1-4f20-8b1f-98ede0858c31] in monitoring was MODIFIED
2025-01-29 13:23:04,647 INFO c.h.h.t.HelmChartContainer - [K3S] [job_controller.go:598] "enqueueing job" key="monitoring/monitoring-stack-kube-prom-admission-create" delay="1s"
2025-01-29 13:23:04,784 INFO c.h.h.t.HelmChartContainer - [K3S] [reconciler_common.go:162] "operationExecutor.UnmountVolume started for volume \"kube-api-access-fg5md\" (UniqueName: \"kubernetes.io/projected/9c63c210-86c1-4f20-8b1f-98ede0858c31-kube-api-access-fg5md\") pod \"9c63c210-86c1-4f20-8b1f-98ede0858c31\" (UID: \"9c63c210-86c1-4f20-8b1f-98ede0858c31\") "
2025-01-29 13:23:04,885 INFO c.h.h.t.HelmChartContainer - [K3S] [reconciler_common.go:299] "Volume detached for volume \"kube-api-access-fg5md\" (UniqueName: \"kubernetes.io/projected/9c63c210-86c1-4f20-8b1f-98ede0858c31-kube-api-access-fg5md\") on node \"883e8926994f\" DevicePath \"\""
2025-01-29 13:23:05,177 INFO c.h.h.t.HelmChartContainer - [K3S] [job_controller.go:598] "enqueueing job" key="monitoring/monitoring-stack-kube-prom-admission-create" delay="1s"
2025-01-29 13:23:05,181 INFO c.h.h.t.HelmChartContainer - [K3S] [job_controller.go:598] "enqueueing job" key="monitoring/monitoring-stack-kube-prom-admission-create" delay="1s"
2025-01-29 13:23:05,182 INFO c.h.h.t.HelmChartContainer - [POD] monitoring-stack-kube-prom-admission-create-fcqsj [9c63c210-86c1-4f20-8b1f-98ede0858c31] in monitoring was MODIFIED
2025-01-29 13:23:05,186 INFO c.h.h.t.HelmChartContainer - [K3S] [watch.go:278] "Unhandled Error" err="http2: stream closed"
2025-01-29 13:23:05,189 INFO c.h.h.t.HelmChartContainer - [EVENT] Normal [Completed] Job completed [monitoring:monitoring-stack-kube-prom-admission-create]
2025-01-29 13:23:05,195 INFO c.h.h.t.HelmChartContainer - [K3S] [job_controller.go:598] "enqueueing job" key="monitoring/monitoring-stack-kube-prom-admission-create" delay="0s"
2025-01-29 13:23:05,203 INFO c.h.h.t.HelmChartContainer - [POD] monitoring-stack-kube-prom-admission-create-fcqsj [9c63c210-86c1-4f20-8b1f-98ede0858c31] in monitoring was MODIFIED
2025-01-29 13:23:05,209 INFO c.h.h.t.HelmChartContainer - [POD] monitoring-stack-kube-prom-admission-create-fcqsj [9c63c210-86c1-4f20-8b1f-98ede0858c31] in monitoring was DELETED
2025-01-29 13:23:05,371 INFO c.h.h.t.HelmChartContainer - [K3S] [alloc.go:330] "allocated clusterIPs" service="monitoring/monitoring-stack-kube-prom-prometheus" clusterIPs={"IPv4":"10.43.193.130"}
2025-01-29 13:23:05,384 INFO c.h.h.t.HelmChartContainer - [K3S] [alloc.go:330] "allocated clusterIPs" service="monitoring/monitoring-stack-kube-prom-operator" clusterIPs={"IPv4":"10.43.87.14"}
2025-01-29 13:23:05,391 INFO c.h.h.t.HelmChartContainer - [K3S] [alloc.go:330] "allocated clusterIPs" service="monitoring/monitoring-stack-kube-state-metrics" clusterIPs={"IPv4":"10.43.145.167"}
2025-01-29 13:23:05,404 INFO c.h.h.t.HelmChartContainer - [K3S] [alloc.go:330] "allocated clusterIPs" service="monitoring/monitoring-stack-prometheus-node-exporter" clusterIPs={"IPv4":"10.43.100.201"}
2025-01-29 13:23:05,414 INFO c.h.h.t.HelmChartContainer - [K3S] [alloc.go:330] "allocated clusterIPs" service="monitoring/monitoring-stack-kube-prom-alertmanager" clusterIPs={"IPv4":"10.43.145.82"}
2025-01-29 13:23:05,425 INFO c.h.h.t.HelmChartContainer - [K3S] [alloc.go:330] "allocated clusterIPs" service="monitoring/monitoring-stack-grafana" clusterIPs={"IPv4":"10.43.227.107"}
2025-01-29 13:23:05,456 INFO c.h.h.t.HelmChartContainer - [EVENT] Normal [ScalingReplicaSet] Scaled up replica set monitoring-stack-grafana-64c55fb967 from 0 to 1 [monitoring:monitoring-stack-grafana]
2025-01-29 13:23:05,462 INFO c.h.h.t.HelmChartContainer - [POD] monitoring-stack-prometheus-node-exporter-57dkh [b3fa7d1a-003f-4d1f-a0d8-185a23e5d2ad] in monitoring was ADDED
2025-01-29 13:23:05,462 INFO c.h.h.t.HelmChartContainer - [POD] monitoring-stack-kube-state-metrics-5bf5c7b54d-kjsq4 [aed6d8b3-075f-4584-8a59-45f9e8885ab3] in monitoring was ADDED
2025-01-29 13:23:05,466 INFO c.h.h.t.HelmChartContainer - [POD] monitoring-stack-grafana-64c55fb967-fkwf8 [edbabce9-2d5c-48a1-beb4-2b62ae30ff7c] in monitoring was ADDED
2025-01-29 13:23:05,469 INFO c.h.h.t.HelmChartContainer - [EVENT] Normal [SuccessfulCreate] Created pod: monitoring-stack-prometheus-node-exporter-57dkh [monitoring:monitoring-stack-prometheus-node-exporter]
2025-01-29 13:23:05,472 INFO c.h.h.t.HelmChartContainer - [EVENT] Normal [ScalingReplicaSet] Scaled up replica set monitoring-stack-kube-state-metrics-5bf5c7b54d from 0 to 1 [monitoring:monitoring-stack-kube-state-metrics]
2025-01-29 13:23:05,473 INFO c.h.h.t.HelmChartContainer - [EVENT] Normal [SuccessfulCreate] Created pod: monitoring-stack-grafana-64c55fb967-fkwf8 [monitoring:monitoring-stack-grafana-64c55fb967]
2025-01-29 13:23:05,474 INFO c.h.h.t.HelmChartContainer - [K3S] [memory_manager.go:355] "RemoveStaleState removing state" podUID="9c63c210-86c1-4f20-8b1f-98ede0858c31" containerName="create"
2025-01-29 13:23:05,474 INFO c.h.h.t.HelmChartContainer - [POD] monitoring-stack-kube-state-metrics-5bf5c7b54d-kjsq4 [aed6d8b3-075f-4584-8a59-45f9e8885ab3] in monitoring was MODIFIED
2025-01-29 13:23:05,479 INFO c.h.h.t.HelmChartContainer - [POD] monitoring-stack-prometheus-node-exporter-57dkh [b3fa7d1a-003f-4d1f-a0d8-185a23e5d2ad] in monitoring was MODIFIED
2025-01-29 13:23:05,487 INFO c.h.h.t.HelmChartContainer - [EVENT] Normal [Scheduled] Successfully assigned monitoring/monitoring-stack-kube-state-metrics-5bf5c7b54d-kjsq4 to 883e8926994f [monitoring:monitoring-stack-kube-state-metrics-5bf5c7b54d-kjsq4]
2025-01-29 13:23:05,495 INFO c.h.h.t.HelmChartContainer - [EVENT] Normal [Scheduled] Successfully assigned monitoring/monitoring-stack-prometheus-node-exporter-57dkh to 883e8926994f [monitoring:monitoring-stack-prometheus-node-exporter-57dkh]
2025-01-29 13:23:05,498 INFO c.h.h.t.HelmChartContainer - [EVENT] Normal [ScalingReplicaSet] Scaled up replica set monitoring-stack-kube-prom-operator-d77f8fd4c from 0 to 1 [monitoring:monitoring-stack-kube-prom-operator]
2025-01-29 13:23:05,498 INFO c.h.h.t.HelmChartContainer - [EVENT] Normal [SuccessfulCreate] Created pod: monitoring-stack-kube-state-metrics-5bf5c7b54d-kjsq4 [monitoring:monitoring-stack-kube-state-metrics-5bf5c7b54d]
2025-01-29 13:23:05,501 INFO c.h.h.t.HelmChartContainer - [POD] monitoring-stack-kube-prom-operator-d77f8fd4c-mk62x [3f1d7ff7-fa9c-47f3-bad8-3965ae04d5d4] in monitoring was ADDED
2025-01-29 13:23:05,503 INFO c.h.h.t.HelmChartContainer - [POD] monitoring-stack-grafana-64c55fb967-fkwf8 [edbabce9-2d5c-48a1-beb4-2b62ae30ff7c] in monitoring was MODIFIED
2025-01-29 13:23:05,515 INFO c.h.h.t.HelmChartContainer - [POD] monitoring-stack-kube-state-metrics-5bf5c7b54d-kjsq4 [aed6d8b3-075f-4584-8a59-45f9e8885ab3] in monitoring was MODIFIED
2025-01-29 13:23:05,520 INFO c.h.h.t.HelmChartContainer - [K3S] [replica_set.go:679] "Finished syncing" kind="ReplicaSet" key="monitoring/monitoring-stack-grafana-64c55fb967" duration="72.399253ms"
2025-01-29 13:23:05,523 INFO c.h.h.t.HelmChartContainer - [EVENT] Normal [Scheduled] Successfully assigned monitoring/monitoring-stack-grafana-64c55fb967-fkwf8 to 883e8926994f [monitoring:monitoring-stack-grafana-64c55fb967-fkwf8]
2025-01-29 13:23:05,528 INFO c.h.h.t.HelmChartContainer - [K3S] [replica_set.go:679] "Finished syncing" kind="ReplicaSet" key="monitoring/monitoring-stack-kube-state-metrics-5bf5c7b54d" duration="77.47193ms"
2025-01-29 13:23:05,538 INFO c.h.h.t.HelmChartContainer - [POD] monitoring-stack-kube-prom-operator-d77f8fd4c-mk62x [3f1d7ff7-fa9c-47f3-bad8-3965ae04d5d4] in monitoring was MODIFIED
2025-01-29 13:23:05,539 INFO c.h.h.t.HelmChartContainer - [K3S] [replica_set.go:679] "Finished syncing" kind="ReplicaSet" key="monitoring/monitoring-stack-kube-prom-operator-d77f8fd4c" duration="80.392331ms"
2025-01-29 13:23:05,540 INFO c.h.h.t.HelmChartContainer - [K3S] [replica_set.go:679] "Finished syncing" kind="ReplicaSet" key="monitoring/monitoring-stack-grafana-64c55fb967" duration="21.056036ms"
2025-01-29 13:23:05,542 INFO c.h.h.t.HelmChartContainer - [K3S] [replica_set.go:679] "Finished syncing" kind="ReplicaSet" key="monitoring/monitoring-stack-grafana-64c55fb967" duration="39.825µs"
2025-01-29 13:23:05,546 INFO c.h.h.t.HelmChartContainer - [K3S] [dispatcher.go:210] Failed calling webhook, failing open prometheusrulemutate.monitoring.coreos.com: failed calling webhook "prometheusrulemutate.monitoring.coreos.com": failed to call webhook: Post "https://monitoring-stack-kube-prom-operator.monitoring.svc:443/admission-prometheusrules/mutate?timeout=10s": no endpoints available for service "monitoring-stack-kube-prom-operator"
2025-01-29 13:23:05,546 INFO c.h.h.t.HelmChartContainer - [K3S] [dispatcher.go:214] "Unhandled Error" err="failed calling webhook \"prometheusrulemutate.monitoring.coreos.com\": failed to call webhook: Post \"https://monitoring-stack-kube-prom-operator.monitoring.svc:443/admission-prometheusrules/mutate?timeout=10s\": no endpoints available for service \"monitoring-stack-kube-prom-operator\""
2025-01-29 13:23:05,553 INFO c.h.h.t.HelmChartContainer - [K3S] [replica_set.go:679] "Finished syncing" kind="ReplicaSet" key="monitoring/monitoring-stack-kube-state-metrics-5bf5c7b54d" duration="25.241607ms"
2025-01-29 13:23:05,558 INFO c.h.h.t.HelmChartContainer - [EVENT] Normal [SuccessfulCreate] Created pod: monitoring-stack-kube-prom-operator-d77f8fd4c-mk62x [monitoring:monitoring-stack-kube-prom-operator-d77f8fd4c]
2025-01-29 13:23:05,560 INFO c.h.h.t.HelmChartContainer - [K3S] [dispatcher.go:210] Failed calling webhook, failing open prometheusrulemutate.monitoring.coreos.com: failed calling webhook "prometheusrulemutate.monitoring.coreos.com": failed to call webhook: Post "https://monitoring-stack-kube-prom-operator.monitoring.svc:443/admission-prometheusrules/mutate?timeout=10s": no endpoints available for service "monitoring-stack-kube-prom-operator"
2025-01-29 13:23:05,561 INFO c.h.h.t.HelmChartContainer - [K3S] [dispatcher.go:214] "Unhandled Error" err="failed calling webhook \"prometheusrulemutate.monitoring.coreos.com\": failed to call webhook: Post \"https://monitoring-stack-kube-prom-operator.monitoring.svc:443/admission-prometheusrules/mutate?timeout=10s\": no endpoints available for service \"monitoring-stack-kube-prom-operator\""
2025-01-29 13:23:05,565 INFO c.h.h.t.HelmChartContainer - [K3S] [dispatcher.go:210] Failed calling webhook, failing open prometheusrulemutate.monitoring.coreos.com: failed calling webhook "prometheusrulemutate.monitoring.coreos.com": failed to call webhook: Post "https://monitoring-stack-kube-prom-operator.monitoring.svc:443/admission-prometheusrules/mutate?timeout=10s": no endpoints available for service "monitoring-stack-kube-prom-operator"
2025-01-29 13:23:05,565 INFO c.h.h.t.HelmChartContainer - [K3S] [dispatcher.go:214] "Unhandled Error" err="failed calling webhook \"prometheusrulemutate.monitoring.coreos.com\": failed to call webhook: Post \"https://monitoring-stack-kube-prom-operator.monitoring.svc:443/admission-prometheusrules/mutate?timeout=10s\": no endpoints available for service \"monitoring-stack-kube-prom-operator\""
2025-01-29 13:23:05,569 INFO c.h.h.t.HelmChartContainer - [K3S] [dispatcher.go:210] Failed calling webhook, failing open prometheusrulemutate.monitoring.coreos.com: failed calling webhook "prometheusrulemutate.monitoring.coreos.com": failed to call webhook: Post "https://monitoring-stack-kube-prom-operator.monitoring.svc:443/admission-prometheusrules/mutate?timeout=10s": no endpoints available for service "monitoring-stack-kube-prom-operator"
2025-01-29 13:23:05,570 INFO c.h.h.t.HelmChartContainer - [K3S] [dispatcher.go:214] "Unhandled Error" err="failed calling webhook \"prometheusrulemutate.monitoring.coreos.com\": failed to call webhook: Post \"https://monitoring-stack-kube-prom-operator.monitoring.svc:443/admission-prometheusrules/mutate?timeout=10s\": no endpoints available for service \"monitoring-stack-kube-prom-operator\""
2025-01-29 13:23:05,570 INFO c.h.h.t.HelmChartContainer - [K3S] [dispatcher.go:210] Failed calling webhook, failing open prometheusrulemutate.monitoring.coreos.com: failed calling webhook "prometheusrulemutate.monitoring.coreos.com": failed to call webhook: Post "https://monitoring-stack-kube-prom-operator.monitoring.svc:443/admission-prometheusrules/mutate?timeout=10s": no endpoints available for service "monitoring-stack-kube-prom-operator"
2025-01-29 13:23:05,571 INFO c.h.h.t.HelmChartContainer - [K3S] [dispatcher.go:210] Failed calling webhook, failing open prometheusrulemutate.monitoring.coreos.com: failed calling webhook "prometheusrulemutate.monitoring.coreos.com": failed to call webhook: Post "https://monitoring-stack-kube-prom-operator.monitoring.svc:443/admission-prometheusrules/mutate?timeout=10s": no endpoints available for service "monitoring-stack-kube-prom-operator"
2025-01-29 13:23:05,571 INFO c.h.h.t.HelmChartContainer - [K3S] [dispatcher.go:214] "Unhandled Error" err="failed calling webhook \"prometheusrulemutate.monitoring.coreos.com\": failed to call webhook: Post \"https://monitoring-stack-kube-prom-operator.monitoring.svc:443/admission-prometheusrules/mutate?timeout=10s\": no endpoints available for service \"monitoring-stack-kube-prom-operator\""
2025-01-29 13:23:05,572 INFO c.h.h.t.HelmChartContainer - [K3S] [dispatcher.go:210] Failed calling webhook, failing open prometheusrulemutate.monitoring.coreos.com: failed calling webhook "prometheusrulemutate.monitoring.coreos.com": failed to call webhook: Post "https://monitoring-stack-kube-prom-operator.monitoring.svc:443/admission-prometheusrules/mutate?timeout=10s": no endpoints available for service "monitoring-stack-kube-prom-operator"
2025-01-29 13:23:05,573 INFO c.h.h.t.HelmChartContainer - [K3S] [dispatcher.go:214] "Unhandled Error" err="failed calling webhook \"prometheusrulemutate.monitoring.coreos.com\": failed to call webhook: Post \"https://monitoring-stack-kube-prom-operator.monitoring.svc:443/admission-prometheusrules/mutate?timeout=10s\": no endpoints available for service \"monitoring-stack-kube-prom-operator\""
2025-01-29 13:23:05,574 INFO c.h.h.t.HelmChartContainer - [K3S] [dispatcher.go:214] "Unhandled Error" err="failed calling webhook \"prometheusrulemutate.monitoring.coreos.com\": failed to call webhook: Post \"https://monitoring-stack-kube-prom-operator.monitoring.svc:443/admission-prometheusrules/mutate?timeout=10s\": no endpoints available for service \"monitoring-stack-kube-prom-operator\""
2025-01-29 13:23:05,577 INFO c.h.h.t.HelmChartContainer - [EVENT] Normal [Scheduled] Successfully assigned monitoring/monitoring-stack-kube-prom-operator-d77f8fd4c-mk62x to 883e8926994f [monitoring:monitoring-stack-kube-prom-operator-d77f8fd4c-mk62x]
2025-01-29 13:23:05,581 INFO c.h.h.t.HelmChartContainer - [K3S] [dispatcher.go:210] Failed calling webhook, failing open prometheusrulemutate.monitoring.coreos.com: failed calling webhook "prometheusrulemutate.monitoring.coreos.com": failed to call webhook: Post "https://monitoring-stack-kube-prom-operator.monitoring.svc:443/admission-prometheusrules/mutate?timeout=10s": no endpoints available for service "monitoring-stack-kube-prom-operator"
2025-01-29 13:23:05,581 INFO c.h.h.t.HelmChartContainer - [K3S] [dispatcher.go:214] "Unhandled Error" err="failed calling webhook \"prometheusrulemutate.monitoring.coreos.com\": failed to call webhook: Post \"https://monitoring-stack-kube-prom-operator.monitoring.svc:443/admission-prometheusrules/mutate?timeout=10s\": no endpoints available for service \"monitoring-stack-kube-prom-operator\""
2025-01-29 13:23:05,596 INFO c.h.h.t.HelmChartContainer - [K3S] [reconciler_common.go:251] "operationExecutor.VerifyControllerAttachedVolume started for volume \"kube-api-access-q5bcz\" (UniqueName: \"kubernetes.io/projected/aed6d8b3-075f-4584-8a59-45f9e8885ab3-kube-api-access-q5bcz\") pod \"monitoring-stack-kube-state-metrics-5bf5c7b54d-kjsq4\" (UID: \"aed6d8b3-075f-4584-8a59-45f9e8885ab3\") " pod="monitoring/monitoring-stack-kube-state-metrics-5bf5c7b54d-kjsq4"
2025-01-29 13:23:05,597 INFO c.h.h.t.HelmChartContainer - [K3S] [reconciler_common.go:251] "operationExecutor.VerifyControllerAttachedVolume started for volume \"proc\" (UniqueName: \"kubernetes.io/host-path/b3fa7d1a-003f-4d1f-a0d8-185a23e5d2ad-proc\") pod \"monitoring-stack-prometheus-node-exporter-57dkh\" (UID: \"b3fa7d1a-003f-4d1f-a0d8-185a23e5d2ad\") " pod="monitoring/monitoring-stack-prometheus-node-exporter-57dkh"
2025-01-29 13:23:05,597 INFO c.h.h.t.HelmChartContainer - [K3S] [reconciler_common.go:251] "operationExecutor.VerifyControllerAttachedVolume started for volume \"config\" (UniqueName: \"kubernetes.io/configmap/edbabce9-2d5c-48a1-beb4-2b62ae30ff7c-config\") pod \"monitoring-stack-grafana-64c55fb967-fkwf8\" (UID: \"edbabce9-2d5c-48a1-beb4-2b62ae30ff7c\") " pod="monitoring/monitoring-stack-grafana-64c55fb967-fkwf8"
2025-01-29 13:23:05,597 INFO c.h.h.t.HelmChartContainer - [K3S] [reconciler_common.go:251] "operationExecutor.VerifyControllerAttachedVolume started for volume \"storage\" (UniqueName: \"kubernetes.io/empty-dir/edbabce9-2d5c-48a1-beb4-2b62ae30ff7c-storage\") pod \"monitoring-stack-grafana-64c55fb967-fkwf8\" (UID: \"edbabce9-2d5c-48a1-beb4-2b62ae30ff7c\") " pod="monitoring/monitoring-stack-grafana-64c55fb967-fkwf8"
2025-01-29 13:23:05,597 INFO c.h.h.t.HelmChartContainer - [K3S] [reconciler_common.go:251] "operationExecutor.VerifyControllerAttachedVolume started for volume \"sc-dashboard-provider\" (UniqueName: \"kubernetes.io/configmap/edbabce9-2d5c-48a1-beb4-2b62ae30ff7c-sc-dashboard-provider\") pod \"monitoring-stack-grafana-64c55fb967-fkwf8\" (UID: \"edbabce9-2d5c-48a1-beb4-2b62ae30ff7c\") " pod="monitoring/monitoring-stack-grafana-64c55fb967-fkwf8"
2025-01-29 13:23:05,597 INFO c.h.h.t.HelmChartContainer - [K3S] [reconciler_common.go:251] "operationExecutor.VerifyControllerAttachedVolume started for volume \"sc-datasources-volume\" (UniqueName: \"kubernetes.io/empty-dir/edbabce9-2d5c-48a1-beb4-2b62ae30ff7c-sc-datasources-volume\") pod \"monitoring-stack-grafana-64c55fb967-fkwf8\" (UID: \"edbabce9-2d5c-48a1-beb4-2b62ae30ff7c\") " pod="monitoring/monitoring-stack-grafana-64c55fb967-fkwf8"
2025-01-29 13:23:05,597 INFO c.h.h.t.HelmChartContainer - [K3S] [reconciler_common.go:251] "operationExecutor.VerifyControllerAttachedVolume started for volume \"sys\" (UniqueName: \"kubernetes.io/host-path/b3fa7d1a-003f-4d1f-a0d8-185a23e5d2ad-sys\") pod \"monitoring-stack-prometheus-node-exporter-57dkh\" (UID: \"b3fa7d1a-003f-4d1f-a0d8-185a23e5d2ad\") " pod="monitoring/monitoring-stack-prometheus-node-exporter-57dkh"
2025-01-29 13:23:05,598 INFO c.h.h.t.HelmChartContainer - [K3S] [reconciler_common.go:251] "operationExecutor.VerifyControllerAttachedVolume started for volume \"sc-dashboard-volume\" (UniqueName: \"kubernetes.io/empty-dir/edbabce9-2d5c-48a1-beb4-2b62ae30ff7c-sc-dashboard-volume\") pod \"monitoring-stack-grafana-64c55fb967-fkwf8\" (UID: \"edbabce9-2d5c-48a1-beb4-2b62ae30ff7c\") " pod="monitoring/monitoring-stack-grafana-64c55fb967-fkwf8"
2025-01-29 13:23:05,598 INFO c.h.h.t.HelmChartContainer - [K3S] [reconciler_common.go:251] "operationExecutor.VerifyControllerAttachedVolume started for volume \"kube-api-access-htt2v\" (UniqueName: \"kubernetes.io/projected/edbabce9-2d5c-48a1-beb4-2b62ae30ff7c-kube-api-access-htt2v\") pod \"monitoring-stack-grafana-64c55fb967-fkwf8\" (UID: \"edbabce9-2d5c-48a1-beb4-2b62ae30ff7c\") " pod="monitoring/monitoring-stack-grafana-64c55fb967-fkwf8"
2025-01-29 13:23:05,607 INFO c.h.h.t.HelmChartContainer - [POD] monitoring-stack-prometheus-node-exporter-57dkh [b3fa7d1a-003f-4d1f-a0d8-185a23e5d2ad] in monitoring was MODIFIED
2025-01-29 13:23:05,607 INFO c.h.h.t.HelmChartContainer - [K3S] [dispatcher.go:210] Failed calling webhook, failing open prometheusrulemutate.monitoring.coreos.com: failed calling webhook "prometheusrulemutate.monitoring.coreos.com": failed to call webhook: Post "https://monitoring-stack-kube-prom-operator.monitoring.svc:443/admission-prometheusrules/mutate?timeout=10s": no endpoints available for service "monitoring-stack-kube-prom-operator"
2025-01-29 13:23:05,607 INFO c.h.h.t.HelmChartContainer - [K3S] [dispatcher.go:214] "Unhandled Error" err="failed calling webhook \"prometheusrulemutate.monitoring.coreos.com\": failed to call webhook: Post \"https://monitoring-stack-kube-prom-operator.monitoring.svc:443/admission-prometheusrules/mutate?timeout=10s\": no endpoints available for service \"monitoring-stack-kube-prom-operator\""
2025-01-29 13:23:05,607 INFO c.h.h.t.HelmChartContainer - [K3S] [dispatcher.go:210] Failed calling webhook, failing open prometheusrulemutate.monitoring.coreos.com: failed calling webhook "prometheusrulemutate.monitoring.coreos.com": failed to call webhook: Post "https://monitoring-stack-kube-prom-operator.monitoring.svc:443/admission-prometheusrules/mutate?timeout=10s": no endpoints available for service "monitoring-stack-kube-prom-operator"
2025-01-29 13:23:05,607 INFO c.h.h.t.HelmChartContainer - [K3S] [dispatcher.go:214] "Unhandled Error" err="failed calling webhook \"prometheusrulemutate.monitoring.coreos.com\": failed to call webhook: Post \"https://monitoring-stack-kube-prom-operator.monitoring.svc:443/admission-prometheusrules/mutate?timeout=10s\": no endpoints available for service \"monitoring-stack-kube-prom-operator\""
2025-01-29 13:23:05,612 INFO c.h.h.t.HelmChartContainer - [K3S] [dispatcher.go:210] Failed calling webhook, failing open prometheusrulemutate.monitoring.coreos.com: failed calling webhook "prometheusrulemutate.monitoring.coreos.com": failed to call webhook: Post "https://monitoring-stack-kube-prom-operator.monitoring.svc:443/admission-prometheusrules/mutate?timeout=10s": no endpoints available for service "monitoring-stack-kube-prom-operator"
2025-01-29 13:23:05,613 INFO c.h.h.t.HelmChartContainer - [K3S] [dispatcher.go:214] "Unhandled Error" err="failed calling webhook \"prometheusrulemutate.monitoring.coreos.com\": failed to call webhook: Post \"https://monitoring-stack-kube-prom-operator.monitoring.svc:443/admission-prometheusrules/mutate?timeout=10s\": no endpoints available for service \"monitoring-stack-kube-prom-operator\""
2025-01-29 13:23:05,613 INFO c.h.h.t.HelmChartContainer - [K3S] [dispatcher.go:210] Failed calling webhook, failing open prometheusrulemutate.monitoring.coreos.com: failed calling webhook "prometheusrulemutate.monitoring.coreos.com": failed to call webhook: Post "https://monitoring-stack-kube-prom-operator.monitoring.svc:443/admission-prometheusrules/mutate?timeout=10s": no endpoints available for service "monitoring-stack-kube-prom-operator"
2025-01-29 13:23:05,613 INFO c.h.h.t.HelmChartContainer - [K3S] [dispatcher.go:214] "Unhandled Error" err="failed calling webhook \"prometheusrulemutate.monitoring.coreos.com\": failed to call webhook: Post \"https://monitoring-stack-kube-prom-operator.monitoring.svc:443/admission-prometheusrules/mutate?timeout=10s\": no endpoints available for service \"monitoring-stack-kube-prom-operator\""
2025-01-29 13:23:05,613 INFO c.h.h.t.HelmChartContainer - [K3S] [dispatcher.go:210] Failed calling webhook, failing open prometheusrulemutate.monitoring.coreos.com: failed calling webhook "prometheusrulemutate.monitoring.coreos.com": failed to call webhook: Post "https://monitoring-stack-kube-prom-operator.monitoring.svc:443/admission-prometheusrules/mutate?timeout=10s": no endpoints available for service "monitoring-stack-kube-prom-operator"
2025-01-29 13:23:05,613 INFO c.h.h.t.HelmChartContainer - [K3S] [dispatcher.go:214] "Unhandled Error" err="failed calling webhook \"prometheusrulemutate.monitoring.coreos.com\": failed to call webhook: Post \"https://monitoring-stack-kube-prom-operator.monitoring.svc:443/admission-prometheusrules/mutate?timeout=10s\": no endpoints available for service \"monitoring-stack-kube-prom-operator\""
2025-01-29 13:23:05,618 INFO c.h.h.t.HelmChartContainer - [K3S] [dispatcher.go:210] Failed calling webhook, failing open prometheusrulemutate.monitoring.coreos.com: failed calling webhook "prometheusrulemutate.monitoring.coreos.com": failed to call webhook: Post "https://monitoring-stack-kube-prom-operator.monitoring.svc:443/admission-prometheusrules/mutate?timeout=10s": no endpoints available for service "monitoring-stack-kube-prom-operator"
2025-01-29 13:23:05,623 INFO c.h.h.t.HelmChartContainer - [K3S] [dispatcher.go:214] "Unhandled Error" err="failed calling webhook \"prometheusrulemutate.monitoring.coreos.com\": failed to call webhook: Post \"https://monitoring-stack-kube-prom-operator.monitoring.svc:443/admission-prometheusrules/mutate?timeout=10s\": no endpoints available for service \"monitoring-stack-kube-prom-operator\""
2025-01-29 13:23:05,623 INFO c.h.h.t.HelmChartContainer - [K3S] [replica_set.go:679] "Finished syncing" kind="ReplicaSet" key="monitoring/monitoring-stack-kube-prom-operator-d77f8fd4c" duration="83.390332ms"
2025-01-29 13:23:05,623 INFO c.h.h.t.HelmChartContainer - [K3S] [replica_set.go:679] "Finished syncing" kind="ReplicaSet" key="monitoring/monitoring-stack-kube-prom-operator-d77f8fd4c" duration="48.18µs"
2025-01-29 13:23:05,623 INFO c.h.h.t.HelmChartContainer - [K3S] [pod_container_deletor.go:80] "Container not found in pod's containers" containerID="19100fe2701b1513d83f429541ea88a79ca16dfc00982ce7106afbe663a81d8e"
2025-01-29 13:23:05,624 INFO c.h.h.t.HelmChartContainer - [K3S] [dispatcher.go:210] Failed calling webhook, failing open prometheusrulemutate.monitoring.coreos.com: failed calling webhook "prometheusrulemutate.monitoring.coreos.com": failed to call webhook: Post "https://monitoring-stack-kube-prom-operator.monitoring.svc:443/admission-prometheusrules/mutate?timeout=10s": no endpoints available for service "monitoring-stack-kube-prom-operator"
2025-01-29 13:23:05,629 INFO c.h.h.t.HelmChartContainer - [K3S] [dispatcher.go:214] "Unhandled Error" err="failed calling webhook \"prometheusrulemutate.monitoring.coreos.com\": failed to call webhook: Post \"https://monitoring-stack-kube-prom-operator.monitoring.svc:443/admission-prometheusrules/mutate?timeout=10s\": no endpoints available for service \"monitoring-stack-kube-prom-operator\""
2025-01-29 13:23:05,629 INFO c.h.h.t.HelmChartContainer - [K3S] [dispatcher.go:210] Failed calling webhook, failing open prometheusrulemutate.monitoring.coreos.com: failed calling webhook "prometheusrulemutate.monitoring.coreos.com": failed to call webhook: Post "https://monitoring-stack-kube-prom-operator.monitoring.svc:443/admission-prometheusrules/mutate?timeout=10s": no endpoints available for service "monitoring-stack-kube-prom-operator"
2025-01-29 13:23:05,629 INFO c.h.h.t.HelmChartContainer - [K3S] [dispatcher.go:214] "Unhandled Error" err="failed calling webhook \"prometheusrulemutate.monitoring.coreos.com\": failed to call webhook: Post \"https://monitoring-stack-kube-prom-operator.monitoring.svc:443/admission-prometheusrules/mutate?timeout=10s\": no endpoints available for service \"monitoring-stack-kube-prom-operator\""
2025-01-29 13:23:05,630 INFO c.h.h.t.HelmChartContainer - [K3S] [dispatcher.go:210] Failed calling webhook, failing open prometheusrulemutate.monitoring.coreos.com: failed calling webhook "prometheusrulemutate.monitoring.coreos.com": failed to call webhook: Post "https://monitoring-stack-kube-prom-operator.monitoring.svc:443/admission-prometheusrules/mutate?timeout=10s": no endpoints available for service "monitoring-stack-kube-prom-operator"
2025-01-29 13:23:05,631 INFO c.h.h.t.HelmChartContainer - [K3S] [dispatcher.go:214] "Unhandled Error" err="failed calling webhook \"prometheusrulemutate.monitoring.coreos.com\": failed to call webhook: Post \"https://monitoring-stack-kube-prom-operator.monitoring.svc:443/admission-prometheusrules/mutate?timeout=10s\": no endpoints available for service \"monitoring-stack-kube-prom-operator\""
2025-01-29 13:23:05,632 INFO c.h.h.t.HelmChartContainer - [K3S] [dispatcher.go:210] Failed calling webhook, failing open prometheusrulemutate.monitoring.coreos.com: failed calling webhook "prometheusrulemutate.monitoring.coreos.com": failed to call webhook: Post "https://monitoring-stack-kube-prom-operator.monitoring.svc:443/admission-prometheusrules/mutate?timeout=10s": no endpoints available for service "monitoring-stack-kube-prom-operator"
2025-01-29 13:23:05,632 INFO c.h.h.t.HelmChartContainer - [K3S] [dispatcher.go:214] "Unhandled Error" err="failed calling webhook \"prometheusrulemutate.monitoring.coreos.com\": failed to call webhook: Post \"https://monitoring-stack-kube-prom-operator.monitoring.svc:443/admission-prometheusrules/mutate?timeout=10s\": no endpoints available for service \"monitoring-stack-kube-prom-operator\""
2025-01-29 13:23:05,635 INFO c.h.h.t.HelmChartContainer - [K3S] [dispatcher.go:210] Failed calling webhook, failing open prometheusrulemutate.monitoring.coreos.com: failed calling webhook "prometheusrulemutate.monitoring.coreos.com": failed to call webhook: Post "https://monitoring-stack-kube-prom-operator.monitoring.svc:443/admission-prometheusrules/mutate?timeout=10s": no endpoints available for service "monitoring-stack-kube-prom-operator"
2025-01-29 13:23:05,636 INFO c.h.h.t.HelmChartContainer - [K3S] [dispatcher.go:214] "Unhandled Error" err="failed calling webhook \"prometheusrulemutate.monitoring.coreos.com\": failed to call webhook: Post \"https://monitoring-stack-kube-prom-operator.monitoring.svc:443/admission-prometheusrules/mutate?timeout=10s\": no endpoints available for service \"monitoring-stack-kube-prom-operator\""
2025-01-29 13:23:05,640 INFO c.h.h.t.HelmChartContainer - [K3S] [dispatcher.go:210] Failed calling webhook, failing open prometheusrulemutate.monitoring.coreos.com: failed calling webhook "prometheusrulemutate.monitoring.coreos.com": failed to call webhook: Post "https://monitoring-stack-kube-prom-operator.monitoring.svc:443/admission-prometheusrules/mutate?timeout=10s": no endpoints available for service "monitoring-stack-kube-prom-operator"
2025-01-29 13:23:05,644 INFO c.h.h.t.HelmChartContainer - [K3S] [dispatcher.go:214] "Unhandled Error" err="failed calling webhook \"prometheusrulemutate.monitoring.coreos.com\": failed to call webhook: Post \"https://monitoring-stack-kube-prom-operator.monitoring.svc:443/admission-prometheusrules/mutate?timeout=10s\": no endpoints available for service \"monitoring-stack-kube-prom-operator\""
2025-01-29 13:23:05,644 INFO c.h.h.t.HelmChartContainer - [K3S] [dispatcher.go:210] Failed calling webhook, failing open prometheusrulemutate.monitoring.coreos.com: failed calling webhook "prometheusrulemutate.monitoring.coreos.com": failed to call webhook: Post "https://monitoring-stack-kube-prom-operator.monitoring.svc:443/admission-prometheusrules/mutate?timeout=10s": no endpoints available for service "monitoring-stack-kube-prom-operator"
2025-01-29 13:23:05,644 INFO c.h.h.t.HelmChartContainer - [K3S] [dispatcher.go:214] "Unhandled Error" err="failed calling webhook \"prometheusrulemutate.monitoring.coreos.com\": failed to call webhook: Post \"https://monitoring-stack-kube-prom-operator.monitoring.svc:443/admission-prometheusrules/mutate?timeout=10s\": no endpoints available for service \"monitoring-stack-kube-prom-operator\""
2025-01-29 13:23:05,644 INFO c.h.h.t.HelmChartContainer - [K3S] [dispatcher.go:210] Failed calling webhook, failing open prometheusrulemutate.monitoring.coreos.com: failed calling webhook "prometheusrulemutate.monitoring.coreos.com": failed to call webhook: Post "https://monitoring-stack-kube-prom-operator.monitoring.svc:443/admission-prometheusrules/mutate?timeout=10s": no endpoints available for service "monitoring-stack-kube-prom-operator"
2025-01-29 13:23:05,644 INFO c.h.h.t.HelmChartContainer - [K3S] [dispatcher.go:214] "Unhandled Error" err="failed calling webhook \"prometheusrulemutate.monitoring.coreos.com\": failed to call webhook: Post \"https://monitoring-stack-kube-prom-operator.monitoring.svc:443/admission-prometheusrules/mutate?timeout=10s\": no endpoints available for service \"monitoring-stack-kube-prom-operator\""
2025-01-29 13:23:05,648 INFO c.h.h.t.HelmChartContainer - [K3S] [dispatcher.go:210] Failed calling webhook, failing open prometheusrulemutate.monitoring.coreos.com: failed calling webhook "prometheusrulemutate.monitoring.coreos.com": failed to call webhook: Post "https://monitoring-stack-kube-prom-operator.monitoring.svc:443/admission-prometheusrules/mutate?timeout=10s": no endpoints available for service "monitoring-stack-kube-prom-operator"
2025-01-29 13:23:05,649 INFO c.h.h.t.HelmChartContainer - [K3S] [dispatcher.go:214] "Unhandled Error" err="failed calling webhook \"prometheusrulemutate.monitoring.coreos.com\": failed to call webhook: Post \"https://monitoring-stack-kube-prom-operator.monitoring.svc:443/admission-prometheusrules/mutate?timeout=10s\": no endpoints available for service \"monitoring-stack-kube-prom-operator\""
2025-01-29 13:23:05,650 INFO c.h.h.t.HelmChartContainer - [K3S] [dispatcher.go:210] Failed calling webhook, failing open prometheusrulemutate.monitoring.coreos.com: failed calling webhook "prometheusrulemutate.monitoring.coreos.com": failed to call webhook: Post "https://monitoring-stack-kube-prom-operator.monitoring.svc:443/admission-prometheusrules/mutate?timeout=10s": no endpoints available for service "monitoring-stack-kube-prom-operator"
2025-01-29 13:23:05,651 INFO c.h.h.t.HelmChartContainer - [K3S] [dispatcher.go:214] "Unhandled Error" err="failed calling webhook \"prometheusrulemutate.monitoring.coreos.com\": failed to call webhook: Post \"https://monitoring-stack-kube-prom-operator.monitoring.svc:443/admission-prometheusrules/mutate?timeout=10s\": no endpoints available for service \"monitoring-stack-kube-prom-operator\""
2025-01-29 13:23:05,651 INFO c.h.h.t.HelmChartContainer - [K3S] [dispatcher.go:210] Failed calling webhook, failing open prometheusrulemutate.monitoring.coreos.com: failed calling webhook "prometheusrulemutate.monitoring.coreos.com": failed to call webhook: Post "https://monitoring-stack-kube-prom-operator.monitoring.svc:443/admission-prometheusrules/mutate?timeout=10s": no endpoints available for service "monitoring-stack-kube-prom-operator"
2025-01-29 13:23:05,651 INFO c.h.h.t.HelmChartContainer - [K3S] [dispatcher.go:214] "Unhandled Error" err="failed calling webhook \"prometheusrulemutate.monitoring.coreos.com\": failed to call webhook: Post \"https://monitoring-stack-kube-prom-operator.monitoring.svc:443/admission-prometheusrules/mutate?timeout=10s\": no endpoints available for service \"monitoring-stack-kube-prom-operator\""
2025-01-29 13:23:05,651 INFO c.h.h.t.HelmChartContainer - [K3S] [replica_set.go:679] "Finished syncing" kind="ReplicaSet" key="monitoring/monitoring-stack-kube-state-metrics-5bf5c7b54d" duration="98.765496ms"
2025-01-29 13:23:05,652 INFO c.h.h.t.HelmChartContainer - [K3S] [replica_set.go:679] "Finished syncing" kind="ReplicaSet" key="monitoring/monitoring-stack-kube-state-metrics-5bf5c7b54d" duration="124.512µs"
2025-01-29 13:23:05,653 INFO c.h.h.t.HelmChartContainer - [K3S] [dispatcher.go:210] Failed calling webhook, failing open prometheusrulemutate.monitoring.coreos.com: failed calling webhook "prometheusrulemutate.monitoring.coreos.com": failed to call webhook: Post "https://monitoring-stack-kube-prom-operator.monitoring.svc:443/admission-prometheusrules/mutate?timeout=10s": no endpoints available for service "monitoring-stack-kube-prom-operator"
2025-01-29 13:23:05,653 INFO c.h.h.t.HelmChartContainer - [K3S] [dispatcher.go:214] "Unhandled Error" err="failed calling webhook \"prometheusrulemutate.monitoring.coreos.com\": failed to call webhook: Post \"https://monitoring-stack-kube-prom-operator.monitoring.svc:443/admission-prometheusrules/mutate?timeout=10s\": no endpoints available for service \"monitoring-stack-kube-prom-operator\""
2025-01-29 13:23:05,655 INFO c.h.h.t.HelmChartContainer - [K3S] [dispatcher.go:210] Failed calling webhook, failing open prometheusrulemutate.monitoring.coreos.com: failed calling webhook "prometheusrulemutate.monitoring.coreos.com": failed to call webhook: Post "https://monitoring-stack-kube-prom-operator.monitoring.svc:443/admission-prometheusrules/mutate?timeout=10s": no endpoints available for service "monitoring-stack-kube-prom-operator"
2025-01-29 13:23:05,655 INFO c.h.h.t.HelmChartContainer - [K3S] [dispatcher.go:214] "Unhandled Error" err="failed calling webhook \"prometheusrulemutate.monitoring.coreos.com\": failed to call webhook: Post \"https://monitoring-stack-kube-prom-operator.monitoring.svc:443/admission-prometheusrules/mutate?timeout=10s\": no endpoints available for service \"monitoring-stack-kube-prom-operator\""
2025-01-29 13:23:05,660 INFO c.h.h.t.HelmChartContainer - [K3S] [dispatcher.go:210] Failed calling webhook, failing open prometheusrulemutate.monitoring.coreos.com: failed calling webhook "prometheusrulemutate.monitoring.coreos.com": failed to call webhook: Post "https://monitoring-stack-kube-prom-operator.monitoring.svc:443/admission-prometheusrules/mutate?timeout=10s": no endpoints available for service "monitoring-stack-kube-prom-operator"
2025-01-29 13:23:05,661 INFO c.h.h.t.HelmChartContainer - [K3S] [dispatcher.go:214] "Unhandled Error" err="failed calling webhook \"prometheusrulemutate.monitoring.coreos.com\": failed to call webhook: Post \"https://monitoring-stack-kube-prom-operator.monitoring.svc:443/admission-prometheusrules/mutate?timeout=10s\": no endpoints available for service \"monitoring-stack-kube-prom-operator\""
2025-01-29 13:23:05,663 INFO c.h.h.t.HelmChartContainer - [K3S] [dispatcher.go:210] Failed calling webhook, failing open prometheusrulemutate.monitoring.coreos.com: failed calling webhook "prometheusrulemutate.monitoring.coreos.com": failed to call webhook: Post "https://monitoring-stack-kube-prom-operator.monitoring.svc:443/admission-prometheusrules/mutate?timeout=10s": no endpoints available for service "monitoring-stack-kube-prom-operator"
2025-01-29 13:23:05,664 INFO c.h.h.t.HelmChartContainer - [K3S] [dispatcher.go:214] "Unhandled Error" err="failed calling webhook \"prometheusrulemutate.monitoring.coreos.com\": failed to call webhook: Post \"https://monitoring-stack-kube-prom-operator.monitoring.svc:443/admission-prometheusrules/mutate?timeout=10s\": no endpoints available for service \"monitoring-stack-kube-prom-operator\""
2025-01-29 13:23:05,666 INFO c.h.h.t.HelmChartContainer - [K3S] [dispatcher.go:210] Failed calling webhook, failing open prometheusrulemutate.monitoring.coreos.com: failed calling webhook "prometheusrulemutate.monitoring.coreos.com": failed to call webhook: Post "https://monitoring-stack-kube-prom-operator.monitoring.svc:443/admission-prometheusrules/mutate?timeout=10s": no endpoints available for service "monitoring-stack-kube-prom-operator"
2025-01-29 13:23:05,667 INFO c.h.h.t.HelmChartContainer - [K3S] [dispatcher.go:214] "Unhandled Error" err="failed calling webhook \"prometheusrulemutate.monitoring.coreos.com\": failed to call webhook: Post \"https://monitoring-stack-kube-prom-operator.monitoring.svc:443/admission-prometheusrules/mutate?timeout=10s\": no endpoints available for service \"monitoring-stack-kube-prom-operator\""
2025-01-29 13:23:05,668 INFO c.h.h.t.HelmChartContainer - [K3S] [dispatcher.go:210] Failed calling webhook, failing open prometheusrulemutate.monitoring.coreos.com: failed calling webhook "prometheusrulemutate.monitoring.coreos.com": failed to call webhook: Post "https://monitoring-stack-kube-prom-operator.monitoring.svc:443/admission-prometheusrules/mutate?timeout=10s": no endpoints available for service "monitoring-stack-kube-prom-operator"
2025-01-29 13:23:05,668 INFO c.h.h.t.HelmChartContainer - [K3S] [dispatcher.go:214] "Unhandled Error" err="failed calling webhook \"prometheusrulemutate.monitoring.coreos.com\": failed to call webhook: Post \"https://monitoring-stack-kube-prom-operator.monitoring.svc:443/admission-prometheusrules/mutate?timeout=10s\": no endpoints available for service \"monitoring-stack-kube-prom-operator\""
2025-01-29 13:23:05,668 INFO c.h.h.t.HelmChartContainer - [K3S] [dispatcher.go:210] Failed calling webhook, failing open prometheusrulemutate.monitoring.coreos.com: failed calling webhook "prometheusrulemutate.monitoring.coreos.com": failed to call webhook: Post "https://monitoring-stack-kube-prom-operator.monitoring.svc:443/admission-prometheusrules/mutate?timeout=10s": no endpoints available for service "monitoring-stack-kube-prom-operator"
2025-01-29 13:23:05,669 INFO c.h.h.t.HelmChartContainer - [K3S] [dispatcher.go:210] Failed calling webhook, failing open prometheusrulemutate.monitoring.coreos.com: failed calling webhook "prometheusrulemutate.monitoring.coreos.com": failed to call webhook: Post "https://monitoring-stack-kube-prom-operator.monitoring.svc:443/admission-prometheusrules/mutate?timeout=10s": no endpoints available for service "monitoring-stack-kube-prom-operator"
2025-01-29 13:23:05,669 INFO c.h.h.t.HelmChartContainer - [K3S] [dispatcher.go:214] "Unhandled Error" err="failed calling webhook \"prometheusrulemutate.monitoring.coreos.com\": failed to call webhook: Post \"https://monitoring-stack-kube-prom-operator.monitoring.svc:443/admission-prometheusrules/mutate?timeout=10s\": no endpoints available for service \"monitoring-stack-kube-prom-operator\""
2025-01-29 13:23:05,669 INFO c.h.h.t.HelmChartContainer - [K3S] [dispatcher.go:214] "Unhandled Error" err="failed calling webhook \"prometheusrulemutate.monitoring.coreos.com\": failed to call webhook: Post \"https://monitoring-stack-kube-prom-operator.monitoring.svc:443/admission-prometheusrules/mutate?timeout=10s\": no endpoints available for service \"monitoring-stack-kube-prom-operator\""
2025-01-29 13:23:05,674 INFO c.h.h.t.HelmChartContainer - [K3S] [dispatcher.go:210] Failed calling webhook, failing open prometheusrulemutate.monitoring.coreos.com: failed calling webhook "prometheusrulemutate.monitoring.coreos.com": failed to call webhook: Post "https://monitoring-stack-kube-prom-operator.monitoring.svc:443/admission-prometheusrules/mutate?timeout=10s": no endpoints available for service "monitoring-stack-kube-prom-operator"
2025-01-29 13:23:05,674 INFO c.h.h.t.HelmChartContainer - [K3S] [dispatcher.go:214] "Unhandled Error" err="failed calling webhook \"prometheusrulemutate.monitoring.coreos.com\": failed to call webhook: Post \"https://monitoring-stack-kube-prom-operator.monitoring.svc:443/admission-prometheusrules/mutate?timeout=10s\": no endpoints available for service \"monitoring-stack-kube-prom-operator\""
2025-01-29 13:23:05,677 INFO c.h.h.t.HelmChartContainer - [POD] monitoring-stack-grafana-64c55fb967-fkwf8 [edbabce9-2d5c-48a1-beb4-2b62ae30ff7c] in monitoring was MODIFIED
2025-01-29 13:23:05,687 INFO c.h.h.t.HelmChartContainer - [K3S] [replica_set.go:679] "Finished syncing" kind="ReplicaSet" key="monitoring/monitoring-stack-grafana-64c55fb967" duration="65.231µs"
2025-01-29 13:23:05,690 INFO c.h.h.t.HelmChartContainer - [K3S] [dispatcher.go:210] Failed calling webhook, failing open prometheusrulemutate.monitoring.coreos.com: failed calling webhook "prometheusrulemutate.monitoring.coreos.com": failed to call webhook: Post "https://monitoring-stack-kube-prom-operator.monitoring.svc:443/admission-prometheusrules/mutate?timeout=10s": no endpoints available for service "monitoring-stack-kube-prom-operator"
2025-01-29 13:23:05,690 INFO c.h.h.t.HelmChartContainer - [K3S] [dispatcher.go:214] "Unhandled Error" err="failed calling webhook \"prometheusrulemutate.monitoring.coreos.com\": failed to call webhook: Post \"https://monitoring-stack-kube-prom-operator.monitoring.svc:443/admission-prometheusrules/mutate?timeout=10s\": no endpoints available for service \"monitoring-stack-kube-prom-operator\""
2025-01-29 13:23:05,736 INFO c.h.h.t.HelmChartContainer - [POD] monitoring-stack-kube-prom-operator-d77f8fd4c-mk62x [3f1d7ff7-fa9c-47f3-bad8-3965ae04d5d4] in monitoring was MODIFIED
2025-01-29 13:23:05,743 INFO c.h.h.t.HelmChartContainer - [K3S] [replica_set.go:679] "Finished syncing" kind="ReplicaSet" key="monitoring/monitoring-stack-kube-prom-operator-d77f8fd4c" duration="96.63µs"
2025-01-29 13:23:05,743 INFO c.h.h.t.HelmChartContainer - [K3S] [status_manager.go:890] "Failed to get status for pod" podUID="9c63c210-86c1-4f20-8b1f-98ede0858c31" pod="monitoring/monitoring-stack-kube-prom-admission-create-fcqsj" err="pods \"monitoring-stack-kube-prom-admission-create-fcqsj\" is forbidden: User \"system:node:883e8926994f\" cannot get resource \"pods\" in API group \"\" in the namespace \"monitoring\": no relationship found between node '883e8926994f' and this object"
2025-01-29 13:23:05,745 INFO c.h.h.t.HelmChartContainer - [K3S] [reconciler_common.go:251] "operationExecutor.VerifyControllerAttachedVolume started for volume \"tls-secret\" (UniqueName: \"kubernetes.io/secret/3f1d7ff7-fa9c-47f3-bad8-3965ae04d5d4-tls-secret\") pod \"monitoring-stack-kube-prom-operator-d77f8fd4c-mk62x\" (UID: \"3f1d7ff7-fa9c-47f3-bad8-3965ae04d5d4\") " pod="monitoring/monitoring-stack-kube-prom-operator-d77f8fd4c-mk62x"
2025-01-29 13:23:05,749 INFO c.h.h.t.HelmChartContainer - [K3S] [reconciler_common.go:251] "operationExecutor.VerifyControllerAttachedVolume started for volume \"kube-api-access-5dl27\" (UniqueName: \"kubernetes.io/projected/3f1d7ff7-fa9c-47f3-bad8-3965ae04d5d4-kube-api-access-5dl27\") pod \"monitoring-stack-kube-prom-operator-d77f8fd4c-mk62x\" (UID: \"3f1d7ff7-fa9c-47f3-bad8-3965ae04d5d4\") " pod="monitoring/monitoring-stack-kube-prom-operator-d77f8fd4c-mk62x"
2025-01-29 13:23:05,934 INFO c.h.h.t.HelmChartContainer - [EVENT] Normal [Pulling] Pulling image "quay.io/prometheus/node-exporter:v1.8.2" [monitoring:monitoring-stack-prometheus-node-exporter-57dkh]
2025-01-29 13:23:05,988 INFO c.h.h.t.HelmChartContainer - [EVENT] Normal [Pulling] Pulling image "registry.k8s.io/kube-state-metrics/kube-state-metrics:v2.14.0" [monitoring:monitoring-stack-kube-state-metrics-5bf5c7b54d-kjsq4]
2025-01-29 13:23:06,014 INFO c.h.h.t.HelmChartContainer - [EVENT] Normal [Pulling] Pulling image "quay.io/kiwigrid/k8s-sidecar:1.28.0" [monitoring:monitoring-stack-grafana-64c55fb967-fkwf8]
2025-01-29 13:23:06,156 INFO c.h.h.t.HelmChartContainer - [K3S] [kubelet_volumes.go:163] "Cleaned up orphaned pod volumes dir" podUID="9c63c210-86c1-4f20-8b1f-98ede0858c31" path="/var/lib/kubelet/pods/9c63c210-86c1-4f20-8b1f-98ede0858c31/volumes"
2025-01-29 13:23:06,231 INFO c.h.h.t.HelmChartContainer - [EVENT] Normal [Pulling] Pulling image "quay.io/prometheus-operator/prometheus-operator:v0.79.2" [monitoring:monitoring-stack-kube-prom-operator-d77f8fd4c-mk62x]
2025-01-29 13:23:06,879 INFO c.h.h.t.HelmChartContainer - [EVENT] Normal [Pulled] Successfully pulled image "registry.k8s.io/kube-state-metrics/kube-state-metrics:v2.14.0" in 890ms (890ms including waiting). Image size: 15427061 bytes. [monitoring:monitoring-stack-kube-state-metrics-5bf5c7b54d-kjsq4]
2025-01-29 13:23:06,903 INFO c.h.h.t.HelmChartContainer - [EVENT] Normal [Created] Created container: kube-state-metrics [monitoring:monitoring-stack-kube-state-metrics-5bf5c7b54d-kjsq4]
2025-01-29 13:23:06,989 INFO c.h.h.t.HelmChartContainer - [EVENT] Normal [Started] Started container kube-state-metrics [monitoring:monitoring-stack-kube-state-metrics-5bf5c7b54d-kjsq4]
2025-01-29 13:23:07,371 INFO c.h.h.t.HelmChartContainer - [EVENT] Normal [Pulled] Successfully pulled image "quay.io/prometheus-operator/prometheus-operator:v0.79.2" in 1.139s (1.139s including waiting). Image size: 19140913 bytes. [monitoring:monitoring-stack-kube-prom-operator-d77f8fd4c-mk62x]
2025-01-29 13:23:07,381 INFO c.h.h.t.HelmChartContainer - [EVENT] Normal [Created] Created container: kube-prometheus-stack [monitoring:monitoring-stack-kube-prom-operator-d77f8fd4c-mk62x]
2025-01-29 13:23:07,457 INFO c.h.h.t.HelmChartContainer - [EVENT] Normal [Pulled] Successfully pulled image "quay.io/prometheus/node-exporter:v1.8.2" in 1.522s (1.522s including waiting). Image size: 12041464 bytes. [monitoring:monitoring-stack-prometheus-node-exporter-57dkh]
2025-01-29 13:23:07,470 INFO c.h.h.t.HelmChartContainer - [EVENT] Normal [Started] Started container kube-prometheus-stack [monitoring:monitoring-stack-kube-prom-operator-d77f8fd4c-mk62x]
2025-01-29 13:23:07,475 INFO c.h.h.t.HelmChartContainer - [EVENT] Normal [Created] Created container: node-exporter [monitoring:monitoring-stack-prometheus-node-exporter-57dkh]
2025-01-29 13:23:07,529 INFO c.h.h.t.HelmChartContainer - [EVENT] Normal [Started] Started container node-exporter [monitoring:monitoring-stack-prometheus-node-exporter-57dkh]
2025-01-29 13:23:07,642 INFO c.h.h.t.HelmChartContainer - [POD] monitoring-stack-kube-prom-operator-d77f8fd4c-mk62x [3f1d7ff7-fa9c-47f3-bad8-3965ae04d5d4] in monitoring was MODIFIED
2025-01-29 13:23:07,642 INFO c.h.h.t.HelmChartContainer - [K3S] [replica_set.go:679] "Finished syncing" kind="ReplicaSet" key="monitoring/monitoring-stack-kube-prom-operator-d77f8fd4c" duration="48.019µs"
2025-01-29 13:23:07,656 INFO c.h.h.t.HelmChartContainer - [POD] monitoring-stack-prometheus-node-exporter-57dkh [b3fa7d1a-003f-4d1f-a0d8-185a23e5d2ad] in monitoring was MODIFIED
2025-01-29 13:23:07,682 INFO c.h.h.t.HelmChartContainer - [POD] monitoring-stack-kube-prom-operator-d77f8fd4c-mk62x [3f1d7ff7-fa9c-47f3-bad8-3965ae04d5d4] in monitoring was MODIFIED
2025-01-29 13:23:07,705 INFO c.h.h.t.HelmChartContainer - [K3S] [replica_set.go:679] "Finished syncing" kind="ReplicaSet" key="monitoring/monitoring-stack-kube-prom-operator-d77f8fd4c" duration="26.108185ms"
2025-01-29 13:23:07,707 INFO c.h.h.t.HelmChartContainer - [K3S] [replica_set.go:679] "Finished syncing" kind="ReplicaSet" key="monitoring/monitoring-stack-kube-prom-operator-d77f8fd4c" duration="49.401µs"
2025-01-29 13:23:07,716 INFO c.h.h.t.HelmChartContainer - [K3S] [replica_set.go:679] "Finished syncing" kind="ReplicaSet" key="monitoring/monitoring-stack-kube-state-metrics-5bf5c7b54d" duration="49.923µs"
2025-01-29 13:23:07,719 INFO c.h.h.t.HelmChartContainer - [POD] monitoring-stack-kube-state-metrics-5bf5c7b54d-kjsq4 [aed6d8b3-075f-4584-8a59-45f9e8885ab3] in monitoring was MODIFIED
2025-01-29 13:23:07,924 INFO c.h.h.t.HelmChartContainer - [POD] alertmanager-monitoring-stack-kube-prom-alertmanager-0 [d242d428-c0df-44d9-b7ab-dba9df631ab0] in monitoring was ADDED
2025-01-29 13:23:07,942 INFO c.h.h.t.HelmChartContainer - [EVENT] Normal [SuccessfulCreate] create Pod alertmanager-monitoring-stack-kube-prom-alertmanager-0 in StatefulSet alertmanager-monitoring-stack-kube-prom-alertmanager successful [monitoring:alertmanager-monitoring-stack-kube-prom-alertmanager]
2025-01-29 13:23:07,954 INFO c.h.h.t.HelmChartContainer - [POD] alertmanager-monitoring-stack-kube-prom-alertmanager-0 [d242d428-c0df-44d9-b7ab-dba9df631ab0] in monitoring was MODIFIED
2025-01-29 13:23:07,968 INFO c.h.h.t.HelmChartContainer - [K3S] [reconciler_common.go:251] "operationExecutor.VerifyControllerAttachedVolume started for volume \"config-out\" (UniqueName: \"kubernetes.io/empty-dir/d242d428-c0df-44d9-b7ab-dba9df631ab0-config-out\") pod \"alertmanager-monitoring-stack-kube-prom-alertmanager-0\" (UID: \"d242d428-c0df-44d9-b7ab-dba9df631ab0\") " pod="monitoring/alertmanager-monitoring-stack-kube-prom-alertmanager-0"
[...]
2025-01-29 13:25:58,548 INFO c.h.h.t.HelmChartContainer - [K3S] [reconciler_common.go:299] "Volume detached for volume \"broker-configuration\" (UniqueName: \"kubernetes.io/configmap/b8e29294-ebc4-4336-abe4-b17dcb5758d2-broker-configuration\") on node \"883e8926994f\" DevicePath \"\""
2025-01-29 13:25:58,548 INFO c.h.h.t.HelmChartContainer - [K3S] [reconciler_common.go:299] "Volume detached for volume \"operator-init\" (UniqueName: \"kubernetes.io/empty-dir/b8e29294-ebc4-4336-abe4-b17dcb5758d2-operator-init\") on node \"883e8926994f\" DevicePath \"\""
2025-01-29 13:25:58,553 INFO c.h.h.t.HelmChartContainer - [POD] test-hivemq-platform-1 [97a8c396-7978-485f-b4f2-67d610bbda2b] in helmmonitoringplatformit was MODIFIED
2025-01-29 13:25:58,648 INFO c.h.h.t.HelmChartContainer - [K3S] [reconciler_common.go:162] "operationExecutor.UnmountVolume started for volume \"pod-info\" (UniqueName: \"kubernetes.io/configmap/97a8c396-7978-485f-b4f2-67d610bbda2b-pod-info\") pod \"97a8c396-7978-485f-b4f2-67d610bbda2b\" (UID: \"97a8c396-7978-485f-b4f2-67d610bbda2b\") "
2025-01-29 13:25:58,648 INFO c.h.h.t.HelmChartContainer - [K3S] [reconciler_common.go:162] "operationExecutor.UnmountVolume started for volume \"kube-api-access-5fpqh\" (UniqueName: \"kubernetes.io/projected/97a8c396-7978-485f-b4f2-67d610bbda2b-kube-api-access-5fpqh\") pod \"97a8c396-7978-485f-b4f2-67d610bbda2b\" (UID: \"97a8c396-7978-485f-b4f2-67d610bbda2b\") "
2025-01-29 13:25:58,648 INFO c.h.h.t.HelmChartContainer - [K3S] [reconciler_common.go:162] "operationExecutor.UnmountVolume started for volume \"broker-configuration\" (UniqueName: \"kubernetes.io/configmap/97a8c396-7978-485f-b4f2-67d610bbda2b-broker-configuration\") pod \"97a8c396-7978-485f-b4f2-67d610bbda2b\" (UID: \"97a8c396-7978-485f-b4f2-67d610bbda2b\") "
2025-01-29 13:25:58,648 INFO c.h.h.t.HelmChartContainer - [K3S] [reconciler_common.go:162] "operationExecutor.UnmountVolume started for volume \"operator-init\" (UniqueName: \"kubernetes.io/empty-dir/97a8c396-7978-485f-b4f2-67d610bbda2b-operator-init\") pod \"97a8c396-7978-485f-b4f2-67d610bbda2b\" (UID: \"97a8c396-7978-485f-b4f2-67d610bbda2b\") "
2025-01-29 13:25:58,749 INFO c.h.h.t.HelmChartContainer - [K3S] [reconciler_common.go:299] "Volume detached for volume \"pod-info\" (UniqueName: \"kubernetes.io/configmap/97a8c396-7978-485f-b4f2-67d610bbda2b-pod-info\") on node \"883e8926994f\" DevicePath \"\""
2025-01-29 13:25:58,749 INFO c.h.h.t.HelmChartContainer - [K3S] [reconciler_common.go:299] "Volume detached for volume \"kube-api-access-5fpqh\" (UniqueName: \"kubernetes.io/projected/97a8c396-7978-485f-b4f2-67d610bbda2b-kube-api-access-5fpqh\") on node \"883e8926994f\" DevicePath \"\""
2025-01-29 13:25:58,749 INFO c.h.h.t.HelmChartContainer - [K3S] [reconciler_common.go:299] "Volume detached for volume \"broker-configuration\" (UniqueName: \"kubernetes.io/configmap/97a8c396-7978-485f-b4f2-67d610bbda2b-broker-configuration\") on node \"883e8926994f\" DevicePath \"\""
2025-01-29 13:25:58,749 INFO c.h.h.t.HelmChartContainer - [K3S] [reconciler_common.go:299] "Volume detached for volume \"operator-init\" (UniqueName: \"kubernetes.io/empty-dir/97a8c396-7978-485f-b4f2-67d610bbda2b-operator-init\") on node \"883e8926994f\" DevicePath \"\""
2025-01-29 13:25:59,042 INFO c.h.h.t.HelmChartContainer - [K3S] [scope.go:117] "RemoveContainer" containerID="a6cdfdcadafb154539011bb425ed0e6655f7bab642123c4a2b3710e87d1015ab"
2025-01-29 13:25:59,065 INFO c.h.h.t.HelmChartContainer - [POD] test-hivemq-platform-1 [97a8c396-7978-485f-b4f2-67d610bbda2b] in helmmonitoringplatformit was MODIFIED
2025-01-29 13:25:59,072 INFO c.h.h.t.HelmChartContainer - [POD] test-hivemq-platform-1 [97a8c396-7978-485f-b4f2-67d610bbda2b] in helmmonitoringplatformit was DELETED
2025-01-29 13:25:59,080 INFO c.h.h.t.HelmChartContainer - [POD] test-hivemq-platform-0 [b8e29294-ebc4-4336-abe4-b17dcb5758d2] in helmmonitoringplatformit was MODIFIED
2025-01-29 13:25:59,084 INFO c.h.h.t.HelmChartContainer - [POD] test-hivemq-platform-0 [b8e29294-ebc4-4336-abe4-b17dcb5758d2] in helmmonitoringplatformit was DELETED
2025-01-29 13:25:59,160 INFO c.h.h.t.HelmChartContainer - [K3S] [scope.go:117] "RemoveContainer" containerID="b97e68b418aadddbc097b632cb76107746f17cb1590ba4de4a3c8fa668d58f84"
2025-01-29 13:25:59,163 INFO c.h.h.t.HelmChartContainer - [K3S] [scope.go:117] "RemoveContainer" containerID="a6cdfdcadafb154539011bb425ed0e6655f7bab642123c4a2b3710e87d1015ab"
2025-01-29 13:25:59,164 INFO c.h.h.t.HelmChartContainer - [K3S] [scope.go:117] "RemoveContainer" containerID="b97e68b418aadddbc097b632cb76107746f17cb1590ba4de4a3c8fa668d58f84"
2025-01-29 13:25:59,165 INFO c.h.h.t.HelmChartContainer - [K3S] [scope.go:117] "RemoveContainer" containerID="9819e81c23f415457337226f06f74fa285f851cf60860452d0ef7b901eda387e"
2025-01-29 13:25:59,256 INFO c.h.h.t.HelmChartContainer - [K3S] [scope.go:117] "RemoveContainer" containerID="cd62115148ab306d518318cf9d171e5e8a6fc21d993a457d0096809c0f65434c"
2025-01-29 13:25:59,258 INFO c.h.h.t.HelmChartContainer - [K3S] [scope.go:117] "RemoveContainer" containerID="9819e81c23f415457337226f06f74fa285f851cf60860452d0ef7b901eda387e"
2025-01-29 13:25:59,259 INFO c.h.h.t.HelmChartContainer - [K3S] [scope.go:117] "RemoveContainer" containerID="cd62115148ab306d518318cf9d171e5e8a6fc21d993a457d0096809c0f65434c"
2025-01-29 13:26:00,156 INFO c.h.h.t.HelmChartContainer - [K3S] [kubelet_volumes.go:163] "Cleaned up orphaned pod volumes dir" podUID="97a8c396-7978-485f-b4f2-67d610bbda2b" path="/var/lib/kubelet/pods/97a8c396-7978-485f-b4f2-67d610bbda2b/volumes"
2025-01-29 13:26:00,157 INFO c.h.h.t.HelmChartContainer - [K3S] [kubelet_volumes.go:163] "Cleaned up orphaned pod volumes dir" podUID="b8e29294-ebc4-4336-abe4-b17dcb5758d2" path="/var/lib/kubelet/pods/b8e29294-ebc4-4336-abe4-b17dcb5758d2/volumes"
2025-01-29 13:26:03,830 INFO c.h.h.t.HelmChartContainer - Namespace 'helmmonitoringplatformit' deleted
2025-01-29 13:26:03,830 INFO c.h.h.t.HelmChartContainer - Release 'test-hivemq-platform' in namespace 'helmmonitoringplatformit' is uninstalled
2025-01-29 13:26:03,830 INFO c.h.h.t.HelmChartContainer - Uninstalling release 'test-hivemq-platform-operator' in namespace 'helmmonitoringplatformit-operator'...
2025-01-29 13:26:03,831 DEBUG c.h.h.t.HelmChartContainer - Executing helm command: /bin/helm --kubeconfig /etc/rancher/k3s/k3s.yaml uninstall test-hivemq-platform-operator  --wait --timeout 5m0s --cascade foreground --namespace helmmonitoringplatformit-operator
2025-01-29 13:26:04,046 INFO c.h.h.t.HelmChartContainer - [K3S] [replica_set.go:679] "Finished syncing" kind="ReplicaSet" key="helmmonitoringplatformit-operator/hivemq-test-hivemq-platform-operator-6966f96d65" duration="12.218142ms"
2025-01-29 13:26:04,047 INFO c.h.h.t.HelmChartContainer - [K3S] [replica_set.go:679] "Finished syncing" kind="ReplicaSet" key="helmmonitoringplatformit-operator/hivemq-test-hivemq-platform-operator-6966f96d65" duration="33.833µs"
2025-01-29 13:26:04,057 INFO c.h.h.t.HelmChartContainer - [POD] hivemq-test-hivemq-platform-operator-6966f96d65-2vb2n [4f47a307-dbb7-4ce8-9a81-6759ab127bbb] in helmmonitoringplatformit-operator was MODIFIED
2025-01-29 13:26:04,064 INFO c.h.h.t.HelmChartContainer - [EVENT] Normal [Killing] Stopping container hivemq-platform-operator [helmmonitoringplatformit-operator:hivemq-test-hivemq-platform-operator-6966f96d65-2vb2n]
2025-01-29 13:26:04,064 INFO c.h.h.t.HelmChartContainer - Received Killing event for container hivemq-platform-operator in pod hivemq-test-hivemq-platform-operator-6966f96d65-2vb2n [4f47a307-dbb7-4ce8-9a81-6759ab127bbb]
2025-01-29 13:26:04,064 INFO c.h.h.t.HelmChartContainer - Container [hivemq-test-hivemq-platform-operator-6966f96d65-2vb2n] [hivemq-platform-operator] [4f47a307-dbb7-4ce8-9a81-6759ab127bbb] was terminated
2025-01-29 13:26:04,064 INFO c.h.h.t.HelmChartContainer - Stopped log watcher for hivemq-platform-operator in pod hivemq-test-hivemq-platform-operator-6966f96d65-2vb2n [4f47a307-dbb7-4ce8-9a81-6759ab127bbb]
2025-01-29 13:26:04,068 INFO c.h.h.t.HelmChartContainer - [hivemq-test-hivemq-platform] [hivemq-platform-operator] [4f47a307] 13:26:04.066 [application-shutdown-thread] INFO  c.h.p.o.HiveMQPlatformOperatorApplication - HiveMQ Platform Operator is stopping...
2025-01-29 13:26:04,068 INFO c.h.h.t.HelmChartContainer - [hivemq-test-hivemq-platform] [hivemq-platform-operator] [4f47a307] 13:26:04.067 [application-shutdown-thread] INFO  i.javaoperatorsdk.operator.Operator - Operator SDK 4.9.7 is shutting down...
2025-01-29 13:26:04,071 INFO c.h.h.t.HelmChartContainer - [K3S] [replica_set.go:679] "Finished syncing" kind="ReplicaSet" key="helmmonitoringplatformit-operator/hivemq-test-hivemq-platform-operator-6966f96d65" duration="17.473026ms"
2025-01-29 13:26:04,078 INFO c.h.h.t.HelmChartContainer - [K3S] [replica_set.go:679] "Finished syncing" kind="ReplicaSet" key="helmmonitoringplatformit-operator/hivemq-test-hivemq-platform-operator-6966f96d65" duration="41.738µs"
2025-01-29 13:26:04,085 INFO c.h.h.t.HelmChartContainer - [EVENT] Warning [FailedToUpdateEndpoint] Failed to update endpoint helmmonitoringplatformit-operator/hivemq-platform-operator-test-hivemq-platform-operator: Operation cannot be fulfilled on endpoints "hivemq-platform-operator-test-hivemq-platform-operator": StorageError: invalid object, Code: 4, Key: /registry/services/endpoints/helmmonitoringplatformit-operator/hivemq-platform-operator-test-hivemq-platform-operator, ResourceVersion: 0, AdditionalErrorMsg: Precondition failed: UID in precondition: def261ad-4a66-490f-8730-a5fb0255cfb5, UID in object meta:  [helmmonitoringplatformit-operator:hivemq-platform-operator-test-hivemq-platform-operator]
2025-01-29 13:26:04,590 INFO c.h.h.t.HelmChartContainer - [K3S] [replica_set.go:679] "Finished syncing" kind="ReplicaSet" key="helmmonitoringplatformit-operator/hivemq-test-hivemq-platform-operator-6966f96d65" duration="41.347µs"
2025-01-29 13:26:04,590 INFO c.h.h.t.HelmChartContainer - [POD] hivemq-test-hivemq-platform-operator-6966f96d65-2vb2n [4f47a307-dbb7-4ce8-9a81-6759ab127bbb] in helmmonitoringplatformit-operator was MODIFIED
2025-01-29 13:26:04,689 INFO c.h.h.t.HelmChartContainer - [K3S] [reconciler_common.go:162] "operationExecutor.UnmountVolume started for volume \"kube-api-access-qg5bs\" (UniqueName: \"kubernetes.io/projected/4f47a307-dbb7-4ce8-9a81-6759ab127bbb-kube-api-access-qg5bs\") pod \"4f47a307-dbb7-4ce8-9a81-6759ab127bbb\" (UID: \"4f47a307-dbb7-4ce8-9a81-6759ab127bbb\") "
2025-01-29 13:26:04,790 INFO c.h.h.t.HelmChartContainer - [K3S] [reconciler_common.go:299] "Volume detached for volume \"kube-api-access-qg5bs\" (UniqueName: \"kubernetes.io/projected/4f47a307-dbb7-4ce8-9a81-6759ab127bbb-kube-api-access-qg5bs\") on node \"883e8926994f\" DevicePath \"\""
2025-01-29 13:26:05,066 INFO c.h.h.t.HelmChartContainer - [K3S] [scope.go:117] "RemoveContainer" containerID="454c4345201a57b768b112d3e4f996c15aa98154c778e81c140962b2e497a951"
2025-01-29 13:26:05,070 INFO c.h.h.t.HelmChartContainer - [K3S] [scope.go:117] "RemoveContainer" containerID="454c4345201a57b768b112d3e4f996c15aa98154c778e81c140962b2e497a951"
2025-01-29 13:26:05,078 INFO c.h.h.t.HelmChartContainer - [K3S] [replica_set.go:679] "Finished syncing" kind="ReplicaSet" key="helmmonitoringplatformit-operator/hivemq-test-hivemq-platform-operator-6966f96d65" duration="66.574µs"
2025-01-29 13:26:05,078 INFO c.h.h.t.HelmChartContainer - [POD] hivemq-test-hivemq-platform-operator-6966f96d65-2vb2n [4f47a307-dbb7-4ce8-9a81-6759ab127bbb] in helmmonitoringplatformit-operator was MODIFIED
2025-01-29 13:26:05,080 INFO c.h.h.t.HelmChartContainer - [K3S] [replica_set.go:679] "Finished syncing" kind="ReplicaSet" key="helmmonitoringplatformit-operator/hivemq-test-hivemq-platform-operator-6966f96d65" duration="23.173µs"
2025-01-29 13:26:05,081 INFO c.h.h.t.HelmChartContainer - [POD] hivemq-test-hivemq-platform-operator-6966f96d65-2vb2n [4f47a307-dbb7-4ce8-9a81-6759ab127bbb] in helmmonitoringplatformit-operator was DELETED
2025-01-29 13:26:05,091 INFO c.h.h.t.HelmChartContainer - [K3S] [replica_set.go:679] "Finished syncing" kind="ReplicaSet" key="helmmonitoringplatformit-operator/hivemq-test-hivemq-platform-operator-6966f96d65" duration="6.061µs"
2025-01-29 13:26:06,084 INFO c.h.h.t.HelmChartContainer - Deleting namespace 'helmmonitoringplatformit-operator'...
2025-01-29 13:26:06,155 INFO c.h.h.t.HelmChartContainer - [K3S] [kubelet_volumes.go:163] "Cleaned up orphaned pod volumes dir" podUID="4f47a307-dbb7-4ce8-9a81-6759ab127bbb" path="/var/lib/kubelet/pods/4f47a307-dbb7-4ce8-9a81-6759ab127bbb/volumes"
2025-01-29 13:26:08,778 INFO c.h.h.t.HelmChartContainer - [K3S] [namespace_controller.go:187] "Namespace has been deleted" namespace="helmmonitoringplatformit"
2025-01-29 13:26:11,300 INFO c.h.h.t.HelmChartContainer - Namespace 'helmmonitoringplatformit-operator' deleted
2025-01-29 13:26:11,300 INFO c.h.h.t.HelmChartContainer - Release 'test-hivemq-platform-operator' in namespace 'helmmonitoringplatformit-operator' is uninstalled
2025-01-29 13:26:12,115 INFO c.h.helmcharts.AbstractHelmChartIT - Removed unused containers:

2025-01-29 13:26:16,245 INFO c.h.h.t.HelmChartContainer - [K3S] [namespace_controller.go:187] "Namespace has been deleted" namespace="helmmonitoringplatformit-operator"
2025-01-29 13:26:26,824 INFO c.h.helmcharts.AbstractHelmChartIT - Removed unused snapshots:
Removing snapshot sha256:03af251906410714c5aef9fa705b63f6bbc39c4a5e787de7361eeb18886c2ed2
Removing snapshot sha256:0c46b3b43cce082ce5ec34ffc6c294e0417d17b9d1e6f366d114b6aadc4f96dc
Removing snapshot sha256:0ce761beee59082d6ed5bcebd3a805b8ddd9b3426b617e4809e7fb7c6587ffec
Removing snapshot sha256:0df91287303208332c8ff6ba40ae4710105201739addbfbddfb955f1ad593664
Removing snapshot sha256:0f30b4526626599ad6853b13d715ed5f11e4dac30bdf22795ee36d8b73285c01
Removing snapshot sha256:1021ef88c7974bfff89c5a0ec4fd3160daac6c48a075f74cff721f85dd104e68
Removing snapshot sha256:10aba4953ddc18145dd38e3704709bc464aa20af60b56fe52caaff4b68411e62
Removing snapshot sha256:17b3230dbaa15b80ea4c59d385a510a1c6c669d654d4445b25f4122988ddf932
Removing snapshot sha256:1ab0a79eb9ae3bab99382d18e27cb1c587196d2929db9c8d1c79088bd5a8fa18
Removing snapshot sha256:1e604deea57dbda554a168861cff1238f93b8c6c69c863c43aed37d9d99c5fed
Removing snapshot sha256:2330d1b95992fe4dfdab1ed70e86e349f3f37a80a92140a1ec441a9c3169bcb7
Removing snapshot sha256:2573e0d8158209ed54ab25c87bcdcb00bd3d2539246960a3d592a1c599d70465
Removing snapshot sha256:3102b3958924e454ee4c19fe49136c5727bea4a438945b9d85ed7525ae7ad17a
Removing snapshot sha256:362a8a37f8bbc31925a8146adcf7cf51f9882f5c1dcbef67c5baa03a297543c0
Removing snapshot sha256:38300cd41e4e7621f1880dc17df1510a0b41c3700bba086c7d13695c2852c906
Removing snapshot sha256:38bf738090eb6cc99ee0e43cef36e2f8bb5d354ffa5551637f227d8c17f3b0a6
Removing snapshot sha256:3aea2e5ee60f1f0173fafb64e361c34847c160a755964b223b571f112b206391
Removing snapshot sha256:3d737060823899829eb7827e20ddb4021f5c31c4e7e348a380b528903c9051ae
Removing snapshot sha256:3fa4ad33f0ddc8fd45b39b6b4640f82a3a83619606cd975bfe89d8710ad2d4cd
Removing snapshot sha256:42508696bab4cddb098661270605482768f11b222c3b338a84e17c388a573539
Removing snapshot sha256:42b3566bfb67a7e1e92c7fb9a9d9fd9d5d1c68fb9234b2e7e8d57e3894c584c6
Removing snapshot sha256:43a7c979bbaba6838bc3102d6b10a1459f3ab050b87ccdfef84ef90cf43d3058
Removing snapshot sha256:43e32e0401181ce446773595aa5b45dd3de52a62bd17ce6321e472661bef46fc
Removing snapshot sha256:4ab04491cdf0d3267f08206fe30bd48f49f94b9cab2f016d6739220f722a64af
Removing snapshot sha256:4b6068250e89c96f263060261819c7d912855bfbd64b3eb4c4a8483299b8c295
Removing snapshot sha256:4e4a4c2a9fcafd941707917d9cb4c348229dcda7e6a77d20a5c9e977659e2acb
Removing snapshot sha256:580e69a0a8034ede1921139bbd2bfb72a69ebf276d008281896c32dd8bf74775
Removing snapshot sha256:597fcac6b802be96dede6dae530b1fd3d80ee2191e3c39bd5c3dfb528309801e
Removing snapshot sha256:59860db8e524598ca0913cb5a7821a1a1c1e56f61dec4fe619ad8a278bfd44c2
Removing snapshot sha256:5a9ba96b94a7acc2c16f45d7113265f2705262d850ff8d73abf339acec4e4283
Removing snapshot sha256:5d30ba46b27fe37484567ccc5242cadc78217b8da605f3f195ef25cbf7487904
Removing snapshot sha256:63ca1fbb43ae5034640e5e6cb3e083e05c290072c5366fcaa9d62435a4cced85
Removing snapshot sha256:67f702c6baae873bceb19487c8b1f27bd2b86077e4f2f0e480e6d60ab508b8f5
Removing snapshot sha256:6864348dd42806d552efdec384f1274be15e2d0c10ce44c1f04347af004c10a9
Removing snapshot sha256:6c7dee8f2c39b84b7dc2711c01d33de93514d9055499173e9290176fbe484b6c
Removing snapshot sha256:6d2198b9bba47eb108a6f8e064d85edb59b204d24ceb4d866ad96079b9ec1498
Removing snapshot sha256:711f0795be2fadadbf9fe1151ea3506c44bc3c41083e049b25f8bac1bd91851c
Removing snapshot sha256:74acea72c72664d31caa1810182a8d9f76600a5e41ed9d1eb2814c0bc090bfea
Removing snapshot sha256:75654b8eeebd3beae97271a102f57cdeb794cc91e442648544963a7e951e9558
Removing snapshot sha256:783ad6a93b23221db9f18c15f79aeb134655b6dd29a9a9bc7472ee50852d14a7
Removing snapshot sha256:81ed7e1a344eefb04664b5d772157e32be190d566bd3083af46ec0b8796ae9ae
Removing snapshot sha256:82753493a6d61ded36556292f02f31841a14c20d2f279f19eaad65afb661d5cd
Removing snapshot sha256:84a897f1c589cde259313d1efcd537ab957267a6526caa797d9703c4ee903204
Removing snapshot sha256:8a10d3db42c505ee0fcfa98417bdd7e39b304f6bcc0a06bb1b220797ff2cc63c
Removing snapshot sha256:8d297423f53775a6b77d49e57a5e9f47799fcfddca869a1164226d56c8299763
Removing snapshot sha256:8ec1e08a6c109c9698b32f46974375ee19470c62a5de0618346b3b4442919582
Removing snapshot sha256:94b728d964f60c89faa32d3296c8e524b6a15c163f95728001c8be4091968231
Removing snapshot sha256:9852f74557303324154e94d69646a117800c24f830d6dd3150a61f1cb1877bfb
Removing snapshot sha256:a21e5b12dbac529ad45d976eb9ce45c881f3bedcc500fb30aba1e52aa1813418
Removing snapshot sha256:afb9d24a81528af822cc0a49b79c922afd1b6fb3355f0fe3683749f5ad2e2e5e
Removing snapshot sha256:b403bf5671b66322a4fb4fcf772687a9e487ab58804584befcae862807d8eb88
Removing snapshot sha256:b8c8d85687c0d5b64887dfaf35dedad43ecac3954a798ffa91d79a5aeb500496
Removing snapshot sha256:b921e6c28969094157f9b8e7244677780319637afd14450b7cb6b2fdea558a0c
Removing snapshot sha256:bc27ecb5769a00e309cf99ebc763c4a4b958b618d1decc96ffac5bc05f02f5b7
Removing snapshot sha256:be3ccb6627a5332e309d45ef461d09b4879dd870c7394d89323d0ebc6ca6aa8a
Removing snapshot sha256:c261f7cbbc64211ee175ee47273acdb7b1a36a4450b397a064a8f2c026490095
Removing snapshot sha256:c34d9393647eea0c9e3557ab988efaf59f61d10a2a5613b439ef0958cca5ec10
Removing snapshot sha256:ccf3c4a0fa967a41c1c83497a2ce6fa5787965859df0adb32c4ca2cf7490bc2b
Removing snapshot sha256:cda334c60720b02c295deeee0739beb29d9283df72a19f0e73b54e50c89e8c00
Removing snapshot sha256:cf92d33f869417309692088c341cd0f223c178ea78a125f757317b22aa8f90e9
Removing snapshot sha256:d0037344cf2fb078884f1849f6a1f8cf9a33a3b6139b6a85833e5ee528e1f9a8
Removing snapshot sha256:d3b36d5b79273b1e98e7700470eaeff05a882e777124d84cebcc1505b85ecb36
Removing snapshot sha256:d65a44a37914602d12c611e5e22a50f11451d847e63015cc1c2aef92dee777a4
Removing snapshot sha256:d7698055289ea72fad6a712ae4a30a02f6f294e476718fac7d5eea9098793d8e
Removing snapshot sha256:dd5786d6bb1d20528580d6e62c073b47ac32c376905339a5e57b1268da93747a
Removing snapshot sha256:deb8fe0e16fb632523b566bfa4819d4c8b7689407d4211b88d26b6988d84ef75
Removing snapshot sha256:e2dc0bae2455930f23ae570e019b7f32edc75c0f2d71cab084db837ff9051796
Removing snapshot sha256:e58151b46376c08fb48e2a2fbe134b6de223be0749d20b7b60bf475e526a2884
Removing snapshot sha256:eccbd24a99c60cd9e86ee5305dbfc4a4dc89f5ab4fb1f06c8d64797cecedef34
Removing snapshot sha256:f144bb4c7c7f0d2aa7eeffd36d934ec40db1ee167be727e326aad9fdc616f475

]]></system-out>
  </testcase>
  <system-out><![CDATA[2025-01-29 13:22:37,129 INFO c.h.h.t.HelmChartContainerExtension - Using cached HelmChartContainer instance
]]></system-out>
  <system-err><![CDATA[]]></system-err>
</testsuite>
