<?xml version="1.0" encoding="UTF-8"?>
<testsuite name="com.hivemq.helmcharts.monitoring.HelmMonitoringPlatformIT" tests="1" skipped="0" failures="0" errors="0" timestamp="2025-01-30T18:31:47" hostname="fv-az1779-710" time="233.651">
  <properties/>
  <testcase name="withPlatformMonitoringEnabled_metricsAndDashboardAvailable()" classname="com.hivemq.helmcharts.monitoring.HelmMonitoringPlatformIT" time="233.651">
    <system-out><![CDATA[2025-01-30 18:31:47,795 INFO c.h.h.t.HelmChartContainer - Creating namespace 'helmmonitoringplatformit-operator'...
2025-01-30 18:31:47,801 INFO c.h.h.t.HelmChartContainer - Namespace 'helmmonitoringplatformit-operator' created
2025-01-30 18:31:47,801 INFO c.h.h.t.HelmChartContainer - Creating namespace 'helmmonitoringplatformit'...
2025-01-30 18:31:47,808 INFO c.h.h.t.HelmChartContainer - Namespace 'helmmonitoringplatformit' created
2025-01-30 18:31:47,884 DEBUG c.h.h.t.HelmChartContainer - Executing helm command: /bin/helm --kubeconfig /etc/rancher/k3s/k3s.yaml install test-hivemq-platform-operator /charts/hivemq-platform-operator --wait --timeout 5m0s --set image.repository=docker.io/hivemq --set image.name=hivemq-platform-operator-test --set image.initImageName=hivemq-platform-operator-init-test --set image.tag=snapshot --set image.pullPolicy=Never --set logLevel=DEBUG --set resources.cpu=512m --namespace helmmonitoringplatformit-operator
2025-01-30 18:31:48,260 INFO c.h.h.t.HelmChartContainer - [K3S] [alloc.go:330] "allocated clusterIPs" service="helmmonitoringplatformit-operator/hivemq-platform-operator-test-hivemq-platform-operator" clusterIPs={"IPv4":"10.43.179.118"}
2025-01-30 18:31:48,273 INFO c.h.h.t.HelmChartContainer - [EVENT] Normal [ScalingReplicaSet] Scaled up replica set hivemq-test-hivemq-platform-operator-6966f96d65 from 0 to 1 [helmmonitoringplatformit-operator:hivemq-test-hivemq-platform-operator]
2025-01-30 18:31:48,278 INFO c.h.h.t.HelmChartContainer - [POD] hivemq-test-hivemq-platform-operator-6966f96d65-pq8zb [8d76f7f3-f5fe-4a1c-86ce-9f80713f6723] in helmmonitoringplatformit-operator was ADDED
2025-01-30 18:31:48,283 INFO c.h.h.t.HelmChartContainer - [EVENT] Normal [SuccessfulCreate] Created pod: hivemq-test-hivemq-platform-operator-6966f96d65-pq8zb [helmmonitoringplatformit-operator:hivemq-test-hivemq-platform-operator-6966f96d65]
2025-01-30 18:31:48,286 INFO c.h.h.t.HelmChartContainer - [K3S] [replica_set.go:679] "Finished syncing" kind="ReplicaSet" key="helmmonitoringplatformit-operator/hivemq-test-hivemq-platform-operator-6966f96d65" duration="15.146376ms"
2025-01-30 18:31:48,292 INFO c.h.h.t.HelmChartContainer - [EVENT] Normal [Scheduled] Successfully assigned helmmonitoringplatformit-operator/hivemq-test-hivemq-platform-operator-6966f96d65-pq8zb to 1176ab4d886c [helmmonitoringplatformit-operator:hivemq-test-hivemq-platform-operator-6966f96d65-pq8zb]
2025-01-30 18:31:48,292 INFO c.h.h.t.HelmChartContainer - [K3S] [memory_manager.go:355] "RemoveStaleState removing state" podUID="838451fe-84b4-4ba8-82fd-ebab896368fa" containerName="hivemq"
2025-01-30 18:31:48,293 INFO c.h.h.t.HelmChartContainer - [K3S] [memory_manager.go:355] "RemoveStaleState removing state" podUID="c3dfbabe-2085-4312-b513-a4a983f6b658" containerName="hivemq-platform-operator"
2025-01-30 18:31:48,294 INFO c.h.h.t.HelmChartContainer - [POD] hivemq-test-hivemq-platform-operator-6966f96d65-pq8zb [8d76f7f3-f5fe-4a1c-86ce-9f80713f6723] in helmmonitoringplatformit-operator was MODIFIED
2025-01-30 18:31:48,294 INFO c.h.h.t.HelmChartContainer - [K3S] [replica_set.go:679] "Finished syncing" kind="ReplicaSet" key="helmmonitoringplatformit-operator/hivemq-test-hivemq-platform-operator-6966f96d65" duration="7.871453ms"
2025-01-30 18:31:48,294 INFO c.h.h.t.HelmChartContainer - [K3S] [replica_set.go:679] "Finished syncing" kind="ReplicaSet" key="helmmonitoringplatformit-operator/hivemq-test-hivemq-platform-operator-6966f96d65" duration="34.985µs"
2025-01-30 18:31:48,303 INFO c.h.h.t.HelmChartContainer - [K3S] [replica_set.go:679] "Finished syncing" kind="ReplicaSet" key="helmmonitoringplatformit-operator/hivemq-test-hivemq-platform-operator-6966f96d65" duration="32.17µs"
2025-01-30 18:31:48,303 INFO c.h.h.t.HelmChartContainer - [POD] hivemq-test-hivemq-platform-operator-6966f96d65-pq8zb [8d76f7f3-f5fe-4a1c-86ce-9f80713f6723] in helmmonitoringplatformit-operator was MODIFIED
2025-01-30 18:31:48,434 INFO c.h.h.t.HelmChartContainer - [K3S] [reconciler_common.go:251] "operationExecutor.VerifyControllerAttachedVolume started for volume \"kube-api-access-h82mx\" (UniqueName: \"kubernetes.io/projected/8d76f7f3-f5fe-4a1c-86ce-9f80713f6723-kube-api-access-h82mx\") pod \"hivemq-test-hivemq-platform-operator-6966f96d65-pq8zb\" (UID: \"8d76f7f3-f5fe-4a1c-86ce-9f80713f6723\") " pod="helmmonitoringplatformit-operator/hivemq-test-hivemq-platform-operator-6966f96d65-pq8zb"
2025-01-30 18:31:48,688 INFO c.h.h.t.HelmChartContainer - [EVENT] Normal [Pulled] Container image "docker.io/hivemq/hivemq-platform-operator-test:snapshot" already present on machine [helmmonitoringplatformit-operator:hivemq-test-hivemq-platform-operator-6966f96d65-pq8zb]
2025-01-30 18:31:48,688 INFO c.h.h.t.HelmChartContainer - Received Pulled event for container hivemq-platform-operator in pod hivemq-test-hivemq-platform-operator-6966f96d65-pq8zb [8d76f7f3-f5fe-4a1c-86ce-9f80713f6723]
2025-01-30 18:31:49,907 INFO c.h.h.t.HelmChartContainer - [EVENT] Normal [Created] Created container: hivemq-platform-operator [helmmonitoringplatformit-operator:hivemq-test-hivemq-platform-operator-6966f96d65-pq8zb]
2025-01-30 18:31:49,908 INFO c.h.h.t.HelmChartContainer - Received Created event for container hivemq-platform-operator in pod hivemq-test-hivemq-platform-operator-6966f96d65-pq8zb [8d76f7f3-f5fe-4a1c-86ce-9f80713f6723]
2025-01-30 18:31:50,563 INFO c.h.h.t.HelmChartContainer - [K3S] [replica_set.go:679] "Finished syncing" kind="ReplicaSet" key="helmmonitoringplatformit-operator/hivemq-test-hivemq-platform-operator-6966f96d65" duration="43.29µs"
2025-01-30 18:31:50,565 INFO c.h.h.t.HelmChartContainer - [POD] hivemq-test-hivemq-platform-operator-6966f96d65-pq8zb [8d76f7f3-f5fe-4a1c-86ce-9f80713f6723] in helmmonitoringplatformit-operator was MODIFIED
2025-01-30 18:31:50,573 INFO c.h.h.t.HelmChartContainer - [EVENT] Normal [Started] Started container hivemq-platform-operator [helmmonitoringplatformit-operator:hivemq-test-hivemq-platform-operator-6966f96d65-pq8zb]
2025-01-30 18:31:50,573 INFO c.h.h.t.HelmChartContainer - Received Started event for container hivemq-platform-operator in pod hivemq-test-hivemq-platform-operator-6966f96d65-pq8zb [8d76f7f3-f5fe-4a1c-86ce-9f80713f6723]
2025-01-30 18:31:50,573 INFO c.h.h.t.HelmChartContainer - Started log watcher for hivemq-platform-operator in pod hivemq-test-hivemq-platform-operator-6966f96d65-pq8zb [8d76f7f3-f5fe-4a1c-86ce-9f80713f6723]
2025-01-30 18:31:50,573 INFO c.h.h.t.HelmChartContainer - [hivemq-test-hivemq-platform] [hivemq-platform-operator] [8d76f7f3] -------------------------------------------------------------------------
2025-01-30 18:31:50,573 INFO c.h.h.t.HelmChartContainer - [hivemq-test-hivemq-platform] [hivemq-platform-operator] [8d76f7f3] 
2025-01-30 18:31:50,573 INFO c.h.h.t.HelmChartContainer - [hivemq-test-hivemq-platform] [hivemq-platform-operator] [8d76f7f3]                   _    _  _              __  __   ____
2025-01-30 18:31:50,573 INFO c.h.h.t.HelmChartContainer - [hivemq-test-hivemq-platform] [hivemq-platform-operator] [8d76f7f3]                  | |  | |(_)            |  \/  | / __ \
2025-01-30 18:31:50,573 INFO c.h.h.t.HelmChartContainer - [hivemq-test-hivemq-platform] [hivemq-platform-operator] [8d76f7f3]                  | |__| | _ __   __ ___ | \  / || |  | |
2025-01-30 18:31:50,573 INFO c.h.h.t.HelmChartContainer - [hivemq-test-hivemq-platform] [hivemq-platform-operator] [8d76f7f3]                  |  __  || |\ \ / // _ \| |\/| || |  | |
2025-01-30 18:31:50,573 INFO c.h.h.t.HelmChartContainer - [hivemq-test-hivemq-platform] [hivemq-platform-operator] [8d76f7f3]                  | |  | || | \ V /|  __/| |  | || |__| |
2025-01-30 18:31:50,573 INFO c.h.h.t.HelmChartContainer - [hivemq-test-hivemq-platform] [hivemq-platform-operator] [8d76f7f3]                  |_|  |_||_|  \_/  \___||_|  |_| \___\_\
2025-01-30 18:31:50,573 INFO c.h.h.t.HelmChartContainer - [hivemq-test-hivemq-platform] [hivemq-platform-operator] [8d76f7f3] 
2025-01-30 18:31:50,574 INFO c.h.h.t.HelmChartContainer - [hivemq-test-hivemq-platform] [hivemq-platform-operator] [8d76f7f3] -------------------------------------------------------------------------
2025-01-30 18:31:50,574 INFO c.h.h.t.HelmChartContainer - [hivemq-test-hivemq-platform] [hivemq-platform-operator] [8d76f7f3] 
2025-01-30 18:31:50,574 INFO c.h.h.t.HelmChartContainer - [hivemq-test-hivemq-platform] [hivemq-platform-operator] [8d76f7f3]   HiveMQ Platform Operator Start Script v1.0
2025-01-30 18:31:50,574 INFO c.h.h.t.HelmChartContainer - [hivemq-test-hivemq-platform] [hivemq-platform-operator] [8d76f7f3] 
2025-01-30 18:31:50,574 INFO c.h.h.t.HelmChartContainer - [hivemq-test-hivemq-platform] [hivemq-platform-operator] [8d76f7f3] -------------------------------------------------------------------------
2025-01-30 18:31:50,574 INFO c.h.h.t.HelmChartContainer - [hivemq-test-hivemq-platform] [hivemq-platform-operator] [8d76f7f3] 
2025-01-30 18:31:50,574 INFO c.h.h.t.HelmChartContainer - [hivemq-test-hivemq-platform] [hivemq-platform-operator] [8d76f7f3]   JAVA_OPTS: -XX:+UnlockExperimentalVMOptions -XX:InitialRAMPercentage=75 -XX:MaxRAMPercentage=75 -Duser.language=en -Duser.region=US
2025-01-30 18:31:50,574 INFO c.h.h.t.HelmChartContainer - [hivemq-test-hivemq-platform] [hivemq-platform-operator] [8d76f7f3] 
2025-01-30 18:31:50,574 INFO c.h.h.t.HelmChartContainer - [hivemq-test-hivemq-platform] [hivemq-platform-operator] [8d76f7f3]   JAVA_VERSION: 21
2025-01-30 18:31:50,574 INFO c.h.h.t.HelmChartContainer - [hivemq-test-hivemq-platform] [hivemq-platform-operator] [8d76f7f3] 
2025-01-30 18:31:50,574 INFO c.h.h.t.HelmChartContainer - [hivemq-test-hivemq-platform] [hivemq-platform-operator] [8d76f7f3] -------------------------------------------------------------------------
2025-01-30 18:31:50,574 INFO c.h.h.t.HelmChartContainer - [hivemq-test-hivemq-platform] [hivemq-platform-operator] [8d76f7f3] 
2025-01-30 18:31:53,209 INFO c.h.h.t.HelmChartContainer - [hivemq-test-hivemq-platform] [hivemq-platform-operator] [8d76f7f3] 18:31:53.206 [main] DEBUG org.jboss.logging - Logging Provider: org.jboss.logging.Slf4jLoggerProvider
2025-01-30 18:31:53,313 INFO c.h.h.t.HelmChartContainer - [hivemq-test-hivemq-platform] [hivemq-platform-operator] [8d76f7f3] 18:31:53.312 [main] DEBUG io.smallrye.config - SRCFG01006: Loaded ConfigSource SysPropConfigSource with ordinal 400
2025-01-30 18:31:53,313 INFO c.h.h.t.HelmChartContainer - [hivemq-test-hivemq-platform] [hivemq-platform-operator] [8d76f7f3] 18:31:53.312 [main] DEBUG io.smallrye.config - SRCFG01006: Loaded ConfigSource EnvConfigSource with ordinal 300
2025-01-30 18:31:53,313 INFO c.h.h.t.HelmChartContainer - [hivemq-test-hivemq-platform] [hivemq-platform-operator] [8d76f7f3] 18:31:53.312 [main] DEBUG io.smallrye.config - SRCFG01006: Loaded ConfigSource PropertiesConfigSource[source=jar:file:///opt/hivemq-platform-operator/bin/hivemq-platform-operator.jar!/hivemq-platform-operator.properties] with ordinal 100
2025-01-30 18:31:53,313 INFO c.h.h.t.HelmChartContainer - [hivemq-test-hivemq-platform] [hivemq-platform-operator] [8d76f7f3] 18:31:53.312 [main] DEBUG io.smallrye.config - SRCFG01006: Loaded ConfigSource DefaultValuesConfigSource with ordinal -2147483648
2025-01-30 18:31:53,419 INFO c.h.h.t.HelmChartContainer - [hivemq-test-hivemq-platform] [hivemq-platform-operator] [8d76f7f3] 18:31:53.418 [main] DEBUG i.m.c.u.i.l.InternalLoggerFactory - Using SLF4J as the default logging framework
2025-01-30 18:31:53,601 INFO c.h.h.t.HelmChartContainer - [hivemq-test-hivemq-platform] [hivemq-platform-operator] [8d76f7f3] 18:31:53.510 [main] INFO  c.h.p.o.HiveMQPlatformOperatorApplication - HiveMQ Platform Operator 1.7.0-SNAPSHOT (commit: 47e3375 on branch: HEAD) built on Thu Jan 30 03:55:50 UTC 2025
2025-01-30 18:31:53,602 INFO c.h.h.t.HelmChartContainer - [hivemq-test-hivemq-platform] [hivemq-platform-operator] [8d76f7f3] 18:31:53.601 [main] INFO  c.h.p.o.HiveMQPlatformOperatorApplication - HiveMQ Platform Operator is running in namespace: helmmonitoringplatformit-operator
2025-01-30 18:31:53,602 INFO c.h.h.t.HelmChartContainer - [hivemq-test-hivemq-platform] [hivemq-platform-operator] [8d76f7f3] 18:31:53.601 [main] INFO  c.h.p.o.HiveMQPlatformOperatorApplication - Watching all namespaces
2025-01-30 18:31:53,602 INFO c.h.h.t.HelmChartContainer - [hivemq-test-hivemq-platform] [hivemq-platform-operator] [8d76f7f3] 18:31:53.601 [main] INFO  c.h.p.o.HiveMQPlatformOperatorApplication - Log level: DEBUG
2025-01-30 18:31:53,602 INFO c.h.h.t.HelmChartContainer - [hivemq-test-hivemq-platform] [hivemq-platform-operator] [8d76f7f3] 18:31:53.601 [main] INFO  c.h.p.o.HiveMQPlatformOperatorApplication - Release name: test-hivemq-platform-operator
2025-01-30 18:31:53,603 INFO c.h.h.t.HelmChartContainer - [hivemq-test-hivemq-platform] [hivemq-platform-operator] [8d76f7f3] 18:31:53.601 [main] INFO  c.h.p.o.HiveMQPlatformOperatorApplication - HiveMQ Platform Operator Init image: docker.io/hivemq/hivemq-platform-operator-init-test:snapshot
2025-01-30 18:31:53,603 INFO c.h.h.t.HelmChartContainer - [hivemq-test-hivemq-platform] [hivemq-platform-operator] [8d76f7f3] 18:31:53.601 [main] INFO  c.h.p.o.HiveMQPlatformOperatorApplication - HiveMQ Platform Operator Init App update URL: http://hivemq-platform-operator-test-hivemq-platform-operator.helmmonitoringplatformit-operator.svc:8080/initAppUpdate/hivemq-platform-operator-init-app-1.7.0-SNAPSHOT.jar
2025-01-30 18:31:53,603 INFO c.h.h.t.HelmChartContainer - [hivemq-test-hivemq-platform] [hivemq-platform-operator] [8d76f7f3] 18:31:53.601 [main] INFO  c.h.p.o.HiveMQPlatformOperatorApplication - Additional imagePullSecret for all Platform deployments: none
2025-01-30 18:31:53,603 INFO c.h.h.t.HelmChartContainer - [hivemq-test-hivemq-platform] [hivemq-platform-operator] [8d76f7f3] 18:31:53.601 [main] INFO  c.h.p.o.HiveMQPlatformOperatorApplication - Apply HiveMQ Platform CRD: true
2025-01-30 18:31:53,603 INFO c.h.h.t.HelmChartContainer - [hivemq-test-hivemq-platform] [hivemq-platform-operator] [8d76f7f3] 18:31:53.601 [main] INFO  c.h.p.o.HiveMQPlatformOperatorApplication - Create Platform ServiceAccount: true
2025-01-30 18:31:53,603 INFO c.h.h.t.HelmChartContainer - [hivemq-test-hivemq-platform] [hivemq-platform-operator] [8d76f7f3] 18:31:53.601 [main] INFO  c.h.p.o.HiveMQPlatformOperatorApplication - Create Platform ServiceAccount permissions: true
2025-01-30 18:31:53,603 INFO c.h.h.t.HelmChartContainer - [hivemq-test-hivemq-platform] [hivemq-platform-operator] [8d76f7f3] 18:31:53.602 [main] INFO  c.h.p.o.HiveMQPlatformOperatorApplication - Validate Platform ServiceAccount: true
2025-01-30 18:31:53,603 INFO c.h.h.t.HelmChartContainer - [hivemq-test-hivemq-platform] [hivemq-platform-operator] [8d76f7f3] 18:31:53.602 [main] INFO  c.h.p.o.HiveMQPlatformOperatorApplication - Validate Platform ServiceAccount permissions: true
2025-01-30 18:31:53,726 INFO c.h.h.t.HelmChartContainer - [hivemq-test-hivemq-platform] [hivemq-platform-operator] [8d76f7f3] 18:31:53.725 [main] INFO  c.h.platform.operator.util.CRDUtil - Verifying deployed HiveMQ Platform CRD...
2025-01-30 18:31:56,301 INFO c.h.h.t.HelmChartContainer - [hivemq-test-hivemq-platform] [hivemq-platform-operator] [8d76f7f3] 18:31:56.300 [main] DEBUG c.h.platform.operator.util.CRDUtil - HiveMQ Platform CRD version v1 is up to date
2025-01-30 18:31:56,303 INFO c.h.h.t.HelmChartContainer - [hivemq-test-hivemq-platform] [hivemq-platform-operator] [8d76f7f3] 18:31:56.301 [main] INFO  c.h.platform.operator.util.CRDUtil - HiveMQ Platform CRD is up to date (version: V1_6_0)
2025-01-30 18:31:56,303 INFO c.h.h.t.HelmChartContainer - [hivemq-test-hivemq-platform] [hivemq-platform-operator] [8d76f7f3] 18:31:56.301 [main] INFO  c.h.platform.operator.util.CRDUtil - Waiting 10000 ms for HiveMQ Platform CRD 'hivemq-platforms.hivemq.com' to become ready...
2025-01-30 18:31:56,608 INFO c.h.h.t.HelmChartContainer - [hivemq-test-hivemq-platform] [hivemq-platform-operator] [8d76f7f3] 18:31:56.607 [vert.x-eventloop-thread-1] DEBUG c.h.platform.operator.util.CRDUtil - Checking CRD condition 'NamesAccepted' (status: 'True')
2025-01-30 18:31:56,609 INFO c.h.h.t.HelmChartContainer - [hivemq-test-hivemq-platform] [hivemq-platform-operator] [8d76f7f3] 18:31:56.607 [vert.x-eventloop-thread-1] DEBUG c.h.platform.operator.util.CRDUtil - Checking CRD condition 'Established' (status: 'True')
2025-01-30 18:31:56,610 INFO c.h.h.t.HelmChartContainer - [hivemq-test-hivemq-platform] [hivemq-platform-operator] [8d76f7f3] 18:31:56.609 [main] INFO  c.h.platform.operator.util.CRDUtil - HiveMQ Platform CRD 'hivemq-platforms.hivemq.com' is ready
2025-01-30 18:31:56,802 INFO c.h.h.t.HelmChartContainer - [hivemq-test-hivemq-platform] [hivemq-platform-operator] [8d76f7f3] 18:31:56.801 [main] INFO  c.h.p.o.HiveMQPlatformReconciler - HiveMQ Platform Operator is starting...
2025-01-30 18:31:56,825 INFO c.h.h.t.HelmChartContainer - [hivemq-test-hivemq-platform] [hivemq-platform-operator] [8d76f7f3] 18:31:56.823 [main] WARN  Default ConfigurationService implementation - Configuration for reconciler 'hivemq-controller' was not found. Known reconcilers: None.
2025-01-30 18:31:56,905 INFO c.h.h.t.HelmChartContainer - [hivemq-test-hivemq-platform] [hivemq-platform-operator] [8d76f7f3] 18:31:56.904 [main] INFO  Default ConfigurationService implementation - Created configuration for reconciler com.hivemq.platform.operator.HiveMQPlatformReconciler with name hivemq-controller
2025-01-30 18:31:57,003 INFO c.h.h.t.HelmChartContainer - [hivemq-test-hivemq-platform] [hivemq-platform-operator] [8d76f7f3] 18:31:57.002 [main] DEBUG c.h.p.o.HiveMQPlatformReconciler - HiveMQ Platform Operator is preparing EventSources
2025-01-30 18:31:57,015 INFO c.h.h.t.HelmChartContainer - [hivemq-test-hivemq-platform] [hivemq-platform-operator] [8d76f7f3] 18:31:57.014 [main] INFO  i.javaoperatorsdk.operator.Operator - Registered reconciler: 'hivemq-controller' for resource: 'class com.hivemq.platform.operator.v1.HiveMQPlatform' for namespace(s): [all namespaces]
2025-01-30 18:31:57,611 INFO c.h.h.t.HelmChartContainer - [hivemq-test-hivemq-platform] [hivemq-platform-operator] [8d76f7f3] 18:31:57.609 [main] INFO  c.h.p.operator.webserver.JettyServer - Starting Jetty server on port 8080
2025-01-30 18:31:57,713 INFO c.h.h.t.HelmChartContainer - [hivemq-test-hivemq-platform] [hivemq-platform-operator] [8d76f7f3] 18:31:57.711 [main] INFO  i.javaoperatorsdk.operator.Operator - Operator SDK 4.9.7 (commit: 2133d28) built on Wed Nov 20 12:56:20 UTC 2024 starting...
2025-01-30 18:31:57,714 INFO c.h.h.t.HelmChartContainer - [hivemq-test-hivemq-platform] [hivemq-platform-operator] [8d76f7f3] 18:31:57.712 [main] INFO  i.javaoperatorsdk.operator.Operator - Client version: 6.13.5
2025-01-30 18:31:57,715 INFO c.h.h.t.HelmChartContainer - [hivemq-test-hivemq-platform] [hivemq-platform-operator] [8d76f7f3] 18:31:57.713 [Controller Starter for: hivemq-controller] INFO  i.j.operator.processing.Controller - Starting 'hivemq-controller' controller for reconciler: com.hivemq.platform.operator.HiveMQPlatformReconciler, resource: com.hivemq.platform.operator.v1.HiveMQPlatform
2025-01-30 18:32:00,300 INFO c.h.h.t.HelmChartContainer - [hivemq-test-hivemq-platform] [hivemq-platform-operator] [8d76f7f3] 18:32:00.299 [Controller Starter for: hivemq-controller] INFO  i.j.operator.processing.Controller - 'hivemq-controller' controller started
2025-01-30 18:32:00,301 INFO c.h.h.t.HelmChartContainer - [hivemq-test-hivemq-platform] [hivemq-platform-operator] [8d76f7f3] 18:32:00.300 [main] INFO  c.h.p.o.HiveMQPlatformOperatorApplication - HiveMQ Platform Operator 1.7.0-SNAPSHOT started in 6789 ms
2025-01-30 18:32:01,575 INFO c.h.h.t.HelmChartContainer - [POD] hivemq-test-hivemq-platform-operator-6966f96d65-pq8zb [8d76f7f3-f5fe-4a1c-86ce-9f80713f6723] in helmmonitoringplatformit-operator was MODIFIED
2025-01-30 18:32:01,581 INFO c.h.h.t.HelmChartContainer - [K3S] [replica_set.go:679] "Finished syncing" kind="ReplicaSet" key="helmmonitoringplatformit-operator/hivemq-test-hivemq-platform-operator-6966f96d65" duration="10.074067ms"
2025-01-30 18:32:01,581 INFO c.h.h.t.HelmChartContainer - [K3S] [replica_set.go:679] "Finished syncing" kind="ReplicaSet" key="helmmonitoringplatformit-operator/hivemq-test-hivemq-platform-operator-6966f96d65" duration="426.578µs"
2025-01-30 18:32:02,629 DEBUG c.h.h.t.HelmChartContainer - Executing helm command: /bin/helm --kubeconfig /etc/rancher/k3s/k3s.yaml repo add prometheus-community https://prometheus-community.github.io/helm-charts
2025-01-30 18:32:03,107 DEBUG c.h.h.t.HelmChartContainer - Executing helm command: /bin/helm --kubeconfig /etc/rancher/k3s/k3s.yaml install monitoring-stack prometheus-community/kube-prometheus-stack --wait --timeout 5m0s --set prometheus-node-exporter.hostRootFsMount.enabled=false -n monitoring --create-namespace
2025-01-30 18:32:09,960 INFO c.h.h.t.HelmChartContainer - [K3S] [job_controller.go:598] "enqueueing job" key="monitoring/monitoring-stack-kube-prom-admission-create" delay="0s"
2025-01-30 18:32:09,975 INFO c.h.h.t.HelmChartContainer - [K3S] [job_controller.go:598] "enqueueing job" key="monitoring/monitoring-stack-kube-prom-admission-create" delay="1s"
2025-01-30 18:32:09,979 INFO c.h.h.t.HelmChartContainer - [POD] monitoring-stack-kube-prom-admission-create-jz2dm [6414468a-9573-4738-99b9-83605b3628be] in monitoring was ADDED
2025-01-30 18:32:09,984 INFO c.h.h.t.HelmChartContainer - [K3S] [job_controller.go:598] "enqueueing job" key="monitoring/monitoring-stack-kube-prom-admission-create" delay="1s"
2025-01-30 18:32:09,986 INFO c.h.h.t.HelmChartContainer - [K3S] [job_controller.go:598] "enqueueing job" key="monitoring/monitoring-stack-kube-prom-admission-create" delay="1s"
2025-01-30 18:32:09,986 INFO c.h.h.t.HelmChartContainer - [EVENT] Normal [SuccessfulCreate] Created pod: monitoring-stack-kube-prom-admission-create-jz2dm [monitoring:monitoring-stack-kube-prom-admission-create]
2025-01-30 18:32:09,988 INFO c.h.h.t.HelmChartContainer - [POD] monitoring-stack-kube-prom-admission-create-jz2dm [6414468a-9573-4738-99b9-83605b3628be] in monitoring was MODIFIED
2025-01-30 18:32:09,989 INFO c.h.h.t.HelmChartContainer - [EVENT] Normal [Scheduled] Successfully assigned monitoring/monitoring-stack-kube-prom-admission-create-jz2dm to 1176ab4d886c [monitoring:monitoring-stack-kube-prom-admission-create-jz2dm]
2025-01-30 18:32:09,994 INFO c.h.h.t.HelmChartContainer - [K3S] [job_controller.go:598] "enqueueing job" key="monitoring/monitoring-stack-kube-prom-admission-create" delay="1s"
2025-01-30 18:32:09,995 INFO c.h.h.t.HelmChartContainer - [POD] monitoring-stack-kube-prom-admission-create-jz2dm [6414468a-9573-4738-99b9-83605b3628be] in monitoring was MODIFIED
2025-01-30 18:32:10,107 INFO c.h.h.t.HelmChartContainer - [K3S] [reconciler_common.go:251] "operationExecutor.VerifyControllerAttachedVolume started for volume \"kube-api-access-zxd98\" (UniqueName: \"kubernetes.io/projected/6414468a-9573-4738-99b9-83605b3628be-kube-api-access-zxd98\") pod \"monitoring-stack-kube-prom-admission-create-jz2dm\" (UID: \"6414468a-9573-4738-99b9-83605b3628be\") " pod="monitoring/monitoring-stack-kube-prom-admission-create-jz2dm"
2025-01-30 18:32:10,376 INFO c.h.h.t.HelmChartContainer - [EVENT] Normal [Pulling] Pulling image "registry.k8s.io/ingress-nginx/kube-webhook-certgen:v1.5.1" [monitoring:monitoring-stack-kube-prom-admission-create-jz2dm]
2025-01-30 18:32:11,499 INFO c.h.h.t.HelmChartContainer - [EVENT] Normal [Pulled] Successfully pulled image "registry.k8s.io/ingress-nginx/kube-webhook-certgen:v1.5.1" in 1.124s (1.124s including waiting). Image size: 27079554 bytes. [monitoring:monitoring-stack-kube-prom-admission-create-jz2dm]
2025-01-30 18:32:11,507 INFO c.h.h.t.HelmChartContainer - [EVENT] Normal [Created] Created container: create [monitoring:monitoring-stack-kube-prom-admission-create-jz2dm]
2025-01-30 18:32:11,563 INFO c.h.h.t.HelmChartContainer - [EVENT] Normal [Started] Started container create [monitoring:monitoring-stack-kube-prom-admission-create-jz2dm]
2025-01-30 18:32:11,609 INFO c.h.h.t.HelmChartContainer - [K3S] [job_controller.go:598] "enqueueing job" key="monitoring/monitoring-stack-kube-prom-admission-create" delay="1s"
2025-01-30 18:32:11,611 INFO c.h.h.t.HelmChartContainer - [POD] monitoring-stack-kube-prom-admission-create-jz2dm [6414468a-9573-4738-99b9-83605b3628be] in monitoring was MODIFIED
2025-01-30 18:32:12,606 INFO c.h.h.t.HelmChartContainer - [K3S] [job_controller.go:598] "enqueueing job" key="monitoring/monitoring-stack-kube-prom-admission-create" delay="1s"
2025-01-30 18:32:12,609 INFO c.h.h.t.HelmChartContainer - [K3S] [job_controller.go:598] "enqueueing job" key="monitoring/monitoring-stack-kube-prom-admission-create" delay="1s"
2025-01-30 18:32:12,610 INFO c.h.h.t.HelmChartContainer - [POD] monitoring-stack-kube-prom-admission-create-jz2dm [6414468a-9573-4738-99b9-83605b3628be] in monitoring was MODIFIED
2025-01-30 18:32:13,610 INFO c.h.h.t.HelmChartContainer - [K3S] [job_controller.go:598] "enqueueing job" key="monitoring/monitoring-stack-kube-prom-admission-create" delay="1s"
2025-01-30 18:32:13,665 INFO c.h.h.t.HelmChartContainer - [POD] monitoring-stack-kube-prom-admission-create-jz2dm [6414468a-9573-4738-99b9-83605b3628be] in monitoring was MODIFIED
2025-01-30 18:32:13,665 INFO c.h.h.t.HelmChartContainer - [K3S] [job_controller.go:598] "enqueueing job" key="monitoring/monitoring-stack-kube-prom-admission-create" delay="1s"
2025-01-30 18:32:13,727 INFO c.h.h.t.HelmChartContainer - [K3S] [reconciler_common.go:162] "operationExecutor.UnmountVolume started for volume \"kube-api-access-zxd98\" (UniqueName: \"kubernetes.io/projected/6414468a-9573-4738-99b9-83605b3628be-kube-api-access-zxd98\") pod \"6414468a-9573-4738-99b9-83605b3628be\" (UID: \"6414468a-9573-4738-99b9-83605b3628be\") "
2025-01-30 18:32:13,828 INFO c.h.h.t.HelmChartContainer - [K3S] [reconciler_common.go:299] "Volume detached for volume \"kube-api-access-zxd98\" (UniqueName: \"kubernetes.io/projected/6414468a-9573-4738-99b9-83605b3628be-kube-api-access-zxd98\") on node \"1176ab4d886c\" DevicePath \"\""
2025-01-30 18:32:14,602 INFO c.h.h.t.HelmChartContainer - [K3S] [pod_container_deletor.go:80] "Container not found in pod's containers" containerID="4d2c6a326933cf13c9fbfbd0145d725ad9496a62a38e2a89c33135a9bbc3d653"
2025-01-30 18:32:14,613 INFO c.h.h.t.HelmChartContainer - [K3S] [job_controller.go:598] "enqueueing job" key="monitoring/monitoring-stack-kube-prom-admission-create" delay="1s"
2025-01-30 18:32:14,617 INFO c.h.h.t.HelmChartContainer - [K3S] [job_controller.go:598] "enqueueing job" key="monitoring/monitoring-stack-kube-prom-admission-create" delay="1s"
2025-01-30 18:32:14,619 INFO c.h.h.t.HelmChartContainer - [POD] monitoring-stack-kube-prom-admission-create-jz2dm [6414468a-9573-4738-99b9-83605b3628be] in monitoring was MODIFIED
2025-01-30 18:32:14,623 INFO c.h.h.t.HelmChartContainer - [EVENT] Normal [Completed] Job completed [monitoring:monitoring-stack-kube-prom-admission-create]
2025-01-30 18:32:14,629 INFO c.h.h.t.HelmChartContainer - [K3S] [job_controller.go:598] "enqueueing job" key="monitoring/monitoring-stack-kube-prom-admission-create" delay="0s"
2025-01-30 18:32:14,641 INFO c.h.h.t.HelmChartContainer - [POD] monitoring-stack-kube-prom-admission-create-jz2dm [6414468a-9573-4738-99b9-83605b3628be] in monitoring was MODIFIED
2025-01-30 18:32:14,645 INFO c.h.h.t.HelmChartContainer - [POD] monitoring-stack-kube-prom-admission-create-jz2dm [6414468a-9573-4738-99b9-83605b3628be] in monitoring was DELETED
2025-01-30 18:32:14,819 INFO c.h.h.t.HelmChartContainer - [K3S] [alloc.go:330] "allocated clusterIPs" service="monitoring/monitoring-stack-kube-prom-prometheus" clusterIPs={"IPv4":"10.43.167.119"}
2025-01-30 18:32:14,823 INFO c.h.h.t.HelmChartContainer - [K3S] [alloc.go:330] "allocated clusterIPs" service="monitoring/monitoring-stack-prometheus-node-exporter" clusterIPs={"IPv4":"10.43.212.66"}
2025-01-30 18:32:14,829 INFO c.h.h.t.HelmChartContainer - [K3S] [alloc.go:330] "allocated clusterIPs" service="monitoring/monitoring-stack-kube-prom-alertmanager" clusterIPs={"IPv4":"10.43.96.30"}
2025-01-30 18:32:14,835 INFO c.h.h.t.HelmChartContainer - [K3S] [alloc.go:330] "allocated clusterIPs" service="monitoring/monitoring-stack-kube-state-metrics" clusterIPs={"IPv4":"10.43.131.251"}
2025-01-30 18:32:14,845 INFO c.h.h.t.HelmChartContainer - [K3S] [alloc.go:330] "allocated clusterIPs" service="monitoring/monitoring-stack-grafana" clusterIPs={"IPv4":"10.43.69.218"}
2025-01-30 18:32:14,847 INFO c.h.h.t.HelmChartContainer - [K3S] [alloc.go:330] "allocated clusterIPs" service="monitoring/monitoring-stack-kube-prom-operator" clusterIPs={"IPv4":"10.43.53.86"}
2025-01-30 18:32:14,877 INFO c.h.h.t.HelmChartContainer - [EVENT] Normal [ScalingReplicaSet] Scaled up replica set monitoring-stack-kube-state-metrics-5bf5c7b54d from 0 to 1 [monitoring:monitoring-stack-kube-state-metrics]
2025-01-30 18:32:14,882 INFO c.h.h.t.HelmChartContainer - [POD] monitoring-stack-kube-state-metrics-5bf5c7b54d-8pkt6 [c45260c2-2616-4b56-918e-f4fc963d7da7] in monitoring was ADDED
2025-01-30 18:32:14,890 INFO c.h.h.t.HelmChartContainer - [POD] monitoring-stack-kube-state-metrics-5bf5c7b54d-8pkt6 [c45260c2-2616-4b56-918e-f4fc963d7da7] in monitoring was MODIFIED
2025-01-30 18:32:14,891 INFO c.h.h.t.HelmChartContainer - [K3S] [memory_manager.go:355] "RemoveStaleState removing state" podUID="6414468a-9573-4738-99b9-83605b3628be" containerName="create"
2025-01-30 18:32:14,899 INFO c.h.h.t.HelmChartContainer - [EVENT] Normal [ScalingReplicaSet] Scaled up replica set monitoring-stack-grafana-64c55fb967 from 0 to 1 [monitoring:monitoring-stack-grafana]
2025-01-30 18:32:14,899 INFO c.h.h.t.HelmChartContainer - [EVENT] Normal [SuccessfulCreate] Created pod: monitoring-stack-kube-state-metrics-5bf5c7b54d-8pkt6 [monitoring:monitoring-stack-kube-state-metrics-5bf5c7b54d]
2025-01-30 18:32:14,906 INFO c.h.h.t.HelmChartContainer - [POD] monitoring-stack-prometheus-node-exporter-9n5n5 [0b93e16c-eb98-403c-8f6c-46598633f1b1] in monitoring was ADDED
2025-01-30 18:32:14,908 INFO c.h.h.t.HelmChartContainer - [POD] monitoring-stack-grafana-64c55fb967-gmfl8 [f4a3542b-c15b-45c6-9e95-802d35867d57] in monitoring was ADDED
2025-01-30 18:32:14,913 INFO c.h.h.t.HelmChartContainer - [EVENT] Normal [Scheduled] Successfully assigned monitoring/monitoring-stack-kube-state-metrics-5bf5c7b54d-8pkt6 to 1176ab4d886c [monitoring:monitoring-stack-kube-state-metrics-5bf5c7b54d-8pkt6]
2025-01-30 18:32:14,921 INFO c.h.h.t.HelmChartContainer - [K3S] [replica_set.go:679] "Finished syncing" kind="ReplicaSet" key="monitoring/monitoring-stack-kube-state-metrics-5bf5c7b54d" duration="54.670026ms"
2025-01-30 18:32:14,932 INFO c.h.h.t.HelmChartContainer - [K3S] [reconciler_common.go:251] "operationExecutor.VerifyControllerAttachedVolume started for volume \"kube-api-access-xv4vz\" (UniqueName: \"kubernetes.io/projected/c45260c2-2616-4b56-918e-f4fc963d7da7-kube-api-access-xv4vz\") pod \"monitoring-stack-kube-state-metrics-5bf5c7b54d-8pkt6\" (UID: \"c45260c2-2616-4b56-918e-f4fc963d7da7\") " pod="monitoring/monitoring-stack-kube-state-metrics-5bf5c7b54d-8pkt6"
2025-01-30 18:32:14,939 INFO c.h.h.t.HelmChartContainer - [K3S] [dispatcher.go:210] Failed calling webhook, failing open prometheusrulemutate.monitoring.coreos.com: failed calling webhook "prometheusrulemutate.monitoring.coreos.com": failed to call webhook: Post "https://monitoring-stack-kube-prom-operator.monitoring.svc:443/admission-prometheusrules/mutate?timeout=10s": no endpoints available for service "monitoring-stack-kube-prom-operator"
2025-01-30 18:32:14,939 INFO c.h.h.t.HelmChartContainer - [K3S] [dispatcher.go:214] "Unhandled Error" err="failed calling webhook \"prometheusrulemutate.monitoring.coreos.com\": failed to call webhook: Post \"https://monitoring-stack-kube-prom-operator.monitoring.svc:443/admission-prometheusrules/mutate?timeout=10s\": no endpoints available for service \"monitoring-stack-kube-prom-operator\""
2025-01-30 18:32:14,941 INFO c.h.h.t.HelmChartContainer - [K3S] [dispatcher.go:210] Failed calling webhook, failing open prometheusrulemutate.monitoring.coreos.com: failed calling webhook "prometheusrulemutate.monitoring.coreos.com": failed to call webhook: Post "https://monitoring-stack-kube-prom-operator.monitoring.svc:443/admission-prometheusrules/mutate?timeout=10s": no endpoints available for service "monitoring-stack-kube-prom-operator"
2025-01-30 18:32:14,941 INFO c.h.h.t.HelmChartContainer - [K3S] [dispatcher.go:214] "Unhandled Error" err="failed calling webhook \"prometheusrulemutate.monitoring.coreos.com\": failed to call webhook: Post \"https://monitoring-stack-kube-prom-operator.monitoring.svc:443/admission-prometheusrules/mutate?timeout=10s\": no endpoints available for service \"monitoring-stack-kube-prom-operator\""
2025-01-30 18:32:14,945 INFO c.h.h.t.HelmChartContainer - [EVENT] Normal [ScalingReplicaSet] Scaled up replica set monitoring-stack-kube-prom-operator-6998896c from 0 to 1 [monitoring:monitoring-stack-kube-prom-operator]
2025-01-30 18:32:14,949 INFO c.h.h.t.HelmChartContainer - [EVENT] Normal [SuccessfulCreate] Created pod: monitoring-stack-prometheus-node-exporter-9n5n5 [monitoring:monitoring-stack-prometheus-node-exporter]
2025-01-30 18:32:14,949 INFO c.h.h.t.HelmChartContainer - [K3S] [dispatcher.go:210] Failed calling webhook, failing open prometheusrulemutate.monitoring.coreos.com: failed calling webhook "prometheusrulemutate.monitoring.coreos.com": failed to call webhook: Post "https://monitoring-stack-kube-prom-operator.monitoring.svc:443/admission-prometheusrules/mutate?timeout=10s": no endpoints available for service "monitoring-stack-kube-prom-operator"
2025-01-30 18:32:14,950 INFO c.h.h.t.HelmChartContainer - [K3S] [dispatcher.go:214] "Unhandled Error" err="failed calling webhook \"prometheusrulemutate.monitoring.coreos.com\": failed to call webhook: Post \"https://monitoring-stack-kube-prom-operator.monitoring.svc:443/admission-prometheusrules/mutate?timeout=10s\": no endpoints available for service \"monitoring-stack-kube-prom-operator\""
2025-01-30 18:32:14,951 INFO c.h.h.t.HelmChartContainer - [K3S] [dispatcher.go:210] Failed calling webhook, failing open prometheusrulemutate.monitoring.coreos.com: failed calling webhook "prometheusrulemutate.monitoring.coreos.com": failed to call webhook: Post "https://monitoring-stack-kube-prom-operator.monitoring.svc:443/admission-prometheusrules/mutate?timeout=10s": no endpoints available for service "monitoring-stack-kube-prom-operator"
2025-01-30 18:32:14,951 INFO c.h.h.t.HelmChartContainer - [K3S] [dispatcher.go:214] "Unhandled Error" err="failed calling webhook \"prometheusrulemutate.monitoring.coreos.com\": failed to call webhook: Post \"https://monitoring-stack-kube-prom-operator.monitoring.svc:443/admission-prometheusrules/mutate?timeout=10s\": no endpoints available for service \"monitoring-stack-kube-prom-operator\""
2025-01-30 18:32:14,952 INFO c.h.h.t.HelmChartContainer - [K3S] [dispatcher.go:210] Failed calling webhook, failing open prometheusrulemutate.monitoring.coreos.com: failed calling webhook "prometheusrulemutate.monitoring.coreos.com": failed to call webhook: Post "https://monitoring-stack-kube-prom-operator.monitoring.svc:443/admission-prometheusrules/mutate?timeout=10s": no endpoints available for service "monitoring-stack-kube-prom-operator"
2025-01-30 18:32:14,953 INFO c.h.h.t.HelmChartContainer - [K3S] [dispatcher.go:214] "Unhandled Error" err="failed calling webhook \"prometheusrulemutate.monitoring.coreos.com\": failed to call webhook: Post \"https://monitoring-stack-kube-prom-operator.monitoring.svc:443/admission-prometheusrules/mutate?timeout=10s\": no endpoints available for service \"monitoring-stack-kube-prom-operator\""
2025-01-30 18:32:14,954 INFO c.h.h.t.HelmChartContainer - [K3S] [dispatcher.go:210] Failed calling webhook, failing open prometheusrulemutate.monitoring.coreos.com: failed calling webhook "prometheusrulemutate.monitoring.coreos.com": failed to call webhook: Post "https://monitoring-stack-kube-prom-operator.monitoring.svc:443/admission-prometheusrules/mutate?timeout=10s": no endpoints available for service "monitoring-stack-kube-prom-operator"
2025-01-30 18:32:14,955 INFO c.h.h.t.HelmChartContainer - [K3S] [dispatcher.go:214] "Unhandled Error" err="failed calling webhook \"prometheusrulemutate.monitoring.coreos.com\": failed to call webhook: Post \"https://monitoring-stack-kube-prom-operator.monitoring.svc:443/admission-prometheusrules/mutate?timeout=10s\": no endpoints available for service \"monitoring-stack-kube-prom-operator\""
2025-01-30 18:32:14,955 INFO c.h.h.t.HelmChartContainer - [K3S] [dispatcher.go:210] Failed calling webhook, failing open prometheusrulemutate.monitoring.coreos.com: failed calling webhook "prometheusrulemutate.monitoring.coreos.com": failed to call webhook: Post "https://monitoring-stack-kube-prom-operator.monitoring.svc:443/admission-prometheusrules/mutate?timeout=10s": no endpoints available for service "monitoring-stack-kube-prom-operator"
2025-01-30 18:32:14,956 INFO c.h.h.t.HelmChartContainer - [EVENT] Normal [SuccessfulCreate] Created pod: monitoring-stack-grafana-64c55fb967-gmfl8 [monitoring:monitoring-stack-grafana-64c55fb967]
2025-01-30 18:32:14,956 INFO c.h.h.t.HelmChartContainer - [K3S] [dispatcher.go:214] "Unhandled Error" err="failed calling webhook \"prometheusrulemutate.monitoring.coreos.com\": failed to call webhook: Post \"https://monitoring-stack-kube-prom-operator.monitoring.svc:443/admission-prometheusrules/mutate?timeout=10s\": no endpoints available for service \"monitoring-stack-kube-prom-operator\""
2025-01-30 18:32:14,962 INFO c.h.h.t.HelmChartContainer - [K3S] [dispatcher.go:210] Failed calling webhook, failing open prometheusrulemutate.monitoring.coreos.com: failed calling webhook "prometheusrulemutate.monitoring.coreos.com": failed to call webhook: Post "https://monitoring-stack-kube-prom-operator.monitoring.svc:443/admission-prometheusrules/mutate?timeout=10s": no endpoints available for service "monitoring-stack-kube-prom-operator"
2025-01-30 18:32:14,962 INFO c.h.h.t.HelmChartContainer - [K3S] [dispatcher.go:214] "Unhandled Error" err="failed calling webhook \"prometheusrulemutate.monitoring.coreos.com\": failed to call webhook: Post \"https://monitoring-stack-kube-prom-operator.monitoring.svc:443/admission-prometheusrules/mutate?timeout=10s\": no endpoints available for service \"monitoring-stack-kube-prom-operator\""
2025-01-30 18:32:14,963 INFO c.h.h.t.HelmChartContainer - [K3S] [dispatcher.go:210] Failed calling webhook, failing open prometheusrulemutate.monitoring.coreos.com: failed calling webhook "prometheusrulemutate.monitoring.coreos.com": failed to call webhook: Post "https://monitoring-stack-kube-prom-operator.monitoring.svc:443/admission-prometheusrules/mutate?timeout=10s": no endpoints available for service "monitoring-stack-kube-prom-operator"
2025-01-30 18:32:14,963 INFO c.h.h.t.HelmChartContainer - [K3S] [dispatcher.go:214] "Unhandled Error" err="failed calling webhook \"prometheusrulemutate.monitoring.coreos.com\": failed to call webhook: Post \"https://monitoring-stack-kube-prom-operator.monitoring.svc:443/admission-prometheusrules/mutate?timeout=10s\": no endpoints available for service \"monitoring-stack-kube-prom-operator\""
2025-01-30 18:32:14,965 INFO c.h.h.t.HelmChartContainer - [POD] monitoring-stack-kube-prom-operator-6998896c-4h4jd [5c08a30c-b3e8-43ea-8864-9a6976a78c46] in monitoring was ADDED
2025-01-30 18:32:14,965 INFO c.h.h.t.HelmChartContainer - [POD] monitoring-stack-kube-state-metrics-5bf5c7b54d-8pkt6 [c45260c2-2616-4b56-918e-f4fc963d7da7] in monitoring was MODIFIED
2025-01-30 18:32:14,965 INFO c.h.h.t.HelmChartContainer - [POD] monitoring-stack-prometheus-node-exporter-9n5n5 [0b93e16c-eb98-403c-8f6c-46598633f1b1] in monitoring was MODIFIED
2025-01-30 18:32:14,967 INFO c.h.h.t.HelmChartContainer - [K3S] [replica_set.go:679] "Finished syncing" kind="ReplicaSet" key="monitoring/monitoring-stack-kube-state-metrics-5bf5c7b54d" duration="46.563972ms"
2025-01-30 18:32:14,968 INFO c.h.h.t.HelmChartContainer - [K3S] [replica_set.go:679] "Finished syncing" kind="ReplicaSet" key="monitoring/monitoring-stack-kube-state-metrics-5bf5c7b54d" duration="132.226µs"
2025-01-30 18:32:14,969 INFO c.h.h.t.HelmChartContainer - [K3S] [dispatcher.go:210] Failed calling webhook, failing open prometheusrulemutate.monitoring.coreos.com: failed calling webhook "prometheusrulemutate.monitoring.coreos.com": failed to call webhook: Post "https://monitoring-stack-kube-prom-operator.monitoring.svc:443/admission-prometheusrules/mutate?timeout=10s": no endpoints available for service "monitoring-stack-kube-prom-operator"
2025-01-30 18:32:14,969 INFO c.h.h.t.HelmChartContainer - [K3S] [dispatcher.go:214] "Unhandled Error" err="failed calling webhook \"prometheusrulemutate.monitoring.coreos.com\": failed to call webhook: Post \"https://monitoring-stack-kube-prom-operator.monitoring.svc:443/admission-prometheusrules/mutate?timeout=10s\": no endpoints available for service \"monitoring-stack-kube-prom-operator\""
2025-01-30 18:32:14,969 INFO c.h.h.t.HelmChartContainer - [K3S] [dispatcher.go:210] Failed calling webhook, failing open prometheusrulemutate.monitoring.coreos.com: failed calling webhook "prometheusrulemutate.monitoring.coreos.com": failed to call webhook: Post "https://monitoring-stack-kube-prom-operator.monitoring.svc:443/admission-prometheusrules/mutate?timeout=10s": no endpoints available for service "monitoring-stack-kube-prom-operator"
2025-01-30 18:32:14,970 INFO c.h.h.t.HelmChartContainer - [K3S] [dispatcher.go:214] "Unhandled Error" err="failed calling webhook \"prometheusrulemutate.monitoring.coreos.com\": failed to call webhook: Post \"https://monitoring-stack-kube-prom-operator.monitoring.svc:443/admission-prometheusrules/mutate?timeout=10s\": no endpoints available for service \"monitoring-stack-kube-prom-operator\""
2025-01-30 18:32:14,971 INFO c.h.h.t.HelmChartContainer - [K3S] [dispatcher.go:210] Failed calling webhook, failing open prometheusrulemutate.monitoring.coreos.com: failed calling webhook "prometheusrulemutate.monitoring.coreos.com": failed to call webhook: Post "https://monitoring-stack-kube-prom-operator.monitoring.svc:443/admission-prometheusrules/mutate?timeout=10s": no endpoints available for service "monitoring-stack-kube-prom-operator"
2025-01-30 18:32:14,971 INFO c.h.h.t.HelmChartContainer - [K3S] [dispatcher.go:214] "Unhandled Error" err="failed calling webhook \"prometheusrulemutate.monitoring.coreos.com\": failed to call webhook: Post \"https://monitoring-stack-kube-prom-operator.monitoring.svc:443/admission-prometheusrules/mutate?timeout=10s\": no endpoints available for service \"monitoring-stack-kube-prom-operator\""
2025-01-30 18:32:14,971 INFO c.h.h.t.HelmChartContainer - [K3S] [dispatcher.go:210] Failed calling webhook, failing open prometheusrulemutate.monitoring.coreos.com: failed calling webhook "prometheusrulemutate.monitoring.coreos.com": failed to call webhook: Post "https://monitoring-stack-kube-prom-operator.monitoring.svc:443/admission-prometheusrules/mutate?timeout=10s": no endpoints available for service "monitoring-stack-kube-prom-operator"
2025-01-30 18:32:14,971 INFO c.h.h.t.HelmChartContainer - [K3S] [dispatcher.go:214] "Unhandled Error" err="failed calling webhook \"prometheusrulemutate.monitoring.coreos.com\": failed to call webhook: Post \"https://monitoring-stack-kube-prom-operator.monitoring.svc:443/admission-prometheusrules/mutate?timeout=10s\": no endpoints available for service \"monitoring-stack-kube-prom-operator\""
2025-01-30 18:32:14,971 INFO c.h.h.t.HelmChartContainer - [K3S] [dispatcher.go:210] Failed calling webhook, failing open prometheusrulemutate.monitoring.coreos.com: failed calling webhook "prometheusrulemutate.monitoring.coreos.com": failed to call webhook: Post "https://monitoring-stack-kube-prom-operator.monitoring.svc:443/admission-prometheusrules/mutate?timeout=10s": no endpoints available for service "monitoring-stack-kube-prom-operator"
2025-01-30 18:32:14,971 INFO c.h.h.t.HelmChartContainer - [K3S] [dispatcher.go:214] "Unhandled Error" err="failed calling webhook \"prometheusrulemutate.monitoring.coreos.com\": failed to call webhook: Post \"https://monitoring-stack-kube-prom-operator.monitoring.svc:443/admission-prometheusrules/mutate?timeout=10s\": no endpoints available for service \"monitoring-stack-kube-prom-operator\""
2025-01-30 18:32:14,974 INFO c.h.h.t.HelmChartContainer - [K3S] [dispatcher.go:210] Failed calling webhook, failing open prometheusrulemutate.monitoring.coreos.com: failed calling webhook "prometheusrulemutate.monitoring.coreos.com": failed to call webhook: Post "https://monitoring-stack-kube-prom-operator.monitoring.svc:443/admission-prometheusrules/mutate?timeout=10s": no endpoints available for service "monitoring-stack-kube-prom-operator"
2025-01-30 18:32:14,975 INFO c.h.h.t.HelmChartContainer - [K3S] [dispatcher.go:214] "Unhandled Error" err="failed calling webhook \"prometheusrulemutate.monitoring.coreos.com\": failed to call webhook: Post \"https://monitoring-stack-kube-prom-operator.monitoring.svc:443/admission-prometheusrules/mutate?timeout=10s\": no endpoints available for service \"monitoring-stack-kube-prom-operator\""
2025-01-30 18:32:14,975 INFO c.h.h.t.HelmChartContainer - [K3S] [dispatcher.go:210] Failed calling webhook, failing open prometheusrulemutate.monitoring.coreos.com: failed calling webhook "prometheusrulemutate.monitoring.coreos.com": failed to call webhook: Post "https://monitoring-stack-kube-prom-operator.monitoring.svc:443/admission-prometheusrules/mutate?timeout=10s": no endpoints available for service "monitoring-stack-kube-prom-operator"
2025-01-30 18:32:14,975 INFO c.h.h.t.HelmChartContainer - [K3S] [dispatcher.go:214] "Unhandled Error" err="failed calling webhook \"prometheusrulemutate.monitoring.coreos.com\": failed to call webhook: Post \"https://monitoring-stack-kube-prom-operator.monitoring.svc:443/admission-prometheusrules/mutate?timeout=10s\": no endpoints available for service \"monitoring-stack-kube-prom-operator\""
2025-01-30 18:32:14,975 INFO c.h.h.t.HelmChartContainer - [K3S] [dispatcher.go:210] Failed calling webhook, failing open prometheusrulemutate.monitoring.coreos.com: failed calling webhook "prometheusrulemutate.monitoring.coreos.com": failed to call webhook: Post "https://monitoring-stack-kube-prom-operator.monitoring.svc:443/admission-prometheusrules/mutate?timeout=10s": no endpoints available for service "monitoring-stack-kube-prom-operator"
2025-01-30 18:32:14,975 INFO c.h.h.t.HelmChartContainer - [K3S] [dispatcher.go:214] "Unhandled Error" err="failed calling webhook \"prometheusrulemutate.monitoring.coreos.com\": failed to call webhook: Post \"https://monitoring-stack-kube-prom-operator.monitoring.svc:443/admission-prometheusrules/mutate?timeout=10s\": no endpoints available for service \"monitoring-stack-kube-prom-operator\""
2025-01-30 18:32:14,975 INFO c.h.h.t.HelmChartContainer - [K3S] [dispatcher.go:210] Failed calling webhook, failing open prometheusrulemutate.monitoring.coreos.com: failed calling webhook "prometheusrulemutate.monitoring.coreos.com": failed to call webhook: Post "https://monitoring-stack-kube-prom-operator.monitoring.svc:443/admission-prometheusrules/mutate?timeout=10s": no endpoints available for service "monitoring-stack-kube-prom-operator"
2025-01-30 18:32:14,975 INFO c.h.h.t.HelmChartContainer - [K3S] [dispatcher.go:214] "Unhandled Error" err="failed calling webhook \"prometheusrulemutate.monitoring.coreos.com\": failed to call webhook: Post \"https://monitoring-stack-kube-prom-operator.monitoring.svc:443/admission-prometheusrules/mutate?timeout=10s\": no endpoints available for service \"monitoring-stack-kube-prom-operator\""
2025-01-30 18:32:14,975 INFO c.h.h.t.HelmChartContainer - [K3S] [dispatcher.go:210] Failed calling webhook, failing open prometheusrulemutate.monitoring.coreos.com: failed calling webhook "prometheusrulemutate.monitoring.coreos.com": failed to call webhook: Post "https://monitoring-stack-kube-prom-operator.monitoring.svc:443/admission-prometheusrules/mutate?timeout=10s": no endpoints available for service "monitoring-stack-kube-prom-operator"
2025-01-30 18:32:14,975 INFO c.h.h.t.HelmChartContainer - [K3S] [dispatcher.go:214] "Unhandled Error" err="failed calling webhook \"prometheusrulemutate.monitoring.coreos.com\": failed to call webhook: Post \"https://monitoring-stack-kube-prom-operator.monitoring.svc:443/admission-prometheusrules/mutate?timeout=10s\": no endpoints available for service \"monitoring-stack-kube-prom-operator\""
2025-01-30 18:32:14,977 INFO c.h.h.t.HelmChartContainer - [K3S] [dispatcher.go:210] Failed calling webhook, failing open prometheusrulemutate.monitoring.coreos.com: failed calling webhook "prometheusrulemutate.monitoring.coreos.com": failed to call webhook: Post "https://monitoring-stack-kube-prom-operator.monitoring.svc:443/admission-prometheusrules/mutate?timeout=10s": no endpoints available for service "monitoring-stack-kube-prom-operator"
2025-01-30 18:32:14,977 INFO c.h.h.t.HelmChartContainer - [K3S] [dispatcher.go:214] "Unhandled Error" err="failed calling webhook \"prometheusrulemutate.monitoring.coreos.com\": failed to call webhook: Post \"https://monitoring-stack-kube-prom-operator.monitoring.svc:443/admission-prometheusrules/mutate?timeout=10s\": no endpoints available for service \"monitoring-stack-kube-prom-operator\""
2025-01-30 18:32:14,977 INFO c.h.h.t.HelmChartContainer - [K3S] [dispatcher.go:210] Failed calling webhook, failing open prometheusrulemutate.monitoring.coreos.com: failed calling webhook "prometheusrulemutate.monitoring.coreos.com": failed to call webhook: Post "https://monitoring-stack-kube-prom-operator.monitoring.svc:443/admission-prometheusrules/mutate?timeout=10s": no endpoints available for service "monitoring-stack-kube-prom-operator"
2025-01-30 18:32:14,977 INFO c.h.h.t.HelmChartContainer - [K3S] [dispatcher.go:214] "Unhandled Error" err="failed calling webhook \"prometheusrulemutate.monitoring.coreos.com\": failed to call webhook: Post \"https://monitoring-stack-kube-prom-operator.monitoring.svc:443/admission-prometheusrules/mutate?timeout=10s\": no endpoints available for service \"monitoring-stack-kube-prom-operator\""
2025-01-30 18:32:14,980 INFO c.h.h.t.HelmChartContainer - [K3S] [dispatcher.go:210] Failed calling webhook, failing open prometheusrulemutate.monitoring.coreos.com: failed calling webhook "prometheusrulemutate.monitoring.coreos.com": failed to call webhook: Post "https://monitoring-stack-kube-prom-operator.monitoring.svc:443/admission-prometheusrules/mutate?timeout=10s": no endpoints available for service "monitoring-stack-kube-prom-operator"
2025-01-30 18:32:14,980 INFO c.h.h.t.HelmChartContainer - [K3S] [dispatcher.go:214] "Unhandled Error" err="failed calling webhook \"prometheusrulemutate.monitoring.coreos.com\": failed to call webhook: Post \"https://monitoring-stack-kube-prom-operator.monitoring.svc:443/admission-prometheusrules/mutate?timeout=10s\": no endpoints available for service \"monitoring-stack-kube-prom-operator\""
2025-01-30 18:32:14,981 INFO c.h.h.t.HelmChartContainer - [K3S] [dispatcher.go:210] Failed calling webhook, failing open prometheusrulemutate.monitoring.coreos.com: failed calling webhook "prometheusrulemutate.monitoring.coreos.com": failed to call webhook: Post "https://monitoring-stack-kube-prom-operator.monitoring.svc:443/admission-prometheusrules/mutate?timeout=10s": no endpoints available for service "monitoring-stack-kube-prom-operator"
2025-01-30 18:32:14,981 INFO c.h.h.t.HelmChartContainer - [K3S] [dispatcher.go:214] "Unhandled Error" err="failed calling webhook \"prometheusrulemutate.monitoring.coreos.com\": failed to call webhook: Post \"https://monitoring-stack-kube-prom-operator.monitoring.svc:443/admission-prometheusrules/mutate?timeout=10s\": no endpoints available for service \"monitoring-stack-kube-prom-operator\""
2025-01-30 18:32:14,982 INFO c.h.h.t.HelmChartContainer - [K3S] [dispatcher.go:210] Failed calling webhook, failing open prometheusrulemutate.monitoring.coreos.com: failed calling webhook "prometheusrulemutate.monitoring.coreos.com": failed to call webhook: Post "https://monitoring-stack-kube-prom-operator.monitoring.svc:443/admission-prometheusrules/mutate?timeout=10s": no endpoints available for service "monitoring-stack-kube-prom-operator"
2025-01-30 18:32:14,982 INFO c.h.h.t.HelmChartContainer - [K3S] [dispatcher.go:214] "Unhandled Error" err="failed calling webhook \"prometheusrulemutate.monitoring.coreos.com\": failed to call webhook: Post \"https://monitoring-stack-kube-prom-operator.monitoring.svc:443/admission-prometheusrules/mutate?timeout=10s\": no endpoints available for service \"monitoring-stack-kube-prom-operator\""
2025-01-30 18:32:14,983 INFO c.h.h.t.HelmChartContainer - [K3S] [dispatcher.go:210] Failed calling webhook, failing open prometheusrulemutate.monitoring.coreos.com: failed calling webhook "prometheusrulemutate.monitoring.coreos.com": failed to call webhook: Post "https://monitoring-stack-kube-prom-operator.monitoring.svc:443/admission-prometheusrules/mutate?timeout=10s": no endpoints available for service "monitoring-stack-kube-prom-operator"
2025-01-30 18:32:14,983 INFO c.h.h.t.HelmChartContainer - [K3S] [dispatcher.go:214] "Unhandled Error" err="failed calling webhook \"prometheusrulemutate.monitoring.coreos.com\": failed to call webhook: Post \"https://monitoring-stack-kube-prom-operator.monitoring.svc:443/admission-prometheusrules/mutate?timeout=10s\": no endpoints available for service \"monitoring-stack-kube-prom-operator\""
2025-01-30 18:32:14,985 INFO c.h.h.t.HelmChartContainer - [POD] monitoring-stack-grafana-64c55fb967-gmfl8 [f4a3542b-c15b-45c6-9e95-802d35867d57] in monitoring was MODIFIED
2025-01-30 18:32:14,988 INFO c.h.h.t.HelmChartContainer - [K3S] [dispatcher.go:210] Failed calling webhook, failing open prometheusrulemutate.monitoring.coreos.com: failed calling webhook "prometheusrulemutate.monitoring.coreos.com": failed to call webhook: Post "https://monitoring-stack-kube-prom-operator.monitoring.svc:443/admission-prometheusrules/mutate?timeout=10s": no endpoints available for service "monitoring-stack-kube-prom-operator"
2025-01-30 18:32:14,988 INFO c.h.h.t.HelmChartContainer - [K3S] [dispatcher.go:214] "Unhandled Error" err="failed calling webhook \"prometheusrulemutate.monitoring.coreos.com\": failed to call webhook: Post \"https://monitoring-stack-kube-prom-operator.monitoring.svc:443/admission-prometheusrules/mutate?timeout=10s\": no endpoints available for service \"monitoring-stack-kube-prom-operator\""
2025-01-30 18:32:14,988 INFO c.h.h.t.HelmChartContainer - [K3S] [dispatcher.go:210] Failed calling webhook, failing open prometheusrulemutate.monitoring.coreos.com: failed calling webhook "prometheusrulemutate.monitoring.coreos.com": failed to call webhook: Post "https://monitoring-stack-kube-prom-operator.monitoring.svc:443/admission-prometheusrules/mutate?timeout=10s": no endpoints available for service "monitoring-stack-kube-prom-operator"
2025-01-30 18:32:14,988 INFO c.h.h.t.HelmChartContainer - [K3S] [dispatcher.go:214] "Unhandled Error" err="failed calling webhook \"prometheusrulemutate.monitoring.coreos.com\": failed to call webhook: Post \"https://monitoring-stack-kube-prom-operator.monitoring.svc:443/admission-prometheusrules/mutate?timeout=10s\": no endpoints available for service \"monitoring-stack-kube-prom-operator\""
2025-01-30 18:32:14,988 INFO c.h.h.t.HelmChartContainer - [K3S] [dispatcher.go:210] Failed calling webhook, failing open prometheusrulemutate.monitoring.coreos.com: failed calling webhook "prometheusrulemutate.monitoring.coreos.com": failed to call webhook: Post "https://monitoring-stack-kube-prom-operator.monitoring.svc:443/admission-prometheusrules/mutate?timeout=10s": no endpoints available for service "monitoring-stack-kube-prom-operator"
2025-01-30 18:32:14,988 INFO c.h.h.t.HelmChartContainer - [K3S] [dispatcher.go:214] "Unhandled Error" err="failed calling webhook \"prometheusrulemutate.monitoring.coreos.com\": failed to call webhook: Post \"https://monitoring-stack-kube-prom-operator.monitoring.svc:443/admission-prometheusrules/mutate?timeout=10s\": no endpoints available for service \"monitoring-stack-kube-prom-operator\""
2025-01-30 18:32:14,992 INFO c.h.h.t.HelmChartContainer - [K3S] [dispatcher.go:210] Failed calling webhook, failing open prometheusrulemutate.monitoring.coreos.com: failed calling webhook "prometheusrulemutate.monitoring.coreos.com": failed to call webhook: Post "https://monitoring-stack-kube-prom-operator.monitoring.svc:443/admission-prometheusrules/mutate?timeout=10s": no endpoints available for service "monitoring-stack-kube-prom-operator"
2025-01-30 18:32:14,992 INFO c.h.h.t.HelmChartContainer - [K3S] [dispatcher.go:214] "Unhandled Error" err="failed calling webhook \"prometheusrulemutate.monitoring.coreos.com\": failed to call webhook: Post \"https://monitoring-stack-kube-prom-operator.monitoring.svc:443/admission-prometheusrules/mutate?timeout=10s\": no endpoints available for service \"monitoring-stack-kube-prom-operator\""
2025-01-30 18:32:14,994 INFO c.h.h.t.HelmChartContainer - [K3S] [dispatcher.go:210] Failed calling webhook, failing open prometheusrulemutate.monitoring.coreos.com: failed calling webhook "prometheusrulemutate.monitoring.coreos.com": failed to call webhook: Post "https://monitoring-stack-kube-prom-operator.monitoring.svc:443/admission-prometheusrules/mutate?timeout=10s": no endpoints available for service "monitoring-stack-kube-prom-operator"
2025-01-30 18:32:14,994 INFO c.h.h.t.HelmChartContainer - [K3S] [dispatcher.go:214] "Unhandled Error" err="failed calling webhook \"prometheusrulemutate.monitoring.coreos.com\": failed to call webhook: Post \"https://monitoring-stack-kube-prom-operator.monitoring.svc:443/admission-prometheusrules/mutate?timeout=10s\": no endpoints available for service \"monitoring-stack-kube-prom-operator\""
2025-01-30 18:32:14,996 INFO c.h.h.t.HelmChartContainer - [K3S] [replica_set.go:679] "Finished syncing" kind="ReplicaSet" key="monitoring/monitoring-stack-grafana-64c55fb967" duration="109.873856ms"
2025-01-30 18:32:14,998 INFO c.h.h.t.HelmChartContainer - [K3S] [dispatcher.go:210] Failed calling webhook, failing open prometheusrulemutate.monitoring.coreos.com: failed calling webhook "prometheusrulemutate.monitoring.coreos.com": failed to call webhook: Post "https://monitoring-stack-kube-prom-operator.monitoring.svc:443/admission-prometheusrules/mutate?timeout=10s": no endpoints available for service "monitoring-stack-kube-prom-operator"
2025-01-30 18:32:14,998 INFO c.h.h.t.HelmChartContainer - [K3S] [dispatcher.go:214] "Unhandled Error" err="failed calling webhook \"prometheusrulemutate.monitoring.coreos.com\": failed to call webhook: Post \"https://monitoring-stack-kube-prom-operator.monitoring.svc:443/admission-prometheusrules/mutate?timeout=10s\": no endpoints available for service \"monitoring-stack-kube-prom-operator\""
2025-01-30 18:32:15,000 INFO c.h.h.t.HelmChartContainer - [K3S] [dispatcher.go:210] Failed calling webhook, failing open prometheusrulemutate.monitoring.coreos.com: failed calling webhook "prometheusrulemutate.monitoring.coreos.com": failed to call webhook: Post "https://monitoring-stack-kube-prom-operator.monitoring.svc:443/admission-prometheusrules/mutate?timeout=10s": no endpoints available for service "monitoring-stack-kube-prom-operator"
2025-01-30 18:32:15,000 INFO c.h.h.t.HelmChartContainer - [K3S] [dispatcher.go:214] "Unhandled Error" err="failed calling webhook \"prometheusrulemutate.monitoring.coreos.com\": failed to call webhook: Post \"https://monitoring-stack-kube-prom-operator.monitoring.svc:443/admission-prometheusrules/mutate?timeout=10s\": no endpoints available for service \"monitoring-stack-kube-prom-operator\""
2025-01-30 18:32:15,004 INFO c.h.h.t.HelmChartContainer - [K3S] [dispatcher.go:210] Failed calling webhook, failing open prometheusrulemutate.monitoring.coreos.com: failed calling webhook "prometheusrulemutate.monitoring.coreos.com": failed to call webhook: Post "https://monitoring-stack-kube-prom-operator.monitoring.svc:443/admission-prometheusrules/mutate?timeout=10s": no endpoints available for service "monitoring-stack-kube-prom-operator"
2025-01-30 18:32:15,004 INFO c.h.h.t.HelmChartContainer - [K3S] [dispatcher.go:214] "Unhandled Error" err="failed calling webhook \"prometheusrulemutate.monitoring.coreos.com\": failed to call webhook: Post \"https://monitoring-stack-kube-prom-operator.monitoring.svc:443/admission-prometheusrules/mutate?timeout=10s\": no endpoints available for service \"monitoring-stack-kube-prom-operator\""
2025-01-30 18:32:15,007 INFO c.h.h.t.HelmChartContainer - [K3S] [dispatcher.go:210] Failed calling webhook, failing open prometheusrulemutate.monitoring.coreos.com: failed calling webhook "prometheusrulemutate.monitoring.coreos.com": failed to call webhook: Post "https://monitoring-stack-kube-prom-operator.monitoring.svc:443/admission-prometheusrules/mutate?timeout=10s": no endpoints available for service "monitoring-stack-kube-prom-operator"
2025-01-30 18:32:15,007 INFO c.h.h.t.HelmChartContainer - [K3S] [dispatcher.go:214] "Unhandled Error" err="failed calling webhook \"prometheusrulemutate.monitoring.coreos.com\": failed to call webhook: Post \"https://monitoring-stack-kube-prom-operator.monitoring.svc:443/admission-prometheusrules/mutate?timeout=10s\": no endpoints available for service \"monitoring-stack-kube-prom-operator\""
2025-01-30 18:32:15,010 INFO c.h.h.t.HelmChartContainer - [K3S] [dispatcher.go:210] Failed calling webhook, failing open prometheusrulemutate.monitoring.coreos.com: failed calling webhook "prometheusrulemutate.monitoring.coreos.com": failed to call webhook: Post "https://monitoring-stack-kube-prom-operator.monitoring.svc:443/admission-prometheusrules/mutate?timeout=10s": no endpoints available for service "monitoring-stack-kube-prom-operator"
2025-01-30 18:32:15,010 INFO c.h.h.t.HelmChartContainer - [K3S] [dispatcher.go:214] "Unhandled Error" err="failed calling webhook \"prometheusrulemutate.monitoring.coreos.com\": failed to call webhook: Post \"https://monitoring-stack-kube-prom-operator.monitoring.svc:443/admission-prometheusrules/mutate?timeout=10s\": no endpoints available for service \"monitoring-stack-kube-prom-operator\""
2025-01-30 18:32:15,014 INFO c.h.h.t.HelmChartContainer - [EVENT] Normal [Scheduled] Successfully assigned monitoring/monitoring-stack-prometheus-node-exporter-9n5n5 to 1176ab4d886c [monitoring:monitoring-stack-prometheus-node-exporter-9n5n5]
2025-01-30 18:32:15,022 INFO c.h.h.t.HelmChartContainer - [POD] monitoring-stack-kube-prom-operator-6998896c-4h4jd [5c08a30c-b3e8-43ea-8864-9a6976a78c46] in monitoring was MODIFIED
2025-01-30 18:32:15,034 INFO c.h.h.t.HelmChartContainer - [K3S] [reconciler_common.go:251] "operationExecutor.VerifyControllerAttachedVolume started for volume \"sc-dashboard-volume\" (UniqueName: \"kubernetes.io/empty-dir/f4a3542b-c15b-45c6-9e95-802d35867d57-sc-dashboard-volume\") pod \"monitoring-stack-grafana-64c55fb967-gmfl8\" (UID: \"f4a3542b-c15b-45c6-9e95-802d35867d57\") " pod="monitoring/monitoring-stack-grafana-64c55fb967-gmfl8"
2025-01-30 18:32:15,034 INFO c.h.h.t.HelmChartContainer - [K3S] [reconciler_common.go:251] "operationExecutor.VerifyControllerAttachedVolume started for volume \"sc-datasources-volume\" (UniqueName: \"kubernetes.io/empty-dir/f4a3542b-c15b-45c6-9e95-802d35867d57-sc-datasources-volume\") pod \"monitoring-stack-grafana-64c55fb967-gmfl8\" (UID: \"f4a3542b-c15b-45c6-9e95-802d35867d57\") " pod="monitoring/monitoring-stack-grafana-64c55fb967-gmfl8"
2025-01-30 18:32:15,036 INFO c.h.h.t.HelmChartContainer - [K3S] [reconciler_common.go:251] "operationExecutor.VerifyControllerAttachedVolume started for volume \"sys\" (UniqueName: \"kubernetes.io/host-path/0b93e16c-eb98-403c-8f6c-46598633f1b1-sys\") pod \"monitoring-stack-prometheus-node-exporter-9n5n5\" (UID: \"0b93e16c-eb98-403c-8f6c-46598633f1b1\") " pod="monitoring/monitoring-stack-prometheus-node-exporter-9n5n5"
2025-01-30 18:32:15,036 INFO c.h.h.t.HelmChartContainer - [K3S] [reconciler_common.go:251] "operationExecutor.VerifyControllerAttachedVolume started for volume \"storage\" (UniqueName: \"kubernetes.io/empty-dir/f4a3542b-c15b-45c6-9e95-802d35867d57-storage\") pod \"monitoring-stack-grafana-64c55fb967-gmfl8\" (UID: \"f4a3542b-c15b-45c6-9e95-802d35867d57\") " pod="monitoring/monitoring-stack-grafana-64c55fb967-gmfl8"
2025-01-30 18:32:15,037 INFO c.h.h.t.HelmChartContainer - [K3S] [reconciler_common.go:251] "operationExecutor.VerifyControllerAttachedVolume started for volume \"kube-api-access-hwpkn\" (UniqueName: \"kubernetes.io/projected/f4a3542b-c15b-45c6-9e95-802d35867d57-kube-api-access-hwpkn\") pod \"monitoring-stack-grafana-64c55fb967-gmfl8\" (UID: \"f4a3542b-c15b-45c6-9e95-802d35867d57\") " pod="monitoring/monitoring-stack-grafana-64c55fb967-gmfl8"
2025-01-30 18:32:15,037 INFO c.h.h.t.HelmChartContainer - [K3S] [reconciler_common.go:251] "operationExecutor.VerifyControllerAttachedVolume started for volume \"proc\" (UniqueName: \"kubernetes.io/host-path/0b93e16c-eb98-403c-8f6c-46598633f1b1-proc\") pod \"monitoring-stack-prometheus-node-exporter-9n5n5\" (UID: \"0b93e16c-eb98-403c-8f6c-46598633f1b1\") " pod="monitoring/monitoring-stack-prometheus-node-exporter-9n5n5"
2025-01-30 18:32:15,037 INFO c.h.h.t.HelmChartContainer - [K3S] [reconciler_common.go:251] "operationExecutor.VerifyControllerAttachedVolume started for volume \"config\" (UniqueName: \"kubernetes.io/configmap/f4a3542b-c15b-45c6-9e95-802d35867d57-config\") pod \"monitoring-stack-grafana-64c55fb967-gmfl8\" (UID: \"f4a3542b-c15b-45c6-9e95-802d35867d57\") " pod="monitoring/monitoring-stack-grafana-64c55fb967-gmfl8"
2025-01-30 18:32:15,038 INFO c.h.h.t.HelmChartContainer - [K3S] [reconciler_common.go:251] "operationExecutor.VerifyControllerAttachedVolume started for volume \"sc-dashboard-provider\" (UniqueName: \"kubernetes.io/configmap/f4a3542b-c15b-45c6-9e95-802d35867d57-sc-dashboard-provider\") pod \"monitoring-stack-grafana-64c55fb967-gmfl8\" (UID: \"f4a3542b-c15b-45c6-9e95-802d35867d57\") " pod="monitoring/monitoring-stack-grafana-64c55fb967-gmfl8"
2025-01-30 18:32:15,038 INFO c.h.h.t.HelmChartContainer - [K3S] [replica_set.go:679] "Finished syncing" kind="ReplicaSet" key="monitoring/monitoring-stack-kube-prom-operator-6998896c" duration="137.513071ms"
2025-01-30 18:32:15,048 INFO c.h.h.t.HelmChartContainer - [EVENT] Normal [SuccessfulCreate] Created pod: monitoring-stack-kube-prom-operator-6998896c-4h4jd [monitoring:monitoring-stack-kube-prom-operator-6998896c]
2025-01-30 18:32:15,048 INFO c.h.h.t.HelmChartContainer - [EVENT] Normal [Scheduled] Successfully assigned monitoring/monitoring-stack-grafana-64c55fb967-gmfl8 to 1176ab4d886c [monitoring:monitoring-stack-grafana-64c55fb967-gmfl8]
2025-01-30 18:32:15,049 INFO c.h.h.t.HelmChartContainer - [EVENT] Normal [Scheduled] Successfully assigned monitoring/monitoring-stack-kube-prom-operator-6998896c-4h4jd to 1176ab4d886c [monitoring:monitoring-stack-kube-prom-operator-6998896c-4h4jd]
2025-01-30 18:32:15,053 INFO c.h.h.t.HelmChartContainer - [K3S] [replica_set.go:679] "Finished syncing" kind="ReplicaSet" key="monitoring/monitoring-stack-grafana-64c55fb967" duration="57.705849ms"
2025-01-30 18:32:15,053 INFO c.h.h.t.HelmChartContainer - [K3S] [replica_set.go:679] "Finished syncing" kind="ReplicaSet" key="monitoring/monitoring-stack-grafana-64c55fb967" duration="51.596µs"
2025-01-30 18:32:15,074 INFO c.h.h.t.HelmChartContainer - [K3S] [replica_set.go:679] "Finished syncing" kind="ReplicaSet" key="monitoring/monitoring-stack-kube-prom-operator-6998896c" duration="40.048878ms"
2025-01-30 18:32:15,083 INFO c.h.h.t.HelmChartContainer - [K3S] [replica_set.go:679] "Finished syncing" kind="ReplicaSet" key="monitoring/monitoring-stack-kube-prom-operator-6998896c" duration="53.039µs"
2025-01-30 18:32:15,088 INFO c.h.h.t.HelmChartContainer - [POD] monitoring-stack-prometheus-node-exporter-9n5n5 [0b93e16c-eb98-403c-8f6c-46598633f1b1] in monitoring was MODIFIED
2025-01-30 18:32:15,124 INFO c.h.h.t.HelmChartContainer - [POD] monitoring-stack-kube-prom-operator-6998896c-4h4jd [5c08a30c-b3e8-43ea-8864-9a6976a78c46] in monitoring was MODIFIED
2025-01-30 18:32:15,125 INFO c.h.h.t.HelmChartContainer - [K3S] [replica_set.go:679] "Finished syncing" kind="ReplicaSet" key="monitoring/monitoring-stack-kube-prom-operator-6998896c" duration="43.902µs"
2025-01-30 18:32:15,136 INFO c.h.h.t.HelmChartContainer - [K3S] [reconciler_common.go:251] "operationExecutor.VerifyControllerAttachedVolume started for volume \"kube-api-access-zgkzw\" (UniqueName: \"kubernetes.io/projected/5c08a30c-b3e8-43ea-8864-9a6976a78c46-kube-api-access-zgkzw\") pod \"monitoring-stack-kube-prom-operator-6998896c-4h4jd\" (UID: \"5c08a30c-b3e8-43ea-8864-9a6976a78c46\") " pod="monitoring/monitoring-stack-kube-prom-operator-6998896c-4h4jd"
2025-01-30 18:32:15,136 INFO c.h.h.t.HelmChartContainer - [K3S] [reconciler_common.go:251] "operationExecutor.VerifyControllerAttachedVolume started for volume \"tls-secret\" (UniqueName: \"kubernetes.io/secret/5c08a30c-b3e8-43ea-8864-9a6976a78c46-tls-secret\") pod \"monitoring-stack-kube-prom-operator-6998896c-4h4jd\" (UID: \"5c08a30c-b3e8-43ea-8864-9a6976a78c46\") " pod="monitoring/monitoring-stack-kube-prom-operator-6998896c-4h4jd"
2025-01-30 18:32:15,149 INFO c.h.h.t.HelmChartContainer - [K3S] [replica_set.go:679] "Finished syncing" kind="ReplicaSet" key="monitoring/monitoring-stack-grafana-64c55fb967" duration="61.425µs"
2025-01-30 18:32:15,152 INFO c.h.h.t.HelmChartContainer - [POD] monitoring-stack-grafana-64c55fb967-gmfl8 [f4a3542b-c15b-45c6-9e95-802d35867d57] in monitoring was MODIFIED
2025-01-30 18:32:15,289 INFO c.h.h.t.HelmChartContainer - [EVENT] Normal [Pulling] Pulling image "registry.k8s.io/kube-state-metrics/kube-state-metrics:v2.14.0" [monitoring:monitoring-stack-kube-state-metrics-5bf5c7b54d-8pkt6]
2025-01-30 18:32:15,357 INFO c.h.h.t.HelmChartContainer - [EVENT] Normal [Pulling] Pulling image "quay.io/prometheus/node-exporter:v1.8.2" [monitoring:monitoring-stack-prometheus-node-exporter-9n5n5]
2025-01-30 18:32:15,420 INFO c.h.h.t.HelmChartContainer - [EVENT] Normal [Pulling] Pulling image "quay.io/kiwigrid/k8s-sidecar:1.28.0" [monitoring:monitoring-stack-grafana-64c55fb967-gmfl8]
2025-01-30 18:32:15,435 INFO c.h.h.t.HelmChartContainer - [EVENT] Normal [Pulling] Pulling image "quay.io/prometheus-operator/prometheus-operator:v0.79.2" [monitoring:monitoring-stack-kube-prom-operator-6998896c-4h4jd]
2025-01-30 18:32:16,054 INFO c.h.h.t.HelmChartContainer - [EVENT] Normal [Pulled] Successfully pulled image "registry.k8s.io/kube-state-metrics/kube-state-metrics:v2.14.0" in 766ms (766ms including waiting). Image size: 15427061 bytes. [monitoring:monitoring-stack-kube-state-metrics-5bf5c7b54d-8pkt6]
2025-01-30 18:32:16,063 INFO c.h.h.t.HelmChartContainer - [EVENT] Normal [Created] Created container: kube-state-metrics [monitoring:monitoring-stack-kube-state-metrics-5bf5c7b54d-8pkt6]
2025-01-30 18:32:16,125 INFO c.h.h.t.HelmChartContainer - [EVENT] Normal [Started] Started container kube-state-metrics [monitoring:monitoring-stack-kube-state-metrics-5bf5c7b54d-8pkt6]
2025-01-30 18:32:16,168 INFO c.h.h.t.HelmChartContainer - [K3S] [kubelet_volumes.go:163] "Cleaned up orphaned pod volumes dir" podUID="6414468a-9573-4738-99b9-83605b3628be" path="/var/lib/kubelet/pods/6414468a-9573-4738-99b9-83605b3628be/volumes"
2025-01-30 18:32:16,625 INFO c.h.h.t.HelmChartContainer - [K3S] [replica_set.go:679] "Finished syncing" kind="ReplicaSet" key="monitoring/monitoring-stack-kube-state-metrics-5bf5c7b54d" duration="47.569µs"
2025-01-30 18:32:16,626 INFO c.h.h.t.HelmChartContainer - [POD] monitoring-stack-kube-state-metrics-5bf5c7b54d-8pkt6 [c45260c2-2616-4b56-918e-f4fc963d7da7] in monitoring was MODIFIED
2025-01-30 18:32:16,799 INFO c.h.h.t.HelmChartContainer - [EVENT] Normal [Pulled] Successfully pulled image "quay.io/prometheus/node-exporter:v1.8.2" in 1.442s (1.442s including waiting). Image size: 12041464 bytes. [monitoring:monitoring-stack-prometheus-node-exporter-9n5n5]
2025-01-30 18:32:16,810 INFO c.h.h.t.HelmChartContainer - [EVENT] Normal [Created] Created container: node-exporter [monitoring:monitoring-stack-prometheus-node-exporter-9n5n5]
2025-01-30 18:32:16,859 INFO c.h.h.t.HelmChartContainer - [EVENT] Normal [Started] Started container node-exporter [monitoring:monitoring-stack-prometheus-node-exporter-9n5n5]
2025-01-30 18:32:17,525 INFO c.h.h.t.HelmChartContainer - [EVENT] Normal [Pulled] Successfully pulled image "quay.io/prometheus-operator/prometheus-operator:v0.79.2" in 2.089s (2.089s including waiting). Image size: 19140913 bytes. [monitoring:monitoring-stack-kube-prom-operator-6998896c-4h4jd]
2025-01-30 18:32:17,534 INFO c.h.h.t.HelmChartContainer - [EVENT] Normal [Created] Created container: kube-prometheus-stack [monitoring:monitoring-stack-kube-prom-operator-6998896c-4h4jd]
2025-01-30 18:32:17,615 INFO c.h.h.t.HelmChartContainer - [EVENT] Normal [Started] Started container kube-prometheus-stack [monitoring:monitoring-stack-kube-prom-operator-6998896c-4h4jd]
2025-01-30 18:32:17,620 INFO c.h.h.t.HelmChartContainer - [EVENT] Warning [Unhealthy] Readiness probe failed: Get "https://10.42.0.13:10250/healthz": dial tcp 10.42.0.13:10250: connect: connection refused [monitoring:monitoring-stack-kube-prom-operator-6998896c-4h4jd]
2025-01-30 18:32:17,627 INFO c.h.h.t.HelmChartContainer - [POD] monitoring-stack-prometheus-node-exporter-9n5n5 [0b93e16c-eb98-403c-8f6c-46598633f1b1] in monitoring was MODIFIED
2025-01-30 18:32:17,642 INFO c.h.h.t.HelmChartContainer - [POD] monitoring-stack-kube-prom-operator-6998896c-4h4jd [5c08a30c-b3e8-43ea-8864-9a6976a78c46] in monitoring was MODIFIED
2025-01-30 18:32:17,645 INFO c.h.h.t.HelmChartContainer - [K3S] [replica_set.go:679] "Finished syncing" kind="ReplicaSet" key="monitoring/monitoring-stack-kube-prom-operator-6998896c" duration="54.222µs"
2025-01-30 18:32:17,663 INFO c.h.h.t.HelmChartContainer - [POD] monitoring-stack-prometheus-node-exporter-9n5n5 [0b93e16c-eb98-403c-8f6c-46598633f1b1] in monitoring was MODIFIED
2025-01-30 18:32:17,949 INFO c.h.h.t.HelmChartContainer - [EVENT] Normal [Pulled] Successfully pulled image "quay.io/kiwigrid/k8s-sidecar:1.28.0" in 2.523s (2.523s including waiting). Image size: 23059632 bytes. [monitoring:monitoring-stack-grafana-64c55fb967-gmfl8]
2025-01-30 18:32:17,960 INFO c.h.h.t.HelmChartContainer - [EVENT] Normal [Created] Created container: grafana-sc-dashboard [monitoring:monitoring-stack-grafana-64c55fb967-gmfl8]
2025-01-30 18:32:17,985 INFO c.h.h.t.HelmChartContainer - [POD] alertmanager-monitoring-stack-kube-prom-alertmanager-0 [cae88f23-97d1-4b4b-a614-14344d45a67e] in monitoring was ADDED
2025-01-30 18:32:18,001 INFO c.h.h.t.HelmChartContainer - [EVENT] Normal [SuccessfulCreate] create Pod alertmanager-monitoring-stack-kube-prom-alertmanager-0 in StatefulSet alertmanager-monitoring-stack-kube-prom-alertmanager successful [monitoring:alertmanager-monitoring-stack-kube-prom-alertmanager]
2025-01-30 18:32:18,011 INFO c.h.h.t.HelmChartContainer - [POD] alertmanager-monitoring-stack-kube-prom-alertmanager-0 [cae88f23-97d1-4b4b-a614-14344d45a67e] in monitoring was MODIFIED
2025-01-30 18:32:18,015 INFO c.h.h.t.HelmChartContainer - [EVENT] Normal [Scheduled] Successfully assigned monitoring/alertmanager-monitoring-stack-kube-prom-alertmanager-0 to 1176ab4d886c [monitoring:alertmanager-monitoring-stack-kube-prom-alertmanager-0]
2025-01-30 18:32:18,037 INFO c.h.h.t.HelmChartContainer - [POD] alertmanager-monitoring-stack-kube-prom-alertmanager-0 [cae88f23-97d1-4b4b-a614-14344d45a67e] in monitoring was MODIFIED
2025-01-30 18:32:18,061 INFO c.h.h.t.HelmChartContainer - [K3S] [reconciler_common.go:251] "operationExecutor.VerifyControllerAttachedVolume started for volume \"kube-api-access-s24zw\" (UniqueName: \"kubernetes.io/projected/cae88f23-97d1-4b4b-a614-14344d45a67e-kube-api-access-s24zw\") pod \"alertmanager-monitoring-stack-kube-prom-alertmanager-0\" (UID: \"cae88f23-97d1-4b4b-a614-14344d45a67e\") " pod="monitoring/alertmanager-monitoring-stack-kube-prom-alertmanager-0"
2025-01-30 18:32:18,061 INFO c.h.h.t.HelmChartContainer - [K3S] [reconciler_common.go:251] "operationExecutor.VerifyControllerAttachedVolume started for volume \"config-volume\" (UniqueName: \"kubernetes.io/secret/cae88f23-97d1-4b4b-a614-14344d45a67e-config-volume\") pod \"alertmanager-monitoring-stack-kube-prom-alertmanager-0\" (UID: \"cae88f23-97d1-4b4b-a614-14344d45a67e\") " pod="monitoring/alertmanager-monitoring-stack-kube-prom-alertmanager-0"
2025-01-30 18:32:18,062 INFO c.h.h.t.HelmChartContainer - [K3S] [reconciler_common.go:251] "operationExecutor.VerifyControllerAttachedVolume started for volume \"tls-assets\" (UniqueName: \"kubernetes.io/projected/cae88f23-97d1-4b4b-a614-14344d45a67e-tls-assets\") pod \"alertmanager-monitoring-stack-kube-prom-alertmanager-0\" (UID: \"cae88f23-97d1-4b4b-a614-14344d45a67e\") " pod="monitoring/alertmanager-monitoring-stack-kube-prom-alertmanager-0"
2025-01-30 18:32:18,062 INFO c.h.h.t.HelmChartContainer - [K3S] [reconciler_common.go:251] "operationExecutor.VerifyControllerAttachedVolume started for volume \"alertmanager-monitoring-stack-kube-prom-alertmanager-db\" (UniqueName: \"kubernetes.io/empty-dir/cae88f23-97d1-4b4b-a614-14344d45a67e-alertmanager-monitoring-stack-kube-prom-alertmanager-db\") pod \"alertmanager-monitoring-stack-kube-prom-alertmanager-0\" (UID: \"cae88f23-97d1-4b4b-a614-14344d45a67e\") " pod="monitoring/alertmanager-monitoring-stack-kube-prom-alertmanager-0"
2025-01-30 18:32:18,062 INFO c.h.h.t.HelmChartContainer - [K3S] [reconciler_common.go:251] "operationExecutor.VerifyControllerAttachedVolume started for volume \"config-out\" (UniqueName: \"kubernetes.io/empty-dir/cae88f23-97d1-4b4b-a614-14344d45a67e-config-out\") pod \"alertmanager-monitoring-stack-kube-prom-alertmanager-0\" (UID: \"cae88f23-97d1-4b4b-a614-14344d45a67e\") " pod="monitoring/alertmanager-monitoring-stack-kube-prom-alertmanager-0"
2025-01-30 18:32:18,062 INFO c.h.h.t.HelmChartContainer - [K3S] [reconciler_common.go:251] "operationExecutor.VerifyControllerAttachedVolume started for volume \"web-config\" (UniqueName: \"kubernetes.io/secret/cae88f23-97d1-4b4b-a614-14344d45a67e-web-config\") pod \"alertmanager-monitoring-stack-kube-prom-alertmanager-0\" (UID: \"cae88f23-97d1-4b4b-a614-14344d45a67e\") " pod="monitoring/alertmanager-monitoring-stack-kube-prom-alertmanager-0"
2025-01-30 18:32:18,083 INFO c.h.h.t.HelmChartContainer - [EVENT] Normal [Started] Started container grafana-sc-dashboard [monitoring:monitoring-stack-grafana-64c55fb967-gmfl8]
2025-01-30 18:32:18,088 INFO c.h.h.t.HelmChartContainer - [EVENT] Normal [Pulled] Container image "quay.io/kiwigrid/k8s-sidecar:1.28.0" already present on machine [monitoring:monitoring-stack-grafana-64c55fb967-gmfl8]
2025-01-30 18:32:18,112 INFO c.h.h.t.HelmChartContainer - [EVENT] Normal [Created] Created container: grafana-sc-datasources [monitoring:monitoring-stack-grafana-64c55fb967-gmfl8]
[...]
2025-01-30 18:35:13,093 INFO c.h.h.t.HelmChartContainer - [K3S] [scope.go:117] "RemoveContainer" containerID="9e09039b38d6d2dacc0d40e5c2602eecabaf877e8dd97282620b9f6176c319eb"
2025-01-30 18:35:13,096 INFO c.h.h.t.HelmChartContainer - [K3S] [scope.go:117] "RemoveContainer" containerID="76a42eb353a59b4329c6c44b7cdc443992027232299e588f16cd126a499e6cb5"
2025-01-30 18:35:13,097 INFO c.h.h.t.HelmChartContainer - [K3S] [scope.go:117] "RemoveContainer" containerID="9e09039b38d6d2dacc0d40e5c2602eecabaf877e8dd97282620b9f6176c319eb"
2025-01-30 18:35:13,133 INFO c.h.h.t.HelmChartContainer - [K3S] [reconciler_common.go:299] "Volume detached for volume \"operator-init\" (UniqueName: \"kubernetes.io/empty-dir/e7ddc8c1-5929-48fc-91cc-f96808c02776-operator-init\") on node \"1176ab4d886c\" DevicePath \"\""
2025-01-30 18:35:13,133 INFO c.h.h.t.HelmChartContainer - [K3S] [reconciler_common.go:299] "Volume detached for volume \"pod-info\" (UniqueName: \"kubernetes.io/configmap/e7ddc8c1-5929-48fc-91cc-f96808c02776-pod-info\") on node \"1176ab4d886c\" DevicePath \"\""
2025-01-30 18:35:13,133 INFO c.h.h.t.HelmChartContainer - [K3S] [reconciler_common.go:299] "Volume detached for volume \"broker-configuration\" (UniqueName: \"kubernetes.io/configmap/e7ddc8c1-5929-48fc-91cc-f96808c02776-broker-configuration\") on node \"1176ab4d886c\" DevicePath \"\""
2025-01-30 18:35:13,133 INFO c.h.h.t.HelmChartContainer - [K3S] [reconciler_common.go:299] "Volume detached for volume \"kube-api-access-cqgbd\" (UniqueName: \"kubernetes.io/projected/e7ddc8c1-5929-48fc-91cc-f96808c02776-kube-api-access-cqgbd\") on node \"1176ab4d886c\" DevicePath \"\""
2025-01-30 18:35:13,268 INFO c.h.h.t.HelmChartContainer - [POD] test-hivemq-platform-1 [86c12914-9a67-4b50-988e-c02ec68be750] in helmmonitoringplatformit was MODIFIED
2025-01-30 18:35:13,317 INFO c.h.h.t.HelmChartContainer - [POD] test-hivemq-platform-0 [e7ddc8c1-5929-48fc-91cc-f96808c02776] in helmmonitoringplatformit was MODIFIED
2025-01-30 18:35:13,318 INFO c.h.h.t.HelmChartContainer - [POD] test-hivemq-platform-0 [e7ddc8c1-5929-48fc-91cc-f96808c02776] in helmmonitoringplatformit was DELETED
2025-01-30 18:35:13,334 INFO c.h.h.t.HelmChartContainer - [K3S] [reconciler_common.go:162] "operationExecutor.UnmountVolume started for volume \"pod-info\" (UniqueName: \"kubernetes.io/configmap/86c12914-9a67-4b50-988e-c02ec68be750-pod-info\") pod \"86c12914-9a67-4b50-988e-c02ec68be750\" (UID: \"86c12914-9a67-4b50-988e-c02ec68be750\") "
2025-01-30 18:35:13,334 INFO c.h.h.t.HelmChartContainer - [K3S] [reconciler_common.go:162] "operationExecutor.UnmountVolume started for volume \"operator-init\" (UniqueName: \"kubernetes.io/empty-dir/86c12914-9a67-4b50-988e-c02ec68be750-operator-init\") pod \"86c12914-9a67-4b50-988e-c02ec68be750\" (UID: \"86c12914-9a67-4b50-988e-c02ec68be750\") "
2025-01-30 18:35:13,335 INFO c.h.h.t.HelmChartContainer - [K3S] [reconciler_common.go:162] "operationExecutor.UnmountVolume started for volume \"broker-configuration\" (UniqueName: \"kubernetes.io/configmap/86c12914-9a67-4b50-988e-c02ec68be750-broker-configuration\") pod \"86c12914-9a67-4b50-988e-c02ec68be750\" (UID: \"86c12914-9a67-4b50-988e-c02ec68be750\") "
2025-01-30 18:35:13,335 INFO c.h.h.t.HelmChartContainer - [K3S] [reconciler_common.go:162] "operationExecutor.UnmountVolume started for volume \"kube-api-access-6zkzg\" (UniqueName: \"kubernetes.io/projected/86c12914-9a67-4b50-988e-c02ec68be750-kube-api-access-6zkzg\") pod \"86c12914-9a67-4b50-988e-c02ec68be750\" (UID: \"86c12914-9a67-4b50-988e-c02ec68be750\") "
2025-01-30 18:35:13,434 INFO c.h.h.t.HelmChartContainer - [K3S] [reconciler_common.go:299] "Volume detached for volume \"broker-configuration\" (UniqueName: \"kubernetes.io/configmap/86c12914-9a67-4b50-988e-c02ec68be750-broker-configuration\") on node \"1176ab4d886c\" DevicePath \"\""
2025-01-30 18:35:13,434 INFO c.h.h.t.HelmChartContainer - [K3S] [reconciler_common.go:299] "Volume detached for volume \"operator-init\" (UniqueName: \"kubernetes.io/empty-dir/86c12914-9a67-4b50-988e-c02ec68be750-operator-init\") on node \"1176ab4d886c\" DevicePath \"\""
2025-01-30 18:35:13,434 INFO c.h.h.t.HelmChartContainer - [K3S] [reconciler_common.go:299] "Volume detached for volume \"kube-api-access-6zkzg\" (UniqueName: \"kubernetes.io/projected/86c12914-9a67-4b50-988e-c02ec68be750-kube-api-access-6zkzg\") on node \"1176ab4d886c\" DevicePath \"\""
2025-01-30 18:35:13,435 INFO c.h.h.t.HelmChartContainer - [K3S] [reconciler_common.go:299] "Volume detached for volume \"pod-info\" (UniqueName: \"kubernetes.io/configmap/86c12914-9a67-4b50-988e-c02ec68be750-pod-info\") on node \"1176ab4d886c\" DevicePath \"\""
2025-01-30 18:35:14,007 INFO c.h.h.t.HelmChartContainer - [K3S] [scope.go:117] "RemoveContainer" containerID="e4d69e2e93c0f483a000231ef84623393dbea45d892c45d84aa7847bfae2bb6b"
2025-01-30 18:35:14,019 INFO c.h.h.t.HelmChartContainer - [POD] test-hivemq-platform-1 [86c12914-9a67-4b50-988e-c02ec68be750] in helmmonitoringplatformit was MODIFIED
2025-01-30 18:35:14,023 INFO c.h.h.t.HelmChartContainer - [POD] test-hivemq-platform-1 [86c12914-9a67-4b50-988e-c02ec68be750] in helmmonitoringplatformit was DELETED
2025-01-30 18:35:14,102 INFO c.h.h.t.HelmChartContainer - [K3S] [scope.go:117] "RemoveContainer" containerID="209a8472a4a300375a1e188914183ca585935ea587be8a42f633a121e549aec4"
2025-01-30 18:35:14,105 INFO c.h.h.t.HelmChartContainer - [K3S] [scope.go:117] "RemoveContainer" containerID="e4d69e2e93c0f483a000231ef84623393dbea45d892c45d84aa7847bfae2bb6b"
2025-01-30 18:35:14,105 INFO c.h.h.t.HelmChartContainer - [K3S] [scope.go:117] "RemoveContainer" containerID="209a8472a4a300375a1e188914183ca585935ea587be8a42f633a121e549aec4"
2025-01-30 18:35:14,168 INFO c.h.h.t.HelmChartContainer - [K3S] [kubelet_volumes.go:163] "Cleaned up orphaned pod volumes dir" podUID="86c12914-9a67-4b50-988e-c02ec68be750" path="/var/lib/kubelet/pods/86c12914-9a67-4b50-988e-c02ec68be750/volumes"
2025-01-30 18:35:14,168 INFO c.h.h.t.HelmChartContainer - [K3S] [kubelet_volumes.go:163] "Cleaned up orphaned pod volumes dir" podUID="e7ddc8c1-5929-48fc-91cc-f96808c02776" path="/var/lib/kubelet/pods/e7ddc8c1-5929-48fc-91cc-f96808c02776/volumes"
2025-01-30 18:35:17,848 INFO c.h.h.t.HelmChartContainer - Namespace 'helmmonitoringplatformit' deleted
2025-01-30 18:35:17,849 INFO c.h.h.t.HelmChartContainer - Release 'test-hivemq-platform' in namespace 'helmmonitoringplatformit' is uninstalled
2025-01-30 18:35:17,849 INFO c.h.h.t.HelmChartContainer - Uninstalling release 'test-hivemq-platform-operator' in namespace 'helmmonitoringplatformit-operator'...
2025-01-30 18:35:17,849 DEBUG c.h.h.t.HelmChartContainer - Executing helm command: /bin/helm --kubeconfig /etc/rancher/k3s/k3s.yaml uninstall test-hivemq-platform-operator  --wait --timeout 5m0s --cascade foreground --namespace helmmonitoringplatformit-operator
2025-01-30 18:35:18,011 INFO c.h.h.t.HelmChartContainer - [K3S] [replica_set.go:679] "Finished syncing" kind="ReplicaSet" key="helmmonitoringplatformit-operator/hivemq-test-hivemq-platform-operator-6966f96d65" duration="7.89471ms"
2025-01-30 18:35:18,012 INFO c.h.h.t.HelmChartContainer - [K3S] [replica_set.go:679] "Finished syncing" kind="ReplicaSet" key="helmmonitoringplatformit-operator/hivemq-test-hivemq-platform-operator-6966f96d65" duration="71.706µs"
2025-01-30 18:35:18,029 INFO c.h.h.t.HelmChartContainer - [POD] hivemq-test-hivemq-platform-operator-6966f96d65-pq8zb [8d76f7f3-f5fe-4a1c-86ce-9f80713f6723] in helmmonitoringplatformit-operator was MODIFIED
2025-01-30 18:35:18,037 INFO c.h.h.t.HelmChartContainer - [EVENT] Normal [Killing] Stopping container hivemq-platform-operator [helmmonitoringplatformit-operator:hivemq-test-hivemq-platform-operator-6966f96d65-pq8zb]
2025-01-30 18:35:18,037 INFO c.h.h.t.HelmChartContainer - Received Killing event for container hivemq-platform-operator in pod hivemq-test-hivemq-platform-operator-6966f96d65-pq8zb [8d76f7f3-f5fe-4a1c-86ce-9f80713f6723]
2025-01-30 18:35:18,037 INFO c.h.h.t.HelmChartContainer - Container [hivemq-test-hivemq-platform-operator-6966f96d65-pq8zb] [hivemq-platform-operator] [8d76f7f3-f5fe-4a1c-86ce-9f80713f6723] was terminated
2025-01-30 18:35:18,037 INFO c.h.h.t.HelmChartContainer - Stopped log watcher for hivemq-platform-operator in pod hivemq-test-hivemq-platform-operator-6966f96d65-pq8zb [8d76f7f3-f5fe-4a1c-86ce-9f80713f6723]
2025-01-30 18:35:18,042 INFO c.h.h.t.HelmChartContainer - [hivemq-test-hivemq-platform] [hivemq-platform-operator] [8d76f7f3] 18:35:18.039 [application-shutdown-thread] INFO  c.h.p.o.HiveMQPlatformOperatorApplication - HiveMQ Platform Operator is stopping...
2025-01-30 18:35:18,042 INFO c.h.h.t.HelmChartContainer - [hivemq-test-hivemq-platform] [hivemq-platform-operator] [8d76f7f3] 18:35:18.040 [application-shutdown-thread] INFO  i.javaoperatorsdk.operator.Operator - Operator SDK 4.9.7 is shutting down...
2025-01-30 18:35:18,045 INFO c.h.h.t.HelmChartContainer - [K3S] [replica_set.go:679] "Finished syncing" kind="ReplicaSet" key="helmmonitoringplatformit-operator/hivemq-test-hivemq-platform-operator-6966f96d65" duration="14.291845ms"
2025-01-30 18:35:18,045 INFO c.h.h.t.HelmChartContainer - [K3S] [replica_set.go:679] "Finished syncing" kind="ReplicaSet" key="helmmonitoringplatformit-operator/hivemq-test-hivemq-platform-operator-6966f96d65" duration="32.55µs"
2025-01-30 18:35:18,553 INFO c.h.h.t.HelmChartContainer - [K3S] [replica_set.go:679] "Finished syncing" kind="ReplicaSet" key="helmmonitoringplatformit-operator/hivemq-test-hivemq-platform-operator-6966f96d65" duration="44.002µs"
2025-01-30 18:35:18,554 INFO c.h.h.t.HelmChartContainer - [POD] hivemq-test-hivemq-platform-operator-6966f96d65-pq8zb [8d76f7f3-f5fe-4a1c-86ce-9f80713f6723] in helmmonitoringplatformit-operator was MODIFIED
2025-01-30 18:35:18,567 INFO c.h.h.t.HelmChartContainer - [K3S] [reconciler_common.go:162] "operationExecutor.UnmountVolume started for volume \"kube-api-access-h82mx\" (UniqueName: \"kubernetes.io/projected/8d76f7f3-f5fe-4a1c-86ce-9f80713f6723-kube-api-access-h82mx\") pod \"8d76f7f3-f5fe-4a1c-86ce-9f80713f6723\" (UID: \"8d76f7f3-f5fe-4a1c-86ce-9f80713f6723\") "
2025-01-30 18:35:18,668 INFO c.h.h.t.HelmChartContainer - [K3S] [reconciler_common.go:299] "Volume detached for volume \"kube-api-access-h82mx\" (UniqueName: \"kubernetes.io/projected/8d76f7f3-f5fe-4a1c-86ce-9f80713f6723-kube-api-access-h82mx\") on node \"1176ab4d886c\" DevicePath \"\""
2025-01-30 18:35:19,017 INFO c.h.h.t.HelmChartContainer - [K3S] [scope.go:117] "RemoveContainer" containerID="f37ba28ef2bff7bcee835e5cdfa396b4dfc0cb0df9c05600f809fbe68f72728e"
2025-01-30 18:35:19,020 INFO c.h.h.t.HelmChartContainer - [K3S] [scope.go:117] "RemoveContainer" containerID="f37ba28ef2bff7bcee835e5cdfa396b4dfc0cb0df9c05600f809fbe68f72728e"
2025-01-30 18:35:19,028 INFO c.h.h.t.HelmChartContainer - [K3S] [replica_set.go:679] "Finished syncing" kind="ReplicaSet" key="helmmonitoringplatformit-operator/hivemq-test-hivemq-platform-operator-6966f96d65" duration="61.975µs"
2025-01-30 18:35:19,028 INFO c.h.h.t.HelmChartContainer - [POD] hivemq-test-hivemq-platform-operator-6966f96d65-pq8zb [8d76f7f3-f5fe-4a1c-86ce-9f80713f6723] in helmmonitoringplatformit-operator was MODIFIED
2025-01-30 18:35:19,031 INFO c.h.h.t.HelmChartContainer - [K3S] [replica_set.go:679] "Finished syncing" kind="ReplicaSet" key="helmmonitoringplatformit-operator/hivemq-test-hivemq-platform-operator-6966f96d65" duration="31.028µs"
2025-01-30 18:35:19,031 INFO c.h.h.t.HelmChartContainer - [POD] hivemq-test-hivemq-platform-operator-6966f96d65-pq8zb [8d76f7f3-f5fe-4a1c-86ce-9f80713f6723] in helmmonitoringplatformit-operator was DELETED
2025-01-30 18:35:19,040 INFO c.h.h.t.HelmChartContainer - [K3S] [replica_set.go:679] "Finished syncing" kind="ReplicaSet" key="helmmonitoringplatformit-operator/hivemq-test-hivemq-platform-operator-6966f96d65" duration="6.732µs"
2025-01-30 18:35:20,051 INFO c.h.h.t.HelmChartContainer - Deleting namespace 'helmmonitoringplatformit-operator'...
2025-01-30 18:35:20,167 INFO c.h.h.t.HelmChartContainer - [K3S] [kubelet_volumes.go:163] "Cleaned up orphaned pod volumes dir" podUID="8d76f7f3-f5fe-4a1c-86ce-9f80713f6723" path="/var/lib/kubelet/pods/8d76f7f3-f5fe-4a1c-86ce-9f80713f6723/volumes"
2025-01-30 18:35:22,779 INFO c.h.h.t.HelmChartContainer - [K3S] [namespace_controller.go:187] "Namespace has been deleted" namespace="helmmonitoringplatformit"
2025-01-30 18:35:25,270 INFO c.h.h.t.HelmChartContainer - Namespace 'helmmonitoringplatformit-operator' deleted
2025-01-30 18:35:25,270 INFO c.h.h.t.HelmChartContainer - Release 'test-hivemq-platform-operator' in namespace 'helmmonitoringplatformit-operator' is uninstalled
2025-01-30 18:35:26,237 INFO c.h.helmcharts.AbstractHelmChartIT - Removed unused containers:

2025-01-30 18:35:30,204 INFO c.h.h.t.HelmChartContainer - [K3S] [namespace_controller.go:187] "Namespace has been deleted" namespace="helmmonitoringplatformit-operator"
2025-01-30 18:35:41,443 INFO c.h.helmcharts.AbstractHelmChartIT - Removed unused snapshots:
Removing snapshot sha256:03af251906410714c5aef9fa705b63f6bbc39c4a5e787de7361eeb18886c2ed2
Removing snapshot sha256:0c46b3b43cce082ce5ec34ffc6c294e0417d17b9d1e6f366d114b6aadc4f96dc
Removing snapshot sha256:0ce761beee59082d6ed5bcebd3a805b8ddd9b3426b617e4809e7fb7c6587ffec
Removing snapshot sha256:0df91287303208332c8ff6ba40ae4710105201739addbfbddfb955f1ad593664
Removing snapshot sha256:0f30b4526626599ad6853b13d715ed5f11e4dac30bdf22795ee36d8b73285c01
Removing snapshot sha256:1021ef88c7974bfff89c5a0ec4fd3160daac6c48a075f74cff721f85dd104e68
Removing snapshot sha256:10aba4953ddc18145dd38e3704709bc464aa20af60b56fe52caaff4b68411e62
Removing snapshot sha256:17b3230dbaa15b80ea4c59d385a510a1c6c669d654d4445b25f4122988ddf932
Removing snapshot sha256:1ab0a79eb9ae3bab99382d18e27cb1c587196d2929db9c8d1c79088bd5a8fa18
Removing snapshot sha256:1e604deea57dbda554a168861cff1238f93b8c6c69c863c43aed37d9d99c5fed
Removing snapshot sha256:2330d1b95992fe4dfdab1ed70e86e349f3f37a80a92140a1ec441a9c3169bcb7
Removing snapshot sha256:2573e0d8158209ed54ab25c87bcdcb00bd3d2539246960a3d592a1c599d70465
Removing snapshot sha256:3102b3958924e454ee4c19fe49136c5727bea4a438945b9d85ed7525ae7ad17a
Removing snapshot sha256:362a8a37f8bbc31925a8146adcf7cf51f9882f5c1dcbef67c5baa03a297543c0
Removing snapshot sha256:38300cd41e4e7621f1880dc17df1510a0b41c3700bba086c7d13695c2852c906
Removing snapshot sha256:3aea2e5ee60f1f0173fafb64e361c34847c160a755964b223b571f112b206391
Removing snapshot sha256:3d737060823899829eb7827e20ddb4021f5c31c4e7e348a380b528903c9051ae
Removing snapshot sha256:3fa4ad33f0ddc8fd45b39b6b4640f82a3a83619606cd975bfe89d8710ad2d4cd
Removing snapshot sha256:42508696bab4cddb098661270605482768f11b222c3b338a84e17c388a573539
Removing snapshot sha256:42b3566bfb67a7e1e92c7fb9a9d9fd9d5d1c68fb9234b2e7e8d57e3894c584c6
Removing snapshot sha256:43a7c979bbaba6838bc3102d6b10a1459f3ab050b87ccdfef84ef90cf43d3058
Removing snapshot sha256:43e32e0401181ce446773595aa5b45dd3de52a62bd17ce6321e472661bef46fc
Removing snapshot sha256:4ab04491cdf0d3267f08206fe30bd48f49f94b9cab2f016d6739220f722a64af
Removing snapshot sha256:4b6068250e89c96f263060261819c7d912855bfbd64b3eb4c4a8483299b8c295
Removing snapshot sha256:4c09e11c29b3224f406d4162d6085d69dc244f013166f2da41af4eb9c43b2d5f
Removing snapshot sha256:4e4a4c2a9fcafd941707917d9cb4c348229dcda7e6a77d20a5c9e977659e2acb
Removing snapshot sha256:580e69a0a8034ede1921139bbd2bfb72a69ebf276d008281896c32dd8bf74775
Removing snapshot sha256:597fcac6b802be96dede6dae530b1fd3d80ee2191e3c39bd5c3dfb528309801e
Removing snapshot sha256:59860db8e524598ca0913cb5a7821a1a1c1e56f61dec4fe619ad8a278bfd44c2
Removing snapshot sha256:5a9ba96b94a7acc2c16f45d7113265f2705262d850ff8d73abf339acec4e4283
Removing snapshot sha256:5d30ba46b27fe37484567ccc5242cadc78217b8da605f3f195ef25cbf7487904
Removing snapshot sha256:63ca1fbb43ae5034640e5e6cb3e083e05c290072c5366fcaa9d62435a4cced85
Removing snapshot sha256:67f702c6baae873bceb19487c8b1f27bd2b86077e4f2f0e480e6d60ab508b8f5
Removing snapshot sha256:6864348dd42806d552efdec384f1274be15e2d0c10ce44c1f04347af004c10a9
Removing snapshot sha256:6c7dee8f2c39b84b7dc2711c01d33de93514d9055499173e9290176fbe484b6c
Removing snapshot sha256:6d2198b9bba47eb108a6f8e064d85edb59b204d24ceb4d866ad96079b9ec1498
Removing snapshot sha256:711f0795be2fadadbf9fe1151ea3506c44bc3c41083e049b25f8bac1bd91851c
Removing snapshot sha256:74acea72c72664d31caa1810182a8d9f76600a5e41ed9d1eb2814c0bc090bfea
Removing snapshot sha256:75654b8eeebd3beae97271a102f57cdeb794cc91e442648544963a7e951e9558
Removing snapshot sha256:783ad6a93b23221db9f18c15f79aeb134655b6dd29a9a9bc7472ee50852d14a7
Removing snapshot sha256:81ed7e1a344eefb04664b5d772157e32be190d566bd3083af46ec0b8796ae9ae
Removing snapshot sha256:82753493a6d61ded36556292f02f31841a14c20d2f279f19eaad65afb661d5cd
Removing snapshot sha256:84a897f1c589cde259313d1efcd537ab957267a6526caa797d9703c4ee903204
Removing snapshot sha256:8a10d3db42c505ee0fcfa98417bdd7e39b304f6bcc0a06bb1b220797ff2cc63c
Removing snapshot sha256:8d297423f53775a6b77d49e57a5e9f47799fcfddca869a1164226d56c8299763
Removing snapshot sha256:8ec1e08a6c109c9698b32f46974375ee19470c62a5de0618346b3b4442919582
Removing snapshot sha256:94b728d964f60c89faa32d3296c8e524b6a15c163f95728001c8be4091968231
Removing snapshot sha256:9852f74557303324154e94d69646a117800c24f830d6dd3150a61f1cb1877bfb
Removing snapshot sha256:a21e5b12dbac529ad45d976eb9ce45c881f3bedcc500fb30aba1e52aa1813418
Removing snapshot sha256:afb9d24a81528af822cc0a49b79c922afd1b6fb3355f0fe3683749f5ad2e2e5e
Removing snapshot sha256:b403bf5671b66322a4fb4fcf772687a9e487ab58804584befcae862807d8eb88
Removing snapshot sha256:b8c8d85687c0d5b64887dfaf35dedad43ecac3954a798ffa91d79a5aeb500496
Removing snapshot sha256:b921e6c28969094157f9b8e7244677780319637afd14450b7cb6b2fdea558a0c
Removing snapshot sha256:bc27ecb5769a00e309cf99ebc763c4a4b958b618d1decc96ffac5bc05f02f5b7
Removing snapshot sha256:be3ccb6627a5332e309d45ef461d09b4879dd870c7394d89323d0ebc6ca6aa8a
Removing snapshot sha256:c261f7cbbc64211ee175ee47273acdb7b1a36a4450b397a064a8f2c026490095
Removing snapshot sha256:c34d9393647eea0c9e3557ab988efaf59f61d10a2a5613b439ef0958cca5ec10
Removing snapshot sha256:ccf3c4a0fa967a41c1c83497a2ce6fa5787965859df0adb32c4ca2cf7490bc2b
Removing snapshot sha256:cda334c60720b02c295deeee0739beb29d9283df72a19f0e73b54e50c89e8c00
Removing snapshot sha256:cf92d33f869417309692088c341cd0f223c178ea78a125f757317b22aa8f90e9
Removing snapshot sha256:d0037344cf2fb078884f1849f6a1f8cf9a33a3b6139b6a85833e5ee528e1f9a8
Removing snapshot sha256:d3b36d5b79273b1e98e7700470eaeff05a882e777124d84cebcc1505b85ecb36
Removing snapshot sha256:d65a44a37914602d12c611e5e22a50f11451d847e63015cc1c2aef92dee777a4
Removing snapshot sha256:d7698055289ea72fad6a712ae4a30a02f6f294e476718fac7d5eea9098793d8e
Removing snapshot sha256:deb8fe0e16fb632523b566bfa4819d4c8b7689407d4211b88d26b6988d84ef75
Removing snapshot sha256:e2dc0bae2455930f23ae570e019b7f32edc75c0f2d71cab084db837ff9051796
Removing snapshot sha256:e31519795c7e3df686c447a21ec8d2eb301388a5e39ccf7f20a25c6f6ce3a522
Removing snapshot sha256:e58151b46376c08fb48e2a2fbe134b6de223be0749d20b7b60bf475e526a2884
Removing snapshot sha256:e9e86ed11d9bebc0707dd6f1166c51237ebb44f98657241f943261b2675a5449
Removing snapshot sha256:eccbd24a99c60cd9e86ee5305dbfc4a4dc89f5ab4fb1f06c8d64797cecedef34
Removing snapshot sha256:edd1404c718ab99ca3456bdf222065033800bb67d4334a9642746685a24394cd
Removing snapshot sha256:f144bb4c7c7f0d2aa7eeffd36d934ec40db1ee167be727e326aad9fdc616f475
Removing snapshot sha256:f841014e90f6182556f949eabc3e9b3d3f6fe845251ffbf58da9256f388a764b

]]></system-out>
  </testcase>
  <system-out><![CDATA[2025-01-30 18:31:47,794 INFO c.h.h.t.HelmChartContainerExtension - Using cached HelmChartContainer instance
]]></system-out>
  <system-err><![CDATA[]]></system-err>
</testsuite>
