<?xml version="1.0" encoding="UTF-8"?>
<testsuite name="com.hivemq.helmcharts.platform.HelmCustomServiceAccountIT" tests="4" skipped="0" failures="0" errors="0" timestamp="2025-01-28T23:51:29" hostname="fv-az1074-163" time="422.177">
  <properties/>
  <testcase name="platformCharts_withCreateAndValidateDisabled_hivemqRunning()" classname="com.hivemq.helmcharts.platform.HelmCustomServiceAccountIT" time="94.854">
    <system-out><![CDATA[2025-01-28 23:51:29,803 INFO c.h.h.t.HelmChartContainer - Creating namespace 'helmcustomserviceaccountit-operator'...
2025-01-28 23:51:29,999 INFO c.h.h.t.HelmChartContainer - Namespace 'helmcustomserviceaccountit-operator' created
2025-01-28 23:51:29,999 INFO c.h.h.t.HelmChartContainer - Creating namespace 'helmcustomserviceaccountit'...
2025-01-28 23:51:30,000 INFO c.h.h.t.HelmChartContainer - [POD] coredns-ff8999cc5-lsz25 [071f9280-8b5e-4d1c-896a-4b1bb9a13b37] in kube-system was ADDED
2025-01-28 23:51:30,002 INFO c.h.h.t.HelmChartContainer - [POD] local-path-provisioner-698b58967b-sqfmk [f77a45d3-169c-4328-9654-d61cf8817ae7] in kube-system was ADDED
2025-01-28 23:51:30,005 INFO c.h.h.t.HelmChartContainer - [POD] metrics-server-8584b5786c-c9bn8 [62712e11-39b0-4192-9295-6fc483a00407] in kube-system was ADDED
2025-01-28 23:51:30,012 INFO c.h.h.t.HelmChartContainer - Namespace 'helmcustomserviceaccountit' created
2025-01-28 23:51:30,085 DEBUG c.h.h.t.HelmChartContainer - Executing helm command: /bin/helm --kubeconfig /etc/rancher/k3s/k3s.yaml install test-hivemq-platform-operator /charts/hivemq-platform-operator --wait --timeout 5m0s --set image.repository=docker.io/hivemq --set image.name=hivemq-platform-operator-test --set image.initImageName=hivemq-platform-operator-init-test --set image.tag=snapshot --set image.pullPolicy=Never --set logLevel=DEBUG --set resources.cpu=512m --set hivemqPlatformServiceAccount.create=false --set hivemqPlatformServiceAccount.validate=false --set hivemqPlatformServiceAccount.permissions.create=false --set hivemqPlatformServiceAccount.permissions.validate=false --namespace helmcustomserviceaccountit-operator
2025-01-28 23:51:32,463 INFO c.h.h.t.HelmChartContainer - [K3S] [alloc.go:330] "allocated clusterIPs" service="helmcustomserviceaccountit-operator/hivemq-platform-operator-test-hivemq-platform-operator" clusterIPs={"IPv4":"10.43.230.168"}
2025-01-28 23:51:32,483 INFO c.h.h.t.HelmChartContainer - [EVENT] Normal [ScalingReplicaSet] Scaled up replica set hivemq-test-hivemq-platform-operator-5f79f88879 from 0 to 1 [helmcustomserviceaccountit-operator:hivemq-test-hivemq-platform-operator]
2025-01-28 23:51:32,493 INFO c.h.h.t.HelmChartContainer - [EVENT] Normal [SuccessfulCreate] Created pod: hivemq-test-hivemq-platform-operator-5f79f88879-vm8km [helmcustomserviceaccountit-operator:hivemq-test-hivemq-platform-operator-5f79f88879]
2025-01-28 23:51:32,494 INFO c.h.h.t.HelmChartContainer - [POD] hivemq-test-hivemq-platform-operator-5f79f88879-vm8km [87d28dc8-a13a-41fd-9f38-519c88312778] in helmcustomserviceaccountit-operator was ADDED
2025-01-28 23:51:32,496 INFO c.h.h.t.HelmChartContainer - [POD] hivemq-test-hivemq-platform-operator-5f79f88879-vm8km [87d28dc8-a13a-41fd-9f38-519c88312778] in helmcustomserviceaccountit-operator was MODIFIED
2025-01-28 23:51:32,502 INFO c.h.h.t.HelmChartContainer - [K3S] [replica_set.go:679] "Finished syncing" kind="ReplicaSet" key="helmcustomserviceaccountit-operator/hivemq-test-hivemq-platform-operator-5f79f88879" duration="21.083712ms"
2025-01-28 23:51:32,503 INFO c.h.h.t.HelmChartContainer - [EVENT] Normal [Scheduled] Successfully assigned helmcustomserviceaccountit-operator/hivemq-test-hivemq-platform-operator-5f79f88879-vm8km to 4c591fcc74e6 [helmcustomserviceaccountit-operator:hivemq-test-hivemq-platform-operator-5f79f88879-vm8km]
2025-01-28 23:51:32,505 INFO c.h.h.t.HelmChartContainer - [K3S] [replica_set.go:679] "Finished syncing" kind="ReplicaSet" key="helmcustomserviceaccountit-operator/hivemq-test-hivemq-platform-operator-5f79f88879" duration="9.145649ms"
2025-01-28 23:51:32,505 INFO c.h.h.t.HelmChartContainer - [K3S] [replica_set.go:679] "Finished syncing" kind="ReplicaSet" key="helmcustomserviceaccountit-operator/hivemq-test-hivemq-platform-operator-5f79f88879" duration="34.635µs"
2025-01-28 23:51:32,510 INFO c.h.h.t.HelmChartContainer - [K3S] [replica_set.go:679] "Finished syncing" kind="ReplicaSet" key="helmcustomserviceaccountit-operator/hivemq-test-hivemq-platform-operator-5f79f88879" duration="29.675µs"
2025-01-28 23:51:32,513 INFO c.h.h.t.HelmChartContainer - [POD] hivemq-test-hivemq-platform-operator-5f79f88879-vm8km [87d28dc8-a13a-41fd-9f38-519c88312778] in helmcustomserviceaccountit-operator was MODIFIED
2025-01-28 23:51:32,626 INFO c.h.h.t.HelmChartContainer - [K3S] [reconciler_common.go:251] "operationExecutor.VerifyControllerAttachedVolume started for volume \"kube-api-access-8hpv4\" (UniqueName: \"kubernetes.io/projected/87d28dc8-a13a-41fd-9f38-519c88312778-kube-api-access-8hpv4\") pod \"hivemq-test-hivemq-platform-operator-5f79f88879-vm8km\" (UID: \"87d28dc8-a13a-41fd-9f38-519c88312778\") " pod="helmcustomserviceaccountit-operator/hivemq-test-hivemq-platform-operator-5f79f88879-vm8km"
2025-01-28 23:51:32,882 INFO c.h.h.t.HelmChartContainer - [EVENT] Normal [Pulled] Container image "docker.io/hivemq/hivemq-platform-operator-test:snapshot" already present on machine [helmcustomserviceaccountit-operator:hivemq-test-hivemq-platform-operator-5f79f88879-vm8km]
2025-01-28 23:51:32,882 INFO c.h.h.t.HelmChartContainer - Received Pulled event for container hivemq-platform-operator in pod hivemq-test-hivemq-platform-operator-5f79f88879-vm8km [87d28dc8-a13a-41fd-9f38-519c88312778]
2025-01-28 23:51:32,890 INFO c.h.h.t.HelmChartContainer - [EVENT] Normal [Created] Created container: hivemq-platform-operator [helmcustomserviceaccountit-operator:hivemq-test-hivemq-platform-operator-5f79f88879-vm8km]
2025-01-28 23:51:32,890 INFO c.h.h.t.HelmChartContainer - Received Created event for container hivemq-platform-operator in pod hivemq-test-hivemq-platform-operator-5f79f88879-vm8km [87d28dc8-a13a-41fd-9f38-519c88312778]
2025-01-28 23:51:33,139 INFO c.h.h.t.HelmChartContainer - [K3S] [replica_set.go:679] "Finished syncing" kind="ReplicaSet" key="helmcustomserviceaccountit-operator/hivemq-test-hivemq-platform-operator-5f79f88879" duration="41.588µs"
2025-01-28 23:51:33,144 INFO c.h.h.t.HelmChartContainer - [POD] hivemq-test-hivemq-platform-operator-5f79f88879-vm8km [87d28dc8-a13a-41fd-9f38-519c88312778] in helmcustomserviceaccountit-operator was MODIFIED
2025-01-28 23:51:33,157 INFO c.h.h.t.HelmChartContainer - [EVENT] Normal [Started] Started container hivemq-platform-operator [helmcustomserviceaccountit-operator:hivemq-test-hivemq-platform-operator-5f79f88879-vm8km]
2025-01-28 23:51:33,157 INFO c.h.h.t.HelmChartContainer - Started log watcher for hivemq-platform-operator in pod hivemq-test-hivemq-platform-operator-5f79f88879-vm8km [87d28dc8-a13a-41fd-9f38-519c88312778]
2025-01-28 23:51:33,157 INFO c.h.h.t.HelmChartContainer - Received Started event for container hivemq-platform-operator in pod hivemq-test-hivemq-platform-operator-5f79f88879-vm8km [87d28dc8-a13a-41fd-9f38-519c88312778]
2025-01-28 23:51:33,158 INFO c.h.h.t.HelmChartContainer - [hivemq-test-hivemq-platform] [hivemq-platform-operator] [87d28dc8] -------------------------------------------------------------------------
2025-01-28 23:51:33,158 INFO c.h.h.t.HelmChartContainer - [hivemq-test-hivemq-platform] [hivemq-platform-operator] [87d28dc8] 
2025-01-28 23:51:33,158 INFO c.h.h.t.HelmChartContainer - [hivemq-test-hivemq-platform] [hivemq-platform-operator] [87d28dc8]                   _    _  _              __  __   ____
2025-01-28 23:51:33,158 INFO c.h.h.t.HelmChartContainer - [hivemq-test-hivemq-platform] [hivemq-platform-operator] [87d28dc8]                  | |  | |(_)            |  \/  | / __ \
2025-01-28 23:51:33,158 INFO c.h.h.t.HelmChartContainer - [hivemq-test-hivemq-platform] [hivemq-platform-operator] [87d28dc8]                  | |__| | _ __   __ ___ | \  / || |  | |
2025-01-28 23:51:33,158 INFO c.h.h.t.HelmChartContainer - [hivemq-test-hivemq-platform] [hivemq-platform-operator] [87d28dc8]                  |  __  || |\ \ / // _ \| |\/| || |  | |
2025-01-28 23:51:33,158 INFO c.h.h.t.HelmChartContainer - [hivemq-test-hivemq-platform] [hivemq-platform-operator] [87d28dc8]                  | |  | || | \ V /|  __/| |  | || |__| |
2025-01-28 23:51:33,158 INFO c.h.h.t.HelmChartContainer - [hivemq-test-hivemq-platform] [hivemq-platform-operator] [87d28dc8]                  |_|  |_||_|  \_/  \___||_|  |_| \___\_\
2025-01-28 23:51:33,158 INFO c.h.h.t.HelmChartContainer - [hivemq-test-hivemq-platform] [hivemq-platform-operator] [87d28dc8] 
2025-01-28 23:51:33,158 INFO c.h.h.t.HelmChartContainer - [hivemq-test-hivemq-platform] [hivemq-platform-operator] [87d28dc8] -------------------------------------------------------------------------
2025-01-28 23:51:33,158 INFO c.h.h.t.HelmChartContainer - [hivemq-test-hivemq-platform] [hivemq-platform-operator] [87d28dc8] 
2025-01-28 23:51:33,158 INFO c.h.h.t.HelmChartContainer - [hivemq-test-hivemq-platform] [hivemq-platform-operator] [87d28dc8]   HiveMQ Platform Operator Start Script v1.0
2025-01-28 23:51:33,158 INFO c.h.h.t.HelmChartContainer - [hivemq-test-hivemq-platform] [hivemq-platform-operator] [87d28dc8] 
2025-01-28 23:51:33,158 INFO c.h.h.t.HelmChartContainer - [hivemq-test-hivemq-platform] [hivemq-platform-operator] [87d28dc8] -------------------------------------------------------------------------
2025-01-28 23:51:33,158 INFO c.h.h.t.HelmChartContainer - [hivemq-test-hivemq-platform] [hivemq-platform-operator] [87d28dc8] 
2025-01-28 23:51:33,158 INFO c.h.h.t.HelmChartContainer - [hivemq-test-hivemq-platform] [hivemq-platform-operator] [87d28dc8]   JAVA_OPTS: -XX:+UnlockExperimentalVMOptions -XX:InitialRAMPercentage=75 -XX:MaxRAMPercentage=75 -Duser.language=en -Duser.region=US
2025-01-28 23:51:33,158 INFO c.h.h.t.HelmChartContainer - [hivemq-test-hivemq-platform] [hivemq-platform-operator] [87d28dc8] 
2025-01-28 23:51:33,158 INFO c.h.h.t.HelmChartContainer - [hivemq-test-hivemq-platform] [hivemq-platform-operator] [87d28dc8]   JAVA_VERSION: 21
2025-01-28 23:51:33,158 INFO c.h.h.t.HelmChartContainer - [hivemq-test-hivemq-platform] [hivemq-platform-operator] [87d28dc8] 
2025-01-28 23:51:33,159 INFO c.h.h.t.HelmChartContainer - [hivemq-test-hivemq-platform] [hivemq-platform-operator] [87d28dc8] -------------------------------------------------------------------------
2025-01-28 23:51:33,159 INFO c.h.h.t.HelmChartContainer - [hivemq-test-hivemq-platform] [hivemq-platform-operator] [87d28dc8] 
2025-01-28 23:51:36,309 INFO c.h.h.t.HelmChartContainer - [hivemq-test-hivemq-platform] [hivemq-platform-operator] [87d28dc8] 23:51:36.307 [main] DEBUG org.jboss.logging - Logging Provider: org.jboss.logging.Slf4jLoggerProvider
2025-01-28 23:51:36,413 INFO c.h.h.t.HelmChartContainer - [hivemq-test-hivemq-platform] [hivemq-platform-operator] [87d28dc8] 23:51:36.411 [main] DEBUG io.smallrye.config - SRCFG01006: Loaded ConfigSource SysPropConfigSource with ordinal 400
2025-01-28 23:51:36,413 INFO c.h.h.t.HelmChartContainer - [hivemq-test-hivemq-platform] [hivemq-platform-operator] [87d28dc8] 23:51:36.411 [main] DEBUG io.smallrye.config - SRCFG01006: Loaded ConfigSource EnvConfigSource with ordinal 300
2025-01-28 23:51:36,413 INFO c.h.h.t.HelmChartContainer - [hivemq-test-hivemq-platform] [hivemq-platform-operator] [87d28dc8] 23:51:36.411 [main] DEBUG io.smallrye.config - SRCFG01006: Loaded ConfigSource PropertiesConfigSource[source=jar:file:///opt/hivemq-platform-operator/bin/hivemq-platform-operator.jar!/hivemq-platform-operator.properties] with ordinal 100
2025-01-28 23:51:36,413 INFO c.h.h.t.HelmChartContainer - [hivemq-test-hivemq-platform] [hivemq-platform-operator] [87d28dc8] 23:51:36.411 [main] DEBUG io.smallrye.config - SRCFG01006: Loaded ConfigSource DefaultValuesConfigSource with ordinal -2147483648
2025-01-28 23:51:36,508 INFO c.h.h.t.HelmChartContainer - [hivemq-test-hivemq-platform] [hivemq-platform-operator] [87d28dc8] 23:51:36.507 [main] DEBUG i.m.c.u.i.l.InternalLoggerFactory - Using SLF4J as the default logging framework
2025-01-28 23:51:36,615 INFO c.h.h.t.HelmChartContainer - [hivemq-test-hivemq-platform] [hivemq-platform-operator] [87d28dc8] 23:51:36.608 [main] INFO  c.h.p.o.HiveMQPlatformOperatorApplication - HiveMQ Platform Operator 1.7.0-SNAPSHOT (commit: bebf408 on branch: HEAD) built on Sun Jan 26 20:47:47 UTC 2025
2025-01-28 23:51:36,615 INFO c.h.h.t.HelmChartContainer - [hivemq-test-hivemq-platform] [hivemq-platform-operator] [87d28dc8] 23:51:36.613 [main] INFO  c.h.p.o.HiveMQPlatformOperatorApplication - HiveMQ Platform Operator is running in namespace: helmcustomserviceaccountit-operator
2025-01-28 23:51:36,616 INFO c.h.h.t.HelmChartContainer - [hivemq-test-hivemq-platform] [hivemq-platform-operator] [87d28dc8] 23:51:36.613 [main] INFO  c.h.p.o.HiveMQPlatformOperatorApplication - Watching all namespaces
2025-01-28 23:51:36,617 INFO c.h.h.t.HelmChartContainer - [hivemq-test-hivemq-platform] [hivemq-platform-operator] [87d28dc8] 23:51:36.613 [main] INFO  c.h.p.o.HiveMQPlatformOperatorApplication - Log level: DEBUG
2025-01-28 23:51:36,617 INFO c.h.h.t.HelmChartContainer - [hivemq-test-hivemq-platform] [hivemq-platform-operator] [87d28dc8] 23:51:36.613 [main] INFO  c.h.p.o.HiveMQPlatformOperatorApplication - Release name: test-hivemq-platform-operator
2025-01-28 23:51:36,617 INFO c.h.h.t.HelmChartContainer - [hivemq-test-hivemq-platform] [hivemq-platform-operator] [87d28dc8] 23:51:36.613 [main] INFO  c.h.p.o.HiveMQPlatformOperatorApplication - HiveMQ Platform Operator Init image: docker.io/hivemq/hivemq-platform-operator-init-test:snapshot
2025-01-28 23:51:36,617 INFO c.h.h.t.HelmChartContainer - [hivemq-test-hivemq-platform] [hivemq-platform-operator] [87d28dc8] 23:51:36.614 [main] INFO  c.h.p.o.HiveMQPlatformOperatorApplication - HiveMQ Platform Operator Init App update URL: http://hivemq-platform-operator-test-hivemq-platform-operator.helmcustomserviceaccountit-operator.svc:8080/initAppUpdate/hivemq-platform-operator-init-app-1.7.0-SNAPSHOT.jar
2025-01-28 23:51:36,617 INFO c.h.h.t.HelmChartContainer - [hivemq-test-hivemq-platform] [hivemq-platform-operator] [87d28dc8] 23:51:36.614 [main] INFO  c.h.p.o.HiveMQPlatformOperatorApplication - Additional imagePullSecret for all Platform deployments: none
2025-01-28 23:51:36,617 INFO c.h.h.t.HelmChartContainer - [hivemq-test-hivemq-platform] [hivemq-platform-operator] [87d28dc8] 23:51:36.614 [main] INFO  c.h.p.o.HiveMQPlatformOperatorApplication - Apply HiveMQ Platform CRD: true
2025-01-28 23:51:36,617 INFO c.h.h.t.HelmChartContainer - [hivemq-test-hivemq-platform] [hivemq-platform-operator] [87d28dc8] 23:51:36.614 [main] INFO  c.h.p.o.HiveMQPlatformOperatorApplication - Create Platform ServiceAccount: false
2025-01-28 23:51:36,617 INFO c.h.h.t.HelmChartContainer - [hivemq-test-hivemq-platform] [hivemq-platform-operator] [87d28dc8] 23:51:36.614 [main] INFO  c.h.p.o.HiveMQPlatformOperatorApplication - Create Platform ServiceAccount permissions: false
2025-01-28 23:51:36,617 INFO c.h.h.t.HelmChartContainer - [hivemq-test-hivemq-platform] [hivemq-platform-operator] [87d28dc8] 23:51:36.614 [main] INFO  c.h.p.o.HiveMQPlatformOperatorApplication - Validate Platform ServiceAccount: false
2025-01-28 23:51:36,617 INFO c.h.h.t.HelmChartContainer - [hivemq-test-hivemq-platform] [hivemq-platform-operator] [87d28dc8] 23:51:36.614 [main] INFO  c.h.p.o.HiveMQPlatformOperatorApplication - Validate Platform ServiceAccount permissions: false
2025-01-28 23:51:36,711 INFO c.h.h.t.HelmChartContainer - [hivemq-test-hivemq-platform] [hivemq-platform-operator] [87d28dc8] 23:51:36.710 [main] INFO  c.h.platform.operator.util.CRDUtil - Verifying deployed HiveMQ Platform CRD...
2025-01-28 23:51:38,130 INFO c.h.h.t.HelmChartContainer - [POD] metrics-server-8584b5786c-c9bn8 [62712e11-39b0-4192-9295-6fc483a00407] in kube-system was MODIFIED
2025-01-28 23:51:38,135 INFO c.h.h.t.HelmChartContainer - [K3S] [replica_set.go:679] "Finished syncing" kind="ReplicaSet" key="kube-system/metrics-server-8584b5786c" duration="7.486215ms"
2025-01-28 23:51:38,136 INFO c.h.h.t.HelmChartContainer - [K3S] [replica_set.go:679] "Finished syncing" kind="ReplicaSet" key="kube-system/metrics-server-8584b5786c" duration="86.201µs"
2025-01-28 23:51:39,306 INFO c.h.h.t.HelmChartContainer - [hivemq-test-hivemq-platform] [hivemq-platform-operator] [87d28dc8] 23:51:39.304 [main] DEBUG c.h.platform.operator.util.CRDUtil - HiveMQ Platform CRD version v1 is up to date
2025-01-28 23:51:39,306 INFO c.h.h.t.HelmChartContainer - [hivemq-test-hivemq-platform] [hivemq-platform-operator] [87d28dc8] 23:51:39.304 [main] INFO  c.h.platform.operator.util.CRDUtil - HiveMQ Platform CRD is up to date (version: V1_6_0)
2025-01-28 23:51:39,306 INFO c.h.h.t.HelmChartContainer - [hivemq-test-hivemq-platform] [hivemq-platform-operator] [87d28dc8] 23:51:39.305 [main] INFO  c.h.platform.operator.util.CRDUtil - Waiting 10000 ms for HiveMQ Platform CRD 'hivemq-platforms.hivemq.com' to become ready...
2025-01-28 23:51:39,616 INFO c.h.h.t.HelmChartContainer - [hivemq-test-hivemq-platform] [hivemq-platform-operator] [87d28dc8] 23:51:39.613 [vert.x-eventloop-thread-1] DEBUG c.h.platform.operator.util.CRDUtil - Checking CRD condition 'NamesAccepted' (status: 'True')
2025-01-28 23:51:39,616 INFO c.h.h.t.HelmChartContainer - [hivemq-test-hivemq-platform] [hivemq-platform-operator] [87d28dc8] 23:51:39.613 [vert.x-eventloop-thread-1] DEBUG c.h.platform.operator.util.CRDUtil - Checking CRD condition 'Established' (status: 'True')
2025-01-28 23:51:39,616 INFO c.h.h.t.HelmChartContainer - [hivemq-test-hivemq-platform] [hivemq-platform-operator] [87d28dc8] 23:51:39.614 [main] INFO  c.h.platform.operator.util.CRDUtil - HiveMQ Platform CRD 'hivemq-platforms.hivemq.com' is ready
2025-01-28 23:51:39,805 INFO c.h.h.t.HelmChartContainer - [hivemq-test-hivemq-platform] [hivemq-platform-operator] [87d28dc8] 23:51:39.804 [main] INFO  c.h.p.o.HiveMQPlatformReconciler - HiveMQ Platform Operator is starting...
2025-01-28 23:51:39,921 INFO c.h.h.t.HelmChartContainer - [hivemq-test-hivemq-platform] [hivemq-platform-operator] [87d28dc8] 23:51:39.919 [main] WARN  Default ConfigurationService implementation - Configuration for reconciler 'hivemq-controller' was not found. Known reconcilers: None.
2025-01-28 23:51:40,007 INFO c.h.h.t.HelmChartContainer - [hivemq-test-hivemq-platform] [hivemq-platform-operator] [87d28dc8] 23:51:40.005 [main] INFO  Default ConfigurationService implementation - Created configuration for reconciler com.hivemq.platform.operator.HiveMQPlatformReconciler with name hivemq-controller
2025-01-28 23:51:40,106 INFO c.h.h.t.HelmChartContainer - [hivemq-test-hivemq-platform] [hivemq-platform-operator] [87d28dc8] 23:51:40.105 [main] DEBUG c.h.p.o.HiveMQPlatformReconciler - HiveMQ Platform Operator is preparing EventSources
2025-01-28 23:51:40,119 INFO c.h.h.t.HelmChartContainer - [hivemq-test-hivemq-platform] [hivemq-platform-operator] [87d28dc8] 23:51:40.117 [main] INFO  i.javaoperatorsdk.operator.Operator - Registered reconciler: 'hivemq-controller' for resource: 'class com.hivemq.platform.operator.v1.HiveMQPlatform' for namespace(s): [all namespaces]
2025-01-28 23:51:40,724 INFO c.h.h.t.HelmChartContainer - [hivemq-test-hivemq-platform] [hivemq-platform-operator] [87d28dc8] 23:51:40.723 [main] INFO  c.h.p.operator.webserver.JettyServer - Starting Jetty server on port 8080
2025-01-28 23:51:40,822 INFO c.h.h.t.HelmChartContainer - [hivemq-test-hivemq-platform] [hivemq-platform-operator] [87d28dc8] 23:51:40.820 [main] INFO  i.javaoperatorsdk.operator.Operator - Operator SDK 4.9.7 (commit: 2133d28) built on Wed Nov 20 12:56:20 UTC 2024 starting...
2025-01-28 23:51:40,822 INFO c.h.h.t.HelmChartContainer - [hivemq-test-hivemq-platform] [hivemq-platform-operator] [87d28dc8] 23:51:40.821 [main] INFO  i.javaoperatorsdk.operator.Operator - Client version: 6.13.4
2025-01-28 23:51:40,823 INFO c.h.h.t.HelmChartContainer - [hivemq-test-hivemq-platform] [hivemq-platform-operator] [87d28dc8] 23:51:40.823 [Controller Starter for: hivemq-controller] INFO  i.j.operator.processing.Controller - Starting 'hivemq-controller' controller for reconciler: com.hivemq.platform.operator.HiveMQPlatformReconciler, resource: com.hivemq.platform.operator.v1.HiveMQPlatform
2025-01-28 23:51:42,518 INFO c.h.h.t.HelmChartContainer - [K3S] [range_allocator.go:247] "Successfully synced" key="4c591fcc74e6"
2025-01-28 23:51:43,404 INFO c.h.h.t.HelmChartContainer - [hivemq-test-hivemq-platform] [hivemq-platform-operator] [87d28dc8] 23:51:43.403 [Controller Starter for: hivemq-controller] INFO  i.j.operator.processing.Controller - 'hivemq-controller' controller started
2025-01-28 23:51:43,405 INFO c.h.h.t.HelmChartContainer - [hivemq-test-hivemq-platform] [hivemq-platform-operator] [87d28dc8] 23:51:43.403 [main] INFO  c.h.p.o.HiveMQPlatformOperatorApplication - HiveMQ Platform Operator 1.7.0-SNAPSHOT started in 6795 ms
2025-01-28 23:51:44,149 INFO c.h.h.t.HelmChartContainer - [POD] hivemq-test-hivemq-platform-operator-5f79f88879-vm8km [87d28dc8-a13a-41fd-9f38-519c88312778] in helmcustomserviceaccountit-operator was MODIFIED
2025-01-28 23:51:44,160 INFO c.h.h.t.HelmChartContainer - [K3S] [replica_set.go:679] "Finished syncing" kind="ReplicaSet" key="helmcustomserviceaccountit-operator/hivemq-test-hivemq-platform-operator-5f79f88879" duration="18.482229ms"
2025-01-28 23:51:44,164 INFO c.h.h.t.HelmChartContainer - [K3S] [replica_set.go:679] "Finished syncing" kind="ReplicaSet" key="helmcustomserviceaccountit-operator/hivemq-test-hivemq-platform-operator-5f79f88879" duration="144.5µs"
2025-01-28 23:51:44,600 DEBUG c.h.h.t.HelmChartContainer - Executing helm command: /bin/helm --kubeconfig /etc/rancher/k3s/k3s.yaml install test-hivemq-platform /charts/hivemq-platform --wait --timeout 5m0s --set image.repository=docker.io/hivemq --set image.tag=4.36.0 --set image.pullPolicy=Never --set nodes.resources.cpu=512m --set nodes.serviceAccountName=my-custom-sa --set nodes.replicaCount=1 --namespace helmcustomserviceaccountit
2025-01-28 23:51:44,909 INFO c.h.h.t.HelmChartContainer - [hivemq-test-hivemq-platform] [hivemq-platform-operator] [87d28dc8] 23:51:44.907 [-373097727-pool-1-thread-2] WARN  i.m.p.PrometheusMeterRegistry - The meter (MeterId{name='operator.sdk.events.received', tags=[tag(action=ADDED),tag(event=ResourceEvent),tag(group=hivemq.com),tag(kind=HiveMQPlatform),tag(name=test-hivemq-platform),tag(namespace=helmcustomserviceaccountit),tag(scope=namespace),tag(version=v1)]}) registration has failed: Prometheus requires that all meters with the same name have the same set of tag keys. There is already an existing meter named 'operator.sdk.events.received' containing tag keys [event, group, kind, name, namespace, scope, version]. The meter you are attempting to register has keys [action, event, group, kind, name, namespace, scope, version]. Note that subsequent logs will be logged at debug level.
2025-01-28 23:51:45,321 INFO c.h.h.t.HelmChartContainer - [hivemq-test-hivemq-platform] [hivemq-platform-operator] [87d28dc8] 23:51:45.320 [pool-6-thread-3] DEBUG c.h.p.o.dependants.PodInfoConfigMap - [helmcust] Desired PodInfo ConfigMap (1 extensions) (1 enabled)
2025-01-28 23:51:45,403 INFO c.h.h.t.HelmChartContainer - [hivemq-test-hivemq-platform] [hivemq-platform-operator] [87d28dc8] 23:51:45.402 [pool-6-thread-3] DEBUG c.h.p.o.dependants.PodInfoConfigMap - [helmcust] Desired PodInfo ConfigMap (metrics port: 9399) (metrics path: /)
2025-01-28 23:51:45,403 INFO c.h.h.t.HelmChartContainer - [hivemq-test-hivemq-platform] [hivemq-platform-operator] [87d28dc8] 23:51:45.402 [pool-6-thread-3] DEBUG c.h.p.o.dependants.PodInfoConfigMap - [helmcust] Desired PodInfo ConfigMap (extension state hash: -1817474005)
2025-01-28 23:51:45,405 INFO c.h.h.t.HelmChartContainer - [hivemq-test-hivemq-platform] [hivemq-platform-operator] [87d28dc8] 23:51:45.404 [pool-6-thread-3] DEBUG c.h.p.o.dependants.PodInfoConfigMap - [helmcust] Create PodInfo ConfigMap
2025-01-28 23:51:45,434 INFO c.h.h.t.HelmChartContainer - [hivemq-test-hivemq-platform] [hivemq-platform-operator] [87d28dc8] 23:51:45.431 [ReconcilerExecutor-hivemq-controller-54] INFO  c.h.p.o.HiveMQPlatformReconciler - [helmcust] Reconciling HiveMQ Platform 'test-hivemq-platform' in namespace 'helmcustomserviceaccountit'
2025-01-28 23:51:45,434 INFO c.h.h.t.HelmChartContainer - [hivemq-test-hivemq-platform] [hivemq-platform-operator] [87d28dc8] 23:51:45.431 [ReconcilerExecutor-hivemq-controller-54] DEBUG c.h.p.o.HiveMQPlatformReconciler - [helmcust] Custom Resource Status CREATED - HiveMQ Platform was created (READY)
2025-01-28 23:51:45,434 INFO c.h.h.t.HelmChartContainer - [hivemq-test-hivemq-platform] [hivemq-platform-operator] [87d28dc8] 23:51:45.431 [ReconcilerExecutor-hivemq-controller-54] DEBUG c.h.p.o.HiveMQPlatformReconciler - [helmcust] Custom Resource Spec (replicas: 1) (extensions: 1)
2025-01-28 23:51:45,437 INFO c.h.h.t.HelmChartContainer - [hivemq-test-hivemq-platform] [hivemq-platform-operator] [87d28dc8] 23:51:45.435 [ReconcilerExecutor-hivemq-controller-54] INFO  c.h.p.o.h.HiveMQPlatformReconcilerBaseHandler - [helmcust] HiveMQ Platform is starting
2025-01-28 23:51:45,612 INFO c.h.h.t.HelmChartContainer - [hivemq-test-hivemq-platform] [hivemq-platform-operator] [87d28dc8] 23:51:45.611 [ReconcilerExecutor-hivemq-controller-54] DEBUG c.h.p.operator.event.EventSender - [helmcust] Creating K8s event hivemq-platform-starting: [Start] HiveMQ Platform is starting
2025-01-28 23:51:45,623 INFO c.h.h.t.HelmChartContainer - [EVENT] Normal [Start] HiveMQ Platform is starting [helmcustomserviceaccountit:test-hivemq-platform]
2025-01-28 23:51:45,709 INFO c.h.h.t.HelmChartContainer - [hivemq-test-hivemq-platform] [hivemq-platform-operator] [87d28dc8] 23:51:45.707 [ReconcilerExecutor-hivemq-controller-54] INFO  c.h.p.o.h.AbstractHiveMQReconcilerStateHandler - [helmcust] Update HiveMQ Platform Status (CREATED [READY] -> STARTING [READY]): HiveMQ Platform is starting
2025-01-28 23:51:45,724 DEBUG com.hivemq.helmcharts.util.K8sUtil - Comparing actual state 'STARTING' and waiting for 'RUNNING'
2025-01-28 23:51:55,817 INFO c.h.h.t.HelmChartContainer - [hivemq-test-hivemq-platform] [hivemq-platform-operator] [87d28dc8] 23:51:55.812 [pool-6-thread-10] DEBUG c.h.p.o.d.PlatformServiceResource - [helmcust] Desired Platform services (3 services)
2025-01-28 23:51:55,817 INFO c.h.h.t.HelmChartContainer - [hivemq-test-hivemq-platform] [hivemq-platform-operator] [87d28dc8] 23:51:55.814 [pool-6-thread-11] DEBUG c.h.p.o.dependants.PodInfoConfigMap - [helmcust] Desired PodInfo ConfigMap (1 extensions) (1 enabled)
2025-01-28 23:51:55,818 INFO c.h.h.t.HelmChartContainer - [hivemq-test-hivemq-platform] [hivemq-platform-operator] [87d28dc8] 23:51:55.816 [pool-6-thread-11] DEBUG c.h.p.o.dependants.PodInfoConfigMap - [helmcust] Desired PodInfo ConfigMap (metrics port: 9399) (metrics path: /)
2025-01-28 23:51:55,818 INFO c.h.h.t.HelmChartContainer - [hivemq-test-hivemq-platform] [hivemq-platform-operator] [87d28dc8] 23:51:55.816 [pool-6-thread-11] DEBUG c.h.p.o.dependants.PodInfoConfigMap - [helmcust] Desired PodInfo ConfigMap (extension state hash: -1817474005)
2025-01-28 23:51:55,822 INFO c.h.h.t.HelmChartContainer - [hivemq-test-hivemq-platform] [hivemq-platform-operator] [87d28dc8] 23:51:55.821 [pool-6-thread-11] DEBUG c.h.p.o.dependants.PodInfoConfigMap - [helmcust] Update PodInfo ConfigMap
2025-01-28 23:51:55,917 INFO c.h.h.t.HelmChartContainer - [K3S] [alloc.go:330] "allocated clusterIPs" service="helmcustomserviceaccountit/hivemq-test-hivemq-platform-mqtt-1883" clusterIPs={"IPv4":"10.43.55.170"}
2025-01-28 23:51:55,932 INFO c.h.h.t.HelmChartContainer - [K3S] [alloc.go:330] "allocated clusterIPs" service="helmcustomserviceaccountit/hivemq-test-hivemq-platform-cc-8080" clusterIPs={"IPv4":"10.43.107.89"}
2025-01-28 23:51:56,011 INFO c.h.h.t.HelmChartContainer - [K3S] [alloc.go:330] "allocated clusterIPs" service="helmcustomserviceaccountit/hivemq-test-hivemq-platform-metrics-9399" clusterIPs={"IPv4":"10.43.133.9"}
2025-01-28 23:51:56,021 INFO c.h.h.t.HelmChartContainer - [hivemq-test-hivemq-platform] [hivemq-platform-operator] [87d28dc8] 23:51:56.019 [pool-6-thread-16] DEBUG c.h.p.o.d.StatefulSetResource - [helmcust] Desired StatefulSet (1 replicas) for status STARTING (READY)
2025-01-28 23:51:56,113 INFO c.h.h.t.HelmChartContainer - [hivemq-test-hivemq-platform] [hivemq-platform-operator] [87d28dc8] 23:51:56.111 [pool-6-thread-16] DEBUG c.h.p.o.d.StatefulSetResource - [helmcust] Create StatefulSet
2025-01-28 23:51:56,223 INFO c.h.h.t.HelmChartContainer - [hivemq-test-hivemq-platform] [hivemq-platform-operator] [87d28dc8] 23:51:56.222 [ReconcilerExecutor-hivemq-controller-63] INFO  c.h.p.o.HiveMQPlatformReconciler - [helmcust] Reconciling HiveMQ Platform 'test-hivemq-platform' in namespace 'helmcustomserviceaccountit'
2025-01-28 23:51:56,225 INFO c.h.h.t.HelmChartContainer - [hivemq-test-hivemq-platform] [hivemq-platform-operator] [87d28dc8] 23:51:56.222 [ReconcilerExecutor-hivemq-controller-63] DEBUG c.h.p.o.HiveMQPlatformReconciler - [helmcust] Custom Resource Status STARTING - HiveMQ Platform is starting (READY)
2025-01-28 23:51:56,226 INFO c.h.h.t.HelmChartContainer - [hivemq-test-hivemq-platform] [hivemq-platform-operator] [87d28dc8] 23:51:56.222 [ReconcilerExecutor-hivemq-controller-63] DEBUG c.h.p.o.HiveMQPlatformReconciler - [helmcust] Custom Resource Spec (replicas: 1) (extensions: 1)
2025-01-28 23:51:56,232 INFO c.h.h.t.HelmChartContainer - [POD] test-hivemq-platform-0 [ebbc9fd7-abb0-4e53-a995-87ca92b42893] in helmcustomserviceaccountit was ADDED
2025-01-28 23:51:56,237 INFO c.h.h.t.HelmChartContainer - [POD] test-hivemq-platform-0 [ebbc9fd7-abb0-4e53-a995-87ca92b42893] in helmcustomserviceaccountit was MODIFIED
2025-01-28 23:51:56,238 INFO c.h.h.t.HelmChartContainer - [EVENT] Normal [SuccessfulCreate] create Pod test-hivemq-platform-0 in StatefulSet test-hivemq-platform successful [helmcustomserviceaccountit:test-hivemq-platform]
2025-01-28 23:51:56,241 INFO c.h.h.t.HelmChartContainer - [EVENT] Normal [Scheduled] Successfully assigned helmcustomserviceaccountit/test-hivemq-platform-0 to 4c591fcc74e6 [helmcustomserviceaccountit:test-hivemq-platform-0]
2025-01-28 23:51:56,249 INFO c.h.h.t.HelmChartContainer - [POD] test-hivemq-platform-0 [ebbc9fd7-abb0-4e53-a995-87ca92b42893] in helmcustomserviceaccountit was MODIFIED
2025-01-28 23:51:56,307 INFO c.h.h.t.HelmChartContainer - [hivemq-test-hivemq-platform] [hivemq-platform-operator] [87d28dc8] 23:51:56.305 [ReconcilerExecutor-hivemq-controller-63] DEBUG c.h.p.o.HiveMQPlatformReconciler - [helmcust] StatefulSet Status (revision: null, replicas: 0, available: 0, ready: 0, current: 0, updated: 0)
2025-01-28 23:51:56,311 INFO c.h.h.t.HelmChartContainer - [hivemq-test-hivemq-platform] [hivemq-platform-operator] [87d28dc8] 23:51:56.307 [ReconcilerExecutor-hivemq-controller-63] DEBUG c.h.p.o.HiveMQPlatformReconciler - [helmcust] StatefulSet Spec (replicas: 1, init containers: 1, containers: 1, volumes: 3)
2025-01-28 23:51:56,352 INFO c.h.h.t.HelmChartContainer - [K3S] [reconciler_common.go:251] "operationExecutor.VerifyControllerAttachedVolume started for volume \"broker-configuration\" (UniqueName: \"kubernetes.io/configmap/ebbc9fd7-abb0-4e53-a995-87ca92b42893-broker-configuration\") pod \"test-hivemq-platform-0\" (UID: \"ebbc9fd7-abb0-4e53-a995-87ca92b42893\") " pod="helmcustomserviceaccountit/test-hivemq-platform-0"
2025-01-28 23:51:56,352 INFO c.h.h.t.HelmChartContainer - [K3S] [reconciler_common.go:251] "operationExecutor.VerifyControllerAttachedVolume started for volume \"operator-init\" (UniqueName: \"kubernetes.io/empty-dir/ebbc9fd7-abb0-4e53-a995-87ca92b42893-operator-init\") pod \"test-hivemq-platform-0\" (UID: \"ebbc9fd7-abb0-4e53-a995-87ca92b42893\") " pod="helmcustomserviceaccountit/test-hivemq-platform-0"
2025-01-28 23:51:56,352 INFO c.h.h.t.HelmChartContainer - [K3S] [reconciler_common.go:251] "operationExecutor.VerifyControllerAttachedVolume started for volume \"kube-api-access-jr97k\" (UniqueName: \"kubernetes.io/projected/ebbc9fd7-abb0-4e53-a995-87ca92b42893-kube-api-access-jr97k\") pod \"test-hivemq-platform-0\" (UID: \"ebbc9fd7-abb0-4e53-a995-87ca92b42893\") " pod="helmcustomserviceaccountit/test-hivemq-platform-0"
2025-01-28 23:51:56,352 INFO c.h.h.t.HelmChartContainer - [K3S] [reconciler_common.go:251] "operationExecutor.VerifyControllerAttachedVolume started for volume \"pod-info\" (UniqueName: \"kubernetes.io/configmap/ebbc9fd7-abb0-4e53-a995-87ca92b42893-pod-info\") pod \"test-hivemq-platform-0\" (UID: \"ebbc9fd7-abb0-4e53-a995-87ca92b42893\") " pod="helmcustomserviceaccountit/test-hivemq-platform-0"
2025-01-28 23:51:56,407 INFO c.h.h.t.HelmChartContainer - [hivemq-test-hivemq-platform] [hivemq-platform-operator] [87d28dc8] 23:51:56.405 [ReconcilerExecutor-hivemq-controller-63] DEBUG c.h.p.o.h.HiveMQPlatformReconcilerErrorHandler - [helmcust] Pod 'test-hivemq-platform-0' phase Pending
2025-01-28 23:51:56,408 INFO c.h.h.t.HelmChartContainer - [hivemq-test-hivemq-platform] [hivemq-platform-operator] [87d28dc8] 23:51:56.406 [ReconcilerExecutor-hivemq-controller-63] DEBUG c.h.p.o.h.HiveMQPlatformReconcilerErrorHandler - [helmcust] Pod 'test-hivemq-platform-0' condition 'PodReadyToStartContainers': False
2025-01-28 23:51:56,408 INFO c.h.h.t.HelmChartContainer - [hivemq-test-hivemq-platform] [hivemq-platform-operator] [87d28dc8] 23:51:56.406 [ReconcilerExecutor-hivemq-controller-63] DEBUG c.h.p.o.h.HiveMQPlatformReconcilerErrorHandler - [helmcust] Pod 'test-hivemq-platform-0' condition 'Initialized': False
2025-01-28 23:51:56,409 INFO c.h.h.t.HelmChartContainer - [hivemq-test-hivemq-platform] [hivemq-platform-operator] [87d28dc8] 23:51:56.406 [ReconcilerExecutor-hivemq-controller-63] DEBUG c.h.p.o.h.HiveMQPlatformReconcilerErrorHandler - [helmcust] Pod 'test-hivemq-platform-0' condition 'Ready': False
2025-01-28 23:51:56,409 INFO c.h.h.t.HelmChartContainer - [hivemq-test-hivemq-platform] [hivemq-platform-operator] [87d28dc8] 23:51:56.406 [ReconcilerExecutor-hivemq-controller-63] DEBUG c.h.p.o.h.HiveMQPlatformReconcilerErrorHandler - [helmcust] Pod 'test-hivemq-platform-0' condition 'ContainersReady': False
2025-01-28 23:51:56,409 INFO c.h.h.t.HelmChartContainer - [hivemq-test-hivemq-platform] [hivemq-platform-operator] [87d28dc8] 23:51:56.406 [ReconcilerExecutor-hivemq-controller-63] DEBUG c.h.p.o.h.HiveMQPlatformReconcilerErrorHandler - [helmcust] Pod 'test-hivemq-platform-0' condition 'PodScheduled': True
2025-01-28 23:51:56,409 INFO c.h.h.t.HelmChartContainer - [hivemq-test-hivemq-platform] [hivemq-platform-operator] [87d28dc8] 23:51:56.407 [ReconcilerExecutor-hivemq-controller-63] DEBUG c.h.p.o.h.HiveMQPlatformReconcilerErrorHandler - [helmcust] Pod 'test-hivemq-platform-0' containerStatus 'hivemq' (started: false) (ready: false) (waiting: [PodInitializing] null)
2025-01-28 23:51:56,411 INFO c.h.h.t.HelmChartContainer - [hivemq-test-hivemq-platform] [hivemq-platform-operator] [87d28dc8] 23:51:56.410 [ReconcilerExecutor-hivemq-controller-63] INFO  c.h.p.o.h.HiveMQPlatformReconcilerBaseHandler - [helmcust] HiveMQ Platform is starting, 0 of 1 replicas are ready
2025-01-28 23:51:56,416 INFO c.h.h.t.HelmChartContainer - [hivemq-test-hivemq-platform] [hivemq-platform-operator] [87d28dc8] 23:51:56.414 [pool-6-thread-18] DEBUG c.h.p.o.d.PlatformServiceResource - [helmcust] Desired Platform services (3 services)
2025-01-28 23:51:56,420 INFO c.h.h.t.HelmChartContainer - [hivemq-test-hivemq-platform] [hivemq-platform-operator] [87d28dc8] 23:51:56.417 [pool-6-thread-19] DEBUG c.h.p.o.dependants.PodInfoConfigMap - [helmcust] Desired PodInfo ConfigMap (1 extensions) (1 enabled)
2025-01-28 23:51:56,420 INFO c.h.h.t.HelmChartContainer - [hivemq-test-hivemq-platform] [hivemq-platform-operator] [87d28dc8] 23:51:56.417 [pool-6-thread-19] DEBUG c.h.p.o.dependants.PodInfoConfigMap - [helmcust] Desired PodInfo ConfigMap (metrics port: 9399) (metrics path: /)
2025-01-28 23:51:56,421 INFO c.h.h.t.HelmChartContainer - [hivemq-test-hivemq-platform] [hivemq-platform-operator] [87d28dc8] 23:51:56.417 [pool-6-thread-19] DEBUG c.h.p.o.dependants.PodInfoConfigMap - [helmcust] Desired PodInfo ConfigMap (extension state hash: -1817474005)
2025-01-28 23:51:56,512 INFO c.h.h.t.HelmChartContainer - [hivemq-test-hivemq-platform] [hivemq-platform-operator] [87d28dc8] 23:51:56.511 [pool-6-thread-24] DEBUG c.h.p.o.d.StatefulSetResource - [helmcust] Desired StatefulSet (1 replicas) for status STARTING (READY)
2025-01-28 23:51:56,518 INFO c.h.h.t.HelmChartContainer - [hivemq-test-hivemq-platform] [hivemq-platform-operator] [87d28dc8] 23:51:56.517 [ReconcilerExecutor-hivemq-controller-72] INFO  c.h.p.o.HiveMQPlatformReconciler - [helmcust] Reconciling HiveMQ Platform 'test-hivemq-platform' in namespace 'helmcustomserviceaccountit'
2025-01-28 23:51:56,518 INFO c.h.h.t.HelmChartContainer - [hivemq-test-hivemq-platform] [hivemq-platform-operator] [87d28dc8] 23:51:56.517 [ReconcilerExecutor-hivemq-controller-72] DEBUG c.h.p.o.HiveMQPlatformReconciler - [helmcust] Custom Resource Status STARTING - HiveMQ Platform is starting (READY)
2025-01-28 23:51:56,518 INFO c.h.h.t.HelmChartContainer - [hivemq-test-hivemq-platform] [hivemq-platform-operator] [87d28dc8] 23:51:56.517 [ReconcilerExecutor-hivemq-controller-72] DEBUG c.h.p.o.HiveMQPlatformReconciler - [helmcust] Custom Resource Spec (replicas: 1) (extensions: 1)
2025-01-28 23:51:56,611 INFO c.h.h.t.HelmChartContainer - [hivemq-test-hivemq-platform] [hivemq-platform-operator] [87d28dc8] 23:51:56.604 [ReconcilerExecutor-hivemq-controller-72] DEBUG c.h.p.o.HiveMQPlatformReconciler - [helmcust] StatefulSet Status (revision: test-hivemq-platform-66f7466f55, replicas: 1, available: 0, ready: 0, current: 1, updated: 1)
2025-01-28 23:51:56,611 INFO c.h.h.t.HelmChartContainer - [hivemq-test-hivemq-platform] [hivemq-platform-operator] [87d28dc8] 23:51:56.604 [ReconcilerExecutor-hivemq-controller-72] DEBUG c.h.p.o.HiveMQPlatformReconciler - [helmcust] StatefulSet Spec (replicas: 1, init containers: 1, containers: 1, volumes: 3)
2025-01-28 23:51:56,611 INFO c.h.h.t.HelmChartContainer - [hivemq-test-hivemq-platform] [hivemq-platform-operator] [87d28dc8] 23:51:56.606 [ReconcilerExecutor-hivemq-controller-72] DEBUG c.h.p.o.h.HiveMQPlatformReconcilerErrorHandler - [helmcust] Pod 'test-hivemq-platform-0' phase Pending
2025-01-28 23:51:56,611 INFO c.h.h.t.HelmChartContainer - [hivemq-test-hivemq-platform] [hivemq-platform-operator] [87d28dc8] 23:51:56.606 [ReconcilerExecutor-hivemq-controller-72] DEBUG c.h.p.o.h.HiveMQPlatformReconcilerErrorHandler - [helmcust] Pod 'test-hivemq-platform-0' condition 'PodReadyToStartContainers': False
2025-01-28 23:51:56,611 INFO c.h.h.t.HelmChartContainer - [hivemq-test-hivemq-platform] [hivemq-platform-operator] [87d28dc8] 23:51:56.606 [ReconcilerExecutor-hivemq-controller-72] DEBUG c.h.p.o.h.HiveMQPlatformReconcilerErrorHandler - [helmcust] Pod 'test-hivemq-platform-0' condition 'Initialized': False
2025-01-28 23:51:56,611 INFO c.h.h.t.HelmChartContainer - [hivemq-test-hivemq-platform] [hivemq-platform-operator] [87d28dc8] 23:51:56.606 [ReconcilerExecutor-hivemq-controller-72] DEBUG c.h.p.o.h.HiveMQPlatformReconcilerErrorHandler - [helmcust] Pod 'test-hivemq-platform-0' condition 'Ready': False
2025-01-28 23:51:56,611 INFO c.h.h.t.HelmChartContainer - [hivemq-test-hivemq-platform] [hivemq-platform-operator] [87d28dc8] 23:51:56.606 [ReconcilerExecutor-hivemq-controller-72] DEBUG c.h.p.o.h.HiveMQPlatformReconcilerErrorHandler - [helmcust] Pod 'test-hivemq-platform-0' condition 'ContainersReady': False
2025-01-28 23:51:56,611 INFO c.h.h.t.HelmChartContainer - [hivemq-test-hivemq-platform] [hivemq-platform-operator] [87d28dc8] 23:51:56.606 [ReconcilerExecutor-hivemq-controller-72] DEBUG c.h.p.o.h.HiveMQPlatformReconcilerErrorHandler - [helmcust] Pod 'test-hivemq-platform-0' condition 'PodScheduled': True
2025-01-28 23:51:56,611 INFO c.h.h.t.HelmChartContainer - [hivemq-test-hivemq-platform] [hivemq-platform-operator] [87d28dc8] 23:51:56.606 [ReconcilerExecutor-hivemq-controller-72] DEBUG c.h.p.o.h.HiveMQPlatformReconcilerErrorHandler - [helmcust] Pod 'test-hivemq-platform-0' containerStatus 'hivemq' (started: false) (ready: false) (waiting: [PodInitializing] null)
2025-01-28 23:51:56,611 INFO c.h.h.t.HelmChartContainer - [hivemq-test-hivemq-platform] [hivemq-platform-operator] [87d28dc8] 23:51:56.609 [ReconcilerExecutor-hivemq-controller-72] INFO  c.h.p.o.h.HiveMQPlatformReconcilerBaseHandler - [helmcust] HiveMQ Platform is starting, 0 of 1 replicas are ready
2025-01-28 23:51:56,639 INFO c.h.h.t.HelmChartContainer - [EVENT] Normal [Pulled] Container image "docker.io/hivemq/hivemq-platform-operator-init-test:snapshot" already present on machine [helmcustomserviceaccountit:test-hivemq-platform-0]
2025-01-28 23:51:56,652 INFO c.h.h.t.HelmChartContainer - [EVENT] Normal [Created] Created container: hivemq-platform-operator-init [helmcustomserviceaccountit:test-hivemq-platform-0]
2025-01-28 23:51:56,691 INFO c.h.h.t.HelmChartContainer - [EVENT] Normal [Started] Started container hivemq-platform-operator-init [helmcustomserviceaccountit:test-hivemq-platform-0]
2025-01-28 23:51:57,170 INFO c.h.h.t.HelmChartContainer - [EVENT] Normal [Pulled] Container image "docker.io/hivemq/hivemq4:4.36.0" already present on machine [helmcustomserviceaccountit:test-hivemq-platform-0]
2025-01-28 23:51:57,170 INFO c.h.h.t.HelmChartContainer - Received Pulled event for container hivemq in pod test-hivemq-platform-0 [ebbc9fd7-abb0-4e53-a995-87ca92b42893]
2025-01-28 23:51:57,189 INFO c.h.h.t.HelmChartContainer - [POD] test-hivemq-platform-0 [ebbc9fd7-abb0-4e53-a995-87ca92b42893] in helmcustomserviceaccountit was MODIFIED
2025-01-28 23:51:57,204 INFO c.h.h.t.HelmChartContainer - [hivemq-test-hivemq-platform] [hivemq-platform-operator] [87d28dc8] 23:51:57.194 [pool-6-thread-26] DEBUG c.h.p.o.d.PlatformServiceResource - [helmcust] Desired Platform services (3 services)
2025-01-28 23:51:57,206 INFO c.h.h.t.HelmChartContainer - [hivemq-test-hivemq-platform] [hivemq-platform-operator] [87d28dc8] 23:51:57.198 [pool-6-thread-27] DEBUG c.h.p.o.dependants.PodInfoConfigMap - [helmcust] Desired PodInfo ConfigMap (1 extensions) (1 enabled)
2025-01-28 23:51:57,206 INFO c.h.h.t.HelmChartContainer - [hivemq-test-hivemq-platform] [hivemq-platform-operator] [87d28dc8] 23:51:57.202 [pool-6-thread-27] DEBUG c.h.p.o.dependants.PodInfoConfigMap - [helmcust] Desired PodInfo ConfigMap (metrics port: 9399) (metrics path: /)
2025-01-28 23:51:57,206 INFO c.h.h.t.HelmChartContainer - [hivemq-test-hivemq-platform] [hivemq-platform-operator] [87d28dc8] 23:51:57.202 [pool-6-thread-27] DEBUG c.h.p.o.dependants.PodInfoConfigMap - [helmcust] Desired PodInfo ConfigMap (extension state hash: -1817474005)
2025-01-28 23:51:57,210 INFO c.h.h.t.HelmChartContainer - [EVENT] Normal [Created] Created container: hivemq [helmcustomserviceaccountit:test-hivemq-platform-0]
2025-01-28 23:51:57,210 INFO c.h.h.t.HelmChartContainer - Received Created event for container hivemq in pod test-hivemq-platform-0 [ebbc9fd7-abb0-4e53-a995-87ca92b42893]
2025-01-28 23:51:57,275 INFO c.h.h.t.HelmChartContainer - [hivemq-test-hivemq-platform] [hivemq-platform-operator] [87d28dc8] 23:51:57.273 [pool-6-thread-32] DEBUG c.h.p.o.d.StatefulSetResource - [helmcust] Desired StatefulSet (1 replicas) for status STARTING (READY)
2025-01-28 23:51:57,279 INFO c.h.h.t.HelmChartContainer - [hivemq-test-hivemq-platform] [hivemq-platform-operator] [87d28dc8] 23:51:57.278 [ReconcilerExecutor-hivemq-controller-81] INFO  c.h.p.o.HiveMQPlatformReconciler - [helmcust] Reconciling HiveMQ Platform 'test-hivemq-platform' in namespace 'helmcustomserviceaccountit'
2025-01-28 23:51:57,279 INFO c.h.h.t.HelmChartContainer - [hivemq-test-hivemq-platform] [hivemq-platform-operator] [87d28dc8] 23:51:57.278 [ReconcilerExecutor-hivemq-controller-81] DEBUG c.h.p.o.HiveMQPlatformReconciler - [helmcust] Custom Resource Status STARTING - HiveMQ Platform is starting (READY)
2025-01-28 23:51:57,279 INFO c.h.h.t.HelmChartContainer - [hivemq-test-hivemq-platform] [hivemq-platform-operator] [87d28dc8] 23:51:57.278 [ReconcilerExecutor-hivemq-controller-81] DEBUG c.h.p.o.HiveMQPlatformReconciler - [helmcust] Custom Resource Spec (replicas: 1) (extensions: 1)
2025-01-28 23:51:57,281 INFO c.h.h.t.HelmChartContainer - [hivemq-test-hivemq-platform] [hivemq-platform-operator] [87d28dc8] 23:51:57.280 [ReconcilerExecutor-hivemq-controller-81] DEBUG c.h.p.o.HiveMQPlatformReconciler - [helmcust] StatefulSet Status (revision: test-hivemq-platform-66f7466f55, replicas: 1, available: 0, ready: 0, current: 1, updated: 1)
2025-01-28 23:51:57,282 INFO c.h.h.t.HelmChartContainer - [hivemq-test-hivemq-platform] [hivemq-platform-operator] [87d28dc8] 23:51:57.280 [ReconcilerExecutor-hivemq-controller-81] DEBUG c.h.p.o.HiveMQPlatformReconciler - [helmcust] StatefulSet Spec (replicas: 1, init containers: 1, containers: 1, volumes: 3)
2025-01-28 23:51:57,286 INFO c.h.h.t.HelmChartContainer - [hivemq-test-hivemq-platform] [hivemq-platform-operator] [87d28dc8] 23:51:57.285 [ReconcilerExecutor-hivemq-controller-81] DEBUG c.h.p.o.h.HiveMQPlatformReconcilerErrorHandler - [helmcust] Pod 'test-hivemq-platform-0' phase Pending
2025-01-28 23:51:57,288 INFO c.h.h.t.HelmChartContainer - [hivemq-test-hivemq-platform] [hivemq-platform-operator] [87d28dc8] 23:51:57.285 [ReconcilerExecutor-hivemq-controller-81] DEBUG c.h.p.o.h.HiveMQPlatformReconcilerErrorHandler - [helmcust] Pod 'test-hivemq-platform-0' condition 'PodReadyToStartContainers': True
2025-01-28 23:51:57,288 INFO c.h.h.t.HelmChartContainer - [hivemq-test-hivemq-platform] [hivemq-platform-operator] [87d28dc8] 23:51:57.285 [ReconcilerExecutor-hivemq-controller-81] DEBUG c.h.p.o.h.HiveMQPlatformReconcilerErrorHandler - [helmcust] Pod 'test-hivemq-platform-0' condition 'Initialized': True
2025-01-28 23:51:57,288 INFO c.h.h.t.HelmChartContainer - [hivemq-test-hivemq-platform] [hivemq-platform-operator] [87d28dc8] 23:51:57.285 [ReconcilerExecutor-hivemq-controller-81] DEBUG c.h.p.o.h.HiveMQPlatformReconcilerErrorHandler - [helmcust] Pod 'test-hivemq-platform-0' condition 'Ready': False
2025-01-28 23:51:57,288 INFO c.h.h.t.HelmChartContainer - [hivemq-test-hivemq-platform] [hivemq-platform-operator] [87d28dc8] 23:51:57.285 [ReconcilerExecutor-hivemq-controller-81] DEBUG c.h.p.o.h.HiveMQPlatformReconcilerErrorHandler - [helmcust] Pod 'test-hivemq-platform-0' condition 'ContainersReady': False
2025-01-28 23:51:57,288 INFO c.h.h.t.HelmChartContainer - [hivemq-test-hivemq-platform] [hivemq-platform-operator] [87d28dc8] 23:51:57.285 [ReconcilerExecutor-hivemq-controller-81] DEBUG c.h.p.o.h.HiveMQPlatformReconcilerErrorHandler - [helmcust] Pod 'test-hivemq-platform-0' condition 'PodScheduled': True
2025-01-28 23:51:57,288 INFO c.h.h.t.HelmChartContainer - [hivemq-test-hivemq-platform] [hivemq-platform-operator] [87d28dc8] 23:51:57.285 [ReconcilerExecutor-hivemq-controller-81] DEBUG c.h.p.o.h.HiveMQPlatformReconcilerErrorHandler - [helmcust] Pod 'test-hivemq-platform-0' containerStatus 'hivemq' (started: false) (ready: false) (waiting: [PodInitializing] null)
2025-01-28 23:51:57,288 INFO c.h.h.t.HelmChartContainer - [hivemq-test-hivemq-platform] [hivemq-platform-operator] [87d28dc8] 23:51:57.286 [ReconcilerExecutor-hivemq-controller-81] INFO  c.h.p.o.h.HiveMQPlatformReconcilerBaseHandler - [helmcust] HiveMQ Platform is starting, 0 of 1 replicas are ready
2025-01-28 23:51:58,186 INFO c.h.h.t.HelmChartContainer - [POD] test-hivemq-platform-0 [ebbc9fd7-abb0-4e53-a995-87ca92b42893] in helmcustomserviceaccountit was MODIFIED
2025-01-28 23:51:58,200 INFO c.h.h.t.HelmChartContainer - Started log watcher for hivemq in pod test-hivemq-platform-0 [ebbc9fd7-abb0-4e53-a995-87ca92b42893]
2025-01-28 23:51:58,200 INFO c.h.h.t.HelmChartContainer - [test-hivemq-platform] [hivemq] [ebbc9fd7] Adding pre-installed HiveMQ Platform Operator extensions
2025-01-28 23:51:58,200 INFO c.h.h.t.HelmChartContainer - [test-hivemq-platform] [hivemq] [ebbc9fd7] Running as user 10000
2025-01-28 23:51:58,201 INFO c.h.h.t.HelmChartContainer - [test-hivemq-platform] [hivemq] [ebbc9fd7] Starting HiveMQ Platform Operator Init
2025-01-28 23:51:58,201 INFO c.h.h.t.HelmChartContainer - [EVENT] Normal [Started] Started container hivemq [helmcustomserviceaccountit:test-hivemq-platform-0]
2025-01-28 23:51:58,201 INFO c.h.h.t.HelmChartContainer - Received Started event for container hivemq in pod test-hivemq-platform-0 [ebbc9fd7-abb0-4e53-a995-87ca92b42893]
2025-01-28 23:51:58,200 INFO c.h.h.t.HelmChartContainer - [hivemq-test-hivemq-platform] [hivemq-platform-operator] [87d28dc8] 23:51:58.198 [pool-6-thread-34] DEBUG c.h.p.o.d.PlatformServiceResource - [helmcust] Desired Platform services (3 services)
2025-01-28 23:51:58,204 INFO c.h.h.t.HelmChartContainer - [hivemq-test-hivemq-platform] [hivemq-platform-operator] [87d28dc8] 23:51:58.200 [pool-6-thread-35] DEBUG c.h.p.o.dependants.PodInfoConfigMap - [helmcust] Desired PodInfo ConfigMap (1 extensions) (1 enabled)
2025-01-28 23:51:58,204 INFO c.h.h.t.HelmChartContainer - [hivemq-test-hivemq-platform] [hivemq-platform-operator] [87d28dc8] 23:51:58.203 [pool-6-thread-35] DEBUG c.h.p.o.dependants.PodInfoConfigMap - [helmcust] Desired PodInfo ConfigMap (metrics port: 9399) (metrics path: /)
2025-01-28 23:51:58,204 INFO c.h.h.t.HelmChartContainer - [hivemq-test-hivemq-platform] [hivemq-platform-operator] [87d28dc8] 23:51:58.203 [pool-6-thread-35] DEBUG c.h.p.o.dependants.PodInfoConfigMap - [helmcust] Desired PodInfo ConfigMap (extension state hash: -1817474005)
2025-01-28 23:51:58,275 INFO c.h.h.t.HelmChartContainer - [hivemq-test-hivemq-platform] [hivemq-platform-operator] [87d28dc8] 23:51:58.271 [pool-6-thread-40] DEBUG c.h.p.o.d.StatefulSetResource - [helmcust] Desired StatefulSet (1 replicas) for status STARTING (READY)
2025-01-28 23:51:58,286 INFO c.h.h.t.HelmChartContainer - [hivemq-test-hivemq-platform] [hivemq-platform-operator] [87d28dc8] 23:51:58.281 [ReconcilerExecutor-hivemq-controller-90] INFO  c.h.p.o.HiveMQPlatformReconciler - [helmcust] Reconciling HiveMQ Platform 'test-hivemq-platform' in namespace 'helmcustomserviceaccountit'
2025-01-28 23:51:58,286 INFO c.h.h.t.HelmChartContainer - [hivemq-test-hivemq-platform] [hivemq-platform-operator] [87d28dc8] 23:51:58.282 [ReconcilerExecutor-hivemq-controller-90] DEBUG c.h.p.o.HiveMQPlatformReconciler - [helmcust] Custom Resource Status STARTING - HiveMQ Platform is starting (READY)
2025-01-28 23:51:58,286 INFO c.h.h.t.HelmChartContainer - [hivemq-test-hivemq-platform] [hivemq-platform-operator] [87d28dc8] 23:51:58.282 [ReconcilerExecutor-hivemq-controller-90] DEBUG c.h.p.o.HiveMQPlatformReconciler - [helmcust] Custom Resource Spec (replicas: 1) (extensions: 1)
2025-01-28 23:51:58,286 INFO c.h.h.t.HelmChartContainer - [hivemq-test-hivemq-platform] [hivemq-platform-operator] [87d28dc8] 23:51:58.284 [ReconcilerExecutor-hivemq-controller-90] DEBUG c.h.p.o.HiveMQPlatformReconciler - [helmcust] StatefulSet Status (revision: test-hivemq-platform-66f7466f55, replicas: 1, available: 0, ready: 0, current: 1, updated: 1)
2025-01-28 23:51:58,286 INFO c.h.h.t.HelmChartContainer - [hivemq-test-hivemq-platform] [hivemq-platform-operator] [87d28dc8] 23:51:58.284 [ReconcilerExecutor-hivemq-controller-90] DEBUG c.h.p.o.HiveMQPlatformReconciler - [helmcust] StatefulSet Spec (replicas: 1, init containers: 1, containers: 1, volumes: 3)
2025-01-28 23:51:58,305 INFO c.h.h.t.HelmChartContainer - [hivemq-test-hivemq-platform] [hivemq-platform-operator] [87d28dc8] 23:51:58.304 [ReconcilerExecutor-hivemq-controller-90] DEBUG c.h.p.o.h.HiveMQPlatformReconcilerErrorHandler - [helmcust] Pod 'test-hivemq-platform-0' phase Running
2025-01-28 23:51:58,306 INFO c.h.h.t.HelmChartContainer - [hivemq-test-hivemq-platform] [hivemq-platform-operator] [87d28dc8] 23:51:58.305 [ReconcilerExecutor-hivemq-controller-90] INFO  c.h.p.o.h.HiveMQPlatformReconcilerBaseHandler - [helmcust] HiveMQ Platform is starting, 0 of 1 replicas are ready
2025-01-28 23:51:58,476 INFO c.h.h.t.HelmChartContainer - [test-hivemq-platform] [hivemq] [ebbc9fd7] INFO  - [HiveMQ Platform Operator Init 1.7.0-SNAPSHOT] HiveMQ Platform Operator Init 1.7.0-SNAPSHOT (commit: bebf408 on branch: HEAD) built on Sun Jan 26 20:47:47 UTC 2025
2025-01-28 23:51:59,661 INFO c.h.h.t.HelmChartContainer - [test-hivemq-platform] [hivemq] [ebbc9fd7] INFO  - [HiveMQ Platform Operator Init App 1.7.0-SNAPSHOT] Using bind address 10.42.0.6 from environment variable
2025-01-28 23:52:00,575 INFO c.h.h.t.HelmChartContainer - [test-hivemq-platform] [hivemq] [ebbc9fd7] INFO  - [HiveMQ Platform Operator Init App 1.7.0-SNAPSHOT] HiveMQ Platform Operator Init App 1.7.0-SNAPSHOT (commit: bebf408 on branch: HEAD) built on Sun Jan 26 20:47:47 UTC 2025
2025-01-28 23:52:00,576 INFO c.h.h.t.HelmChartContainer - [test-hivemq-platform] [hivemq] [ebbc9fd7] INFO  - [HiveMQ Platform Operator Init App 1.7.0-SNAPSHOT] PodInfo ConfigMap directory: /etc/podinfo
2025-01-28 23:52:00,576 INFO c.h.h.t.HelmChartContainer - [test-hivemq-platform] [hivemq] [ebbc9fd7] INFO  - [HiveMQ Platform Operator Init App 1.7.0-SNAPSHOT] HiveMQ home directory: /opt/hivemq
2025-01-28 23:52:00,576 INFO c.h.h.t.HelmChartContainer - [test-hivemq-platform] [hivemq] [ebbc9fd7] INFO  - [HiveMQ Platform Operator Init App 1.7.0-SNAPSHOT] HiveMQ Logback folder: /opt/hivemq/conf
2025-01-28 23:52:00,577 INFO c.h.h.t.HelmChartContainer - [test-hivemq-platform] [hivemq] [ebbc9fd7] INFO  - [HiveMQ Platform Operator Init App 1.7.0-SNAPSHOT] HiveMQ Config folder: /opt/hivemq/conf-k8s
2025-01-28 23:52:00,578 INFO c.h.h.t.HelmChartContainer - [test-hivemq-platform] [hivemq] [ebbc9fd7] INFO  - [HiveMQ Platform Operator Init App 1.7.0-SNAPSHOT] Starting HiveMQ Platform Operator Init App
2025-01-28 23:52:00,578 INFO c.h.h.t.HelmChartContainer - [test-hivemq-platform] [hivemq] [ebbc9fd7] INFO  - [HiveMQ Platform Operator Init App 1.7.0-SNAPSHOT] Starting Pod reconciler
2025-01-28 23:52:01,759 INFO c.h.h.t.HelmChartContainer - [test-hivemq-platform] [hivemq] [ebbc9fd7] INFO  - [HiveMQ Platform Operator Init App 1.7.0-SNAPSHOT] Pod reconciler is scheduled (interval: 5000 ms)
2025-01-28 23:52:01,760 INFO c.h.h.t.HelmChartContainer - [test-hivemq-platform] [hivemq] [ebbc9fd7] INFO  - [HiveMQ Platform Operator Init App 1.7.0-SNAPSHOT] Starting the REST API on 10.42.0.6:7979
2025-01-28 23:52:01,770 INFO c.h.h.t.HelmChartContainer - [test-hivemq-platform] [hivemq] [ebbc9fd7] INFO  - [HiveMQ Platform Operator Init App 1.7.0-SNAPSHOT] Waiting up to 600s for at most 1 HiveMQ nodes in cluster service hivemq-test-hivemq-platform-cluster.helmcustomserviceaccountit.svc
2025-01-28 23:52:02,150 INFO c.h.h.t.HelmChartContainer - [test-hivemq-platform] [hivemq] [ebbc9fd7] INFO  - [HiveMQ Platform Operator Init App 1.7.0-SNAPSHOT] Resolved 1 IP addresses: [10.42.0.6]
2025-01-28 23:52:02,151 INFO c.h.h.t.HelmChartContainer - [test-hivemq-platform] [hivemq] [ebbc9fd7] INFO  - [HiveMQ Platform Operator Init App 1.7.0-SNAPSHOT] HiveMQ node count of 1 is within threshold of 1
2025-01-28 23:52:02,151 INFO c.h.h.t.HelmChartContainer - [test-hivemq-platform] [hivemq] [ebbc9fd7] INFO  - [HiveMQ Platform Operator Init App 1.7.0-SNAPSHOT] Proceeding with container start
2025-01-28 23:52:02,179 INFO c.h.h.t.HelmChartContainer - [test-hivemq-platform] [hivemq] [ebbc9fd7] INFO  - [HiveMQ Platform Operator Init App 1.7.0-SNAPSHOT] Initializing HiveMQ Platform extensions with initial configuration: {hivemq-allow-all-extension={start-priority=-1, skip-https-hostname-verification=false, restart=true, config-version=0, header-version=0, c-uri=, priority=-1, uri=preinstalled, skip-https-certificate-validation=false, enabled=true}, hivemq-prometheus-extension={restart=true, priority=-1, start-priority=-1, c-uri=, skip-https-hostname-verification=false, skip-https-certificate-validation=false, uri=preinstalled, request-header-path=no-request-headers, enabled=true}}
2025-01-28 23:52:02,673 INFO c.h.h.t.HelmChartContainer - [test-hivemq-platform] [hivemq] [ebbc9fd7] INFO  - [HiveMQ Platform Operator Init App 1.7.0-SNAPSHOT] Extension hivemq-allow-all-extension was already enabled
2025-01-28 23:52:02,681 INFO c.h.h.t.HelmChartContainer - [test-hivemq-platform] [hivemq] [ebbc9fd7] INFO  - [HiveMQ Platform Operator Init App 1.7.0-SNAPSHOT] Successfully enabled extension hivemq-prometheus-extension
2025-01-28 23:52:02,682 INFO c.h.h.t.HelmChartContainer - [test-hivemq-platform] [hivemq] [ebbc9fd7] INFO  - [HiveMQ Platform Operator Init App 1.7.0-SNAPSHOT] Starting HiveMQ Platform version 4.36.0 (4.36.0)
2025-01-28 23:52:02,682 INFO c.h.h.t.HelmChartContainer - [test-hivemq-platform] [hivemq] [ebbc9fd7] INFO  - [HiveMQ Platform Operator Init App 1.7.0-SNAPSHOT] Configuring the HiveMQ Platform
2025-01-28 23:52:02,774 INFO c.h.h.t.HelmChartContainer - [test-hivemq-platform] [hivemq] [ebbc9fd7] INFO  - [HiveMQ Platform Operator Init App 1.7.0-SNAPSHOT] Changed logback.xml file scan period to 20 seconds
2025-01-28 23:52:02,858 INFO c.h.h.t.HelmChartContainer - [test-hivemq-platform] [hivemq] [ebbc9fd7] INFO  - [HiveMQ Platform Operator Init App 1.7.0-SNAPSHOT] Starting the HiveMQ Platform
2025-01-28 23:52:02,873 INFO c.h.h.t.HelmChartContainer - [test-hivemq-platform] [hivemq] [ebbc9fd7] -------------------------------------------------------------------------
2025-01-28 23:52:02,873 INFO c.h.h.t.HelmChartContainer - [test-hivemq-platform] [hivemq] [ebbc9fd7] 
2025-01-28 23:52:02,873 INFO c.h.h.t.HelmChartContainer - [test-hivemq-platform] [hivemq] [ebbc9fd7]                   _    _  _              __  __   ____
2025-01-28 23:52:02,873 INFO c.h.h.t.HelmChartContainer - [test-hivemq-platform] [hivemq] [ebbc9fd7]                  | |  | |(_)            |  \/  | / __ \
2025-01-28 23:52:02,873 INFO c.h.h.t.HelmChartContainer - [test-hivemq-platform] [hivemq] [ebbc9fd7]                  | |__| | _ __   __ ___ | \  / || |  | |
2025-01-28 23:52:02,873 INFO c.h.h.t.HelmChartContainer - [test-hivemq-platform] [hivemq] [ebbc9fd7]                  |  __  || |\ \ / // _ \| |\/| || |  | |
2025-01-28 23:52:02,873 INFO c.h.h.t.HelmChartContainer - [test-hivemq-platform] [hivemq] [ebbc9fd7]                  | |  | || | \ V /|  __/| |  | || |__| |
2025-01-28 23:52:02,873 INFO c.h.h.t.HelmChartContainer - [test-hivemq-platform] [hivemq] [ebbc9fd7]                  |_|  |_||_|  \_/  \___||_|  |_| \___\_\
2025-01-28 23:52:02,873 INFO c.h.h.t.HelmChartContainer - [test-hivemq-platform] [hivemq] [ebbc9fd7] 
2025-01-28 23:52:02,874 INFO c.h.h.t.HelmChartContainer - [test-hivemq-platform] [hivemq] [ebbc9fd7] -------------------------------------------------------------------------
2025-01-28 23:52:02,875 INFO c.h.h.t.HelmChartContainer - [test-hivemq-platform] [hivemq] [ebbc9fd7] 
2025-01-28 23:52:02,875 INFO c.h.h.t.HelmChartContainer - [test-hivemq-platform] [hivemq] [ebbc9fd7]   HiveMQ Start Script for Linux/Unix v1.14
2025-01-28 23:52:02,875 INFO c.h.h.t.HelmChartContainer - [test-hivemq-platform] [hivemq] [ebbc9fd7] 
2025-01-28 23:52:02,965 INFO c.h.h.t.HelmChartContainer - [test-hivemq-platform] [hivemq] [ebbc9fd7] -------------------------------------------------------------------------
2025-01-28 23:52:02,965 INFO c.h.h.t.HelmChartContainer - [test-hivemq-platform] [hivemq] [ebbc9fd7] 
2025-01-28 23:52:02,965 INFO c.h.h.t.HelmChartContainer - [test-hivemq-platform] [hivemq] [ebbc9fd7]   HIVEMQ_HOME: /opt/hivemq
2025-01-28 23:52:02,965 INFO c.h.h.t.HelmChartContainer - [test-hivemq-platform] [hivemq] [ebbc9fd7] 
2025-01-28 23:52:02,965 INFO c.h.h.t.HelmChartContainer - [test-hivemq-platform] [hivemq] [ebbc9fd7]   JAVA_OPTS: -XX:+UnlockExperimentalVMOptions -XX:InitialRAMPercentage=50 -XX:MaxRAMPercentage=50 -Djava.net.preferIPv4Stack=true --add-opens java.base/java.lang=ALL-UNNAMED --add-opens java.base/java.nio=ALL-UNNAMED --add-opens java.base/sun.nio.ch=ALL-UNNAMED --add-opens jdk.management/com.sun.management.internal=ALL-UNNAMED --add-exports java.base/jdk.internal.misc=ALL-UNNAMED -Djava.security.egd=file:/dev/./urandom -Dcom.sun.management.jmxremote -Dcom.sun.management.jmxremote.port=9010 -Dcom.sun.management.jmxremote.local.only=false -Dcom.sun.management.jmxremote.authenticate=false -Dcom.sun.management.jmxremote.ssl=false -Duser.language=en -Duser.region=US -XX:+CrashOnOutOfMemoryError -XX:+HeapDumpOnOutOfMemoryError
2025-01-28 23:52:02,965 INFO c.h.h.t.HelmChartContainer - [test-hivemq-platform] [hivemq] [ebbc9fd7] 
2025-01-28 23:52:02,965 INFO c.h.h.t.HelmChartContainer - [test-hivemq-platform] [hivemq] [ebbc9fd7]   JAVA_VERSION: 21
2025-01-28 23:52:02,965 INFO c.h.h.t.HelmChartContainer - [test-hivemq-platform] [hivemq] [ebbc9fd7] 
2025-01-28 23:52:02,965 INFO c.h.h.t.HelmChartContainer - [test-hivemq-platform] [hivemq] [ebbc9fd7] -------------------------------------------------------------------------
2025-01-28 23:52:02,965 INFO c.h.h.t.HelmChartContainer - [test-hivemq-platform] [hivemq] [ebbc9fd7] 
2025-01-28 23:52:04,180 INFO c.h.h.t.HelmChartContainer - [test-hivemq-platform] [hivemq] [ebbc9fd7] INFO  - [HiveMQ Platform Operator Init App 1.7.0-SNAPSHOT] Returning default Health API response 503 for readiness
2025-01-28 23:52:04,657 INFO c.h.h.t.HelmChartContainer - [EVENT] Warning [Unhealthy] Readiness probe failed: HTTP probe failed with statuscode: 503 [helmcustomserviceaccountit:test-hivemq-platform-0]
2025-01-28 23:52:04,657 INFO c.h.h.t.HelmChartContainer - Received Unhealthy event for container hivemq in pod test-hivemq-platform-0 [ebbc9fd7-abb0-4e53-a995-87ca92b42893]
2025-01-28 23:52:05,649 INFO c.h.h.t.HelmChartContainer - [test-hivemq-platform] [hivemq] [ebbc9fd7] INFO  - Starting HiveMQ Enterprise Server
2025-01-28 23:52:05,656 INFO c.h.h.t.HelmChartContainer - [test-hivemq-platform] [hivemq] [ebbc9fd7] INFO  - HiveMQ version: 4.36.0
2025-01-28 23:52:05,656 INFO c.h.h.t.HelmChartContainer - [test-hivemq-platform] [hivemq] [ebbc9fd7] INFO  - HiveMQ home directory: /opt/hivemq
2025-01-28 23:52:05,657 INFO c.h.h.t.HelmChartContainer - [test-hivemq-platform] [hivemq] [ebbc9fd7] INFO  - Log Configuration was overridden by /opt/hivemq/conf/logback.xml
2025-01-28 23:52:06,950 INFO c.h.h.t.HelmChartContainer - [test-hivemq-platform] [hivemq] [ebbc9fd7] INFO  - Successfully loaded configuration from '/opt/hivemq/conf-k8s/config.xml'.
2025-01-28 23:52:07,671 INFO c.h.h.t.HelmChartContainer - [test-hivemq-platform] [hivemq] [ebbc9fd7] INFO  - This node's ID is klRyy
2025-01-28 23:52:07,671 INFO c.h.h.t.HelmChartContainer - [test-hivemq-platform] [hivemq] [ebbc9fd7] INFO  - Clustering is enabled
2025-01-28 23:52:08,314 INFO c.h.h.t.HelmChartContainer - [hivemq-test-hivemq-platform] [hivemq-platform-operator] [87d28dc8] 23:52:08.310 [pool-6-thread-42] DEBUG c.h.p.o.d.PlatformServiceResource - [helmcust] Desired Platform services (3 services)
2025-01-28 23:52:08,314 INFO c.h.h.t.HelmChartContainer - [hivemq-test-hivemq-platform] [hivemq-platform-operator] [87d28dc8] 23:52:08.311 [pool-6-thread-43] DEBUG c.h.p.o.dependants.PodInfoConfigMap - [helmcust] Desired PodInfo ConfigMap (1 extensions) (1 enabled)
2025-01-28 23:52:08,314 INFO c.h.h.t.HelmChartContainer - [hivemq-test-hivemq-platform] [hivemq-platform-operator] [87d28dc8] 23:52:08.311 [pool-6-thread-43] DEBUG c.h.p.o.dependants.PodInfoConfigMap - [helmcust] Desired PodInfo ConfigMap (metrics port: 9399) (metrics path: /)
2025-01-28 23:52:08,314 INFO c.h.h.t.HelmChartContainer - [hivemq-test-hivemq-platform] [hivemq-platform-operator] [87d28dc8] 23:52:08.311 [pool-6-thread-43] DEBUG c.h.p.o.dependants.PodInfoConfigMap - [helmcust] Desired PodInfo ConfigMap (extension state hash: -1817474005)
2025-01-28 23:52:08,319 INFO c.h.h.t.HelmChartContainer - [hivemq-test-hivemq-platform] [hivemq-platform-operator] [87d28dc8] 23:52:08.319 [pool-6-thread-48] DEBUG c.h.p.o.d.StatefulSetResource - [helmcust] Desired StatefulSet (1 replicas) for status STARTING (READY)
2025-01-28 23:52:08,323 INFO c.h.h.t.HelmChartContainer - [hivemq-test-hivemq-platform] [hivemq-platform-operator] [87d28dc8] 23:52:08.322 [ReconcilerExecutor-hivemq-controller-99] INFO  c.h.p.o.HiveMQPlatformReconciler - [helmcust] Reconciling HiveMQ Platform 'test-hivemq-platform' in namespace 'helmcustomserviceaccountit'
2025-01-28 23:52:08,324 INFO c.h.h.t.HelmChartContainer - [hivemq-test-hivemq-platform] [hivemq-platform-operator] [87d28dc8] 23:52:08.322 [ReconcilerExecutor-hivemq-controller-99] DEBUG c.h.p.o.HiveMQPlatformReconciler - [helmcust] Custom Resource Status STARTING - HiveMQ Platform is starting (READY)
2025-01-28 23:52:08,324 INFO c.h.h.t.HelmChartContainer - [hivemq-test-hivemq-platform] [hivemq-platform-operator] [87d28dc8] 23:52:08.322 [ReconcilerExecutor-hivemq-controller-99] DEBUG c.h.p.o.HiveMQPlatformReconciler - [helmcust] Custom Resource Spec (replicas: 1) (extensions: 1)
2025-01-28 23:52:08,404 INFO c.h.h.t.HelmChartContainer - [hivemq-test-hivemq-platform] [hivemq-platform-operator] [87d28dc8] 23:52:08.403 [ReconcilerExecutor-hivemq-controller-99] DEBUG c.h.p.o.HiveMQPlatformReconciler - [helmcust] StatefulSet Status (revision: test-hivemq-platform-66f7466f55, replicas: 1, available: 0, ready: 0, current: 1, updated: 1)
2025-01-28 23:52:08,404 INFO c.h.h.t.HelmChartContainer - [hivemq-test-hivemq-platform] [hivemq-platform-operator] [87d28dc8] 23:52:08.403 [ReconcilerExecutor-hivemq-controller-99] DEBUG c.h.p.o.HiveMQPlatformReconciler - [helmcust] StatefulSet Spec (replicas: 1, init containers: 1, containers: 1, volumes: 3)
2025-01-28 23:52:08,405 INFO c.h.h.t.HelmChartContainer - [hivemq-test-hivemq-platform] [hivemq-platform-operator] [87d28dc8] 23:52:08.404 [ReconcilerExecutor-hivemq-controller-99] DEBUG c.h.p.o.h.HiveMQPlatformReconcilerErrorHandler - [helmcust] Pod 'test-hivemq-platform-0' phase Running
2025-01-28 23:52:08,407 INFO c.h.h.t.HelmChartContainer - [hivemq-test-hivemq-platform] [hivemq-platform-operator] [87d28dc8] 23:52:08.405 [ReconcilerExecutor-hivemq-controller-99] INFO  c.h.p.o.h.HiveMQPlatformReconcilerBaseHandler - [helmcust] HiveMQ Platform is starting, 0 of 1 replicas are ready
2025-01-28 23:52:09,452 INFO c.h.h.t.HelmChartContainer - [test-hivemq-platform] [hivemq] [ebbc9fd7] WARN  - [HiveMQ Platform Operator Init App 1.7.0-SNAPSHOT] Cannot connect to Health API for readiness: null
2025-01-28 23:52:09,479 INFO c.h.h.t.HelmChartContainer - [EVENT] Warning [Unhealthy] Readiness probe failed: HTTP probe failed with statuscode: 503 [helmcustomserviceaccountit:test-hivemq-platform-0]
2025-01-28 23:52:09,479 INFO c.h.h.t.HelmChartContainer - Received Unhealthy event for container hivemq in pod test-hivemq-platform-0 [ebbc9fd7-abb0-4e53-a995-87ca92b42893]
2025-01-28 23:52:12,975 INFO c.h.h.t.HelmChartContainer - [test-hivemq-platform] [hivemq] [ebbc9fd7] INFO  - [HiveMQ Platform Operator Init App 1.7.0-SNAPSHOT] Updating Pod HiveMQ Platform Operator Init App version annotation (version: 1.7.0-SNAPSHOT)
2025-01-28 23:52:13,578 INFO c.h.h.t.HelmChartContainer - [POD] test-hivemq-platform-0 [ebbc9fd7-abb0-4e53-a995-87ca92b42893] in helmcustomserviceaccountit was MODIFIED
2025-01-28 23:52:13,586 INFO c.h.h.t.HelmChartContainer - [test-hivemq-platform] [hivemq] [ebbc9fd7] INFO  - [HiveMQ Platform Operator Init App 1.7.0-SNAPSHOT] Successfully updated Pod HiveMQ Platform Operator Init App version annotation (version: 1.7.0-SNAPSHOT)
2025-01-28 23:52:13,591 INFO c.h.h.t.HelmChartContainer - [hivemq-test-hivemq-platform] [hivemq-platform-operator] [87d28dc8] 23:52:13.589 [pool-6-thread-50] DEBUG c.h.p.o.d.PlatformServiceResource - [helmcust] Desired Platform services (3 services)
2025-01-28 23:52:13,593 INFO c.h.h.t.HelmChartContainer - [hivemq-test-hivemq-platform] [hivemq-platform-operator] [87d28dc8] 23:52:13.592 [pool-6-thread-7] DEBUG c.h.p.o.dependants.PodInfoConfigMap - [helmcust] Desired PodInfo ConfigMap (1 extensions) (1 enabled)
2025-01-28 23:52:13,594 INFO c.h.h.t.HelmChartContainer - [hivemq-test-hivemq-platform] [hivemq-platform-operator] [87d28dc8] 23:52:13.592 [pool-6-thread-7] DEBUG c.h.p.o.dependants.PodInfoConfigMap - [helmcust] Desired PodInfo ConfigMap (metrics port: 9399) (metrics path: /)
2025-01-28 23:52:13,595 INFO c.h.h.t.HelmChartContainer - [hivemq-test-hivemq-platform] [hivemq-platform-operator] [87d28dc8] 23:52:13.592 [pool-6-thread-7] DEBUG c.h.p.o.dependants.PodInfoConfigMap - [helmcust] Desired PodInfo ConfigMap (extension state hash: -1817474005)
2025-01-28 23:52:13,601 INFO c.h.h.t.HelmChartContainer - [hivemq-test-hivemq-platform] [hivemq-platform-operator] [87d28dc8] 23:52:13.600 [pool-6-thread-50] DEBUG c.h.p.o.d.StatefulSetResource - [helmcust] Desired StatefulSet (1 replicas) for status STARTING (READY)
2025-01-28 23:52:13,650 INFO c.h.h.t.HelmChartContainer - [test-hivemq-platform] [hivemq] [ebbc9fd7] WARN  - [HiveMQ Platform Operator Init App 1.7.0-SNAPSHOT] Cannot connect to Health API for readiness: null
2025-01-28 23:52:13,656 INFO c.h.h.t.HelmChartContainer - [EVENT] Warning [Unhealthy] Readiness probe failed: HTTP probe failed with statuscode: 503 [helmcustomserviceaccountit:test-hivemq-platform-0]
2025-01-28 23:52:13,656 INFO c.h.h.t.HelmChartContainer - Received Unhealthy event for container hivemq in pod test-hivemq-platform-0 [ebbc9fd7-abb0-4e53-a995-87ca92b42893]
2025-01-28 23:52:13,676 INFO c.h.h.t.HelmChartContainer - [hivemq-test-hivemq-platform] [hivemq-platform-operator] [87d28dc8] 23:52:13.673 [ReconcilerExecutor-hivemq-controller-108] INFO  c.h.p.o.HiveMQPlatformReconciler - [helmcust] Reconciling HiveMQ Platform 'test-hivemq-platform' in namespace 'helmcustomserviceaccountit'
2025-01-28 23:52:13,676 INFO c.h.h.t.HelmChartContainer - [hivemq-test-hivemq-platform] [hivemq-platform-operator] [87d28dc8] 23:52:13.673 [ReconcilerExecutor-hivemq-controller-108] DEBUG c.h.p.o.HiveMQPlatformReconciler - [helmcust] Custom Resource Status STARTING - HiveMQ Platform is starting (READY)
2025-01-28 23:52:13,676 INFO c.h.h.t.HelmChartContainer - [hivemq-test-hivemq-platform] [hivemq-platform-operator] [87d28dc8] 23:52:13.673 [ReconcilerExecutor-hivemq-controller-108] DEBUG c.h.p.o.HiveMQPlatformReconciler - [helmcust] Custom Resource Spec (replicas: 1) (extensions: 1)
2025-01-28 23:52:13,677 INFO c.h.h.t.HelmChartContainer - [hivemq-test-hivemq-platform] [hivemq-platform-operator] [87d28dc8] 23:52:13.674 [ReconcilerExecutor-hivemq-controller-108] DEBUG c.h.p.o.HiveMQPlatformReconciler - [helmcust] StatefulSet Status (revision: test-hivemq-platform-66f7466f55, replicas: 1, available: 0, ready: 0, current: 1, updated: 1)
2025-01-28 23:52:13,677 INFO c.h.h.t.HelmChartContainer - [hivemq-test-hivemq-platform] [hivemq-platform-operator] [87d28dc8] 23:52:13.674 [ReconcilerExecutor-hivemq-controller-108] DEBUG c.h.p.o.HiveMQPlatformReconciler - [helmcust] StatefulSet Spec (replicas: 1, init containers: 1, containers: 1, volumes: 3)
2025-01-28 23:52:13,682 INFO c.h.h.t.HelmChartContainer - [hivemq-test-hivemq-platform] [hivemq-platform-operator] [87d28dc8] 23:52:13.678 [ReconcilerExecutor-hivemq-controller-108] DEBUG c.h.p.o.h.HiveMQPlatformReconcilerErrorHandler - [helmcust] Pod 'test-hivemq-platform-0' phase Running
2025-01-28 23:52:13,682 INFO c.h.h.t.HelmChartContainer - [hivemq-test-hivemq-platform] [hivemq-platform-operator] [87d28dc8] 23:52:13.680 [ReconcilerExecutor-hivemq-controller-108] INFO  c.h.p.o.h.HiveMQPlatformReconcilerBaseHandler - [helmcust] HiveMQ Platform is starting, 0 of 1 replicas are ready
2025-01-28 23:52:18,578 INFO c.h.h.t.HelmChartContainer - [test-hivemq-platform] [hivemq] [ebbc9fd7] WARN  - [HiveMQ Platform Operator Init App 1.7.0-SNAPSHOT] Cannot connect to Health API for readiness: null
2025-01-28 23:52:18,583 INFO c.h.h.t.HelmChartContainer - [EVENT] Warning [Unhealthy] Readiness probe failed: HTTP probe failed with statuscode: 503 [helmcustomserviceaccountit:test-hivemq-platform-0]
2025-01-28 23:52:18,583 INFO c.h.h.t.HelmChartContainer - Received Unhealthy event for container hivemq in pod test-hivemq-platform-0 [ebbc9fd7-abb0-4e53-a995-87ca92b42893]
2025-01-28 23:52:23,578 INFO c.h.h.t.HelmChartContainer - [test-hivemq-platform] [hivemq] [ebbc9fd7] WARN  - [HiveMQ Platform Operator Init App 1.7.0-SNAPSHOT] Cannot connect to Health API for readiness: null
2025-01-28 23:52:23,582 INFO c.h.h.t.HelmChartContainer - [EVENT] Warning [Unhealthy] Readiness probe failed: HTTP probe failed with statuscode: 503 [helmcustomserviceaccountit:test-hivemq-platform-0]
2025-01-28 23:52:23,582 INFO c.h.h.t.HelmChartContainer - Received Unhealthy event for container hivemq in pod test-hivemq-platform-0 [ebbc9fd7-abb0-4e53-a995-87ca92b42893]
2025-01-28 23:52:23,686 INFO c.h.h.t.HelmChartContainer - [hivemq-test-hivemq-platform] [hivemq-platform-operator] [87d28dc8] 23:52:23.684 [pool-6-thread-8] DEBUG c.h.p.o.d.PlatformServiceResource - [helmcust] Desired Platform services (3 services)
2025-01-28 23:52:23,688 INFO c.h.h.t.HelmChartContainer - [hivemq-test-hivemq-platform] [hivemq-platform-operator] [87d28dc8] 23:52:23.688 [pool-6-thread-3] DEBUG c.h.p.o.dependants.PodInfoConfigMap - [helmcust] Desired PodInfo ConfigMap (1 extensions) (1 enabled)
2025-01-28 23:52:23,690 INFO c.h.h.t.HelmChartContainer - [hivemq-test-hivemq-platform] [hivemq-platform-operator] [87d28dc8] 23:52:23.688 [pool-6-thread-3] DEBUG c.h.p.o.dependants.PodInfoConfigMap - [helmcust] Desired PodInfo ConfigMap (metrics port: 9399) (metrics path: /)
2025-01-28 23:52:23,690 INFO c.h.h.t.HelmChartContainer - [hivemq-test-hivemq-platform] [hivemq-platform-operator] [87d28dc8] 23:52:23.688 [pool-6-thread-3] DEBUG c.h.p.o.dependants.PodInfoConfigMap - [helmcust] Desired PodInfo ConfigMap (extension state hash: -1817474005)
2025-01-28 23:52:23,692 INFO c.h.h.t.HelmChartContainer - [hivemq-test-hivemq-platform] [hivemq-platform-operator] [87d28dc8] 23:52:23.692 [pool-6-thread-8] DEBUG c.h.p.o.d.StatefulSetResource - [helmcust] Desired StatefulSet (1 replicas) for status STARTING (READY)
2025-01-28 23:52:23,696 INFO c.h.h.t.HelmChartContainer - [hivemq-test-hivemq-platform] [hivemq-platform-operator] [87d28dc8] 23:52:23.695 [ReconcilerExecutor-hivemq-controller-111] INFO  c.h.p.o.HiveMQPlatformReconciler - [helmcust] Reconciling HiveMQ Platform 'test-hivemq-platform' in namespace 'helmcustomserviceaccountit'
2025-01-28 23:52:23,696 INFO c.h.h.t.HelmChartContainer - [hivemq-test-hivemq-platform] [hivemq-platform-operator] [87d28dc8] 23:52:23.695 [ReconcilerExecutor-hivemq-controller-111] DEBUG c.h.p.o.HiveMQPlatformReconciler - [helmcust] Custom Resource Status STARTING - HiveMQ Platform is starting (READY)
2025-01-28 23:52:23,697 INFO c.h.h.t.HelmChartContainer - [hivemq-test-hivemq-platform] [hivemq-platform-operator] [87d28dc8] 23:52:23.695 [ReconcilerExecutor-hivemq-controller-111] DEBUG c.h.p.o.HiveMQPlatformReconciler - [helmcust] Custom Resource Spec (replicas: 1) (extensions: 1)
2025-01-28 23:52:23,698 INFO c.h.h.t.HelmChartContainer - [hivemq-test-hivemq-platform] [hivemq-platform-operator] [87d28dc8] 23:52:23.696 [ReconcilerExecutor-hivemq-controller-111] DEBUG c.h.p.o.HiveMQPlatformReconciler - [helmcust] StatefulSet Status (revision: test-hivemq-platform-66f7466f55, replicas: 1, available: 0, ready: 0, current: 1, updated: 1)
2025-01-28 23:52:23,698 INFO c.h.h.t.HelmChartContainer - [hivemq-test-hivemq-platform] [hivemq-platform-operator] [87d28dc8] 23:52:23.696 [ReconcilerExecutor-hivemq-controller-111] DEBUG c.h.p.o.HiveMQPlatformReconciler - [helmcust] StatefulSet Spec (replicas: 1, init containers: 1, containers: 1, volumes: 3)
2025-01-28 23:52:23,699 INFO c.h.h.t.HelmChartContainer - [hivemq-test-hivemq-platform] [hivemq-platform-operator] [87d28dc8] 23:52:23.698 [ReconcilerExecutor-hivemq-controller-111] DEBUG c.h.p.o.h.HiveMQPlatformReconcilerErrorHandler - [helmcust] Pod 'test-hivemq-platform-0' phase Running
2025-01-28 23:52:23,700 INFO c.h.h.t.HelmChartContainer - [hivemq-test-hivemq-platform] [hivemq-platform-operator] [87d28dc8] 23:52:23.698 [ReconcilerExecutor-hivemq-controller-111] INFO  c.h.p.o.h.HiveMQPlatformReconcilerBaseHandler - [helmcust] HiveMQ Platform is starting, 0 of 1 replicas are ready
2025-01-28 23:52:24,749 INFO c.h.h.t.HelmChartContainer - [test-hivemq-platform] [hivemq] [ebbc9fd7] INFO  - No valid license file found. Using trial license, restricted to 25 connections.
2025-01-28 23:52:26,572 INFO c.h.h.t.HelmChartContainer - [test-hivemq-platform] [hivemq] [ebbc9fd7] WARN  - [HiveMQ Platform Operator Init App 1.7.0-SNAPSHOT] Cannot connect to Health API for liveness: null
2025-01-28 23:52:26,572 INFO c.h.h.t.HelmChartContainer - [test-hivemq-platform] [hivemq] [ebbc9fd7] INFO  - [HiveMQ Platform Operator Init App 1.7.0-SNAPSHOT] Returning default Health API response 200 for liveness
2025-01-28 23:52:27,482 INFO c.h.h.t.HelmChartContainer - [test-hivemq-platform] [hivemq] [ebbc9fd7] INFO  - No valid license file for Data Hub found. Using free license, restricted to 1 policy.
2025-01-28 23:52:28,578 INFO c.h.h.t.HelmChartContainer - [test-hivemq-platform] [hivemq] [ebbc9fd7] WARN  - [HiveMQ Platform Operator Init App 1.7.0-SNAPSHOT] Cannot connect to Health API for readiness: null
2025-01-28 23:52:28,582 INFO c.h.h.t.HelmChartContainer - [EVENT] Warning [Unhealthy] Readiness probe failed: HTTP probe failed with statuscode: 503 [helmcustomserviceaccountit:test-hivemq-platform-0]
2025-01-28 23:52:28,582 INFO c.h.h.t.HelmChartContainer - Received Unhealthy event for container hivemq in pod test-hivemq-platform-0 [ebbc9fd7-abb0-4e53-a995-87ca92b42893]
2025-01-28 23:52:28,653 INFO c.h.h.t.HelmChartContainer - [test-hivemq-platform] [hivemq] [ebbc9fd7] INFO  - Audit Logger started.
2025-01-28 23:52:29,081 INFO c.h.h.t.HelmChartContainer - [test-hivemq-platform] [hivemq] [ebbc9fd7] INFO  - This node uses '1' CPU cores.
2025-01-28 23:52:29,152 INFO c.h.h.t.HelmChartContainer - [test-hivemq-platform] [hivemq] [ebbc9fd7] INFO  - Starting HiveMQ Health API on address 0.0.0.0 and port 8889
2025-01-28 23:52:29,873 INFO c.h.h.t.HelmChartContainer - [test-hivemq-platform] [hivemq] [ebbc9fd7] INFO  - Started HiveMQ Health API in 720ms
2025-01-28 23:52:30,450 INFO c.h.h.t.HelmChartContainer - [test-hivemq-platform] [hivemq] [ebbc9fd7] INFO  - Starting HiveMQ extension system.
2025-01-28 23:52:30,652 INFO c.h.h.t.HelmChartContainer - [test-hivemq-platform] [hivemq] [ebbc9fd7] INFO  - Starting extension with id "hivemq-dns-cluster-discovery" at /opt/hivemq/extensions/hivemq-dns-cluster-discovery
2025-01-28 23:52:31,076 INFO c.h.h.t.HelmChartContainer - [test-hivemq-platform] [hivemq] [ebbc9fd7] INFO  - Using TCP cluster transport on address 10.42.0.6 and port 7000
2025-01-28 23:52:31,150 INFO c.h.h.t.HelmChartContainer - [test-hivemq-platform] [hivemq] [ebbc9fd7] INFO  - Using extension cluster discovery
2025-01-28 23:52:31,171 INFO c.h.h.t.HelmChartContainer - [test-hivemq-platform] [hivemq] [ebbc9fd7] INFO  - Extension "DNS Cluster Discovery Extension" version 4.3.2 started successfully.
2025-01-28 23:52:31,173 INFO c.h.h.t.HelmChartContainer - [test-hivemq-platform] [hivemq] [ebbc9fd7] INFO  - Starting extension with id "hivemq-prometheus-extension" at /opt/hivemq/extensions/hivemq-prometheus-extension
2025-01-28 23:52:32,177 INFO c.h.h.t.HelmChartContainer - [test-hivemq-platform] [hivemq] [ebbc9fd7] INFO  - Started Jetty Server exposing Prometheus Servlet on URI http://0.0.0.0:9399/
2025-01-28 23:52:32,178 INFO c.h.h.t.HelmChartContainer - [test-hivemq-platform] [hivemq] [ebbc9fd7] INFO  - Extension "Prometheus Monitoring Extension" version 4.0.12 started successfully.
[...]
2025-01-28 23:51:16,863 INFO c.h.h.t.HelmChartContainer - [K3S] [dynamic_serving_content.go:135] "Starting controller" name="csr-controller::/var/lib/rancher/k3s/server/tls/server-ca.nochain.crt::/var/lib/rancher/k3s/server/tls/server-ca.key"
2025-01-28 23:51:16,863 INFO c.h.h.t.HelmChartContainer - [K3S] [certificate_controller.go:120] "Starting certificate controller" name="csrsigning-kubelet-client"
2025-01-28 23:51:16,863 INFO c.h.h.t.HelmChartContainer - [K3S] [dynamic_serving_content.go:135] "Starting controller" name="csr-controller::/var/lib/rancher/k3s/server/tls/client-ca.nochain.crt::/var/lib/rancher/k3s/server/tls/client-ca.key"
2025-01-28 23:51:16,863 INFO c.h.h.t.HelmChartContainer - [K3S] [certificate_controller.go:120] "Starting certificate controller" name="csrsigning-kube-apiserver-client"
2025-01-28 23:51:16,864 INFO c.h.h.t.HelmChartContainer - [K3S] [dynamic_serving_content.go:135] "Starting controller" name="csr-controller::/var/lib/rancher/k3s/server/tls/client-ca.nochain.crt::/var/lib/rancher/k3s/server/tls/client-ca.key"
2025-01-28 23:51:16,864 INFO c.h.h.t.HelmChartContainer - [K3S] [controllermanager.go:765] "Started controller" controller="certificatesigningrequest-signing-controller"
2025-01-28 23:51:16,864 INFO c.h.h.t.HelmChartContainer - [K3S] [certificate_controller.go:120] "Starting certificate controller" name="csrsigning-legacy-unknown"
2025-01-28 23:51:16,864 INFO c.h.h.t.HelmChartContainer - [K3S] [dynamic_serving_content.go:135] "Starting controller" name="csr-controller::/var/lib/rancher/k3s/server/tls/server-ca.nochain.crt::/var/lib/rancher/k3s/server/tls/server-ca.key"
2025-01-28 23:51:17,013 INFO c.h.h.t.HelmChartContainer - [K3S] [controllermanager.go:765] "Started controller" controller="ttl-after-finished-controller"
2025-01-28 23:51:17,013 INFO c.h.h.t.HelmChartContainer - [K3S] [ttlafterfinished_controller.go:112] "Starting TTL after finished controller"
2025-01-28 23:51:17,213 INFO c.h.h.t.HelmChartContainer - [K3S] [controllermanager.go:765] "Started controller" controller="validatingadmissionpolicy-status-controller"
2025-01-28 23:51:17,263 INFO c.h.h.t.HelmChartContainer - [K3S] [controllermanager.go:765] "Started controller" controller="taint-eviction-controller"
2025-01-28 23:51:17,263 INFO c.h.h.t.HelmChartContainer - [K3S] [taint_eviction.go:281] "Starting" controller="taint-eviction-controller"
2025-01-28 23:51:17,263 INFO c.h.h.t.HelmChartContainer - [K3S] [taint_eviction.go:287] "Sending events to api server"
2025-01-28 23:51:17,313 INFO c.h.h.t.HelmChartContainer - [K3S] [node_lifecycle_controller.go:432] "Controller will reconcile labels"
2025-01-28 23:51:17,313 INFO c.h.h.t.HelmChartContainer - [K3S] [controllermanager.go:765] "Started controller" controller="node-lifecycle-controller"
2025-01-28 23:51:17,313 INFO c.h.h.t.HelmChartContainer - [K3S] [node_lifecycle_controller.go:466] "Sending events to api server"
2025-01-28 23:51:17,313 INFO c.h.h.t.HelmChartContainer - [K3S] [node_lifecycle_controller.go:477] "Starting node controller"
2025-01-28 23:51:17,612 INFO c.h.h.t.HelmChartContainer - [K3S] [controllermanager.go:765] "Started controller" controller="horizontal-pod-autoscaler-controller"
2025-01-28 23:51:17,613 INFO c.h.h.t.HelmChartContainer - [K3S] [horizontal.go:201] "Starting HPA controller"
2025-01-28 23:51:17,629 INFO c.h.h.t.HelmChartContainer - [K3S] [actual_state_of_world.go:541] "Failed to update statusUpdateNeeded field in actual state of world" err="Failed to set statusUpdateNeeded to needed true, because nodeName=\"4c591fcc74e6\" does not exist"
2025-01-28 23:51:17,717 INFO c.h.h.t.HelmChartContainer - [K3S] [range_allocator.go:177] "Sending events to api server"
2025-01-28 23:51:17,718 INFO c.h.h.t.HelmChartContainer - [K3S] [range_allocator.go:183] "Starting range CIDR allocator"
2025-01-28 23:51:17,722 INFO c.h.h.t.HelmChartContainer - [K3S] [range_allocator.go:428] "Set node PodCIDR" node="4c591fcc74e6" podCIDRs=["10.42.0.0/24"]
2025-01-28 23:51:17,722 INFO c.h.h.t.HelmChartContainer - [K3S] [range_allocator.go:247] "Successfully synced" key="4c591fcc74e6"
2025-01-28 23:51:17,724 INFO c.h.h.t.HelmChartContainer - [K3S] [range_allocator.go:247] "Successfully synced" key="4c591fcc74e6"
2025-01-28 23:51:17,724 INFO c.h.h.t.HelmChartContainer - [K3S] [INFO] Flannel found PodCIDR assigned for node 4c591fcc74e6
2025-01-28 23:51:17,724 INFO c.h.h.t.HelmChartContainer - [K3S] [INFO] The interface eth0 with ipv4 address 172.18.0.2 will be used by flannel
2025-01-28 23:51:17,725 INFO c.h.h.t.HelmChartContainer - [K3S] [kube.go:139] Waiting 10m0s for node controller to sync
2025-01-28 23:51:17,725 INFO c.h.h.t.HelmChartContainer - [K3S] [kube.go:469] Starting kube subnet manager
2025-01-28 23:51:17,727 INFO c.h.h.t.HelmChartContainer - [K3S] [handler_proxy.go:99] no RequestInfo found in the context
2025-01-28 23:51:17,728 INFO c.h.h.t.HelmChartContainer - [K3S] [controller.go:146] "Unhandled Error" err=<
2025-01-28 23:51:17,728 INFO c.h.h.t.HelmChartContainer - [K3S] 	, Header: map[Content-Type:[text/plain; charset=utf-8] X-Content-Type-Options:[nosniff]]
2025-01-28 23:51:17,728 INFO c.h.h.t.HelmChartContainer - [K3S]  >
2025-01-28 23:51:17,729 INFO c.h.h.t.HelmChartContainer - [K3S] [handler_proxy.go:143] error resolving kube-system/metrics-server: no endpoints available for service "metrics-server"
2025-01-28 23:51:17,813 INFO c.h.h.t.HelmChartContainer - [K3S] [node_lifecycle_controller.go:1234] "Initializing eviction metric for zone" zone=""
2025-01-28 23:51:17,813 INFO c.h.h.t.HelmChartContainer - [K3S] [node_lifecycle_controller.go:886] "Missing timestamp for Node. Assuming now as a timestamp" node="4c591fcc74e6"
2025-01-28 23:51:17,813 INFO c.h.h.t.HelmChartContainer - [K3S] [node_lifecycle_controller.go:1080] "Controller detected that zone is now in new state" zone="" newState="Normal"
2025-01-28 23:51:17,819 INFO c.h.h.t.HelmChartContainer - [K3S] [range_allocator.go:247] "Successfully synced" key="4c591fcc74e6"
2025-01-28 23:51:17,841 INFO c.h.h.t.HelmChartContainer - [K3S] [INFO] Starting network policy controller version v2.2.1, built on 2025-01-28T18:27:08Z, go1.23.4
2025-01-28 23:51:17,841 INFO c.h.h.t.HelmChartContainer - [K3S] [network_policy_controller.go:164] Starting network policy controller
2025-01-28 23:51:17,868 INFO c.h.h.t.HelmChartContainer - [K3S] [network_policy_controller.go:176] Starting network policy controller full sync goroutine
2025-01-28 23:51:18,318 INFO c.h.h.t.HelmChartContainer - [K3S] [range_allocator.go:247] "Successfully synced" key="4c591fcc74e6"
2025-01-28 23:51:18,526 INFO c.h.h.t.HelmChartContainer - [K3S] [replica_set.go:679] "Finished syncing" kind="ReplicaSet" key="kube-system/local-path-provisioner-698b58967b" duration="107.610004ms"
2025-01-28 23:51:18,531 INFO c.h.h.t.HelmChartContainer - [K3S] [replica_set.go:679] "Finished syncing" kind="ReplicaSet" key="kube-system/coredns-ff8999cc5" duration="109.711486ms"
2025-01-28 23:51:18,532 INFO c.h.h.t.HelmChartContainer - [K3S] [replica_set.go:679] "Finished syncing" kind="ReplicaSet" key="kube-system/metrics-server-8584b5786c" duration="113.256856ms"
2025-01-28 23:51:18,546 INFO c.h.h.t.HelmChartContainer - [K3S] [replica_set.go:679] "Finished syncing" kind="ReplicaSet" key="kube-system/local-path-provisioner-698b58967b" duration="19.927636ms"
2025-01-28 23:51:18,548 INFO c.h.h.t.HelmChartContainer - [K3S] [replica_set.go:679] "Finished syncing" kind="ReplicaSet" key="kube-system/coredns-ff8999cc5" duration="17.608277ms"
2025-01-28 23:51:18,549 INFO c.h.h.t.HelmChartContainer - [K3S] [replica_set.go:679] "Finished syncing" kind="ReplicaSet" key="kube-system/coredns-ff8999cc5" duration="31.188µs"
2025-01-28 23:51:18,549 INFO c.h.h.t.HelmChartContainer - [K3S] [replica_set.go:679] "Finished syncing" kind="ReplicaSet" key="kube-system/coredns-ff8999cc5" duration="23.133µs"
2025-01-28 23:51:18,551 INFO c.h.h.t.HelmChartContainer - [K3S] [replica_set.go:679] "Finished syncing" kind="ReplicaSet" key="kube-system/metrics-server-8584b5786c" duration="18.980832ms"
2025-01-28 23:51:18,552 INFO c.h.h.t.HelmChartContainer - [K3S] [replica_set.go:679] "Finished syncing" kind="ReplicaSet" key="kube-system/metrics-server-8584b5786c" duration="61.636µs"
2025-01-28 23:51:18,561 INFO c.h.h.t.HelmChartContainer - [K3S] [replica_set.go:679] "Finished syncing" kind="ReplicaSet" key="kube-system/metrics-server-8584b5786c" duration="51.917µs"
2025-01-28 23:51:18,562 INFO c.h.h.t.HelmChartContainer - [K3S] [replica_set.go:679] "Finished syncing" kind="ReplicaSet" key="kube-system/local-path-provisioner-698b58967b" duration="15.287782ms"
2025-01-28 23:51:18,562 INFO c.h.h.t.HelmChartContainer - [K3S] [replica_set.go:679] "Finished syncing" kind="ReplicaSet" key="kube-system/local-path-provisioner-698b58967b" duration="25.839µs"
2025-01-28 23:51:18,567 INFO c.h.h.t.HelmChartContainer - [K3S] [replica_set.go:679] "Finished syncing" kind="ReplicaSet" key="kube-system/local-path-provisioner-698b58967b" duration="25.838µs"
2025-01-28 23:51:18,574 INFO c.h.h.t.HelmChartContainer - [K3S] [replica_set.go:679] "Finished syncing" kind="ReplicaSet" key="kube-system/coredns-ff8999cc5" duration="43.261µs"
2025-01-28 23:51:18,613 INFO c.h.h.t.HelmChartContainer - [K3S] [reconciler_common.go:251] "operationExecutor.VerifyControllerAttachedVolume started for volume \"kube-api-access-w7b4p\" (UniqueName: \"kubernetes.io/projected/071f9280-8b5e-4d1c-896a-4b1bb9a13b37-kube-api-access-w7b4p\") pod \"coredns-ff8999cc5-lsz25\" (UID: \"071f9280-8b5e-4d1c-896a-4b1bb9a13b37\") " pod="kube-system/coredns-ff8999cc5-lsz25"
2025-01-28 23:51:18,615 INFO c.h.h.t.HelmChartContainer - [K3S] [reconciler_common.go:251] "operationExecutor.VerifyControllerAttachedVolume started for volume \"config-volume\" (UniqueName: \"kubernetes.io/configmap/f77a45d3-169c-4328-9654-d61cf8817ae7-config-volume\") pod \"local-path-provisioner-698b58967b-sqfmk\" (UID: \"f77a45d3-169c-4328-9654-d61cf8817ae7\") " pod="kube-system/local-path-provisioner-698b58967b-sqfmk"
2025-01-28 23:51:18,615 INFO c.h.h.t.HelmChartContainer - [K3S] [reconciler_common.go:251] "operationExecutor.VerifyControllerAttachedVolume started for volume \"kube-api-access-bwxk4\" (UniqueName: \"kubernetes.io/projected/f77a45d3-169c-4328-9654-d61cf8817ae7-kube-api-access-bwxk4\") pod \"local-path-provisioner-698b58967b-sqfmk\" (UID: \"f77a45d3-169c-4328-9654-d61cf8817ae7\") " pod="kube-system/local-path-provisioner-698b58967b-sqfmk"
2025-01-28 23:51:18,615 INFO c.h.h.t.HelmChartContainer - [K3S] [reconciler_common.go:251] "operationExecutor.VerifyControllerAttachedVolume started for volume \"tmp-dir\" (UniqueName: \"kubernetes.io/empty-dir/62712e11-39b0-4192-9295-6fc483a00407-tmp-dir\") pod \"metrics-server-8584b5786c-c9bn8\" (UID: \"62712e11-39b0-4192-9295-6fc483a00407\") " pod="kube-system/metrics-server-8584b5786c-c9bn8"
2025-01-28 23:51:18,615 INFO c.h.h.t.HelmChartContainer - [K3S] [reconciler_common.go:251] "operationExecutor.VerifyControllerAttachedVolume started for volume \"kube-api-access-r2fnt\" (UniqueName: \"kubernetes.io/projected/62712e11-39b0-4192-9295-6fc483a00407-kube-api-access-r2fnt\") pod \"metrics-server-8584b5786c-c9bn8\" (UID: \"62712e11-39b0-4192-9295-6fc483a00407\") " pod="kube-system/metrics-server-8584b5786c-c9bn8"
2025-01-28 23:51:18,615 INFO c.h.h.t.HelmChartContainer - [K3S] [reconciler_common.go:251] "operationExecutor.VerifyControllerAttachedVolume started for volume \"config-volume\" (UniqueName: \"kubernetes.io/configmap/071f9280-8b5e-4d1c-896a-4b1bb9a13b37-config-volume\") pod \"coredns-ff8999cc5-lsz25\" (UID: \"071f9280-8b5e-4d1c-896a-4b1bb9a13b37\") " pod="kube-system/coredns-ff8999cc5-lsz25"
2025-01-28 23:51:18,615 INFO c.h.h.t.HelmChartContainer - [K3S] [reconciler_common.go:251] "operationExecutor.VerifyControllerAttachedVolume started for volume \"custom-config-volume\" (UniqueName: \"kubernetes.io/configmap/071f9280-8b5e-4d1c-896a-4b1bb9a13b37-custom-config-volume\") pod \"coredns-ff8999cc5-lsz25\" (UID: \"071f9280-8b5e-4d1c-896a-4b1bb9a13b37\") " pod="kube-system/coredns-ff8999cc5-lsz25"
2025-01-28 23:51:18,726 INFO c.h.h.t.HelmChartContainer - [K3S] [kube.go:146] Node controller sync successful
2025-01-28 23:51:18,726 INFO c.h.h.t.HelmChartContainer - [K3S] [vxlan.go:141] VXLAN config: VNI=1 Port=0 GBP=false Learning=false DirectRouting=false
2025-01-28 23:51:18,728 INFO c.h.h.t.HelmChartContainer - [K3S] [kube.go:636] List of node(4c591fcc74e6) annotations: map[string]string{"alpha.kubernetes.io/provided-node-ip":"172.18.0.2", "k3s.io/hostname":"4c591fcc74e6", "k3s.io/internal-ip":"172.18.0.2", "k3s.io/node-args":"[\"server\",\"--etcd-arg\",\"unsafe-no-fsync\",\"--etcd-arg\",\"snapshot-count=10000\",\"--etcd-arg\",\"auto-compaction-mode=revision\",\"--etcd-arg\",\"auto-compaction-retention=1000000\",\"--kube-apiserver-arg\",\"etcd-compaction-interval=0s\",\"--disable\",\"traefik\",\"--tls-san\",\"localhost\"]", "k3s.io/node-config-hash":"2QNNT5M5XUBFOLO5XPGEVGOM5UDLHHTIVMSRUPAUHE5DU3HUYQUQ====", "k3s.io/node-env":"{}", "node.alpha.kubernetes.io/ttl":"0", "volumes.kubernetes.io/controller-managed-attach-detach":"true"}
2025-01-28 23:51:18,729 INFO c.h.h.t.HelmChartContainer - [K3S] [handler_proxy.go:99] no RequestInfo found in the context
2025-01-28 23:51:18,729 INFO c.h.h.t.HelmChartContainer - [K3S] [handler_proxy.go:99] no RequestInfo found in the context
2025-01-28 23:51:18,734 INFO c.h.h.t.HelmChartContainer - [K3S] [controller.go:102] "Unhandled Error" err=<
2025-01-28 23:51:18,734 INFO c.h.h.t.HelmChartContainer - [K3S] 	, Header: map[Content-Type:[text/plain; charset=utf-8] X-Content-Type-Options:[nosniff]]
2025-01-28 23:51:18,735 INFO c.h.h.t.HelmChartContainer - [K3S]  >
2025-01-28 23:51:18,735 INFO c.h.h.t.HelmChartContainer - [K3S] [iptables.go:51] Starting flannel in iptables mode...
2025-01-28 23:51:18,735 INFO c.h.h.t.HelmChartContainer - [K3S] [WARNING] no subnet found for key: FLANNEL_NETWORK in file: /run/flannel/subnet.env
2025-01-28 23:51:18,735 INFO c.h.h.t.HelmChartContainer - [K3S] [WARNING] no subnet found for key: FLANNEL_SUBNET in file: /run/flannel/subnet.env
2025-01-28 23:51:18,737 INFO c.h.h.t.HelmChartContainer - [K3S] [WARNING] no subnet found for key: FLANNEL_IPV6_NETWORK in file: /run/flannel/subnet.env
2025-01-28 23:51:18,737 INFO c.h.h.t.HelmChartContainer - [K3S] [kube.go:490] Creating the node lease for IPv4. This is the n.Spec.PodCIDRs: [10.42.0.0/24]
2025-01-28 23:51:18,737 INFO c.h.h.t.HelmChartContainer - [K3S] [WARNING] no subnet found for key: FLANNEL_IPV6_SUBNET in file: /run/flannel/subnet.env
2025-01-28 23:51:18,737 INFO c.h.h.t.HelmChartContainer - [K3S] [iptables.go:115] Current network or subnet (10.42.0.0/16, 10.42.0.0/24) is not equal to previous one (0.0.0.0/0, 0.0.0.0/0), trying to recycle old iptables rules
2025-01-28 23:51:18,737 INFO c.h.h.t.HelmChartContainer - [K3S] [range_allocator.go:247] "Successfully synced" key="4c591fcc74e6"
2025-01-28 23:51:18,743 INFO c.h.h.t.HelmChartContainer - [K3S] [iptables.go:125] Setting up masking rules
2025-01-28 23:51:18,746 INFO c.h.h.t.HelmChartContainer - [K3S] [iptables.go:226] Changing default FORWARD chain policy to ACCEPT
2025-01-28 23:51:18,748 INFO c.h.h.t.HelmChartContainer - [K3S] [INFO] Wrote flannel subnet file to /run/flannel/subnet.env
2025-01-28 23:51:18,748 INFO c.h.h.t.HelmChartContainer - [K3S] [INFO] Running flannel backend.
2025-01-28 23:51:18,748 INFO c.h.h.t.HelmChartContainer - [K3S] [vxlan_network.go:65] watching for new subnet leases
2025-01-28 23:51:18,757 INFO c.h.h.t.HelmChartContainer - [K3S] [iptables.go:372] bootstrap done
2025-01-28 23:51:18,761 INFO c.h.h.t.HelmChartContainer - [K3S] [iptables.go:372] bootstrap done
2025-01-28 23:51:22,122 INFO c.h.h.t.HelmChartContainer - [K3S] [replica_set.go:679] "Finished syncing" kind="ReplicaSet" key="kube-system/coredns-ff8999cc5" duration="44.683µs"
2025-01-28 23:51:22,131 INFO c.h.h.t.HelmChartContainer - [K3S] [replica_set.go:679] "Finished syncing" kind="ReplicaSet" key="kube-system/metrics-server-8584b5786c" duration="34.385µs"
2025-01-28 23:51:22,145 INFO c.h.h.t.HelmChartContainer - [K3S] [replica_set.go:679] "Finished syncing" kind="ReplicaSet" key="kube-system/local-path-provisioner-698b58967b" duration="4.132618ms"
2025-01-28 23:51:22,147 INFO c.h.h.t.HelmChartContainer - [K3S] [replica_set.go:679] "Finished syncing" kind="ReplicaSet" key="kube-system/local-path-provisioner-698b58967b" duration="25.779µs"
2025-01-28 23:51:22,159 INFO c.h.h.t.HelmChartContainer - [K3S] [replica_set.go:679] "Finished syncing" kind="ReplicaSet" key="kube-system/coredns-ff8999cc5" duration="6.033852ms"
2025-01-28 23:51:22,161 INFO c.h.h.t.HelmChartContainer - [K3S] [replica_set.go:679] "Finished syncing" kind="ReplicaSet" key="kube-system/coredns-ff8999cc5" duration="29.214µs"
2025-01-28 23:51:22,432 DEBUG c.h.h.t.HelmChartContainer - Image file loaded 'hivemq-platform-operator.tar'
2025-01-28 23:51:22,437 INFO c.h.h.t.HelmChartContainer - [K3S] [kuberuntime_manager.go:1702] "Updating runtime config through cri with podcidr" CIDR="10.42.0.0/24"
2025-01-28 23:51:22,439 INFO c.h.h.t.HelmChartContainer - [K3S] [kubelet_network.go:61] "Updating Pod CIDR" originalPodCIDR="" newPodCIDR="10.42.0.0/24"
2025-01-28 23:51:22,448 INFO c.h.h.t.HelmChartContainer - [K3S] [range_allocator.go:247] "Successfully synced" key="4c591fcc74e6"
2025-01-28 23:51:22,882 DEBUG c.h.h.t.HelmChartContainer - Image file loaded 'hivemq-platform-operator-init.tar'
2025-01-28 23:51:28,369 DEBUG c.h.h.t.HelmChartContainer - Image file loaded 'hivemq-platform.tar'
2025-01-28 23:51:28,369 DEBUG c.h.h.t.HelmChartContainer - Successful Helm chart Container startup
2025-01-28 23:51:28,383 INFO t.localhost/testcontainers/nxrc2kpyd1px4pzs:latest - Container localhost/testcontainers/nxrc2kpyd1px4pzs:latest started in PT20.359332552S
2025-01-28 23:51:28,392 DEBUG c.h.h.t.HelmChartContainer - Executing helm command: /bin/helm --kubeconfig /etc/rancher/k3s/k3s.yaml repo add hivemq https://hivemq.github.io/helm-charts
2025-01-28 23:51:29,771 INFO c.h.h.t.HelmChartContainer - [EVENT] Normal [Starting] Starting kubelet. [null:4c591fcc74e6]
2025-01-28 23:51:29,772 INFO c.h.h.t.HelmChartContainer - [EVENT] Warning [InvalidDiskCapacity] invalid capacity 0 on image filesystem [null:4c591fcc74e6]
2025-01-28 23:51:29,774 INFO c.h.h.t.HelmChartContainer - [EVENT] Normal [NodeHasSufficientMemory] Node 4c591fcc74e6 status is now: NodeHasSufficientMemory [null:4c591fcc74e6]
2025-01-28 23:51:29,773 INFO c.h.h.t.HelmChartContainer - Saved kubeconfig file on /tmp/kubeconfig-7582458966151078949.yaml
2025-01-28 23:51:29,774 INFO c.h.h.t.HelmChartContainer - HelmChartContainer is started
2025-01-28 23:51:29,777 INFO c.h.h.t.HelmChartContainer - [EVENT] Normal [NodeHasNoDiskPressure] Node 4c591fcc74e6 status is now: NodeHasNoDiskPressure [null:4c591fcc74e6]
2025-01-28 23:51:29,777 INFO c.h.h.t.HelmChartContainer - [EVENT] Normal [NodeHasSufficientPID] Node 4c591fcc74e6 status is now: NodeHasSufficientPID [null:4c591fcc74e6]
2025-01-28 23:51:29,781 INFO c.h.h.t.HelmChartContainer - [EVENT] Normal [NodeAllocatableEnforced] Updated Node Allocatable limit across pods [null:4c591fcc74e6]
2025-01-28 23:51:29,781 INFO c.h.h.t.HelmChartContainer - [EVENT] Normal [NodeReady] Node 4c591fcc74e6 status is now: NodeReady [null:4c591fcc74e6]
2025-01-28 23:51:29,781 INFO c.h.h.t.HelmChartContainer - [EVENT] Normal [NodePasswordValidationComplete] Deferred node password secret validation complete [null:4c591fcc74e6]
2025-01-28 23:51:29,782 INFO c.h.h.t.HelmChartContainer - [EVENT] Normal [Synced] Node synced successfully [null:4c591fcc74e6]
2025-01-28 23:51:29,783 INFO c.h.h.t.HelmChartContainer - [EVENT] Normal [RegisteredNode] Node 4c591fcc74e6 event: Registered Node 4c591fcc74e6 in Controller [null:4c591fcc74e6]
]]></system-out>
  <system-err><![CDATA[]]></system-err>
</testsuite>
