<?xml version="1.0" encoding="UTF-8"?>
<testsuite name="com.hivemq.helmcharts.LocalHelmChartDeploymentIT" tests="1" skipped="0" failures="0" errors="0" timestamp="2025-01-29T19:03:22" hostname="fv-az1909-612" time="117.279">
  <properties/>
  <testcase name="withLocalImages_mqttMessagePublishedReceived()" classname="com.hivemq.helmcharts.LocalHelmChartDeploymentIT" time="117.279">
    <system-out><![CDATA[2025-01-29 19:03:22,528 INFO t.localhost/testcontainers/y7nv5ozjvenhbkvq:latest - Creating container for image: localhost/testcontainers/y7nv5ozjvenhbkvq:latest
2025-01-29 19:03:22,617 INFO t.localhost/testcontainers/y7nv5ozjvenhbkvq:latest - Container localhost/testcontainers/y7nv5ozjvenhbkvq:latest is starting: f4479ded807c436ff119b73572512e63f710acee56534ed6f1152051d7ba7459
2025-01-29 19:03:22,984 INFO c.h.h.t.OperatorHelmChartContainer - [K3S] [INFO] Starting k3s v1.32.1+k3s1 (6a322f12)
2025-01-29 19:03:22,986 INFO c.h.h.t.OperatorHelmChartContainer - [K3S] [INFO] Configuring sqlite3 database connection pooling: maxIdleConns=2, maxOpenConns=0, connMaxLifetime=0s
2025-01-29 19:03:22,986 INFO c.h.h.t.OperatorHelmChartContainer - [K3S] [INFO] Configuring database table schema and indexes, this may take a moment...
2025-01-29 19:03:22,989 INFO c.h.h.t.OperatorHelmChartContainer - [K3S] [INFO] Database tables and indexes are up to date
2025-01-29 19:03:22,991 INFO c.h.h.t.OperatorHelmChartContainer - [K3S] [INFO] Kine available at unix://kine.sock
2025-01-29 19:03:23,130 INFO c.h.h.t.OperatorHelmChartContainer - [K3S] [INFO] Saving cluster bootstrap data to datastore
2025-01-29 19:03:23,130 INFO c.h.h.t.OperatorHelmChartContainer - [K3S] [WARNING] dynamiclistener [::]:6443: no cached certificate available for preload - deferring certificate load until storage initialization or first client request
2025-01-29 19:03:23,131 INFO c.h.h.t.OperatorHelmChartContainer - [K3S] [INFO] Active TLS secret / (ver=) (count 10): map[listener.cattle.io/cn-10.43.0.1:10.43.0.1 listener.cattle.io/cn-127.0.0.1:127.0.0.1 listener.cattle.io/cn-172.17.0.3:172.17.0.3 listener.cattle.io/cn-__1-f16284:::1 listener.cattle.io/cn-f4479ded807c:f4479ded807c listener.cattle.io/cn-kubernetes:kubernetes listener.cattle.io/cn-kubernetes.default:kubernetes.default listener.cattle.io/cn-kubernetes.default.svc:kubernetes.default.svc listener.cattle.io/cn-kubernetes.default.svc.cluster.local:kubernetes.default.svc.cluster.local listener.cattle.io/cn-localhost:localhost listener.cattle.io/fingerprint:SHA1=AC8419F9D09A0846F9F9A729A49F2AA56937AE72]
2025-01-29 19:03:23,300 INFO c.h.h.t.OperatorHelmChartContainer - [K3S] [INFO] Running kube-apiserver --advertise-port=6443 --allow-privileged=true --anonymous-auth=false --api-audiences=https://kubernetes.default.svc.cluster.local,k3s --authorization-mode=Node,RBAC --bind-address=127.0.0.1 --cert-dir=/var/lib/rancher/k3s/server/tls/temporary-certs --client-ca-file=/var/lib/rancher/k3s/server/tls/client-ca.crt --egress-selector-config-file=/var/lib/rancher/k3s/server/etc/egress-selector-config.yaml --enable-admission-plugins=NodeRestriction --enable-aggregator-routing=true --enable-bootstrap-token-auth=true --etcd-servers=unix://kine.sock --kubelet-certificate-authority=/var/lib/rancher/k3s/server/tls/server-ca.crt --kubelet-client-certificate=/var/lib/rancher/k3s/server/tls/client-kube-apiserver.crt --kubelet-client-key=/var/lib/rancher/k3s/server/tls/client-kube-apiserver.key --kubelet-preferred-address-types=InternalIP,ExternalIP,Hostname --profiling=false --proxy-client-cert-file=/var/lib/rancher/k3s/server/tls/client-auth-proxy.crt --proxy-client-key-file=/var/lib/rancher/k3s/server/tls/client-auth-proxy.key --requestheader-allowed-names=system:auth-proxy --requestheader-client-ca-file=/var/lib/rancher/k3s/server/tls/request-header-ca.crt --requestheader-extra-headers-prefix=X-Remote-Extra- --requestheader-group-headers=X-Remote-Group --requestheader-username-headers=X-Remote-User --secure-port=6444 --service-account-issuer=https://kubernetes.default.svc.cluster.local --service-account-key-file=/var/lib/rancher/k3s/server/tls/service.key --service-account-signing-key-file=/var/lib/rancher/k3s/server/tls/service.current.key --service-cluster-ip-range=10.43.0.0/16 --service-node-port-range=30000-32767 --storage-backend=etcd3 --tls-cert-file=/var/lib/rancher/k3s/server/tls/serving-kube-apiserver.crt --tls-cipher-suites=TLS_ECDHE_ECDSA_WITH_AES_256_GCM_SHA384,TLS_ECDHE_RSA_WITH_AES_256_GCM_SHA384,TLS_ECDHE_ECDSA_WITH_AES_128_GCM_SHA256,TLS_ECDHE_RSA_WITH_AES_128_GCM_SHA256,TLS_ECDHE_ECDSA_WITH_CHACHA20_POLY1305,TLS_ECDHE_RSA_WITH_CHACHA20_POLY1305 --tls-private-key-file=/var/lib/rancher/k3s/server/tls/serving-kube-apiserver.key
2025-01-29 19:03:23,300 INFO c.h.h.t.OperatorHelmChartContainer - [K3S] [INFO] Running kube-scheduler --authentication-kubeconfig=/var/lib/rancher/k3s/server/cred/scheduler.kubeconfig --authorization-kubeconfig=/var/lib/rancher/k3s/server/cred/scheduler.kubeconfig --bind-address=127.0.0.1 --kubeconfig=/var/lib/rancher/k3s/server/cred/scheduler.kubeconfig --leader-elect=false --profiling=false --secure-port=10259
2025-01-29 19:03:23,300 INFO c.h.h.t.OperatorHelmChartContainer - [K3S] [registry.go:256] calling componentGlobalsRegistry.AddFlags more than once, the registry will be set by the latest flags
2025-01-29 19:03:23,300 INFO c.h.h.t.OperatorHelmChartContainer - [K3S] [INFO] Waiting for API server to become available
2025-01-29 19:03:23,301 INFO c.h.h.t.OperatorHelmChartContainer - [K3S] [INFO] Running kube-controller-manager --allocate-node-cidrs=true --authentication-kubeconfig=/var/lib/rancher/k3s/server/cred/controller.kubeconfig --authorization-kubeconfig=/var/lib/rancher/k3s/server/cred/controller.kubeconfig --bind-address=127.0.0.1 --cluster-cidr=10.42.0.0/16 --cluster-signing-kube-apiserver-client-cert-file=/var/lib/rancher/k3s/server/tls/client-ca.nochain.crt --cluster-signing-kube-apiserver-client-key-file=/var/lib/rancher/k3s/server/tls/client-ca.key --cluster-signing-kubelet-client-cert-file=/var/lib/rancher/k3s/server/tls/client-ca.nochain.crt --cluster-signing-kubelet-client-key-file=/var/lib/rancher/k3s/server/tls/client-ca.key --cluster-signing-kubelet-serving-cert-file=/var/lib/rancher/k3s/server/tls/server-ca.nochain.crt --cluster-signing-kubelet-serving-key-file=/var/lib/rancher/k3s/server/tls/server-ca.key --cluster-signing-legacy-unknown-cert-file=/var/lib/rancher/k3s/server/tls/server-ca.nochain.crt --cluster-signing-legacy-unknown-key-file=/var/lib/rancher/k3s/server/tls/server-ca.key --configure-cloud-routes=false --controllers=*,tokencleaner,-service,-route,-cloud-node-lifecycle --kubeconfig=/var/lib/rancher/k3s/server/cred/controller.kubeconfig --leader-elect=false --profiling=false --root-ca-file=/var/lib/rancher/k3s/server/tls/server-ca.crt --secure-port=10257 --service-account-private-key-file=/var/lib/rancher/k3s/server/tls/service.current.key --service-cluster-ip-range=10.43.0.0/16 --use-service-account-credentials=true
2025-01-29 19:03:23,301 INFO c.h.h.t.OperatorHelmChartContainer - [K3S] [options.go:299] unable to set WatchListClient feature gate, err: cannot override default for feature "WatchListClient": gates already added to a flag set
2025-01-29 19:03:23,301 INFO c.h.h.t.OperatorHelmChartContainer - [K3S] [registry.go:256] calling componentGlobalsRegistry.AddFlags more than once, the registry will be set by the latest flags
2025-01-29 19:03:23,301 INFO c.h.h.t.OperatorHelmChartContainer - [K3S] [INFO] Running cloud-controller-manager --allocate-node-cidrs=true --authentication-kubeconfig=/var/lib/rancher/k3s/server/cred/cloud-controller.kubeconfig --authorization-kubeconfig=/var/lib/rancher/k3s/server/cred/cloud-controller.kubeconfig --bind-address=127.0.0.1 --cloud-config=/var/lib/rancher/k3s/server/etc/cloud-config.yaml --cloud-provider=k3s --cluster-cidr=10.42.0.0/16 --configure-cloud-routes=false --controllers=*,-route --kubeconfig=/var/lib/rancher/k3s/server/cred/cloud-controller.kubeconfig --leader-elect=false --leader-elect-resource-name=k3s-cloud-controller-manager --node-status-update-frequency=1m0s --profiling=false
2025-01-29 19:03:23,302 INFO c.h.h.t.OperatorHelmChartContainer - [K3S] [INFO] Server node token is available at /var/lib/rancher/k3s/server/token
2025-01-29 19:03:23,303 INFO c.h.h.t.OperatorHelmChartContainer - [K3S] [registry.go:256] calling componentGlobalsRegistry.AddFlags more than once, the registry will be set by the latest flags
2025-01-29 19:03:23,304 INFO c.h.h.t.OperatorHelmChartContainer - [K3S] [INFO] To join server node to cluster: k3s server -s https://172.17.0.3:6443 -t ${SERVER_NODE_TOKEN}
2025-01-29 19:03:23,304 INFO c.h.h.t.OperatorHelmChartContainer - [K3S] [INFO] Agent node token is available at /var/lib/rancher/k3s/server/agent-token
2025-01-29 19:03:23,305 INFO c.h.h.t.OperatorHelmChartContainer - [K3S] [INFO] To join agent node to cluster: k3s agent -s https://172.17.0.3:6443 -t ${AGENT_NODE_TOKEN}
2025-01-29 19:03:23,305 INFO c.h.h.t.OperatorHelmChartContainer - [K3S] [options.go:238] external host was not specified, using 172.17.0.3
2025-01-29 19:03:23,305 INFO c.h.h.t.OperatorHelmChartContainer - [K3S] [INFO] Wrote kubeconfig /etc/rancher/k3s/k3s.yaml
2025-01-29 19:03:23,305 INFO c.h.h.t.OperatorHelmChartContainer - [K3S] [INFO] Run: k3s kubectl
2025-01-29 19:03:23,305 INFO c.h.h.t.OperatorHelmChartContainer - [K3S] [server.go:151] Version: v1.32.1+k3s1
2025-01-29 19:03:23,305 INFO c.h.h.t.OperatorHelmChartContainer - [K3S] [server.go:153] "Golang settings" GOGC="" GOMAXPROCS="" GOTRACEBACK=""
2025-01-29 19:03:23,850 INFO c.h.h.t.OperatorHelmChartContainer - [K3S] [INFO] Password verified locally for node f4479ded807c
2025-01-29 19:03:23,958 INFO c.h.h.t.OperatorHelmChartContainer - [K3S] [plugins.go:157] Loaded 13 mutating admission controller(s) successfully in the following order: NamespaceLifecycle,LimitRanger,ServiceAccount,NodeRestriction,TaintNodesByCondition,Priority,DefaultTolerationSeconds,DefaultStorageClass,StorageObjectInUseProtection,RuntimeClass,DefaultIngressClass,MutatingAdmissionPolicy,MutatingAdmissionWebhook.
2025-01-29 19:03:23,959 INFO c.h.h.t.OperatorHelmChartContainer - [K3S] [plugins.go:160] Loaded 13 validating admission controller(s) successfully in the following order: LimitRanger,ServiceAccount,PodSecurity,Priority,PersistentVolumeClaimResize,RuntimeClass,CertificateApproval,CertificateSigning,ClusterTrustBundleAttest,CertificateSubjectRestriction,ValidatingAdmissionPolicy,ValidatingAdmissionWebhook,ResourceQuota.
2025-01-29 19:03:23,959 INFO c.h.h.t.OperatorHelmChartContainer - [K3S] [instance.go:233] Using reconciler: lease
2025-01-29 19:03:24,019 INFO c.h.h.t.OperatorHelmChartContainer - [K3S] [apis.go:106] API group "internal.apiserver.k8s.io" is not enabled, skipping.
2025-01-29 19:03:24,060 INFO c.h.h.t.OperatorHelmChartContainer - [K3S] [apis.go:106] API group "storagemigration.k8s.io" is not enabled, skipping.
2025-01-29 19:03:24,083 INFO c.h.h.t.OperatorHelmChartContainer - [K3S] [apis.go:106] API group "resource.k8s.io" is not enabled, skipping.
2025-01-29 19:03:24,399 INFO c.h.h.t.OperatorHelmChartContainer - [K3S] [INFO] Module overlay was already loaded
2025-01-29 19:03:24,399 INFO c.h.h.t.OperatorHelmChartContainer - [K3S] [INFO] Module nf_conntrack was already loaded
2025-01-29 19:03:24,399 INFO c.h.h.t.OperatorHelmChartContainer - [K3S] [INFO] Module br_netfilter was already loaded
2025-01-29 19:03:24,403 INFO c.h.h.t.OperatorHelmChartContainer - [K3S] [INFO] Set sysctl 'net/netfilter/nf_conntrack_max' to 131072
2025-01-29 19:03:24,404 INFO c.h.h.t.OperatorHelmChartContainer - [K3S] [INFO] Set sysctl 'net/netfilter/nf_conntrack_tcp_timeout_established' to 86400
2025-01-29 19:03:24,404 INFO c.h.h.t.OperatorHelmChartContainer - [K3S] [INFO] Set sysctl 'net/netfilter/nf_conntrack_tcp_timeout_close_wait' to 3600
2025-01-29 19:03:24,405 INFO c.h.h.t.OperatorHelmChartContainer - [K3S] [INFO] Logging containerd to /var/lib/rancher/k3s/agent/containerd/containerd.log
2025-01-29 19:03:24,405 INFO c.h.h.t.OperatorHelmChartContainer - [K3S] [INFO] Running containerd -c /var/lib/rancher/k3s/agent/etc/containerd/config.toml -a /run/k3s/containerd/containerd.sock --state /run/k3s/containerd --root /var/lib/rancher/k3s/agent/containerd
2025-01-29 19:03:24,416 INFO c.h.h.t.OperatorHelmChartContainer - [K3S] [secure_serving.go:213] Serving securely on 127.0.0.1:6444
2025-01-29 19:03:24,416 INFO c.h.h.t.OperatorHelmChartContainer - [K3S] [dynamic_cafile_content.go:161] "Starting controller" name="request-header::/var/lib/rancher/k3s/server/tls/request-header-ca.crt"
2025-01-29 19:03:24,416 INFO c.h.h.t.OperatorHelmChartContainer - [K3S] [dynamic_serving_content.go:135] "Starting controller" name="serving-cert::/var/lib/rancher/k3s/server/tls/serving-kube-apiserver.crt::/var/lib/rancher/k3s/server/tls/serving-kube-apiserver.key"
2025-01-29 19:03:24,416 INFO c.h.h.t.OperatorHelmChartContainer - [K3S] [tlsconfig.go:243] "Starting DynamicServingCertificateController"
2025-01-29 19:03:24,416 INFO c.h.h.t.OperatorHelmChartContainer - [K3S] [apiservice_controller.go:100] Starting APIServiceRegistrationController
2025-01-29 19:03:24,416 INFO c.h.h.t.OperatorHelmChartContainer - [K3S] [aggregator.go:169] waiting for initial CRD sync...
2025-01-29 19:03:24,416 INFO c.h.h.t.OperatorHelmChartContainer - [K3S] [controller.go:80] Starting OpenAPI V3 AggregationController
2025-01-29 19:03:24,416 INFO c.h.h.t.OperatorHelmChartContainer - [K3S] [apf_controller.go:377] Starting API Priority and Fairness config controller
2025-01-29 19:03:24,416 INFO c.h.h.t.OperatorHelmChartContainer - [K3S] [customresource_discovery_controller.go:292] Starting DiscoveryController
2025-01-29 19:03:24,416 INFO c.h.h.t.OperatorHelmChartContainer - [K3S] [cluster_authentication_trust_controller.go:462] Starting cluster_authentication_trust_controller controller
2025-01-29 19:03:24,416 INFO c.h.h.t.OperatorHelmChartContainer - [K3S] [system_namespaces_controller.go:66] Starting system namespaces controller
2025-01-29 19:03:24,416 INFO c.h.h.t.OperatorHelmChartContainer - [K3S] [controller.go:119] Starting legacy_token_tracking_controller
2025-01-29 19:03:24,416 INFO c.h.h.t.OperatorHelmChartContainer - [K3S] [controller.go:78] Starting OpenAPI AggregationController
2025-01-29 19:03:24,417 INFO c.h.h.t.OperatorHelmChartContainer - [K3S] [dynamic_serving_content.go:135] "Starting controller" name="aggregator-proxy-cert::/var/lib/rancher/k3s/server/tls/client-auth-proxy.crt::/var/lib/rancher/k3s/server/tls/client-auth-proxy.key"
2025-01-29 19:03:24,422 INFO c.h.h.t.OperatorHelmChartContainer - [K3S] [gc_controller.go:78] Starting apiserver lease garbage collector
2025-01-29 19:03:24,422 INFO c.h.h.t.OperatorHelmChartContainer - [K3S] [local_available_controller.go:156] Starting LocalAvailability controller
2025-01-29 19:03:24,422 INFO c.h.h.t.OperatorHelmChartContainer - [K3S] [remote_available_controller.go:411] Starting RemoteAvailability controller
2025-01-29 19:03:24,422 INFO c.h.h.t.OperatorHelmChartContainer - [K3S] [dynamic_cafile_content.go:161] "Starting controller" name="client-ca-bundle::/var/lib/rancher/k3s/server/tls/client-ca.crt"
2025-01-29 19:03:24,422 INFO c.h.h.t.OperatorHelmChartContainer - [K3S] [crdregistration_controller.go:114] Starting crd-autoregister controller
2025-01-29 19:03:24,427 INFO c.h.h.t.OperatorHelmChartContainer - [K3S] [controller.go:142] Starting OpenAPI controller
2025-01-29 19:03:24,427 INFO c.h.h.t.OperatorHelmChartContainer - [K3S] [controller.go:90] Starting OpenAPI V3 controller
2025-01-29 19:03:24,427 INFO c.h.h.t.OperatorHelmChartContainer - [K3S] [naming_controller.go:294] Starting NamingConditionController
2025-01-29 19:03:24,427 INFO c.h.h.t.OperatorHelmChartContainer - [K3S] [establishing_controller.go:81] Starting EstablishingController
2025-01-29 19:03:24,427 INFO c.h.h.t.OperatorHelmChartContainer - [K3S] [nonstructuralschema_controller.go:195] Starting NonStructuralSchemaConditionController
2025-01-29 19:03:24,428 INFO c.h.h.t.OperatorHelmChartContainer - [K3S] [apiapproval_controller.go:189] Starting KubernetesAPIApprovalPolicyConformantConditionController
2025-01-29 19:03:24,428 INFO c.h.h.t.OperatorHelmChartContainer - [K3S] [crd_finalizer.go:269] Starting CRDFinalizer
2025-01-29 19:03:24,428 INFO c.h.h.t.OperatorHelmChartContainer - [K3S] [dynamic_cafile_content.go:161] "Starting controller" name="client-ca-bundle::/var/lib/rancher/k3s/server/tls/client-ca.crt"
2025-01-29 19:03:24,428 INFO c.h.h.t.OperatorHelmChartContainer - [K3S] [dynamic_cafile_content.go:161] "Starting controller" name="request-header::/var/lib/rancher/k3s/server/tls/request-header-ca.crt"
2025-01-29 19:03:24,516 INFO c.h.h.t.OperatorHelmChartContainer - [K3S] [handler_discovery.go:451] Starting ResourceDiscoveryManager
2025-01-29 19:03:24,516 INFO c.h.h.t.OperatorHelmChartContainer - [K3S] [apf_controller.go:382] Running API Priority and Fairness config worker
2025-01-29 19:03:24,516 INFO c.h.h.t.OperatorHelmChartContainer - [K3S] [apf_controller.go:385] Running API Priority and Fairness periodic rebalancing process
2025-01-29 19:03:24,518 INFO c.h.h.t.OperatorHelmChartContainer - [K3S] [controller.go:145] "Failed to ensure lease exists, will retry" err="namespaces \"kube-system\" not found" interval="200ms"
2025-01-29 19:03:24,518 INFO c.h.h.t.OperatorHelmChartContainer - [K3S] [aggregator.go:171] initial CRD sync complete...
2025-01-29 19:03:24,519 INFO c.h.h.t.OperatorHelmChartContainer - [K3S] [autoregister_controller.go:144] Starting autoregister controller
2025-01-29 19:03:24,553 INFO c.h.h.t.OperatorHelmChartContainer - [K3S] [policy_source.go:240] refreshing policies
2025-01-29 19:03:24,570 INFO c.h.h.t.OperatorHelmChartContainer - [K3S] [controller.go:95] Unable to perform initial Kubernetes service initialization: namespaces "default" not found
2025-01-29 19:03:24,571 INFO c.h.h.t.OperatorHelmChartContainer - [K3S] [controller.go:148] "Unhandled Error" err="while syncing ConfigMap \"kube-system/kube-apiserver-legacy-service-account-token-tracking\", err: namespaces \"kube-system\" not found" logger="UnhandledError"
2025-01-29 19:03:25,409 INFO c.h.h.t.OperatorHelmChartContainer - [K3S] [INFO] containerd is now running
2025-01-29 19:03:25,413 INFO c.h.h.t.OperatorHelmChartContainer - [K3S] [INFO] Connecting to proxy" url="wss://127.0.0.1:6443/v1-k3s/connect
2025-01-29 19:03:25,413 INFO c.h.h.t.OperatorHelmChartContainer - [K3S] [INFO] Creating k3s-cert-monitor event broadcaster
2025-01-29 19:03:25,416 INFO c.h.h.t.OperatorHelmChartContainer - [K3S] [INFO] Running kubelet --cloud-provider=external --config-dir=/var/lib/rancher/k3s/agent/etc/kubelet.conf.d --containerd=/run/k3s/containerd/containerd.sock --hostname-override=f4479ded807c --kubeconfig=/var/lib/rancher/k3s/agent/kubelet.kubeconfig --node-ip=172.17.0.3 --node-labels=
2025-01-29 19:03:25,416 INFO c.h.h.t.OperatorHelmChartContainer - [K3S] [INFO] Handling backend connection request [f4479ded807c]
2025-01-29 19:03:25,416 INFO c.h.h.t.OperatorHelmChartContainer - [K3S] [INFO] Remotedialer connected to proxy" url="wss://127.0.0.1:6443/v1-k3s/connect
2025-01-29 19:03:25,422 INFO c.h.h.t.OperatorHelmChartContainer - [K3S] [storage_scheduling.go:95] created PriorityClass system-node-critical with value 2000001000
2025-01-29 19:03:25,425 INFO c.h.h.t.OperatorHelmChartContainer - [K3S] [storage_scheduling.go:95] created PriorityClass system-cluster-critical with value 2000000000
2025-01-29 19:03:25,425 INFO c.h.h.t.OperatorHelmChartContainer - [K3S] [storage_scheduling.go:111] all system priority classes are created successfully or already exist.
2025-01-29 19:03:25,522 INFO c.h.h.t.OperatorHelmChartContainer - [K3S] [ERROR] Sending HTTP/1.1 503 response to 127.0.0.1:43166: runtime core not ready
2025-01-29 19:03:25,633 INFO c.h.h.t.OperatorHelmChartContainer - [K3S] [INFO] Running kube-proxy --cluster-cidr=10.42.0.0/16 --conntrack-max-per-core=0 --conntrack-tcp-timeout-close-wait=0s --conntrack-tcp-timeout-established=0s --healthz-bind-address=127.0.0.1 --hostname-override=f4479ded807c --kubeconfig=/var/lib/rancher/k3s/agent/kubeproxy.kubeconfig --proxy-mode=iptables
2025-01-29 19:03:25,671 INFO c.h.h.t.OperatorHelmChartContainer - [K3S] [server.go:687] "Failed to retrieve node info" err="nodes \"f4479ded807c\" not found"
2025-01-29 19:03:25,877 INFO c.h.h.t.OperatorHelmChartContainer - [K3S] [alloc.go:330] "allocated clusterIPs" service="default/kubernetes" clusterIPs={"IPv4":"10.43.0.1"}
2025-01-29 19:03:25,880 INFO c.h.h.t.OperatorHelmChartContainer - [K3S] [lease.go:265] Resetting endpoints for master service "kubernetes" to [172.17.0.3]
2025-01-29 19:03:26,306 INFO c.h.h.t.OperatorHelmChartContainer - [K3S] [INFO] Waiting for untainted node
2025-01-29 19:03:26,306 INFO c.h.h.t.OperatorHelmChartContainer - [K3S] [INFO] Waiting for cloud-controller-manager privileges to become available
2025-01-29 19:03:26,309 INFO c.h.h.t.OperatorHelmChartContainer - [K3S] [INFO] Kube API server is now running
2025-01-29 19:03:26,309 INFO c.h.h.t.OperatorHelmChartContainer - [K3S] [INFO] ETCD server is now running
2025-01-29 19:03:26,309 INFO c.h.h.t.OperatorHelmChartContainer - [K3S] [INFO] k3s is up and running
2025-01-29 19:03:26,309 INFO c.h.h.t.OperatorHelmChartContainer - [K3S] [INFO] Creating k3s-supervisor event broadcaster
2025-01-29 19:03:26,313 INFO c.h.h.t.OperatorHelmChartContainer - [K3S] [INFO] Applying CRD addons.k3s.cattle.io
2025-01-29 19:03:26,324 INFO c.h.h.t.OperatorHelmChartContainer - [K3S] [INFO] Applying CRD etcdsnapshotfiles.k3s.cattle.io
2025-01-29 19:03:26,331 INFO c.h.h.t.OperatorHelmChartContainer - [K3S] [INFO] Applying CRD helmcharts.helm.cattle.io
2025-01-29 19:03:26,343 INFO c.h.h.t.OperatorHelmChartContainer - [K3S] [INFO] Applying CRD helmchartconfigs.helm.cattle.io
2025-01-29 19:03:26,356 INFO c.h.h.t.OperatorHelmChartContainer - [K3S] [INFO] Waiting for CRD helmchartconfigs.helm.cattle.io to become available
2025-01-29 19:03:26,422 INFO c.h.h.t.OperatorHelmChartContainer - [K3S] Flag --containerd has been deprecated, This is a cadvisor flag that was mistakenly registered with the Kubelet. Due to legacy concerns, it will follow the standard CLI deprecation timeline before being removed.
2025-01-29 19:03:26,425 INFO c.h.h.t.OperatorHelmChartContainer - [K3S] [server.go:515] "Kubelet version" kubeletVersion="v1.32.1+k3s1"
2025-01-29 19:03:26,425 INFO c.h.h.t.OperatorHelmChartContainer - [K3S] [server.go:517] "Golang settings" GOGC="" GOMAXPROCS="" GOTRACEBACK=""
2025-01-29 19:03:26,427 INFO c.h.h.t.OperatorHelmChartContainer - [K3S] [dynamic_cafile_content.go:161] "Starting controller" name="client-ca-bundle::/var/lib/rancher/k3s/agent/client-ca.crt"
2025-01-29 19:03:26,428 INFO c.h.h.t.OperatorHelmChartContainer - [K3S] [log.go:32] "RuntimeConfig from runtime service failed" err="rpc error: code = Unimplemented desc = method RuntimeConfig not implemented"
2025-01-29 19:03:26,429 INFO c.h.h.t.OperatorHelmChartContainer - [K3S] [server.go:1416] "CRI implementation should be updated to support RuntimeConfig when KubeletCgroupDriverFromCRI feature gate has been enabled. Falling back to using cgroupDriver from kubelet config."
2025-01-29 19:03:26,431 INFO c.h.h.t.OperatorHelmChartContainer - [K3S] [info.go:53] Couldn't collect info from any of the files in "/etc/machine-id,/var/lib/dbus/machine-id"
2025-01-29 19:03:26,432 INFO c.h.h.t.OperatorHelmChartContainer - [K3S] [server.go:767] "--cgroups-per-qos enabled, but --cgroup-root was not specified.  defaulting to /"
2025-01-29 19:03:26,432 INFO c.h.h.t.OperatorHelmChartContainer - [K3S] [server.go:836] "NoSwap is set due to memorySwapBehavior not specified" memorySwapBehavior="" FailSwapOn=false
2025-01-29 19:03:26,432 INFO c.h.h.t.OperatorHelmChartContainer - [K3S] [swap_util.go:115] "Swap is on" /proc/swaps contents=<
2025-01-29 19:03:26,432 INFO c.h.h.t.OperatorHelmChartContainer - [K3S] 	Filename				Type		Size		Used		Priority
2025-01-29 19:03:26,432 INFO c.h.h.t.OperatorHelmChartContainer - [K3S] 	/mnt/swapfile                           file		4194300		12		-2
2025-01-29 19:03:26,432 INFO c.h.h.t.OperatorHelmChartContainer - [K3S]  >
2025-01-29 19:03:26,432 INFO c.h.h.t.OperatorHelmChartContainer - [K3S] [container_manager_linux.go:268] "Container manager verified user specified cgroup-root exists" cgroupRoot=[]
2025-01-29 19:03:26,433 INFO c.h.h.t.OperatorHelmChartContainer - [K3S] [container_manager_linux.go:273] "Creating Container Manager object based on Node Config" nodeConfig={"NodeName":"f4479ded807c","RuntimeCgroupsName":"","SystemCgroupsName":"","KubeletCgroupsName":"/k3s","KubeletOOMScoreAdj":-999,"ContainerRuntime":"","CgroupsPerQOS":true,"CgroupRoot":"/","CgroupDriver":"cgroupfs","KubeletRootDir":"/var/lib/kubelet","ProtectKernelDefaults":false,"KubeReservedCgroupName":"","SystemReservedCgroupName":"","ReservedSystemCPUs":{},"EnforceNodeAllocatable":{"pods":{}},"KubeReserved":null,"SystemReserved":null,"HardEvictionThresholds":[{"Signal":"imagefs.available","Operator":"LessThan","Value":{"Quantity":null,"Percentage":0.05},"GracePeriod":0,"MinReclaim":null},{"Signal":"nodefs.available","Operator":"LessThan","Value":{"Quantity":null,"Percentage":0.05},"GracePeriod":0,"MinReclaim":null}],"QOSReserved":{},"CPUManagerPolicy":"none","CPUManagerPolicyOptions":null,"TopologyManagerScope":"container","CPUManagerReconcilePeriod":10000000000,"ExperimentalMemoryManagerPolicy":"None","ExperimentalMemoryManagerReservedMemory":null,"PodPidsLimit":-1,"EnforceCPULimits":true,"CPUCFSQuotaPeriod":100000000,"TopologyManagerPolicy":"none","TopologyManagerPolicyOptions":null,"CgroupVersion":2}
2025-01-29 19:03:26,433 INFO c.h.h.t.OperatorHelmChartContainer - [K3S] [topology_manager.go:138] "Creating topology manager with none policy"
2025-01-29 19:03:26,433 INFO c.h.h.t.OperatorHelmChartContainer - [K3S] [container_manager_linux.go:304] "Creating device plugin manager"
2025-01-29 19:03:26,433 INFO c.h.h.t.OperatorHelmChartContainer - [K3S] [state_mem.go:36] "Initialized new in-memory state store"
2025-01-29 19:03:26,433 INFO c.h.h.t.OperatorHelmChartContainer - [K3S] [kubelet.go:446] "Attempting to sync node with API server"
2025-01-29 19:03:26,433 INFO c.h.h.t.OperatorHelmChartContainer - [K3S] [kubelet.go:341] "Adding static pod path" path="/var/lib/rancher/k3s/agent/pod-manifests"
2025-01-29 19:03:26,433 INFO c.h.h.t.OperatorHelmChartContainer - [K3S] [kubelet.go:352] "Adding apiserver pod source"
2025-01-29 19:03:26,433 INFO c.h.h.t.OperatorHelmChartContainer - [K3S] [apiserver.go:42] "Waiting for node sync before watching apiserver pods"
2025-01-29 19:03:26,437 INFO c.h.h.t.OperatorHelmChartContainer - [K3S] [kuberuntime_manager.go:269] "Container runtime initialized" containerRuntime="containerd" version="v1.7.23-k3s2" apiVersion="v1"
2025-01-29 19:03:26,437 INFO c.h.h.t.OperatorHelmChartContainer - [K3S] [kubelet.go:890] "Not starting ClusterTrustBundle informer because we are in static kubelet mode"
2025-01-29 19:03:26,437 INFO c.h.h.t.OperatorHelmChartContainer - [K3S] [probe.go:272] Flexvolume plugin directory at /usr/libexec/kubernetes/kubelet-plugins/volume/exec/ does not exist. Recreating.
2025-01-29 19:03:26,438 INFO c.h.h.t.OperatorHelmChartContainer - [K3S] [watchdog_linux.go:99] "Systemd watchdog is not enabled"
2025-01-29 19:03:26,438 INFO c.h.h.t.OperatorHelmChartContainer - [K3S] [server.go:1282] "Started kubelet"
2025-01-29 19:03:26,438 INFO c.h.h.t.OperatorHelmChartContainer - [K3S] [server.go:169] "Starting to listen" address="0.0.0.0" port=10250
2025-01-29 19:03:26,438 INFO c.h.h.t.OperatorHelmChartContainer - [K3S] [server.go:208] "Starting to listen read-only" address="0.0.0.0" port=10255
2025-01-29 19:03:26,438 INFO c.h.h.t.OperatorHelmChartContainer - [K3S] [ratelimit.go:55] "Setting rate limiting for endpoint" service="podresources" qps=100 burstTokens=10
2025-01-29 19:03:26,438 INFO c.h.h.t.OperatorHelmChartContainer - [K3S] [server.go:243] "Starting to serve the podresources API" endpoint="unix:/var/lib/kubelet/pod-resources/kubelet.sock"
2025-01-29 19:03:26,438 INFO c.h.h.t.OperatorHelmChartContainer - [K3S] [server.go:490] "Adding debug handlers to kubelet server"
2025-01-29 19:03:26,438 INFO c.h.h.t.OperatorHelmChartContainer - [K3S] [fs_resource_analyzer.go:67] "Starting FS ResourceAnalyzer"
2025-01-29 19:03:26,441 INFO c.h.h.t.OperatorHelmChartContainer - [K3S] [kubelet.go:1561] "Image garbage collection failed once. Stats initialization may not have completed yet" err="invalid capacity 0 on image filesystem"
2025-01-29 19:03:26,443 INFO c.h.h.t.OperatorHelmChartContainer - [K3S] [dynamic_serving_content.go:135] "Starting controller" name="kubelet-server-cert-files::/var/lib/rancher/k3s/agent/serving-kubelet.crt::/var/lib/rancher/k3s/agent/serving-kubelet.key"
2025-01-29 19:03:26,444 INFO c.h.h.t.OperatorHelmChartContainer - [K3S] [volume_manager.go:297] "Starting Kubelet Volume Manager"
2025-01-29 19:03:26,444 INFO c.h.h.t.OperatorHelmChartContainer - [K3S] [kubelet_node_status.go:467] "Error getting the current node from lister" err="node \"f4479ded807c\" not found"
2025-01-29 19:03:26,447 INFO c.h.h.t.OperatorHelmChartContainer - [K3S] [desired_state_of_world_populator.go:149] "Desired state populator starts to run"
2025-01-29 19:03:26,448 INFO c.h.h.t.OperatorHelmChartContainer - [K3S] [reconciler.go:26] "Reconciler: start to sync state"
2025-01-29 19:03:26,448 INFO c.h.h.t.OperatorHelmChartContainer - [K3S] [factory.go:221] Registration of the systemd container factory successfully
2025-01-29 19:03:26,449 INFO c.h.h.t.OperatorHelmChartContainer - [K3S] [factory.go:219] Registration of the crio container factory failed: Get "http://%2Fvar%2Frun%2Fcrio%2Fcrio.sock/info": dial unix /var/run/crio/crio.sock: connect: no such file or directory
2025-01-29 19:03:26,451 INFO c.h.h.t.OperatorHelmChartContainer - [K3S] [factory.go:221] Registration of the containerd container factory successfully
2025-01-29 19:03:26,451 INFO c.h.h.t.OperatorHelmChartContainer - [K3S] [kubelet_network_linux.go:50] "Initialized iptables rules." protocol="IPv4"
2025-01-29 19:03:26,452 INFO c.h.h.t.OperatorHelmChartContainer - [K3S] [nodelease.go:49] "Failed to get node when trying to set owner ref to the node lease" err="nodes \"f4479ded807c\" not found" node="f4479ded807c"
2025-01-29 19:03:26,452 INFO c.h.h.t.OperatorHelmChartContainer - [K3S] [kubelet_network_linux.go:50] "Initialized iptables rules." protocol="IPv6"
2025-01-29 19:03:26,452 INFO c.h.h.t.OperatorHelmChartContainer - [K3S] [status_manager.go:227] "Starting to sync pod status with apiserver"
2025-01-29 19:03:26,453 INFO c.h.h.t.OperatorHelmChartContainer - [K3S] [watchdog_linux.go:127] "Systemd watchdog is not enabled or the interval is invalid, so health checking will not be started."
2025-01-29 19:03:26,453 INFO c.h.h.t.OperatorHelmChartContainer - [K3S] [kubelet.go:2388] "Starting kubelet main sync loop"
2025-01-29 19:03:26,453 INFO c.h.h.t.OperatorHelmChartContainer - [K3S] [kubelet.go:2412] "Skipping pod synchronization" err="[container runtime status check may not have completed yet, PLEG is not healthy: pleg has yet to be successful]"
2025-01-29 19:03:26,488 INFO c.h.h.t.OperatorHelmChartContainer - [K3S] [cpu_manager.go:221] "Starting CPU manager" policy="none"
2025-01-29 19:03:26,489 INFO c.h.h.t.OperatorHelmChartContainer - [K3S] [cpu_manager.go:222] "Reconciling" reconcilePeriod="10s"
2025-01-29 19:03:26,489 INFO c.h.h.t.OperatorHelmChartContainer - [K3S] [state_mem.go:36] "Initialized new in-memory state store"
2025-01-29 19:03:26,491 INFO c.h.h.t.OperatorHelmChartContainer - [K3S] [policy_none.go:49] "None policy: Start"
2025-01-29 19:03:26,491 INFO c.h.h.t.OperatorHelmChartContainer - [K3S] [memory_manager.go:186] "Starting memorymanager" policy="None"
2025-01-29 19:03:26,491 INFO c.h.h.t.OperatorHelmChartContainer - [K3S] [state_mem.go:35] "Initializing new in-memory state store"
2025-01-29 19:03:26,493 INFO c.h.h.t.OperatorHelmChartContainer - [K3S] [manager.go:519] "Failed to read data from checkpoint" checkpoint="kubelet_internal_checkpoint" err="checkpoint is not found"
2025-01-29 19:03:26,493 INFO c.h.h.t.OperatorHelmChartContainer - [K3S] [eviction_manager.go:189] "Eviction manager: starting control loop"
2025-01-29 19:03:26,494 INFO c.h.h.t.OperatorHelmChartContainer - [K3S] [container_log_manager.go:189] "Initializing container log rotate workers" workers=1 monitorPeriod="10s"
2025-01-29 19:03:26,494 INFO c.h.h.t.OperatorHelmChartContainer - [K3S] [plugin_manager.go:118] "Starting Kubelet Plugin Manager"
2025-01-29 19:03:26,495 INFO c.h.h.t.OperatorHelmChartContainer - [K3S] [eviction_manager.go:267] "eviction manager: failed to check if we have separate container filesystem. Ignoring." err="no imagefs label for configured runtime"
2025-01-29 19:03:26,496 INFO c.h.h.t.OperatorHelmChartContainer - [K3S] [eviction_manager.go:292] "Eviction manager: failed to get summary stats" err="failed to get node info: node \"f4479ded807c\" not found"
2025-01-29 19:03:26,595 INFO c.h.h.t.OperatorHelmChartContainer - [K3S] [kubelet_node_status.go:76] "Attempting to register node" node="f4479ded807c"
2025-01-29 19:03:26,598 INFO c.h.h.t.OperatorHelmChartContainer - [K3S] [kubelet_node_status.go:79] "Successfully registered node" node="f4479ded807c"
2025-01-29 19:03:26,598 INFO c.h.h.t.OperatorHelmChartContainer - [K3S] [kubelet_node_status.go:549] "Error updating node status, will retry" err="error getting node \"f4479ded807c\": node \"f4479ded807c\" not found"
2025-01-29 19:03:26,602 INFO c.h.h.t.OperatorHelmChartContainer - [K3S] [INFO] Annotations and labels have been set successfully on node: f4479ded807c
2025-01-29 19:03:26,603 INFO c.h.h.t.OperatorHelmChartContainer - [K3S] [INFO] Starting flannel with backend vxlan
2025-01-29 19:03:26,722 INFO c.h.h.t.OperatorHelmChartContainer - [K3S] [serving.go:392] Generated self-signed cert in-memory
2025-01-29 19:03:26,805 INFO c.h.h.t.OperatorHelmChartContainer - [K3S] [kubelet_node_status.go:502] "Fast updating node status as it just became ready"
2025-01-29 19:03:26,818 INFO c.h.h.t.OperatorHelmChartContainer - [K3S] [server.go:698] "Successfully retrieved node IP(s)" IPs=["172.17.0.3"]
2025-01-29 19:03:26,818 INFO c.h.h.t.OperatorHelmChartContainer - [K3S] [server.go:234] "Kube-proxy configuration may be incomplete or incorrect" err="nodePortAddresses is unset; NodePort connections will be accepted on all local IPs. Consider using `--nodeport-addresses primary`"
2025-01-29 19:03:26,821 INFO c.h.h.t.OperatorHelmChartContainer - [K3S] [server.go:243] "kube-proxy running in dual-stack mode" primary ipFamily="IPv4"
2025-01-29 19:03:26,821 INFO c.h.h.t.OperatorHelmChartContainer - [K3S] [server_linux.go:170] "Using iptables Proxier"
2025-01-29 19:03:26,822 INFO c.h.h.t.OperatorHelmChartContainer - [K3S] [proxier.go:255] "Setting route_localnet=1 to allow node-ports on localhost; to change this either disable iptables.localhostNodePorts (--iptables-localhost-nodeports) or set nodePortAddresses (--nodeport-addresses) to filter loopback addresses"
2025-01-29 19:03:26,824 INFO c.h.h.t.OperatorHelmChartContainer - [K3S] [server.go:497] "Version info" version="v1.32.1+k3s1"
2025-01-29 19:03:26,824 INFO c.h.h.t.OperatorHelmChartContainer - [K3S] [server.go:499] "Golang settings" GOGC="" GOMAXPROCS="" GOTRACEBACK=""
2025-01-29 19:03:26,824 INFO c.h.h.t.OperatorHelmChartContainer - [K3S] [config.go:199] "Starting service config controller"
2025-01-29 19:03:26,824 INFO c.h.h.t.OperatorHelmChartContainer - [K3S] [config.go:105] "Starting endpoint slice config controller"
2025-01-29 19:03:26,831 INFO c.h.h.t.OperatorHelmChartContainer - [K3S] [config.go:329] "Starting node config controller"
2025-01-29 19:03:26,862 INFO c.h.h.t.OperatorHelmChartContainer - [K3S] [INFO] Done waiting for CRD helmchartconfigs.helm.cattle.io to become available
2025-01-29 19:03:26,862 INFO c.h.h.t.OperatorHelmChartContainer - [K3S] [INFO] Writing static file: /var/lib/rancher/k3s/server/static/charts/traefik-crd-27.0.201+up27.0.2.tgz
2025-01-29 19:03:26,862 INFO c.h.h.t.OperatorHelmChartContainer - [K3S] [INFO] Writing static file: /var/lib/rancher/k3s/server/static/charts/traefik-27.0.201+up27.0.2.tgz
2025-01-29 19:03:26,862 INFO c.h.h.t.OperatorHelmChartContainer - [K3S] [INFO] Writing manifest: /var/lib/rancher/k3s/server/manifests/coredns.yaml
2025-01-29 19:03:26,862 INFO c.h.h.t.OperatorHelmChartContainer - [K3S] [INFO] Writing manifest: /var/lib/rancher/k3s/server/manifests/metrics-server/auth-delegator.yaml
2025-01-29 19:03:26,862 INFO c.h.h.t.OperatorHelmChartContainer - [K3S] [INFO] Writing manifest: /var/lib/rancher/k3s/server/manifests/metrics-server/auth-reader.yaml
2025-01-29 19:03:26,862 INFO c.h.h.t.OperatorHelmChartContainer - [K3S] [INFO] Writing manifest: /var/lib/rancher/k3s/server/manifests/metrics-server/metrics-server-deployment.yaml
2025-01-29 19:03:26,862 INFO c.h.h.t.OperatorHelmChartContainer - [K3S] [INFO] Writing manifest: /var/lib/rancher/k3s/server/manifests/metrics-server/metrics-server-service.yaml
2025-01-29 19:03:26,863 INFO c.h.h.t.OperatorHelmChartContainer - [K3S] [INFO] Writing manifest: /var/lib/rancher/k3s/server/manifests/metrics-server/resource-reader.yaml
2025-01-29 19:03:26,863 INFO c.h.h.t.OperatorHelmChartContainer - [K3S] [INFO] Writing manifest: /var/lib/rancher/k3s/server/manifests/rolebindings.yaml
2025-01-29 19:03:26,863 INFO c.h.h.t.OperatorHelmChartContainer - [K3S] [INFO] Writing manifest: /var/lib/rancher/k3s/server/manifests/ccm.yaml
2025-01-29 19:03:26,863 INFO c.h.h.t.OperatorHelmChartContainer - [K3S] [INFO] Writing manifest: /var/lib/rancher/k3s/server/manifests/metrics-server/aggregated-metrics-reader.yaml
2025-01-29 19:03:26,865 INFO c.h.h.t.OperatorHelmChartContainer - [K3S] [INFO] Writing manifest: /var/lib/rancher/k3s/server/manifests/metrics-server/metrics-apiservice.yaml
2025-01-29 19:03:26,866 INFO c.h.h.t.OperatorHelmChartContainer - [K3S] [INFO] Writing manifest: /var/lib/rancher/k3s/server/manifests/runtimes.yaml
2025-01-29 19:03:26,866 INFO c.h.h.t.OperatorHelmChartContainer - [K3S] [INFO] Writing manifest: /var/lib/rancher/k3s/server/manifests/local-storage.yaml
2025-01-29 19:03:26,866 INFO c.h.h.t.OperatorHelmChartContainer - [K3S] [INFO] Starting dynamiclistener CN filter node controller with SANs: [localhost 127.0.0.1 ::1 localhost f4479ded807c 172.17.0.3 10.43.0.1 kubernetes kubernetes.default kubernetes.default.svc kubernetes.default.svc.cluster.local]
2025-01-29 19:03:26,867 INFO c.h.h.t.OperatorHelmChartContainer - [K3S] [INFO] Tunnel server egress proxy mode: agent
2025-01-29 19:03:26,934 INFO c.h.h.t.OperatorHelmChartContainer - [K3S] [controllermanager.go:185] "Starting" version="v1.32.1+k3s1"
2025-01-29 19:03:26,934 INFO c.h.h.t.OperatorHelmChartContainer - [K3S] [controllermanager.go:187] "Golang settings" GOGC="" GOMAXPROCS="" GOTRACEBACK=""
2025-01-29 19:03:26,937 INFO c.h.h.t.OperatorHelmChartContainer - [K3S] [configmap_cafile_content.go:205] "Starting controller" name="client-ca::kube-system::extension-apiserver-authentication::client-ca-file"
2025-01-29 19:03:26,937 INFO c.h.h.t.OperatorHelmChartContainer - [K3S] [configmap_cafile_content.go:205] "Starting controller" name="client-ca::kube-system::extension-apiserver-authentication::requestheader-client-ca-file"
2025-01-29 19:03:26,937 INFO c.h.h.t.OperatorHelmChartContainer - [K3S] [requestheader_controller.go:180] Starting RequestHeaderAuthRequestController
2025-01-29 19:03:26,939 INFO c.h.h.t.OperatorHelmChartContainer - [K3S] [tlsconfig.go:243] "Starting DynamicServingCertificateController"
2025-01-29 19:03:26,940 INFO c.h.h.t.OperatorHelmChartContainer - [K3S] [secure_serving.go:213] Serving securely on 127.0.0.1:10257
2025-01-29 19:03:26,943 INFO c.h.h.t.OperatorHelmChartContainer - [K3S] [controllermanager.go:765] "Started controller" controller="serviceaccount-token-controller"
2025-01-29 19:03:26,943 INFO c.h.h.t.OperatorHelmChartContainer - [K3S] [controllermanager.go:717] "Controller is disabled by a feature gate" controller="kube-apiserver-serving-clustertrustbundle-publisher-controller" requiredFeatureGates=["ClusterTrustBundle"]
2025-01-29 19:03:26,957 INFO c.h.h.t.OperatorHelmChartContainer - [K3S] [graph_builder.go:351] "Running" component="GraphBuilder"
2025-01-29 19:03:26,957 INFO c.h.h.t.OperatorHelmChartContainer - [K3S] [controllermanager.go:765] "Started controller" controller="garbage-collector-controller"
2025-01-29 19:03:26,968 INFO c.h.h.t.OperatorHelmChartContainer - [K3S] [controllermanager.go:765] "Started controller" controller="horizontal-pod-autoscaler-controller"
2025-01-29 19:03:26,968 INFO c.h.h.t.OperatorHelmChartContainer - [K3S] [horizontal.go:201] "Starting HPA controller"
2025-01-29 19:03:26,973 INFO c.h.h.t.OperatorHelmChartContainer - [K3S] [INFO] Starting k3s.cattle.io/v1, Kind=Addon controller
2025-01-29 19:03:26,973 INFO c.h.h.t.OperatorHelmChartContainer - [K3S] [INFO] Creating deploy event broadcaster
2025-01-29 19:03:26,975 INFO c.h.h.t.OperatorHelmChartContainer - [K3S] [node_lifecycle_controller.go:432] "Controller will reconcile labels"
2025-01-29 19:03:26,975 INFO c.h.h.t.OperatorHelmChartContainer - [K3S] [controllermanager.go:765] "Started controller" controller="node-lifecycle-controller"
2025-01-29 19:03:26,975 INFO c.h.h.t.OperatorHelmChartContainer - [K3S] [controllermanager.go:717] "Controller is disabled by a feature gate" controller="volumeattributesclass-protection-controller" requiredFeatureGates=["VolumeAttributesClass"]
2025-01-29 19:03:26,976 INFO c.h.h.t.OperatorHelmChartContainer - [K3S] [node_lifecycle_controller.go:466] "Sending events to api server"
2025-01-29 19:03:26,976 INFO c.h.h.t.OperatorHelmChartContainer - [K3S] [node_lifecycle_controller.go:477] "Starting node controller"
2025-01-29 19:03:26,981 INFO c.h.h.t.OperatorHelmChartContainer - [K3S] [controllermanager.go:765] "Started controller" controller="persistentvolume-protection-controller"
2025-01-29 19:03:26,981 INFO c.h.h.t.OperatorHelmChartContainer - [K3S] [pv_protection_controller.go:81] "Starting PV protection controller"
2025-01-29 19:03:26,987 INFO c.h.h.t.OperatorHelmChartContainer - [K3S] [controllermanager.go:765] "Started controller" controller="root-ca-certificate-publisher-controller"
2025-01-29 19:03:26,987 INFO c.h.h.t.OperatorHelmChartContainer - [K3S] [publisher.go:107] "Starting root CA cert publisher controller"
2025-01-29 19:03:26,993 INFO c.h.h.t.OperatorHelmChartContainer - [K3S] [controllermanager.go:765] "Started controller" controller="endpoints-controller"
2025-01-29 19:03:26,993 INFO c.h.h.t.OperatorHelmChartContainer - [K3S] [endpoints_controller.go:182] "Starting endpoint controller"
2025-01-29 19:03:26,999 INFO c.h.h.t.OperatorHelmChartContainer - [K3S] [controllermanager.go:765] "Started controller" controller="ttl-controller"
2025-01-29 19:03:27,000 INFO c.h.h.t.OperatorHelmChartContainer - [K3S] [controllermanager.go:723] "Skipping a cloud provider controller" controller="cloud-node-lifecycle-controller"
2025-01-29 19:03:27,000 INFO c.h.h.t.OperatorHelmChartContainer - [K3S] [ttl_controller.go:127] "Starting TTL controller"
2025-01-29 19:03:27,006 INFO c.h.h.t.OperatorHelmChartContainer - [K3S] [controllermanager.go:765] "Started controller" controller="persistentvolume-attach-detach-controller"
2025-01-29 19:03:27,006 INFO c.h.h.t.OperatorHelmChartContainer - [K3S] [attach_detach_controller.go:338] "Starting attach detach controller"
2025-01-29 19:03:27,077 INFO c.h.h.t.OperatorHelmChartContainer - [K3S] [INFO] Starting /v1, Kind=Node controller
2025-01-29 19:03:27,078 INFO c.h.h.t.OperatorHelmChartContainer - [K3S] [INFO] Creating helm-controller event broadcaster
2025-01-29 19:03:27,088 INFO c.h.h.t.OperatorHelmChartContainer - [K3S] [INFO] Labels and annotations have been set successfully on node: f4479ded807c
2025-01-29 19:03:27,102 INFO c.h.h.t.OperatorHelmChartContainer - [K3S] [INFO] Cluster dns configmap has been set successfully
2025-01-29 19:03:27,130 INFO c.h.h.t.OperatorHelmChartContainer - [K3S] [INFO] Starting /v1, Kind=ConfigMap controller
2025-01-29 19:03:27,130 INFO c.h.h.t.OperatorHelmChartContainer - [K3S] [INFO] Starting /v1, Kind=Secret controller
2025-01-29 19:03:27,130 INFO c.h.h.t.OperatorHelmChartContainer - [K3S] [INFO] Starting /v1, Kind=ServiceAccount controller
2025-01-29 19:03:27,135 INFO c.h.h.t.OperatorHelmChartContainer - [K3S] [INFO] Updating TLS secret for kube-system/k3s-serving (count: 10): map[listener.cattle.io/cn-10.43.0.1:10.43.0.1 listener.cattle.io/cn-127.0.0.1:127.0.0.1 listener.cattle.io/cn-172.17.0.3:172.17.0.3 listener.cattle.io/cn-__1-f16284:::1 listener.cattle.io/cn-f4479ded807c:f4479ded807c listener.cattle.io/cn-kubernetes:kubernetes listener.cattle.io/cn-kubernetes.default:kubernetes.default listener.cattle.io/cn-kubernetes.default.svc:kubernetes.default.svc listener.cattle.io/cn-kubernetes.default.svc.cluster.local:kubernetes.default.svc.cluster.local listener.cattle.io/cn-localhost:localhost listener.cattle.io/fingerprint:SHA1=AC8419F9D09A0846F9F9A729A49F2AA56937AE72]
2025-01-29 19:03:27,137 INFO c.h.h.t.OperatorHelmChartContainer - [K3S] [INFO] Active TLS secret kube-system/k3s-serving (ver=238) (count 10): map[listener.cattle.io/cn-10.43.0.1:10.43.0.1 listener.cattle.io/cn-127.0.0.1:127.0.0.1 listener.cattle.io/cn-172.17.0.3:172.17.0.3 listener.cattle.io/cn-__1-f16284:::1 listener.cattle.io/cn-f4479ded807c:f4479ded807c listener.cattle.io/cn-kubernetes:kubernetes listener.cattle.io/cn-kubernetes.default:kubernetes.default listener.cattle.io/cn-kubernetes.default.svc:kubernetes.default.svc listener.cattle.io/cn-kubernetes.default.svc.cluster.local:kubernetes.default.svc.cluster.local listener.cattle.io/cn-localhost:localhost listener.cattle.io/fingerprint:SHA1=AC8419F9D09A0846F9F9A729A49F2AA56937AE72]
2025-01-29 19:03:27,147 INFO c.h.h.t.OperatorHelmChartContainer - [K3S] [controllermanager.go:765] "Started controller" controller="certificatesigningrequest-approving-controller"
2025-01-29 19:03:27,147 INFO c.h.h.t.OperatorHelmChartContainer - [K3S] [certificate_controller.go:120] "Starting certificate controller" name="csrapproving"
2025-01-29 19:03:27,187 INFO c.h.h.t.OperatorHelmChartContainer - [K3S] [INFO] Starting helm.cattle.io/v1, Kind=HelmChartConfig controller
2025-01-29 19:03:27,188 INFO c.h.h.t.OperatorHelmChartContainer - [K3S] [INFO] Starting helm.cattle.io/v1, Kind=HelmChart controller
2025-01-29 19:03:27,190 INFO c.h.h.t.OperatorHelmChartContainer - [K3S] [INFO] Starting rbac.authorization.k8s.io/v1, Kind=ClusterRoleBinding controller
2025-01-29 19:03:27,193 INFO c.h.h.t.OperatorHelmChartContainer - [K3S] [INFO] Starting batch/v1, Kind=Job controller
2025-01-29 19:03:27,233 INFO c.h.h.t.OperatorHelmChartContainer - [K3S] [INFO] Updating TLS secret for kube-system/k3s-serving (count: 10): map[listener.cattle.io/cn-10.43.0.1:10.43.0.1 listener.cattle.io/cn-127.0.0.1:127.0.0.1 listener.cattle.io/cn-172.17.0.3:172.17.0.3 listener.cattle.io/cn-__1-f16284:::1 listener.cattle.io/cn-f4479ded807c:f4479ded807c listener.cattle.io/cn-kubernetes:kubernetes listener.cattle.io/cn-kubernetes.default:kubernetes.default listener.cattle.io/cn-kubernetes.default.svc:kubernetes.default.svc listener.cattle.io/cn-kubernetes.default.svc.cluster.local:kubernetes.default.svc.cluster.local listener.cattle.io/cn-localhost:localhost listener.cattle.io/fingerprint:SHA1=AC8419F9D09A0846F9F9A729A49F2AA56937AE72]
2025-01-29 19:03:27,301 INFO c.h.h.t.OperatorHelmChartContainer - [K3S] [range_allocator.go:112] "No Secondary Service CIDR provided. Skipping filtering out secondary service addresses"
2025-01-29 19:03:27,302 INFO c.h.h.t.OperatorHelmChartContainer - [K3S] [controllermanager.go:765] "Started controller" controller="node-ipam-controller"
2025-01-29 19:03:27,302 INFO c.h.h.t.OperatorHelmChartContainer - [K3S] [node_ipam_controller.go:141] "Starting ipam controller"
2025-01-29 19:03:27,433 INFO c.h.h.t.OperatorHelmChartContainer - [K3S] [apiserver.go:52] "Watching apiserver"
2025-01-29 19:03:27,447 INFO c.h.h.t.OperatorHelmChartContainer - [K3S] [controllermanager.go:765] "Started controller" controller="clusterrole-aggregation-controller"
2025-01-29 19:03:27,447 INFO c.h.h.t.OperatorHelmChartContainer - [K3S] [clusterroleaggregation_controller.go:194] "Starting ClusterRoleAggregator controller"
2025-01-29 19:03:27,448 INFO c.h.h.t.OperatorHelmChartContainer - [K3S] [desired_state_of_world_populator.go:157] "Finished populating initial desired state of world"
2025-01-29 19:03:27,597 INFO c.h.h.t.OperatorHelmChartContainer - [K3S] [controllermanager.go:765] "Started controller" controller="persistentvolumeclaim-protection-controller"
2025-01-29 19:03:27,597 INFO c.h.h.t.OperatorHelmChartContainer - [K3S] [pvc_protection_controller.go:168] "Starting PVC protection controller"
2025-01-29 19:03:27,748 INFO c.h.h.t.OperatorHelmChartContainer - [K3S] [controllermanager.go:765] "Started controller" controller="endpointslice-controller"
2025-01-29 19:03:27,748 INFO c.h.h.t.OperatorHelmChartContainer - [K3S] [endpointslice_controller.go:281] "Starting endpoint slice controller"
2025-01-29 19:03:27,903 INFO c.h.h.t.OperatorHelmChartContainer - [K3S] [controllermanager.go:765] "Started controller" controller="replicationcontroller-controller"
2025-01-29 19:03:27,903 INFO c.h.h.t.OperatorHelmChartContainer - [K3S] [replica_set.go:217] "Starting controller" name="replicationcontroller"
2025-01-29 19:03:28,048 INFO c.h.h.t.OperatorHelmChartContainer - [K3S] [controllermanager.go:765] "Started controller" controller="statefulset-controller"
2025-01-29 19:03:28,048 INFO c.h.h.t.OperatorHelmChartContainer - [K3S] [stateful_set.go:166] "Starting stateful set controller"
2025-01-29 19:03:28,097 INFO c.h.h.t.OperatorHelmChartContainer - [K3S] [certificate_controller.go:120] "Starting certificate controller" name="csrsigning-kubelet-serving"
2025-01-29 19:03:28,097 INFO c.h.h.t.OperatorHelmChartContainer - [K3S] [dynamic_serving_content.go:135] "Starting controller" name="csr-controller::/var/lib/rancher/k3s/server/tls/server-ca.nochain.crt::/var/lib/rancher/k3s/server/tls/server-ca.key"
2025-01-29 19:03:28,097 INFO c.h.h.t.OperatorHelmChartContainer - [K3S] [certificate_controller.go:120] "Starting certificate controller" name="csrsigning-kubelet-client"
2025-01-29 19:03:28,097 INFO c.h.h.t.OperatorHelmChartContainer - [K3S] [dynamic_serving_content.go:135] "Starting controller" name="csr-controller::/var/lib/rancher/k3s/server/tls/client-ca.nochain.crt::/var/lib/rancher/k3s/server/tls/client-ca.key"
2025-01-29 19:03:28,098 INFO c.h.h.t.OperatorHelmChartContainer - [K3S] [certificate_controller.go:120] "Starting certificate controller" name="csrsigning-kube-apiserver-client"
2025-01-29 19:03:28,098 INFO c.h.h.t.OperatorHelmChartContainer - [K3S] [controllermanager.go:765] "Started controller" controller="certificatesigningrequest-signing-controller"
2025-01-29 19:03:28,098 INFO c.h.h.t.OperatorHelmChartContainer - [K3S] [dynamic_serving_content.go:135] "Starting controller" name="csr-controller::/var/lib/rancher/k3s/server/tls/client-ca.nochain.crt::/var/lib/rancher/k3s/server/tls/client-ca.key"
2025-01-29 19:03:28,098 INFO c.h.h.t.OperatorHelmChartContainer - [K3S] [certificate_controller.go:120] "Starting certificate controller" name="csrsigning-legacy-unknown"
2025-01-29 19:03:28,098 INFO c.h.h.t.OperatorHelmChartContainer - [K3S] [dynamic_serving_content.go:135] "Starting controller" name="csr-controller::/var/lib/rancher/k3s/server/tls/server-ca.nochain.crt::/var/lib/rancher/k3s/server/tls/server-ca.key"
2025-01-29 19:03:28,350 INFO c.h.h.t.OperatorHelmChartContainer - [K3S] [controllermanager.go:765] "Started controller" controller="namespace-controller"
2025-01-29 19:03:28,350 INFO c.h.h.t.OperatorHelmChartContainer - [K3S] [namespace_controller.go:202] "Starting namespace controller"
2025-01-29 19:03:28,498 INFO c.h.h.t.OperatorHelmChartContainer - [K3S] [controllermanager.go:765] "Started controller" controller="cronjob-controller"
2025-01-29 19:03:28,498 INFO c.h.h.t.OperatorHelmChartContainer - [K3S] [cronjob_controllerv2.go:145] "Starting cronjob controller v2"
2025-01-29 19:03:28,647 INFO c.h.h.t.OperatorHelmChartContainer - [K3S] [controllermanager.go:765] "Started controller" controller="ephemeral-volume-controller"
2025-01-29 19:03:28,648 INFO c.h.h.t.OperatorHelmChartContainer - [K3S] [controller.go:173] "Starting ephemeral volume controller"
2025-01-29 19:03:28,847 INFO c.h.h.t.OperatorHelmChartContainer - [K3S] [controllermanager.go:765] "Started controller" controller="validatingadmissionpolicy-status-controller"
2025-01-29 19:03:28,847 INFO c.h.h.t.OperatorHelmChartContainer - [K3S] [controllermanager.go:717] "Controller is disabled by a feature gate" controller="selinux-warning-controller" requiredFeatureGates=["SELinuxChangePolicy"]
2025-01-29 19:03:28,939 INFO c.h.h.t.OperatorHelmChartContainer - [K3S] [event.go:389] "Event occurred" object="f4479ded807c" fieldPath="" kind="Node" apiVersion="" type="Normal" reason="NodePasswordValidationComplete" message="Deferred node password secret validation complete"
2025-01-29 19:03:28,978 INFO c.h.h.t.OperatorHelmChartContainer - [K3S] [event.go:389] "Event occurred" object="kube-system/ccm" fieldPath="" kind="Addon" apiVersion="k3s.cattle.io/v1" type="Normal" reason="ApplyingManifest" message="Applying manifest at \"/var/lib/rancher/k3s/server/manifests/ccm.yaml\""
2025-01-29 19:03:29,001 INFO c.h.h.t.OperatorHelmChartContainer - [K3S] [event.go:389] "Event occurred" object="kube-system/ccm" fieldPath="" kind="Addon" apiVersion="k3s.cattle.io/v1" type="Normal" reason="AppliedManifest" message="Applied manifest at \"/var/lib/rancher/k3s/server/manifests/ccm.yaml\""
2025-01-29 19:03:29,002 INFO c.h.h.t.OperatorHelmChartContainer - [K3S] [controllermanager.go:765] "Started controller" controller="pod-garbage-collector-controller"
2025-01-29 19:03:29,003 INFO c.h.h.t.OperatorHelmChartContainer - [K3S] [gc_controller.go:99] "Starting GC controller"
2025-01-29 19:03:29,015 INFO c.h.h.t.OperatorHelmChartContainer - [K3S] [event.go:389] "Event occurred" object="kube-system/coredns" fieldPath="" kind="Addon" apiVersion="k3s.cattle.io/v1" type="Normal" reason="ApplyingManifest" message="Applying manifest at \"/var/lib/rancher/k3s/server/manifests/coredns.yaml\""
2025-01-29 19:03:29,109 INFO c.h.h.t.OperatorHelmChartContainer - [K3S] [alloc.go:330] "allocated clusterIPs" service="kube-system/kube-dns" clusterIPs={"IPv4":"10.43.0.10"}
2025-01-29 19:03:29,110 INFO c.h.h.t.OperatorHelmChartContainer - [K3S] [event.go:389] "Event occurred" object="kube-system/coredns" fieldPath="" kind="Addon" apiVersion="k3s.cattle.io/v1" type="Normal" reason="AppliedManifest" message="Applied manifest at \"/var/lib/rancher/k3s/server/manifests/coredns.yaml\""
2025-01-29 19:03:29,117 INFO c.h.h.t.OperatorHelmChartContainer - [K3S] [event.go:389] "Event occurred" object="kube-system/local-storage" fieldPath="" kind="Addon" apiVersion="k3s.cattle.io/v1" type="Normal" reason="ApplyingManifest" message="Applying manifest at \"/var/lib/rancher/k3s/server/manifests/local-storage.yaml\""
2025-01-29 19:03:29,147 INFO c.h.h.t.OperatorHelmChartContainer - [K3S] [controllermanager.go:765] "Started controller" controller="serviceaccount-controller"
2025-01-29 19:03:29,147 INFO c.h.h.t.OperatorHelmChartContainer - [K3S] [serviceaccounts_controller.go:114] "Starting service account controller"
2025-01-29 19:03:29,209 INFO c.h.h.t.OperatorHelmChartContainer - [K3S] [event.go:389] "Event occurred" object="kube-system/local-storage" fieldPath="" kind="Addon" apiVersion="k3s.cattle.io/v1" type="Normal" reason="AppliedManifest" message="Applied manifest at \"/var/lib/rancher/k3s/server/manifests/local-storage.yaml\""
2025-01-29 19:03:29,215 INFO c.h.h.t.OperatorHelmChartContainer - [K3S] [event.go:389] "Event occurred" object="kube-system/aggregated-metrics-reader" fieldPath="" kind="Addon" apiVersion="k3s.cattle.io/v1" type="Normal" reason="ApplyingManifest" message="Applying manifest at \"/var/lib/rancher/k3s/server/manifests/metrics-server/aggregated-metrics-reader.yaml\""
2025-01-29 19:03:29,285 INFO c.h.h.t.OperatorHelmChartContainer - [K3S] [event.go:389] "Event occurred" object="kube-system/aggregated-metrics-reader" fieldPath="" kind="Addon" apiVersion="k3s.cattle.io/v1" type="Normal" reason="AppliedManifest" message="Applied manifest at \"/var/lib/rancher/k3s/server/manifests/metrics-server/aggregated-metrics-reader.yaml\""
2025-01-29 19:03:29,291 INFO c.h.h.t.OperatorHelmChartContainer - [K3S] [event.go:389] "Event occurred" object="kube-system/auth-delegator" fieldPath="" kind="Addon" apiVersion="k3s.cattle.io/v1" type="Normal" reason="ApplyingManifest" message="Applying manifest at \"/var/lib/rancher/k3s/server/manifests/metrics-server/auth-delegator.yaml\""
2025-01-29 19:03:29,297 INFO c.h.h.t.OperatorHelmChartContainer - [K3S] [event.go:389] "Event occurred" object="kube-system/auth-delegator" fieldPath="" kind="Addon" apiVersion="k3s.cattle.io/v1" type="Normal" reason="AppliedManifest" message="Applied manifest at \"/var/lib/rancher/k3s/server/manifests/metrics-server/auth-delegator.yaml\""
2025-01-29 19:03:29,297 INFO c.h.h.t.OperatorHelmChartContainer - [K3S] [controllermanager.go:765] "Started controller" controller="replicaset-controller"
2025-01-29 19:03:29,297 INFO c.h.h.t.OperatorHelmChartContainer - [K3S] [replica_set.go:217] "Starting controller" name="replicaset"
2025-01-29 19:03:29,301 INFO c.h.h.t.OperatorHelmChartContainer - [K3S] [event.go:389] "Event occurred" object="kube-system/auth-reader" fieldPath="" kind="Addon" apiVersion="k3s.cattle.io/v1" type="Normal" reason="ApplyingManifest" message="Applying manifest at \"/var/lib/rancher/k3s/server/manifests/metrics-server/auth-reader.yaml\""
2025-01-29 19:03:29,306 INFO c.h.h.t.OperatorHelmChartContainer - [K3S] [event.go:389] "Event occurred" object="kube-system/auth-reader" fieldPath="" kind="Addon" apiVersion="k3s.cattle.io/v1" type="Normal" reason="AppliedManifest" message="Applied manifest at \"/var/lib/rancher/k3s/server/manifests/metrics-server/auth-reader.yaml\""
2025-01-29 19:03:29,312 INFO c.h.h.t.OperatorHelmChartContainer - [K3S] [event.go:389] "Event occurred" object="kube-system/metrics-apiservice" fieldPath="" kind="Addon" apiVersion="k3s.cattle.io/v1" type="Normal" reason="ApplyingManifest" message="Applying manifest at \"/var/lib/rancher/k3s/server/manifests/metrics-server/metrics-apiservice.yaml\""
2025-01-29 19:03:29,320 INFO c.h.h.t.OperatorHelmChartContainer - [K3S] [event.go:389] "Event occurred" object="kube-system/metrics-apiservice" fieldPath="" kind="Addon" apiVersion="k3s.cattle.io/v1" type="Normal" reason="AppliedManifest" message="Applied manifest at \"/var/lib/rancher/k3s/server/manifests/metrics-server/metrics-apiservice.yaml\""
2025-01-29 19:03:29,322 INFO c.h.h.t.OperatorHelmChartContainer - [K3S] [handler_proxy.go:99] no RequestInfo found in the context
2025-01-29 19:03:29,322 INFO c.h.h.t.OperatorHelmChartContainer - [K3S] [controller.go:146] "Unhandled Error" err=<
2025-01-29 19:03:29,323 INFO c.h.h.t.OperatorHelmChartContainer - [K3S] 	, Header: map[Content-Type:[text/plain; charset=utf-8] X-Content-Type-Options:[nosniff]]
2025-01-29 19:03:29,323 INFO c.h.h.t.OperatorHelmChartContainer - [K3S]  >
2025-01-29 19:03:29,323 INFO c.h.h.t.OperatorHelmChartContainer - [K3S] [handler_proxy.go:143] error resolving kube-system/metrics-server: service "metrics-server" not found
2025-01-29 19:03:29,327 INFO c.h.h.t.OperatorHelmChartContainer - [K3S] [event.go:389] "Event occurred" object="kube-system/metrics-server-deployment" fieldPath="" kind="Addon" apiVersion="k3s.cattle.io/v1" type="Normal" reason="ApplyingManifest" message="Applying manifest at \"/var/lib/rancher/k3s/server/manifests/metrics-server/metrics-server-deployment.yaml\""
2025-01-29 19:03:29,339 INFO c.h.h.t.OperatorHelmChartContainer - [K3S] [event.go:389] "Event occurred" object="kube-system/metrics-server-deployment" fieldPath="" kind="Addon" apiVersion="k3s.cattle.io/v1" type="Normal" reason="AppliedManifest" message="Applied manifest at \"/var/lib/rancher/k3s/server/manifests/metrics-server/metrics-server-deployment.yaml\""
2025-01-29 19:03:29,345 INFO c.h.h.t.OperatorHelmChartContainer - [K3S] [event.go:389] "Event occurred" object="kube-system/metrics-server-service" fieldPath="" kind="Addon" apiVersion="k3s.cattle.io/v1" type="Normal" reason="ApplyingManifest" message="Applying manifest at \"/var/lib/rancher/k3s/server/manifests/metrics-server/metrics-server-service.yaml\""
2025-01-29 19:03:29,346 INFO c.h.h.t.OperatorHelmChartContainer - [K3S] [controllermanager.go:765] "Started controller" controller="certificatesigningrequest-cleaner-controller"
2025-01-29 19:03:29,346 INFO c.h.h.t.OperatorHelmChartContainer - [K3S] [controllermanager.go:723] "Skipping a cloud provider controller" controller="node-route-controller"
2025-01-29 19:03:29,347 INFO c.h.h.t.OperatorHelmChartContainer - [K3S] [controllermanager.go:717] "Controller is disabled by a feature gate" controller="storageversion-garbage-collector-controller" requiredFeatureGates=["APIServerIdentity","StorageVersionAPI"]
2025-01-29 19:03:29,347 INFO c.h.h.t.OperatorHelmChartContainer - [K3S] [controllermanager.go:717] "Controller is disabled by a feature gate" controller="resourceclaim-controller" requiredFeatureGates=["DynamicResourceAllocation"]
2025-01-29 19:03:29,347 INFO c.h.h.t.OperatorHelmChartContainer - [K3S] [cleaner.go:83] "Starting CSR cleaner controller"
2025-01-29 19:03:29,352 INFO c.h.h.t.OperatorHelmChartContainer - [K3S] [alloc.go:330] "allocated clusterIPs" service="kube-system/metrics-server" clusterIPs={"IPv4":"10.43.229.243"}
2025-01-29 19:03:29,353 INFO c.h.h.t.OperatorHelmChartContainer - [K3S] [event.go:389] "Event occurred" object="kube-system/metrics-server-service" fieldPath="" kind="Addon" apiVersion="k3s.cattle.io/v1" type="Normal" reason="AppliedManifest" message="Applied manifest at \"/var/lib/rancher/k3s/server/manifests/metrics-server/metrics-server-service.yaml\""
2025-01-29 19:03:29,359 INFO c.h.h.t.OperatorHelmChartContainer - [K3S] [handler_proxy.go:99] no RequestInfo found in the context
2025-01-29 19:03:29,359 INFO c.h.h.t.OperatorHelmChartContainer - [K3S] [controller.go:146] "Unhandled Error" err=<
2025-01-29 19:03:29,359 INFO c.h.h.t.OperatorHelmChartContainer - [K3S] 	, Header: map[Content-Type:[text/plain; charset=utf-8] X-Content-Type-Options:[nosniff]]
2025-01-29 19:03:29,359 INFO c.h.h.t.OperatorHelmChartContainer - [K3S]  >
2025-01-29 19:03:29,360 INFO c.h.h.t.OperatorHelmChartContainer - [K3S] [handler_proxy.go:143] error resolving kube-system/metrics-server: endpoints "metrics-server" not found
2025-01-29 19:03:29,363 INFO c.h.h.t.OperatorHelmChartContainer - [K3S] [event.go:389] "Event occurred" object="kube-system/resource-reader" fieldPath="" kind="Addon" apiVersion="k3s.cattle.io/v1" type="Normal" reason="ApplyingManifest" message="Applying manifest at \"/var/lib/rancher/k3s/server/manifests/metrics-server/resource-reader.yaml\""
2025-01-29 19:03:29,398 INFO c.h.h.t.OperatorHelmChartContainer - [K3S] [event.go:389] "Event occurred" object="kube-system/resource-reader" fieldPath="" kind="Addon" apiVersion="k3s.cattle.io/v1" type="Normal" reason="AppliedManifest" message="Applied manifest at \"/var/lib/rancher/k3s/server/manifests/metrics-server/resource-reader.yaml\""
2025-01-29 19:03:29,404 INFO c.h.h.t.OperatorHelmChartContainer - [K3S] [event.go:389] "Event occurred" object="kube-system/rolebindings" fieldPath="" kind="Addon" apiVersion="k3s.cattle.io/v1" type="Normal" reason="ApplyingManifest" message="Applying manifest at \"/var/lib/rancher/k3s/server/manifests/rolebindings.yaml\""
2025-01-29 19:03:29,490 INFO c.h.h.t.OperatorHelmChartContainer - [K3S] [event.go:389] "Event occurred" object="kube-system/rolebindings" fieldPath="" kind="Addon" apiVersion="k3s.cattle.io/v1" type="Normal" reason="AppliedManifest" message="Applied manifest at \"/var/lib/rancher/k3s/server/manifests/rolebindings.yaml\""
2025-01-29 19:03:29,497 INFO c.h.h.t.OperatorHelmChartContainer - [K3S] [controllermanager.go:765] "Started controller" controller="legacy-serviceaccount-token-cleaner-controller"
2025-01-29 19:03:29,498 INFO c.h.h.t.OperatorHelmChartContainer - [K3S] [legacy_serviceaccount_token_cleaner.go:103] "Starting legacy service account token cleaner controller"
2025-01-29 19:03:29,498 INFO c.h.h.t.OperatorHelmChartContainer - [K3S] [event.go:389] "Event occurred" object="kube-system/runtimes" fieldPath="" kind="Addon" apiVersion="k3s.cattle.io/v1" type="Normal" reason="ApplyingManifest" message="Applying manifest at \"/var/lib/rancher/k3s/server/manifests/runtimes.yaml\""
2025-01-29 19:03:29,522 INFO c.h.h.t.OperatorHelmChartContainer - [K3S] [event.go:389] "Event occurred" object="kube-system/runtimes" fieldPath="" kind="Addon" apiVersion="k3s.cattle.io/v1" type="Normal" reason="AppliedManifest" message="Applied manifest at \"/var/lib/rancher/k3s/server/manifests/runtimes.yaml\""
2025-01-29 19:03:29,647 INFO c.h.h.t.OperatorHelmChartContainer - [K3S] [controllermanager.go:765] "Started controller" controller="daemonset-controller"
2025-01-29 19:03:29,647 INFO c.h.h.t.OperatorHelmChartContainer - [K3S] [daemon_controller.go:294] "Starting daemon sets controller"
2025-01-29 19:03:29,673 INFO c.h.h.t.OperatorHelmChartContainer - [K3S] [serving.go:392] Generated self-signed cert in-memory
2025-01-29 19:03:29,797 INFO c.h.h.t.OperatorHelmChartContainer - [K3S] [controllermanager.go:765] "Started controller" controller="deployment-controller"
2025-01-29 19:03:29,797 INFO c.h.h.t.OperatorHelmChartContainer - [K3S] [controllermanager.go:728] "Warning: controller is disabled" controller="bootstrap-signer-controller"
2025-01-29 19:03:29,797 INFO c.h.h.t.OperatorHelmChartContainer - [K3S] [controllermanager.go:723] "Skipping a cloud provider controller" controller="service-lb-controller"
2025-01-29 19:03:29,797 INFO c.h.h.t.OperatorHelmChartContainer - [K3S] [deployment_controller.go:173] "Starting controller" controller="deployment"
2025-01-29 19:03:29,855 INFO c.h.h.t.OperatorHelmChartContainer - [K3S] [serving.go:392] Generated self-signed cert in-memory
2025-01-29 19:03:29,946 INFO c.h.h.t.OperatorHelmChartContainer - [K3S] [controllermanager.go:765] "Started controller" controller="ttl-after-finished-controller"
2025-01-29 19:03:29,947 INFO c.h.h.t.OperatorHelmChartContainer - [K3S] [ttlafterfinished_controller.go:112] "Starting TTL after finished controller"
2025-01-29 19:03:29,996 INFO c.h.h.t.OperatorHelmChartContainer - [K3S] [controllermanager.go:765] "Started controller" controller="taint-eviction-controller"
2025-01-29 19:03:29,996 INFO c.h.h.t.OperatorHelmChartContainer - [K3S] [taint_eviction.go:281] "Starting" controller="taint-eviction-controller"
2025-01-29 19:03:29,996 INFO c.h.h.t.OperatorHelmChartContainer - [K3S] [controllermanager.go:743] "Warning: skipping controller" controller="storage-version-migrator-controller"
2025-01-29 19:03:29,996 INFO c.h.h.t.OperatorHelmChartContainer - [K3S] [taint_eviction.go:287] "Sending events to api server"
2025-01-29 19:03:30,050 INFO c.h.h.t.OperatorHelmChartContainer - [K3S] [controllermanager.go:160] Version: v1.32.1+k3s1
2025-01-29 19:03:30,054 INFO c.h.h.t.OperatorHelmChartContainer - [K3S] [requestheader_controller.go:180] Starting RequestHeaderAuthRequestController
2025-01-29 19:03:30,054 INFO c.h.h.t.OperatorHelmChartContainer - [K3S] [configmap_cafile_content.go:205] "Starting controller" name="client-ca::kube-system::extension-apiserver-authentication::requestheader-client-ca-file"
2025-01-29 19:03:30,054 INFO c.h.h.t.OperatorHelmChartContainer - [K3S] [configmap_cafile_content.go:205] "Starting controller" name="client-ca::kube-system::extension-apiserver-authentication::client-ca-file"
2025-01-29 19:03:30,054 INFO c.h.h.t.OperatorHelmChartContainer - [K3S] [secure_serving.go:213] Serving securely on 127.0.0.1:10258
2025-01-29 19:03:30,054 INFO c.h.h.t.OperatorHelmChartContainer - [K3S] [tlsconfig.go:243] "Starting DynamicServingCertificateController"
2025-01-29 19:03:30,057 INFO c.h.h.t.OperatorHelmChartContainer - [K3S] [INFO] Creating service-lb-controller event broadcaster
2025-01-29 19:03:30,147 INFO c.h.h.t.OperatorHelmChartContainer - [K3S] [controllermanager.go:765] "Started controller" controller="job-controller"
2025-01-29 19:03:30,148 INFO c.h.h.t.OperatorHelmChartContainer - [K3S] [job_controller.go:243] "Starting job controller"
2025-01-29 19:03:30,171 INFO c.h.h.t.OperatorHelmChartContainer - [K3S] [INFO] Starting /v1, Kind=Node controller
2025-01-29 19:03:30,173 INFO c.h.h.t.OperatorHelmChartContainer - [K3S] [INFO] Starting /v1, Kind=Pod controller
2025-01-29 19:03:30,176 INFO c.h.h.t.OperatorHelmChartContainer - [K3S] [INFO] Starting apps/v1, Kind=DaemonSet controller
2025-01-29 19:03:30,178 INFO c.h.h.t.OperatorHelmChartContainer - [K3S] [controllermanager.go:306] "node-route-controller" is disabled
2025-01-29 19:03:30,179 INFO c.h.h.t.OperatorHelmChartContainer - [K3S] [INFO] Starting discovery.k8s.io/v1, Kind=EndpointSlice controller
2025-01-29 19:03:30,179 INFO c.h.h.t.OperatorHelmChartContainer - [K3S] [controllermanager.go:329] Started "cloud-node-controller"
2025-01-29 19:03:30,179 INFO c.h.h.t.OperatorHelmChartContainer - [K3S] [node_controller.go:176] Sending events to api server.
2025-01-29 19:03:30,179 INFO c.h.h.t.OperatorHelmChartContainer - [K3S] [controllermanager.go:329] Started "cloud-node-lifecycle-controller"
2025-01-29 19:03:30,179 INFO c.h.h.t.OperatorHelmChartContainer - [K3S] [node_controller.go:185] Waiting for informer caches to sync
2025-01-29 19:03:30,179 INFO c.h.h.t.OperatorHelmChartContainer - [K3S] [node_lifecycle_controller.go:112] Sending events to api server
2025-01-29 19:03:30,180 INFO c.h.h.t.OperatorHelmChartContainer - [K3S] [controllermanager.go:329] Started "service-lb-controller"
2025-01-29 19:03:30,180 INFO c.h.h.t.OperatorHelmChartContainer - [K3S] [controller.go:234] Starting service controller
2025-01-29 19:03:30,280 INFO c.h.h.t.OperatorHelmChartContainer - [K3S] [node_controller.go:429] Initializing node f4479ded807c with cloud provider
2025-01-29 19:03:30,285 INFO c.h.h.t.OperatorHelmChartContainer - [K3S] [node_controller.go:474] Successfully initialized node f4479ded807c with cloud provider
2025-01-29 19:03:30,285 INFO c.h.h.t.OperatorHelmChartContainer - [K3S] [event.go:389] "Event occurred" object="f4479ded807c" fieldPath="" kind="Node" apiVersion="v1" type="Normal" reason="Synced" message="Node synced successfully"
2025-01-29 19:03:30,294 INFO c.h.h.t.OperatorHelmChartContainer - [K3S] [INFO] Updated coredns NodeHosts entry for f4479ded807c
2025-01-29 19:03:30,319 INFO c.h.h.t.OperatorHelmChartContainer - [K3S] [handler_proxy.go:99] no RequestInfo found in the context
2025-01-29 19:03:30,319 INFO c.h.h.t.OperatorHelmChartContainer - [K3S] [handler_proxy.go:99] no RequestInfo found in the context
2025-01-29 19:03:30,319 INFO c.h.h.t.OperatorHelmChartContainer - [K3S] [controller.go:102] "Unhandled Error" err=<
2025-01-29 19:03:30,319 INFO c.h.h.t.OperatorHelmChartContainer - [K3S] 	, Header: map[Content-Type:[text/plain; charset=utf-8] X-Content-Type-Options:[nosniff]]
2025-01-29 19:03:30,319 INFO c.h.h.t.OperatorHelmChartContainer - [K3S]  >
2025-01-29 19:03:30,347 INFO c.h.h.t.OperatorHelmChartContainer - [K3S] [controllermanager.go:765] "Started controller" controller="disruption-controller"
2025-01-29 19:03:30,347 INFO c.h.h.t.OperatorHelmChartContainer - [K3S] [disruption.go:452] "Sending events to api server."
2025-01-29 19:03:30,347 INFO c.h.h.t.OperatorHelmChartContainer - [K3S] [disruption.go:463] "Starting disruption controller"
2025-01-29 19:03:30,419 INFO c.h.h.t.OperatorHelmChartContainer - [K3S] [INFO] Tunnel authorizer set Kubelet Port 0.0.0.0:10250
2025-01-29 19:03:30,498 INFO c.h.h.t.OperatorHelmChartContainer - [K3S] [controllermanager.go:765] "Started controller" controller="token-cleaner-controller"
2025-01-29 19:03:30,498 INFO c.h.h.t.OperatorHelmChartContainer - [K3S] [tokencleaner.go:117] "Starting token cleaner controller"
2025-01-29 19:03:30,641 INFO c.h.h.t.OperatorHelmChartContainer - [K3S] [serving.go:392] Generated self-signed cert in-memory
2025-01-29 19:03:30,647 INFO c.h.h.t.OperatorHelmChartContainer - [K3S] [controllermanager.go:765] "Started controller" controller="persistentvolume-binder-controller"
2025-01-29 19:03:30,647 INFO c.h.h.t.OperatorHelmChartContainer - [K3S] [pv_controller_base.go:308] "Starting persistent volume controller"
2025-01-29 19:03:30,797 INFO c.h.h.t.OperatorHelmChartContainer - [K3S] [controllermanager.go:765] "Started controller" controller="endpointslice-mirroring-controller"
2025-01-29 19:03:30,797 INFO c.h.h.t.OperatorHelmChartContainer - [K3S] [endpointslicemirroring_controller.go:227] "Starting EndpointSliceMirroring controller"
2025-01-29 19:03:31,067 INFO c.h.h.t.OperatorHelmChartContainer - [K3S] [server.go:164] "Starting Kubernetes Scheduler" version="v1.32.1+k3s1"
2025-01-29 19:03:31,067 INFO c.h.h.t.OperatorHelmChartContainer - [K3S] [server.go:166] "Golang settings" GOGC="" GOMAXPROCS="" GOTRACEBACK=""
2025-01-29 19:03:31,072 INFO c.h.h.t.OperatorHelmChartContainer - [K3S] [requestheader_controller.go:180] Starting RequestHeaderAuthRequestController
2025-01-29 19:03:31,072 INFO c.h.h.t.OperatorHelmChartContainer - [K3S] [configmap_cafile_content.go:205] "Starting controller" name="client-ca::kube-system::extension-apiserver-authentication::client-ca-file"
2025-01-29 19:03:31,072 INFO c.h.h.t.OperatorHelmChartContainer - [K3S] [configmap_cafile_content.go:205] "Starting controller" name="client-ca::kube-system::extension-apiserver-authentication::requestheader-client-ca-file"
2025-01-29 19:03:31,072 INFO c.h.h.t.OperatorHelmChartContainer - [K3S] [secure_serving.go:213] Serving securely on 127.0.0.1:10259
2025-01-29 19:03:31,072 INFO c.h.h.t.OperatorHelmChartContainer - [K3S] [tlsconfig.go:243] "Starting DynamicServingCertificateController"
2025-01-29 19:03:31,101 INFO c.h.h.t.OperatorHelmChartContainer - [K3S] [controllermanager.go:765] "Started controller" controller="resourcequota-controller"
2025-01-29 19:03:31,102 INFO c.h.h.t.OperatorHelmChartContainer - [K3S] [resource_quota_controller.go:300] "Starting resource quota controller"
2025-01-29 19:03:31,247 INFO c.h.h.t.OperatorHelmChartContainer - [K3S] [controllermanager.go:765] "Started controller" controller="persistentvolume-expander-controller"
2025-01-29 19:03:31,247 INFO c.h.h.t.OperatorHelmChartContainer - [K3S] [controllermanager.go:717] "Controller is disabled by a feature gate" controller="service-cidr-controller" requiredFeatureGates=["MultiCIDRServiceAllocator"]
2025-01-29 19:03:31,247 INFO c.h.h.t.OperatorHelmChartContainer - [K3S] [expand_controller.go:329] "Starting expand controller"
2025-01-29 19:03:31,262 INFO c.h.h.t.OperatorHelmChartContainer - [K3S] [actual_state_of_world.go:541] "Failed to update statusUpdateNeeded field in actual state of world" err="Failed to set statusUpdateNeeded to needed true, because nodeName=\"f4479ded807c\" does not exist"
2025-01-29 19:03:31,276 INFO c.h.h.t.OperatorHelmChartContainer - [K3S] [node_lifecycle_controller.go:1234] "Initializing eviction metric for zone" zone=""
2025-01-29 19:03:31,276 INFO c.h.h.t.OperatorHelmChartContainer - [K3S] [node_lifecycle_controller.go:886] "Missing timestamp for Node. Assuming now as a timestamp" node="f4479ded807c"
2025-01-29 19:03:31,276 INFO c.h.h.t.OperatorHelmChartContainer - [K3S] [node_lifecycle_controller.go:1080] "Controller detected that zone is now in new state" zone="" newState="Normal"
2025-01-29 19:03:31,301 INFO c.h.h.t.OperatorHelmChartContainer - [K3S] [range_allocator.go:177] "Sending events to api server"
2025-01-29 19:03:31,302 INFO c.h.h.t.OperatorHelmChartContainer - [K3S] [range_allocator.go:183] "Starting range CIDR allocator"
2025-01-29 19:03:31,305 INFO c.h.h.t.OperatorHelmChartContainer - [K3S] [range_allocator.go:428] "Set node PodCIDR" node="f4479ded807c" podCIDRs=["10.42.0.0/24"]
2025-01-29 19:03:31,305 INFO c.h.h.t.OperatorHelmChartContainer - [K3S] [range_allocator.go:247] "Successfully synced" key="f4479ded807c"
2025-01-29 19:03:31,305 INFO c.h.h.t.OperatorHelmChartContainer - [K3S] [INFO] Flannel found PodCIDR assigned for node f4479ded807c
2025-01-29 19:03:31,305 INFO c.h.h.t.OperatorHelmChartContainer - [K3S] [range_allocator.go:247] "Successfully synced" key="f4479ded807c"
2025-01-29 19:03:31,306 INFO c.h.h.t.OperatorHelmChartContainer - [K3S] [INFO] The interface eth0 with ipv4 address 172.17.0.3 will be used by flannel
2025-01-29 19:03:31,307 INFO c.h.h.t.OperatorHelmChartContainer - [K3S] [kube.go:139] Waiting 10m0s for node controller to sync
2025-01-29 19:03:31,307 INFO c.h.h.t.OperatorHelmChartContainer - [K3S] [kube.go:469] Starting kube subnet manager
2025-01-29 19:03:31,413 INFO c.h.h.t.OperatorHelmChartContainer - [K3S] [INFO] Starting network policy controller version v2.2.1, built on 2025-01-28T18:27:08Z, go1.23.4
2025-01-29 19:03:31,413 INFO c.h.h.t.OperatorHelmChartContainer - [K3S] [network_policy_controller.go:164] Starting network policy controller
2025-01-29 19:03:31,418 INFO c.h.h.t.OperatorHelmChartContainer - [K3S] [INFO] Started tunnel to 172.17.0.3:6443
2025-01-29 19:03:31,418 INFO c.h.h.t.OperatorHelmChartContainer - [K3S] [INFO] Stopped tunnel to 127.0.0.1:6443
2025-01-29 19:03:31,418 INFO c.h.h.t.OperatorHelmChartContainer - [K3S] [INFO] Connecting to proxy" url="wss://172.17.0.3:6443/v1-k3s/connect
2025-01-29 19:03:31,419 INFO c.h.h.t.OperatorHelmChartContainer - [K3S] [INFO] Proxy done" err="context canceled" url="wss://127.0.0.1:6443/v1-k3s/connect
2025-01-29 19:03:31,419 INFO c.h.h.t.OperatorHelmChartContainer - [K3S] [INFO] error in remotedialer server [400]: websocket: close 1006 (abnormal closure): unexpected EOF
2025-01-29 19:03:31,420 INFO c.h.h.t.OperatorHelmChartContainer - [K3S] [INFO] Handling backend connection request [f4479ded807c]
2025-01-29 19:03:31,421 INFO c.h.h.t.OperatorHelmChartContainer - [K3S] [INFO] Remotedialer connected to proxy" url="wss://172.17.0.3:6443/v1-k3s/connect
2025-01-29 19:03:31,437 INFO c.h.h.t.OperatorHelmChartContainer - [K3S] [network_policy_controller.go:176] Starting network policy controller full sync goroutine
2025-01-29 19:03:31,853 INFO c.h.h.t.OperatorHelmChartContainer - [K3S] [range_allocator.go:247] "Successfully synced" key="f4479ded807c"
2025-01-29 19:03:32,053 INFO c.h.h.t.OperatorHelmChartContainer - [K3S] [handler_proxy.go:99] no RequestInfo found in the context
2025-01-29 19:03:32,054 INFO c.h.h.t.OperatorHelmChartContainer - [K3S] [controller.go:146] "Unhandled Error" err=<
2025-01-29 19:03:32,054 INFO c.h.h.t.OperatorHelmChartContainer - [K3S] 	, Header: map[Content-Type:[text/plain; charset=utf-8] X-Content-Type-Options:[nosniff]]
2025-01-29 19:03:32,054 INFO c.h.h.t.OperatorHelmChartContainer - [K3S]  >
2025-01-29 19:03:32,055 INFO c.h.h.t.OperatorHelmChartContainer - [K3S] [handler_proxy.go:143] error resolving kube-system/metrics-server: no endpoints available for service "metrics-server"
2025-01-29 19:03:32,164 INFO c.h.h.t.OperatorHelmChartContainer - [K3S] [replica_set.go:679] "Finished syncing" kind="ReplicaSet" key="kube-system/coredns-ff8999cc5" duration="359.856852ms"
2025-01-29 19:03:32,167 INFO c.h.h.t.OperatorHelmChartContainer - [K3S] [replica_set.go:679] "Finished syncing" kind="ReplicaSet" key="kube-system/metrics-server-8584b5786c" duration="362.637342ms"
[...]
2025-01-29 19:05:17,614 INFO c.h.h.t.OperatorHelmChartContainer - [local-hivemq-6f4d548d79] [hivemq] [bdeafa50] DEBUG - Folder /opt/hivemq/data/persistence/client_queue/042800_R does not exist, trying to create it
2025-01-29 19:05:17,614 INFO c.h.h.t.OperatorHelmChartContainer - [local-hivemq-6f4d548d79] [hivemq] [bdeafa50] DEBUG - Folder /opt/hivemq/data/persistence/client_session_store/040100_R does not exist, trying to create it
2025-01-29 19:05:17,614 INFO c.h.h.t.OperatorHelmChartContainer - [local-hivemq-6f4d548d79] [hivemq] [bdeafa50] DEBUG - Folder /opt/hivemq/data/persistence/client_session_subscriptions/043200_R does not exist, trying to create it
2025-01-29 19:05:17,614 INFO c.h.h.t.OperatorHelmChartContainer - [local-hivemq-6f4d548d79] [hivemq] [bdeafa50] DEBUG - Folder /opt/hivemq/data/persistence/retained_messages/040800_R does not exist, trying to create it
2025-01-29 19:05:17,614 INFO c.h.h.t.OperatorHelmChartContainer - [local-hivemq-6f4d548d79] [hivemq] [bdeafa50] DEBUG - Folder /opt/hivemq/data/persistence/attribute/043100_R does not exist, trying to create it
2025-01-29 19:05:17,614 INFO c.h.h.t.OperatorHelmChartContainer - [local-hivemq-6f4d548d79] [hivemq] [bdeafa50] DEBUG - Folder /opt/hivemq/data/persistence/incoming_message_flow/043000_R does not exist, trying to create it
2025-01-29 19:05:17,614 INFO c.h.h.t.OperatorHelmChartContainer - [local-hivemq-6f4d548d79] [hivemq] [bdeafa50] DEBUG - Folder /opt/hivemq/data/persistence/data_hub_modules/043000_R does not exist, trying to create it
2025-01-29 19:05:17,614 INFO c.h.h.t.OperatorHelmChartContainer - [local-hivemq-6f4d548d79] [hivemq] [bdeafa50] DEBUG - Folder /opt/hivemq/data/persistence/data_hub_schemas/042000_R does not exist, trying to create it
2025-01-29 19:05:17,614 INFO c.h.h.t.OperatorHelmChartContainer - [local-hivemq-6f4d548d79] [hivemq] [bdeafa50] DEBUG - Folder /opt/hivemq/data/persistence/data_hub_policies/042000_R does not exist, trying to create it
2025-01-29 19:05:17,614 INFO c.h.h.t.OperatorHelmChartContainer - [local-hivemq-6f4d548d79] [hivemq] [bdeafa50] DEBUG - Folder /opt/hivemq/data/persistence/data_hub_scripts/042300_R does not exist, trying to create it
2025-01-29 19:05:17,614 INFO c.h.h.t.OperatorHelmChartContainer - [local-hivemq-6f4d548d79] [hivemq] [bdeafa50] DEBUG - Diagnostic mode is disabled
2025-01-29 19:05:17,614 INFO c.h.h.t.OperatorHelmChartContainer - [local-hivemq-6f4d548d79] [hivemq] [bdeafa50] INFO  - No valid license file found. Using trial license, restricted to 25 connections.
2025-01-29 19:05:17,614 INFO c.h.h.t.OperatorHelmChartContainer - [local-hivemq-6f4d548d79] [hivemq] [bdeafa50] DEBUG - Native Epoll is available on this platform
2025-01-29 19:05:17,614 INFO c.h.h.t.OperatorHelmChartContainer - [local-hivemq-6f4d548d79] [hivemq] [bdeafa50] DEBUG - Set extension executor thread pool size to 1
2025-01-29 19:05:17,614 INFO c.h.h.t.OperatorHelmChartContainer - [local-hivemq-6f4d548d79] [hivemq] [bdeafa50] DEBUG - Set extension executor thread pool keep-alive to 30 seconds
2025-01-29 19:05:17,614 INFO c.h.h.t.OperatorHelmChartContainer - [local-hivemq-6f4d548d79] [hivemq] [bdeafa50] DEBUG - initializing RSA key
2025-01-29 19:05:17,614 INFO c.h.h.t.OperatorHelmChartContainer - [local-hivemq-6f4d548d79] [hivemq] [bdeafa50] DEBUG - finished initializing RSA key in 1395ms
2025-01-29 19:05:17,614 INFO c.h.h.t.OperatorHelmChartContainer - [local-hivemq-6f4d548d79] [hivemq] [bdeafa50] DEBUG - Unable to provide size and free metrics for disk /dev/sda: Could not find the corresponding FileStore (OSHI/Java).
2025-01-29 19:05:17,614 INFO c.h.h.t.OperatorHelmChartContainer - [local-hivemq-6f4d548d79] [hivemq] [bdeafa50] DEBUG - Unable to provide size and free metrics for disk /dev/sdb: Could not find the corresponding FileStore (OSHI/Java).
2025-01-29 19:05:17,614 INFO c.h.h.t.OperatorHelmChartContainer - [local-hivemq-6f4d548d79] [hivemq] [bdeafa50] DEBUG - Throttling incoming traffic to 0 B/s
2025-01-29 19:05:17,614 INFO c.h.h.t.OperatorHelmChartContainer - [local-hivemq-6f4d548d79] [hivemq] [bdeafa50] DEBUG - Throttling outgoing traffic to 0 B/s
2025-01-29 19:05:17,614 INFO c.h.h.t.OperatorHelmChartContainer - [local-hivemq-6f4d548d79] [hivemq] [bdeafa50] INFO  - No valid license file for Data Hub found. Using free license, restricted to 1 policy.
2025-01-29 19:05:17,614 INFO c.h.h.t.OperatorHelmChartContainer - [local-hivemq-6f4d548d79] [hivemq] [bdeafa50] DEBUG - Building initial topic tree
2025-01-29 19:05:17,615 INFO c.h.h.t.OperatorHelmChartContainer - [local-hivemq-6f4d548d79] [hivemq] [bdeafa50] DEBUG - Started JMX Metrics Reporting.
2025-01-29 19:05:17,615 INFO c.h.h.t.OperatorHelmChartContainer - [local-hivemq-6f4d548d79] [hivemq] [bdeafa50] DEBUG - Registered JVM metrics with prefix com.hivemq.jvm.
2025-01-29 19:05:17,615 INFO c.h.h.t.OperatorHelmChartContainer - [local-hivemq-6f4d548d79] [hivemq] [bdeafa50] DEBUG - Registered HiveMQ Health API metrics.
2025-01-29 19:05:17,615 INFO c.h.h.t.OperatorHelmChartContainer - [local-hivemq-6f4d548d79] [hivemq] [bdeafa50] INFO  - Audit Logger started.
2025-01-29 19:05:17,615 INFO c.h.h.t.OperatorHelmChartContainer - [local-hivemq-6f4d548d79] [hivemq] [bdeafa50] INFO  - This node uses '1' CPU cores.
2025-01-29 19:05:17,615 INFO c.h.h.t.OperatorHelmChartContainer - [local-hivemq-6f4d548d79] [hivemq] [bdeafa50] INFO  - Starting HiveMQ extension system.
2025-01-29 19:05:17,615 INFO c.h.h.t.OperatorHelmChartContainer - [local-hivemq-6f4d548d79] [hivemq] [bdeafa50] INFO  - Starting extension with id "hivemq-dns-cluster-discovery" at /opt/hivemq/extensions/hivemq-dns-cluster-discovery
2025-01-29 19:05:17,615 INFO c.h.h.t.OperatorHelmChartContainer - [local-hivemq-6f4d548d79] [hivemq] [bdeafa50] DEBUG - HiveMQ DNS Cluster Discovery Extension: No DNS server address was set in the configuration file or environment variable.
2025-01-29 19:05:17,615 INFO c.h.h.t.OperatorHelmChartContainer - [local-hivemq-6f4d548d79] [hivemq] [bdeafa50] DEBUG - HiveMQ DNS Cluster Discovery Extension: No reload interval was set in the configuration file or environment variable. Defaulting to 30.
2025-01-29 19:05:17,615 INFO c.h.h.t.OperatorHelmChartContainer - [local-hivemq-6f4d548d79] [hivemq] [bdeafa50] INFO  - Extension "DNS Cluster Discovery Extension" version 4.3.3 started successfully.
2025-01-29 19:05:17,615 INFO c.h.h.t.OperatorHelmChartContainer - [local-hivemq-6f4d548d79] [hivemq] [bdeafa50] INFO  - Starting extension with id "hivemq-k8s-sync-extension" at /opt/hivemq/extensions/hivemq-k8s-sync-extension
2025-01-29 19:05:17,615 INFO c.h.h.t.OperatorHelmChartContainer - [local-hivemq-6f4d548d79] [hivemq] [bdeafa50] INFO  - Using TCP cluster transport on address 10.42.0.7 and port 7000
2025-01-29 19:05:17,615 INFO c.h.h.t.OperatorHelmChartContainer - [local-hivemq-6f4d548d79] [hivemq] [bdeafa50] INFO  - Using extension cluster discovery
2025-01-29 19:05:17,615 INFO c.h.h.t.OperatorHelmChartContainer - [local-hivemq-6f4d548d79] [hivemq] [bdeafa50] DEBUG - Could not get configMap modification timestamp for source /hivemq-data/conf/..data, likely no ConfigMap mounted
2025-01-29 19:05:17,615 INFO c.h.h.t.OperatorHelmChartContainer - [local-hivemq-6f4d548d79] [hivemq] [bdeafa50] DEBUG - Could not get configMap modification timestamp for source /hivemq-data/extensions/..data, likely no ConfigMap mounted
2025-01-29 19:05:17,615 INFO c.h.h.t.OperatorHelmChartContainer - [local-hivemq-6f4d548d79] [hivemq] [bdeafa50] DEBUG - Could not get configMap modification timestamp for source /hivemq-data/bin/..data, likely no ConfigMap mounted
2025-01-29 19:05:17,615 INFO c.h.h.t.OperatorHelmChartContainer - [local-hivemq-6f4d548d79] [hivemq] [bdeafa50] INFO  - Started HiveMQ Kubernetes State Synchronization Extension:1.0.3
2025-01-29 19:05:17,615 INFO c.h.h.t.OperatorHelmChartContainer - [local-hivemq-6f4d548d79] [hivemq] [bdeafa50] INFO  - Extension "HiveMQ Kubernetes State Synchronization Extension" version 1.0.3 started successfully.
2025-01-29 19:05:17,615 INFO c.h.h.t.OperatorHelmChartContainer - [local-hivemq-6f4d548d79] [hivemq] [bdeafa50] INFO  - Starting extension with id "hivemq-allow-all-extension" at /opt/hivemq/extensions/hivemq-allow-all-extension
2025-01-29 19:05:17,615 INFO c.h.h.t.OperatorHelmChartContainer - [local-hivemq-6f4d548d79] [hivemq] [bdeafa50] WARN  - 
2025-01-29 19:05:17,615 INFO c.h.h.t.OperatorHelmChartContainer - [local-hivemq-6f4d548d79] [hivemq] [bdeafa50] ################################################################################################################
2025-01-29 19:05:17,615 INFO c.h.h.t.OperatorHelmChartContainer - [local-hivemq-6f4d548d79] [hivemq] [bdeafa50] # This HiveMQ deployment is not secure! You are lacking Authentication and Authorization.                      #
2025-01-29 19:05:17,615 INFO c.h.h.t.OperatorHelmChartContainer - [local-hivemq-6f4d548d79] [hivemq] [bdeafa50] # Right now any MQTT client can connect to the broker with a full set of permissions.                          #
2025-01-29 19:05:17,615 INFO c.h.h.t.OperatorHelmChartContainer - [local-hivemq-6f4d548d79] [hivemq] [bdeafa50] # For production usage, add an appropriate security extension and remove the hivemq-allow-all extension.       #
2025-01-29 19:05:17,615 INFO c.h.h.t.OperatorHelmChartContainer - [local-hivemq-6f4d548d79] [hivemq] [bdeafa50] # You can download security extensions from the HiveMQ Marketplace (https://www.hivemq.com/extensions/).       #
2025-01-29 19:05:17,615 INFO c.h.h.t.OperatorHelmChartContainer - [local-hivemq-6f4d548d79] [hivemq] [bdeafa50] ################################################################################################################
2025-01-29 19:05:17,615 INFO c.h.h.t.OperatorHelmChartContainer - [local-hivemq-6f4d548d79] [hivemq] [bdeafa50] DEBUG - Simple authenticator added by extension 'hivemq-allow-all-extension'.
2025-01-29 19:05:17,615 INFO c.h.h.t.OperatorHelmChartContainer - [local-hivemq-6f4d548d79] [hivemq] [bdeafa50] INFO  - Extension "Allow All Extension" version 1.1.1 started successfully.
2025-01-29 19:05:17,615 INFO c.h.h.t.OperatorHelmChartContainer - [local-hivemq-6f4d548d79] [hivemq] [bdeafa50] DEBUG - HiveMQ DNS Cluster Discovery Extension: Discovered new address '10.42.0.7'.
2025-01-29 19:05:17,615 INFO c.h.h.t.OperatorHelmChartContainer - [local-hivemq-6f4d548d79] [hivemq] [bdeafa50] INFO  - 77qBX: no members discovered after 2209 ms: creating cluster as first member
2025-01-29 19:05:17,615 INFO c.h.h.t.OperatorHelmChartContainer - [local-hivemq-6f4d548d79] [hivemq] [bdeafa50] INFO  - Cluster nodes found by discovery: [77qBX|0] (1) [77qBX].
2025-01-29 19:05:17,615 INFO c.h.h.t.OperatorHelmChartContainer - [local-hivemq-6f4d548d79] [hivemq] [bdeafa50] DEBUG - State of node 77qBX changed to UNKNOWN was null. Current cluster node states: {77qBX=UNKNOWN}
2025-01-29 19:05:17,615 INFO c.h.h.t.OperatorHelmChartContainer - [local-hivemq-6f4d548d79] [hivemq] [bdeafa50] DEBUG - State of node 77qBX set to RUNNING. Current cluster node states: {77qBX=RUNNING}
2025-01-29 19:05:17,615 INFO c.h.h.t.OperatorHelmChartContainer - [local-hivemq-6f4d548d79] [hivemq] [bdeafa50] WARN  - No user for HiveMQ Control Center configured. Starting with default user
2025-01-29 19:05:17,615 INFO c.h.h.t.OperatorHelmChartContainer - [local-hivemq-6f4d548d79] [hivemq] [bdeafa50] INFO  - Starting HiveMQ Control Center on address 0.0.0.0 and port 8080
2025-01-29 19:05:17,615 INFO c.h.h.t.OperatorHelmChartContainer - [local-hivemq-6f4d548d79] [hivemq] [bdeafa50] INFO  - Mounting HiveMQ Control Center V2 Preview
2025-01-29 19:05:17,627 INFO c.h.h.t.OperatorHelmChartContainer - [local-hivemq-6f4d548d79] [hivemq] [bdeafa50] INFO  - Started HiveMQ Control Center in 1364ms
2025-01-29 19:05:17,627 INFO c.h.h.t.OperatorHelmChartContainer - [local-hivemq-6f4d548d79] [hivemq] [bdeafa50] INFO  - Starting TCP listener on address 0.0.0.0 and port 1883
2025-01-29 19:05:17,627 INFO c.h.h.t.OperatorHelmChartContainer - [local-hivemq-6f4d548d79] [hivemq] [bdeafa50] INFO  - Started TCP Listener on address 0.0.0.0 and on port 1883.
2025-01-29 19:05:17,628 INFO c.h.h.t.OperatorHelmChartContainer - [local-hivemq-6f4d548d79] [hivemq] [bdeafa50] INFO  - Started HiveMQ in 26619ms
2025-01-29 19:05:17,628 INFO c.h.h.t.OperatorHelmChartContainer - Started log watcher for operator in pod local-hivemq-hivemq-operator-operator-6b564f6db4-8hskc [142781a3-8bc3-4183-a034-4d7d6f39d21f]
2025-01-29 19:05:17,628 INFO c.h.h.t.OperatorHelmChartContainer - [local-hivemq-hivemq-operator] [operator] [142781a3] Picked up JAVA_TOOL_OPTIONS: -XX:+UnlockExperimentalVMOptions -XX:InitialRAMPercentage=75 -XX:MaxRAMPercentage=75
2025-01-29 19:05:17,628 INFO c.h.h.t.OperatorHelmChartContainer - [local-hivemq-hivemq-operator] [operator] [142781a3]  __  __ _                                  _   
2025-01-29 19:05:17,628 INFO c.h.h.t.OperatorHelmChartContainer - [local-hivemq-hivemq-operator] [operator] [142781a3] |  \/  (_) ___ _ __ ___  _ __   __ _ _   _| |_ 
2025-01-29 19:05:17,628 INFO c.h.h.t.OperatorHelmChartContainer - [local-hivemq-hivemq-operator] [operator] [142781a3] | |\/| | |/ __| '__/ _ \| '_ \ / _` | | | | __|
2025-01-29 19:05:17,628 INFO c.h.h.t.OperatorHelmChartContainer - [local-hivemq-hivemq-operator] [operator] [142781a3] | |  | | | (__| | | (_) | | | | (_| | |_| | |_ 
2025-01-29 19:05:17,628 INFO c.h.h.t.OperatorHelmChartContainer - [local-hivemq-hivemq-operator] [operator] [142781a3] |_|  |_|_|\___|_|  \___/|_| |_|\__,_|\__,_|\__|
2025-01-29 19:05:17,628 INFO c.h.h.t.OperatorHelmChartContainer - [local-hivemq-hivemq-operator] [operator] [142781a3]   Micronaut (v3.5.2)
2025-01-29 19:05:17,628 INFO c.h.h.t.OperatorHelmChartContainer - [local-hivemq-hivemq-operator] [operator] [142781a3] 
2025-01-29 19:05:17,628 INFO c.h.h.t.OperatorHelmChartContainer - [local-hivemq-hivemq-operator] [operator] [142781a3] ?[36m19:03:52.952?[0;39m ?[1;30m[main]?[0;39m ?[34mINFO ?[0;39m ?[35mio.micronaut.runtime.Micronaut?[0;39m - Startup completed in 2192ms. Server Running: http://local-hivemq-hivemq-operator-operator-6b564f6db4-8hskc:8443
2025-01-29 19:05:17,628 INFO c.h.h.t.OperatorHelmChartContainer - [local-hivemq-hivemq-operator] [operator] [142781a3] ?[36m19:03:54.204?[0;39m ?[1;30m[main]?[0;39m ?[34mINFO ?[0;39m ?[35mcom.hivemq.Operator?[0;39m - Initializing HiveMQ operator
2025-01-29 19:05:17,628 INFO c.h.h.t.OperatorHelmChartContainer - [local-hivemq-hivemq-operator] [operator] [142781a3] ?[36m19:03:55.345?[0;39m ?[1;30m[main]?[0;39m ?[34mINFO ?[0;39m ?[35mcom.hivemq.Operator?[0;39m - Operating from namespace 'default'
2025-01-29 19:05:17,628 INFO c.h.h.t.OperatorHelmChartContainer - [local-hivemq-hivemq-operator] [operator] [142781a3] ?[36m19:03:55.501?[0;39m ?[1;30m[pool-3-thread-1]?[0;39m ?[34mINFO ?[0;39m ?[35mcom.hivemq.AbstractWatcher?[0;39m - CustomResource watcher running for kinds HiveMQCluster
2025-01-29 19:05:17,628 INFO c.h.h.t.OperatorHelmChartContainer - [local-hivemq-hivemq-operator] [operator] [142781a3] ?[36m19:03:56.139?[0;39m ?[1;30m[main]?[0;39m ?[34mINFO ?[0;39m ?[35mcom.hivemq.Operator?[0;39m - Operator started in 1935ms
2025-01-29 19:05:17,629 INFO c.h.h.t.OperatorHelmChartContainer - [local-hivemq-hivemq-operator] [operator] [142781a3] ?[36m19:03:56.495?[0;39m ?[1;30m[pool-3-thread-2]?[0;39m ?[34mINFO ?[0;39m ?[35mcom.hivemq.Operator?[0;39m - Syncing state for cluster 'local-hivemq' in namespace 'default'
2025-01-29 19:05:17,629 INFO c.h.h.t.OperatorHelmChartContainer - [local-hivemq-hivemq-operator] [operator] [142781a3] ?[36m19:04:00.238?[0;39m ?[1;30m[pool-3-thread-7]?[0;39m ?[34mINFO ?[0;39m ?[35mcom.hivemq.Operator?[0;39m - Syncing state for cluster 'local-hivemq' in namespace 'default'
2025-01-29 19:05:17,629 INFO c.h.h.t.OperatorHelmChartContainer - [local-hivemq-hivemq-operator] [operator] [142781a3] ?[36m19:04:01.056?[0;39m ?[1;30m[pool-3-thread-2]?[0;39m ?[34mINFO ?[0;39m ?[35mcom.hivemq.util.DeploymentUtil?[0;39m - Waiting for deployment local-hivemq to roll out...
2025-01-29 19:05:17,629 INFO c.h.h.t.OperatorHelmChartContainer - [local-hivemq-hivemq-operator] [operator] [142781a3] ?[36m19:04:01.862?[0;39m ?[1;30m[pool-3-thread-7]?[0;39m ?[34mINFO ?[0;39m ?[35mcom.hivemq.util.DeploymentUtil?[0;39m - Waiting for deployment local-hivemq to roll out...
2025-01-29 19:05:17,629 INFO c.h.h.t.OperatorHelmChartContainer - [local-hivemq-hivemq-operator] [operator] [142781a3] ?[36m19:05:17.364?[0;39m ?[1;30m[pool-3-thread-2]?[0;39m ?[34mINFO ?[0;39m ?[35mcom.hivemq.Operator?[0;39m - State synchronization complete for cluster 'local-hivemq' in namespace 'default' in 80869ms
2025-01-29 19:05:17,629 INFO c.h.h.t.OperatorHelmChartContainer - [EVENT] Normal [Started] Started container operator [default:local-hivemq-hivemq-operator-operator-6b564f6db4-8hskc]
2025-01-29 19:05:17,629 INFO c.h.h.t.OperatorHelmChartContainer - Received Started event for container operator in pod local-hivemq-hivemq-operator-operator-6b564f6db4-8hskc [142781a3-8bc3-4183-a034-4d7d6f39d21f]
2025-01-29 19:05:17,629 INFO c.h.h.t.OperatorHelmChartContainer - [EVENT] Normal [SuccessfulCreate] Created pod: local-hivemq-hivemq-operator-operator-6b564f6db4-8hskc [default:local-hivemq-hivemq-operator-operator-6b564f6db4]
2025-01-29 19:05:17,629 INFO c.h.h.t.OperatorHelmChartContainer - [EVENT] Normal [ScalingReplicaSet] Scaled up replica set local-hivemq-hivemq-operator-operator-6b564f6db4 from 0 to 1 [default:local-hivemq-hivemq-operator-operator]
2025-01-29 19:05:17,629 INFO c.h.h.t.OperatorHelmChartContainer - [EVENT] Normal [ScalingReplicaSet] Scaled up replica set local-hivemq-6f4d548d79 from 0 to 1 [default:local-hivemq]
2025-01-29 19:05:17,755 INFO c.h.h.t.OperatorHelmChartContainer - [local-hivemq-hivemq-operator] [operator] [142781a3] ?[36m19:05:17.743?[0;39m ?[1;30m[pool-3-thread-7]?[0;39m ?[34mINFO ?[0;39m ?[35mcom.hivemq.Operator?[0;39m - State synchronization complete for cluster 'local-hivemq' in namespace 'default' in 77505ms
2025-01-29 19:05:17,955 INFO c.h.h.t.OperatorHelmChartContainer - Stopped log watcher for hivemq in pod local-hivemq-6f4d548d79-lxqfv [bdeafa50-21a4-487e-89f7-3f6ba6a9f037]
2025-01-29 19:05:17,955 INFO c.h.h.t.OperatorHelmChartContainer - Stopped log watcher for operator in pod local-hivemq-hivemq-operator-operator-6b564f6db4-8hskc [142781a3-8bc3-4183-a034-4d7d6f39d21f]
2025-01-29 19:05:17,971 INFO c.h.h.t.OperatorHelmChartContainer - [K3S] [WARNING] signal received: \"terminated\", canceling context...
2025-01-29 19:05:17,975 INFO c.h.h.t.OperatorHelmChartContainer - [K3S] [health_controller.go:224] Shutting down HealthController RunCheck
2025-01-29 19:05:17,975 INFO c.h.h.t.OperatorHelmChartContainer - [K3S] [network_policy_controller.go:190] Shutting down network policies full sync goroutine
2025-01-29 19:05:17,975 INFO c.h.h.t.OperatorHelmChartContainer - [K3S] [subnet.go:137] could not watch leases: context canceled
2025-01-29 19:05:17,976 INFO c.h.h.t.OperatorHelmChartContainer - [K3S] [vxlan_network.go:79] evts chan closed
2025-01-29 19:05:18,159 INFO c.h.h.t.OperatorHelmChartContainer - [K3S] 
2025-01-29 19:05:18,159 INFO c.h.h.t.OperatorHelmChartContainer - [K3S] 
]]></system-out>
  </testcase>
  <system-out><![CDATA[2025-01-29 19:03:22,485 INFO o.t.i.builder.ImageFromDockerfile - Pre-emptively checking local images for 'ubuntu:noble-20241118.1@sha256:80dd3c3b9c6cecb9f1667e9290b3bc61b78c2678c02cbdae5f0fea92cc6734ab', referenced via a Dockerfile. If not available, it will be pulled.
2025-01-29 19:03:22,485 INFO o.t.i.builder.ImageFromDockerfile - Pre-emptively checking local images for 'rancher/k3s:v1.32.1-k3s1', referenced via a Dockerfile. If not available, it will be pulled.
2025-01-29 19:03:22,488 INFO o.t.i.builder.ImageFromDockerfile - Transferred 0 bytes to Docker daemon
]]></system-out>
  <system-err><![CDATA[]]></system-err>
</testsuite>
